Generate_Velocity> Generate initial velocities
  iseed           =      11999
  temperature     =    300.000
 
INFO:       STEP            TIME       TOTAL_ENE   POTENTIAL_ENE     KINETIC_ENE            RMSG            BOND           ANGLE    UREY-BRADLEY        DIHEDRAL        IMPROPER            CMAP         VDWAALS           ELECT RESTRAINT_TOTAL    RESTRAINT001    RESTR_CVS001     TEMPERATURE          VOLUME
 --------------- --------------- --------------- --------------- ---------------
INFO:          0          0.0000         97.9236         79.2214         18.7022         17.7566          4.2228         10.1571          0.3303          4.5001          0.3437          0.8579         -1.2159        -19.4325         79.4579         79.4579          0.0000        348.5696          0.0000

INFO:       3000          6.0000         64.4300         25.5181         38.9120         18.4047          9.3001          8.4570          0.9212          5.9522          0.1964          0.6459          6.5073        -24.5659         18.1040         18.1040          0.0000        725.2365          0.0000

INFO:       6000         12.0000         44.4223         18.9515         25.4708         20.3040          3.6309         11.7873          0.5170          7.5655          1.2768          0.3848          1.8390        -23.3719         15.3220         15.3220          0.0000        474.7220          0.0000

INFO:       9000         18.0000         30.4596         10.5092         19.9503         19.4845          4.8186          8.2937          1.1985          4.7411          0.4900          0.2790          1.9397        -19.0523          7.8010          7.8010          0.0000        371.8315          0.0000

INFO:      12000         24.0000         25.5518          1.1100         24.4418         15.1257          4.2472          8.3541          0.8286          6.0295          1.4189         -0.0921         -0.7719        -21.1127          2.2084          2.2084          0.0000        455.5440          0.0000

INFO:      15000         30.0000         20.5089          4.2203         16.2886         14.9936          4.7724          9.7319          0.5898          5.3576          2.3585          0.3450         -0.3708        -23.3123          4.7483          4.7483          0.0000        303.5855          0.0000

INFO:      18000         36.0000         20.6295          4.7444         15.8850         16.0942          4.5165          9.7900          0.2149          6.4524          3.3576         -0.2414          0.5621        -22.8504          2.9428          2.9428          0.0000        296.0634          0.0000

INFO:      21000         42.0000         18.4689          2.3477         16.1212         12.7372          2.1312         10.0778          0.7006          4.3615          0.8901          0.5029          1.0318        -20.4610          3.1128          3.1128          0.0000        300.4650          0.0000

INFO:      24000         48.0000         12.7961         -0.0975         12.8936         18.0854          2.7188         12.8648          0.3928          5.2379          1.0910         -0.3014         -0.6584        -24.1564          2.7132          2.7132          0.0000        240.3100          0.0000

INFO:      27000         54.0000         17.8838         -0.4344         18.3183         11.5164          2.3957         10.4860          0.3295          4.7127          0.7624          0.6821         -0.4794        -22.2984          2.9750          2.9750          0.0000        341.4142          0.0000

INFO:      30000         60.0000         24.7992          8.3564         16.4428         14.3932          2.5871         12.6101          0.6767          7.2789          0.4170          0.1485          0.7294        -22.7292          6.6379          6.6379          0.0000        306.4584          0.0000

INFO:      33000         66.0000         22.2690          1.7535         20.5155         12.7711          1.6345         13.3112          0.9019          5.1354          0.6119          0.1114         -0.7172        -22.9036          3.6680          3.6680          0.0000        382.3648          0.0000

INFO:      36000         72.0000         18.6522         -0.9598         19.6120         16.2323          3.0267          6.9714          0.5603          4.6895          1.0343          0.6283         -0.4859        -21.2202          3.8358          3.8358          0.0000        365.5262          0.0000

INFO:      39000         78.0000         17.5166          0.3857         17.1309         12.9442          1.3100         13.4222          0.6104          5.7168          1.0856         -0.4994         -1.1640        -23.2961          3.2002          3.2002          0.0000        319.2847          0.0000

INFO:      42000         84.0000         11.9181         -1.9833         13.9014         10.9979          1.3238          7.5856          0.6628          4.4091          0.2139          0.1902          1.5957        -21.7430          3.7786          3.7786          0.0000        259.0919          0.0000

INFO:      45000         90.0000         19.2573          3.8373         15.4201         14.5750          1.6378          8.3770          0.9593          6.9210          2.1688         -0.6039          1.6160        -21.5212          4.2825          4.2825          0.0000        287.3972          0.0000

INFO:      48000         96.0000         23.1984          4.6091         18.5893         13.8997          6.0713         11.9822          0.5587          5.9323          0.3451          0.1060         -1.6510        -21.7095          2.9741          2.9741          0.0000        346.4651          0.0000

INFO:      51000        102.0000         18.6840          0.7911         17.8928         13.5086          2.4596          9.2860          0.7161          5.1772          0.9016         -0.3497         -0.1765        -19.0836          1.8604          1.8604          0.0000        333.4844          0.0000

INFO:      54000        108.0000         18.5949          3.8855         14.7094         15.5891          1.9876         13.4417          1.1025          5.1174          1.6033          0.3247         -1.4360        -19.8679          1.6123          1.6123          0.0000        274.1520          0.0000

INFO:      57000        114.0000         20.9015          5.5606         15.3409         17.5201          3.3703         10.2781          1.0987          6.7314          2.4666          0.3187          2.5399        -23.4075          2.1642          2.1642          0.0000        285.9214          0.0000

INFO:      60000        120.0000         22.7271          5.7961         16.9310         21.6969          2.4255         13.3534          1.0923          4.7147          1.9796          0.4343          1.3948        -21.7666          2.1681          2.1681          0.0000        315.5584          0.0000

INFO:      63000        126.0000         25.3915          9.7848         15.6067         19.8206          3.5642         18.1683          0.3737          5.6886          0.9260          0.4718         -0.9993        -22.8105          4.4019          4.4019          0.0000        290.8760          0.0000

INFO:      66000        132.0000         20.1743          4.9271         15.2473         20.4419          4.3499          8.8830          0.4175          5.9674          0.8975          0.5709          2.0375        -20.6905          2.4938          2.4938          0.0000        284.1772          0.0000

INFO:      69000        138.0000         16.4718          0.7033         15.7685         14.6982          4.0111          8.6085          0.8917          6.2647          0.3432         -0.2033          0.5095        -23.0801          3.3579          3.3579          0.0000        293.8920          0.0000

INFO:      72000        144.0000         16.0381         -0.0896         16.1277         15.7706          3.1536         10.8215          0.3733          5.1682          0.4540          0.1013          0.6075        -22.9359          2.1669          2.1669          0.0000        300.5864          0.0000

INFO:      75000        150.0000         16.2205          2.5302         13.6903         12.7309          1.8250         11.8547          1.0168          5.8765          1.3373          0.2710         -0.2402        -23.2485          3.8376          3.8376          0.0000        255.1580          0.0000

INFO:      78000        156.0000         14.8694          0.7241         14.1453         11.8551          1.8963          9.9611          0.7943          6.7410          0.3719          0.7791          1.5655        -24.2316          2.8464          2.8464          0.0000        263.6385          0.0000

INFO:      81000        162.0000         19.9746          5.3481         14.6266         16.6125          3.8795         10.5605          0.7517          5.1192          0.9871         -0.0184          0.8511        -20.9538          4.1712          4.1712          0.0000        272.6081          0.0000

INFO:      84000        168.0000         15.7706          2.8757         12.8949         13.6680          0.5792          9.4034          1.1876          5.6537          0.1884          0.0948          3.2637        -23.3625          5.8673          5.8673          0.0000        240.3333          0.0000

INFO:      87000        174.0000         19.3130          7.9777         11.3354         18.1072          3.8962         14.7663          0.8057          4.5909          0.6954          0.4025          0.6540        -20.9096          3.0763          3.0763          0.0000        211.2671          0.0000

INFO:      90000        180.0000         19.8948          1.6486         18.2461         17.3343          3.9387          6.6017          0.7084          4.2260          0.2508          0.6481          1.0644        -19.2606          3.4710          3.4710          0.0000        340.0696          0.0000

INFO:      93000        186.0000         24.4709         12.3781         12.0928         18.0738          6.7176         11.4708          1.6506          4.8243          0.8801          0.2373          1.5721        -22.8035          7.8288          7.8288          0.0000        225.3840          0.0000

INFO:      96000        192.0000         15.8219          2.0362         13.7857         11.3840          1.4787          7.0023          0.4069          5.8849          0.5842          0.4418          3.9314        -21.6070          3.9131          3.9131          0.0000        256.9370          0.0000

INFO:      99000        198.0000         21.7172          5.1121         16.6050         14.9808          3.6184         11.9682          0.8874          5.5359          0.8689         -0.4858         -0.2253        -20.7848          3.7293          3.7293          0.0000        309.4829          0.0000

INFO:     102000        204.0000         24.4321          8.7010         15.7310         14.5129          2.4940         13.2686          0.8188          4.8585          0.2961          0.3272          0.4396        -20.0837          6.2819          6.2819          0.0000        293.1935          0.0000

INFO:     105000        210.0000         20.8889          5.1455         15.7434         16.4125          3.7547         11.8827          1.2250          5.5939          0.4498         -0.6594          2.4023        -25.6467          6.1433          6.1433          0.0000        293.4231          0.0000

INFO:     108000        216.0000         15.9463          0.6086         15.3378         14.1661          1.8708         10.7225          0.2824          5.4517          0.8361          0.4385          0.8577        -21.4121          1.5610          1.5610          0.0000        285.8636          0.0000

INFO:     111000        222.0000         16.6815          2.6868         13.9948         13.8941          1.8724         13.2352          1.2613          5.6392          0.7763          0.2358          0.0679        -24.3171          3.9158          3.9158          0.0000        260.8326          0.0000

INFO:     114000        228.0000         16.4175          2.3343         14.0833         16.3408          4.9806          8.2648          0.4824          6.0006          1.5366         -1.2615          2.0724        -23.7068          3.9652          3.9652          0.0000        262.4828          0.0000

INFO:     117000        234.0000         20.7910          0.3780         20.4130         11.9353          4.3236          9.0169          1.1874          4.2177          0.6628          0.8530         -0.4788        -20.5858          1.1811          1.1811          0.0000        380.4560          0.0000

INFO:     120000        240.0000         19.8658          7.4993         12.3664         15.3864          5.1778         10.3540          1.5032          5.3057          1.8116          0.6392          4.6283        -26.0261          4.1057          4.1057          0.0000        230.4845          0.0000

INFO:     123000        246.0000         15.2015          4.4930         10.7085         24.0697          6.9373          8.1921          0.9533          4.9091          0.5599         -0.0774          0.6354        -21.3409          3.7241          3.7241          0.0000        199.5832          0.0000

INFO:     126000        252.0000          9.8922         -1.9594         11.8516         14.6867          2.8227         10.3873          0.5585          4.4332          0.4487          0.2126         -0.6011        -21.8235          1.6022          1.6022          0.0000        220.8890          0.0000

INFO:     129000        258.0000         13.5532          0.0088         13.5444         14.0062          2.3390          7.7949          0.3420          3.7300          0.4758          0.6705         -0.0208        -18.3728          3.0501          3.0501          0.0000        252.4392          0.0000

INFO:     132000        264.0000         16.1877          3.4110         12.7767         13.7733          1.7040          9.3413          0.4577          5.6981          0.5349          0.5638          0.0360        -20.4486          5.5238          5.5238          0.0000        238.1299          0.0000

INFO:     135000        270.0000         22.8398          0.8625         21.9774         15.4634          2.9794          7.2650          0.6181          5.2741          0.2954         -0.0680          0.3393        -20.4147          4.5739          4.5739          0.0000        409.6116          0.0000

INFO:     138000        276.0000         16.7003          3.0958         13.6044         17.1641          2.1607         11.4814          0.9595          7.0175          0.2080         -0.5183          0.8163        -24.3472          5.3178          5.3178          0.0000        253.5579          0.0000

INFO:     141000        282.0000         13.0871         -2.0809         15.1680         11.4737          2.5982          8.9335          0.4434          5.2649          1.0982         -0.0896         -0.3588        -21.3774          1.4067          1.4067          0.0000        282.7001          0.0000

INFO:     144000        288.0000         16.6450         -0.0665         16.7116         16.6362          3.8710         11.7757          0.4819          5.6913          1.5601         -0.2939         -0.6404        -24.9202          2.4080          2.4080          0.0000        311.4681          0.0000

INFO:     147000        294.0000         18.2502          2.1102         16.1400         16.2992          1.4635         13.1483          0.8066          5.9081          1.3813          0.4029          0.5828        -23.3654          1.7821          1.7821          0.0000        300.8155          0.0000

INFO:     150000        300.0000         20.9744          5.0470         15.9274         13.8582          3.1817         15.2193          0.9889          6.5950          1.3001          0.4456         -0.7128        -24.2935          2.3226          2.3226          0.0000        296.8528          0.0000

INFO:     153000        306.0000         20.2457          5.5859         14.6597         12.9727          1.5041         14.7410          1.1570          6.8736          0.1927          0.1878         -0.2992        -20.4867          1.7156          1.7156          0.0000        273.2267          0.0000

INFO:     156000        312.0000         22.8586          5.6518         17.2068         18.7249          6.9191         11.8015          0.5714          4.8967          1.3928          0.5954         -1.1900        -21.1482          1.8133          1.8133          0.0000        320.6987          0.0000

INFO:     159000        318.0000         23.6178          7.5609         16.0569         16.6266          2.2193         10.8585          1.0292          6.2691          1.4851          0.8391          2.7032        -20.0712          2.2285          2.2285          0.0000        299.2663          0.0000

INFO:     162000        324.0000         16.9406          3.6615         13.2791         15.2210          3.0299         11.3013          0.8178          4.8101          1.1072          0.6369          0.4959        -21.1708          2.6332          2.6332          0.0000        247.4945          0.0000

INFO:     165000        330.0000         22.0217          5.7161         16.3057         17.0770          4.0680         14.4967          1.6049          6.8203          0.0549         -0.6778          1.6534        -25.7913          3.4870          3.4870          0.0000        303.9030          0.0000

INFO:     168000        336.0000         16.0001          0.2526         15.7475         17.5084          3.5855          8.1382          0.3342          4.8985          1.0133          0.2238          2.4956        -22.4747          2.0383          2.0383          0.0000        293.5002          0.0000

INFO:     171000        342.0000         20.0547          1.0568         18.9979         11.7127          1.1688         10.0223          0.3788          5.8302          0.3044         -0.3157          0.1129        -20.9246          4.4797          4.4797          0.0000        354.0799          0.0000

INFO:     174000        348.0000         15.7362         -0.9285         16.6647         14.0976          3.6316          7.2262          0.3258          5.8462          0.8975         -0.3532          0.5181        -22.3277          3.3070          3.3070          0.0000        310.5950          0.0000

INFO:     177000        354.0000         22.0073          4.3942         17.6130         17.1722          2.5738         14.5405          0.8877          5.7631          0.7625          0.1598          0.3138        -22.9179          2.3110          2.3110          0.0000        328.2695          0.0000

INFO:     180000        360.0000         26.8333          7.8719         18.9614         18.8706          6.2216         13.7140          1.3536          4.4954          0.1470          0.3318          0.5672        -24.1807          5.2220          5.2220          0.0000        353.4001          0.0000

INFO:     183000        366.0000         24.6081          5.0362         19.5718         22.7311          6.2880         10.5027          0.6202          6.3243          0.4302          0.2426         -0.0885        -22.4303          3.1470          3.1470          0.0000        364.7775          0.0000

INFO:     186000        372.0000         24.8956          7.2155         17.6801         19.9624          3.2523         13.5479          1.5782          6.2166          1.1932          0.2913          0.7105        -23.2209          3.6464          3.6464          0.0000        329.5190          0.0000

INFO:     189000        378.0000         27.0928         10.7585         16.3344         17.4874          3.6155         11.0803          1.3809          5.2774          0.4114          0.1944          0.3933        -17.6743          6.0795          6.0795          0.0000        304.4385          0.0000

INFO:     192000        384.0000         22.9373          6.6533         16.2840         22.0458          5.1968         10.4157          0.8474          5.0626          0.7500          0.2809          1.9672        -21.9789          4.1116          4.1116          0.0000        303.4997          0.0000

INFO:     195000        390.0000         23.0424          5.9013         17.1411         15.8151          2.5892         15.3539          1.3151          6.0132          0.1095          0.1424          0.1618        -21.1875          1.4038          1.4038          0.0000        319.4738          0.0000

INFO:     198000        396.0000         22.7113          6.2623         16.4490         14.3006          2.0670         13.4213          0.8171          6.8569          0.6830          0.4343          2.0382        -24.3633          4.3079          4.3079          0.0000        306.5750          0.0000

INFO:     201000        402.0000         15.9970          1.0064         14.9906         12.2635          1.8025          8.3378          0.6137          6.4308          0.1706          0.1853          0.8371        -21.3223          3.9508          3.9508          0.0000        279.3926          0.0000

INFO:     204000        408.0000         14.3643          0.5005         13.8638         15.3949          4.2030          8.2433          0.2097          6.2305          1.2172         -0.4446          0.2232        -23.0450          3.6634          3.6634          0.0000        258.3914          0.0000

INFO:     207000        414.0000         17.0880          3.2711         13.8169         15.7350          3.9638          9.0352          0.5340          7.3586          1.3850         -0.0787          0.1293        -23.5287          4.4726          4.4726          0.0000        257.5186          0.0000

INFO:     210000        420.0000         16.5783          2.2701         14.3083         16.5508          3.6984          9.7671          1.1817          6.3159          0.1613         -0.5484         -0.3478        -21.9968          4.0387          4.0387          0.0000        266.6756          0.0000

INFO:     213000        426.0000         17.6217          1.5450         16.0767         12.3363          3.6142         11.4166          0.6135          5.2086          0.7693          0.3725         -0.7216        -21.5336          1.8054          1.8054          0.0000        299.6357          0.0000

INFO:     216000        432.0000         15.8795          3.1167         12.7628         14.6549          2.2808         11.1286          0.8535          5.5118          0.9886          0.5551         -1.1025        -21.1088          4.0095          4.0095          0.0000        237.8718          0.0000

INFO:     219000        438.0000         15.6475          0.7429         14.9047         13.4297          1.3370         11.1441          0.4573          5.2359          0.5172          0.0962          1.5300        -21.2006          1.6257          1.6257          0.0000        277.7913          0.0000

INFO:     222000        444.0000         14.1665          0.2184         13.9482         15.2452          1.3621         10.9536          0.5576          4.6501          0.2049          0.2014         -0.6114        -19.7534          2.6535          2.6535          0.0000        259.9642          0.0000

INFO:     225000        450.0000         19.3493          3.9665         15.3828         13.9323          0.9083         12.3575          0.4099          7.8865          0.4851          0.7622         -0.5323        -21.0782          2.7676          2.7676          0.0000        286.7036          0.0000

INFO:     228000        456.0000         21.5730          1.0184         20.5546         13.2520          1.6182          8.0646          0.8951          7.6357          0.2151          0.2056          2.1107        -20.8722          1.1456          1.1456          0.0000        383.0944          0.0000

INFO:     231000        462.0000         20.2150          2.0925         18.1225         17.1747          4.3000          9.9004          0.4700          6.9451          1.0470          0.0751         -0.2704        -22.9650          2.5905          2.5905          0.0000        337.7646          0.0000

INFO:     234000        468.0000         17.8037         -0.7635         18.5672         15.2879          4.4150         10.5249          0.2028          4.3286          0.4220          0.4132          0.4803        -23.3932          1.8428          1.8428          0.0000        346.0538          0.0000

INFO:     237000        474.0000         15.3135          2.2267         13.0868         16.4789          3.7528          9.7530          0.5848          5.8519          1.3834         -0.3544          0.0789        -23.5129          4.6894          4.6894          0.0000        243.9108          0.0000

INFO:     240000        480.0000         19.0750          7.0140         12.0610         13.2191          2.7205         15.0433          0.3505          6.6376          0.2629          0.3758          0.3481        -22.2353          3.5106          3.5106          0.0000        224.7924          0.0000

INFO:     243000        486.0000         13.4743          0.5813         12.8930         12.3812          2.1152         10.9762          0.6644          7.5994          0.8486          0.4021          0.5342        -23.9822          1.4232          1.4232          0.0000        240.2989          0.0000

INFO:     246000        492.0000         14.2301         -1.2694         15.4995         12.9827          2.3581          8.7578          0.5842          5.1426          0.5659          0.2522          0.2070        -19.9921          0.8550          0.8550          0.0000        288.8778          0.0000

INFO:     249000        498.0000         16.0646          1.2872         14.7774         13.5027          1.7312          9.0938          1.2447          6.5911          1.1418          0.0174          1.0642        -23.2881          3.6911          3.6911          0.0000        275.4193          0.0000

INFO:     252000        504.0000         16.5802          0.7313         15.8490         12.9524          3.3898          9.0998          0.9167          5.5615          1.0477         -0.1419          0.2865        -23.5912          4.1624          4.1624          0.0000        295.3911          0.0000

INFO:     255000        510.0000         10.6548         -0.9805         11.6353         14.0578          2.8310          9.4387          0.4647          4.7384          0.3765          0.2552         -0.7624        -20.5488          2.2262          2.2262          0.0000        216.8569          0.0000

INFO:     258000        516.0000         15.0174          1.7992         13.2182         19.6342          3.7046         11.2967          0.5738          5.1002          0.1901          0.0864         -0.9572        -21.5089          3.3136          3.3136          0.0000        246.3589          0.0000

INFO:     261000        522.0000         23.8787          4.4281         19.4507         14.4520          2.5657         11.8474          1.2972          4.3378          0.9039          0.1842          4.9494        -24.0696          2.4121          2.4121          0.0000        362.5191          0.0000

INFO:     264000        528.0000         22.4280          6.2581         16.1699         13.2502          1.3545         11.1703          0.7137          6.0479          0.6161         -0.5637          1.9142        -21.2367          6.2420          6.2420          0.0000        301.3727          0.0000

INFO:     267000        534.0000         23.9930          3.6259         20.3671         13.1466          3.7914         11.2323          0.3967          6.0451          0.5898         -0.8509         -0.4980        -22.6555          5.5750          5.5750          0.0000        379.6003          0.0000

INFO:     270000        540.0000         21.1882          6.2123         14.9759         22.5088          8.4620          9.1093          1.0465          4.9607          0.7784          0.0460          0.4041        -22.4750          3.8804          3.8804          0.0000        279.1183          0.0000

INFO:     273000        546.0000         22.0091          5.3989         16.6102         12.6165          3.3457         14.6607          0.6708          4.4880          0.8983          0.6462         -0.0812        -22.5425          3.3128          3.3128          0.0000        309.5782          0.0000

INFO:     276000        552.0000         18.1660          0.5282         17.6378         11.4185          0.8344          8.5682          0.5035          5.5900          0.9905         -0.3173         -0.0285        -19.9453          4.3327          4.3327          0.0000        328.7310          0.0000

INFO:     279000        558.0000         23.0235          5.2972         17.7263         16.8101          2.5055         11.9867          0.7055          6.4730          1.2894         -0.8050          0.0195        -21.4214          4.5439          4.5439          0.0000        330.3810          0.0000

INFO:     282000        564.0000         16.7293          3.3270         13.4023         15.0050          2.2103         12.0329          0.7461          5.4753          0.4688         -0.6601          0.6826        -21.9889          4.3602          4.3602          0.0000        249.7906          0.0000

INFO:     285000        570.0000         18.7453          2.9504         15.7950         15.1178          5.4899         11.5916          0.9920          4.7585          0.3730          0.0030         -0.1623        -22.8666          2.7712          2.7712          0.0000        294.3846          0.0000

INFO:     288000        576.0000         19.9712          4.0118         15.9593         14.2778          2.5524         10.1333          0.7366          5.5395          2.0261          0.8116          1.9946        -22.3557          2.5735          2.5735          0.0000        297.4479          0.0000

INFO:     291000        582.0000         22.2687          7.2476         15.0211         21.1596          3.7825         15.8473          1.2046          5.6668          1.2489          0.2952          1.5483        -23.6215          1.2755          1.2755          0.0000        279.9622          0.0000

INFO:     294000        588.0000         23.8899          7.7091         16.1808         16.0100          1.2952         17.7203          0.4848          4.9814          0.6957          0.4209          0.3615        -21.8245          3.5738          3.5738          0.0000        301.5761          0.0000

INFO:     297000        594.0000         21.0688          2.6428         18.4260         15.1510          3.9398         12.3474          0.4965          7.2842          0.1817          0.0695         -1.0537        -21.4015          0.7790          0.7790          0.0000        343.4217          0.0000

INFO:     300000        600.0000         25.0494         10.1398         14.9096         21.0720          4.9585         13.5117          1.1799          7.7894          1.6487         -0.3356         -1.1413        -20.7093          3.2378          3.2378          0.0000        277.8829          0.0000

INFO:     303000        606.0000         17.8536          0.7641         17.0895         15.9978          4.1597         10.9042          0.7666          5.7198          1.1715         -0.3951         -1.0417        -22.7000          2.1790          2.1790          0.0000        318.5124          0.0000

INFO:     306000        612.0000         14.7690         -0.0959         14.8650         13.4292          1.6587         11.3102          0.8077          5.2587          1.1593          0.0969         -0.5543        -21.9925          2.1592          2.1592          0.0000        277.0520          0.0000

INFO:     309000        618.0000         23.1941          5.0528         18.1413         15.4102          3.4712         11.8123          1.6275          7.5323          1.4570         -1.2007         -0.0636        -23.6101          4.0268          4.0268          0.0000        338.1163          0.0000

INFO:     312000        624.0000         27.5759          9.6158         17.9601         19.8664          8.4003         15.3247          0.8860          5.0366          0.5033          0.1047         -0.1307        -23.9162          3.4072          3.4072          0.0000        334.7390          0.0000

INFO:     315000        630.0000         25.9420          6.7805         19.1614         18.1226          3.4391         15.6967          0.6446          4.4874          0.2610          0.1455          0.4327        -21.8711          3.5448          3.5448          0.0000        357.1287          0.0000

INFO:     318000        636.0000         27.0153          6.6132         20.4021         19.8060          4.5939         13.2206          0.8338          5.3220          0.6276         -0.6663         -0.1793        -21.3798          4.2408          4.2408          0.0000        380.2512          0.0000

INFO:     321000        642.0000         17.0205          4.4835         12.5370         18.6920          3.7040         14.5253          0.7388          5.6083          1.2311         -0.4667         -0.6787        -22.9821          2.8035          2.8035          0.0000        233.6628          0.0000

INFO:     324000        648.0000         13.4846          0.9997         12.4849         16.7166          5.1744          5.0233          0.2872          6.2697          0.7881         -0.0057          3.3814        -21.8205          1.9019          1.9019          0.0000        232.6919          0.0000

INFO:     327000        654.0000         12.1443         -0.0577         12.2020         10.4162          1.3500         11.1302          0.7331          4.4776          0.2425          0.8462         -0.4711        -20.2691          1.9028          1.9028          0.0000        227.4192          0.0000

INFO:     330000        660.0000         21.0834          5.1097         15.9737         17.1758          3.0171         15.0067          0.8263          5.5093          0.2246          0.2025         -0.6632        -21.5566          2.5431          2.5431          0.0000        297.7168          0.0000

INFO:     333000        666.0000         20.0307          5.1228         14.9079         13.7246          3.0875         12.8671          1.0557          4.4976          0.6253          0.2588          0.3145        -21.7089          4.1251          4.1251          0.0000        277.8510          0.0000

INFO:     336000        672.0000         17.9999          3.0013         14.9986         12.6656          2.7460         11.0353          0.6453          5.6159          1.7223         -0.1098          0.9071        -21.9990          2.4382          2.4382          0.0000        279.5420          0.0000

INFO:     339000        678.0000         11.7042         -0.1183         11.8225         10.9444          1.4297         10.1367          0.5508          4.9073          0.5249          0.7403          0.3132        -21.4594          2.7381          2.7381          0.0000        220.3465          0.0000

INFO:     342000        684.0000         23.1143          5.1953         17.9190         16.1040          4.2433         10.9222          1.7284          4.5109          0.7983          0.1236          2.4355        -23.5560          3.9891          3.9891          0.0000        333.9728          0.0000

INFO:     345000        690.0000         15.6249         -0.3001         15.9249         13.3710          3.5122          7.5705          0.6822          5.2304          0.4441          0.3852          2.5205        -23.3483          2.7031          2.7031          0.0000        296.8073          0.0000

INFO:     348000        696.0000         17.3640          1.2529         16.1111         15.0324          2.8361         12.7075          1.2937          5.1363          1.5104          0.1553          0.1345        -23.7565          1.2355          1.2355          0.0000        300.2759          0.0000

INFO:     351000        702.0000         18.3876          3.6946         14.6930         21.7748          3.9799         11.8402          1.4048          4.9846          0.9393          0.2420          0.0973        -21.7327          1.9391          1.9391          0.0000        273.8470          0.0000

INFO:     354000        708.0000         27.4248          2.5699         24.8549         14.0590          5.0382          7.2885          0.8872          5.5064          0.4323          0.8503          3.0654        -22.9992          2.5008          2.5008          0.0000        463.2430          0.0000

INFO:     357000        714.0000         23.9588          3.8230         20.1358         13.9630          2.0532         10.9225          0.5533          4.8158          0.7346          0.5871          3.8992        -22.6983          2.9557          2.9557          0.0000        375.2892          0.0000

INFO:     360000        720.0000         31.5361         15.0484         16.4877         18.5889          3.7419         15.0249          0.4629          6.6721          3.9223          0.8479          0.1026        -19.9459          4.2198          4.2198          0.0000        307.2954          0.0000

INFO:     363000        726.0000         27.0035          8.8208         18.1827         20.8752          5.2614          9.1347          1.0688          4.7894          0.3215          0.7861          6.1390        -21.4464          2.7664          2.7664          0.0000        338.8877          0.0000

INFO:     366000        732.0000         20.7924          0.8587         19.9337         15.5966          1.6973         11.2621          0.5286          6.3124          0.5342         -0.3776          0.6324        -22.7996          3.0688          3.0688          0.0000        371.5217          0.0000

INFO:     369000        738.0000         17.8496          5.7315         12.1181         21.0114          6.9802         11.1737          0.7319          6.1268          2.2891          0.1928          1.8385        -25.6839          2.0823          2.0823          0.0000        225.8560          0.0000

INFO:     372000        744.0000         23.4498          4.7689         18.6809         18.5340          2.0437         10.0787          0.5677          6.2127          1.6818          0.6364          1.9841        -19.5806          1.1445          1.1445          0.0000        348.1724          0.0000

INFO:     375000        750.0000         21.6890          5.1670         16.5221         12.7628          3.1380         13.0197          0.8439          8.5434          1.3500          0.3043         -0.2292        -23.7817          1.9784          1.9784          0.0000        307.9364          0.0000

INFO:     378000        756.0000         23.6222          5.5764         18.0457         13.6152          1.0949         17.6879          0.8115          5.4687          0.2757          0.2884         -0.3514        -22.2066          2.5074          2.5074          0.0000        336.3344          0.0000

INFO:     381000        762.0000         19.7022          0.2333         19.4689         12.8777          3.3312         12.6885          0.3975          4.7100          0.5192          0.1483          2.0157        -25.0364          1.4591          1.4591          0.0000        362.8584          0.0000

INFO:     384000        768.0000         18.5250          2.9798         15.5452         14.5702          1.9474         16.0992          0.5993          5.6696          0.7053          0.2469         -0.7202        -23.4119          1.8442          1.8442          0.0000        289.7293          0.0000

INFO:     387000        774.0000         15.4908         -2.7350         18.2258         18.2858          2.7561          8.7656          0.3052          5.1716          0.6320          0.2898          0.0192        -21.5477          0.8733          0.8733          0.0000        339.6912          0.0000

INFO:     390000        780.0000         16.5208         -2.9925         19.5132         12.7332          3.2666          8.6564          0.6649          5.3211          0.3327          0.0720          0.5682        -23.2747          1.4004          1.4004          0.0000        363.6856          0.0000

INFO:     393000        786.0000          9.7481         -1.6875         11.4356         16.3468          2.7836         11.0821          0.3167          4.5402          0.3744          0.3444          0.9145        -22.8614          0.8178          0.8178          0.0000        213.1355          0.0000

INFO:     396000        792.0000         12.8272          1.2380         11.5892         14.6953          3.1545         11.9422          1.9258          5.7939          1.0688          0.0205         -0.5538        -24.3999          2.2861          2.2861          0.0000        215.9980          0.0000

INFO:     399000        798.0000         15.1917          1.0148         14.1769         11.9397          3.6770         10.1256          1.3039          4.9801          0.3107          0.4443          1.5566        -22.6851          1.3017          1.3017          0.0000        264.2283          0.0000

INFO:     402000        804.0000         20.4744          4.8569         15.6175         18.1717          4.0996         13.1267          0.3641          5.0861          0.2469          0.7247         -0.5357        -21.2906          3.0352          3.0352          0.0000        291.0768          0.0000

INFO:     405000        810.0000         16.6930          0.6003         16.0927         13.1510          3.7151         11.8886          1.3363          5.2563          0.6289          0.3222         -0.7965        -23.2430          1.4925          1.4925          0.0000        299.9336          0.0000

INFO:     408000        816.0000         14.1098         -1.7520         15.8619         12.1518          1.8791         10.4160          0.3693          5.1196          0.3785         -0.0205          0.4505        -22.0973          1.7528          1.7528          0.0000        295.6319          0.0000

INFO:     411000        822.0000         13.1540         -0.7007         13.8548         11.0345          0.6154         10.7010          0.3683          4.3650          0.5881          0.4603          0.1730        -19.9042          1.9325          1.9325          0.0000        258.2232          0.0000

INFO:     414000        828.0000         12.6394         -0.9276         13.5670         11.6740          2.8777          7.7665          1.0013          5.6726          0.9399          0.2568          2.4857        -23.4273          1.4991          1.4991          0.0000        252.8601          0.0000

INFO:     417000        834.0000          9.9551         -2.3029         12.2580         12.5416          1.6092          8.8941          0.4660          4.8078          0.2266          0.1686          0.1885        -20.4210          1.7572          1.7572          0.0000        228.4629          0.0000

INFO:     420000        840.0000         15.7919         -0.4507         16.2426         14.7461          2.5160         11.7170          0.6473          4.4014          0.2886          0.1336         -1.1528        -21.0934          2.0916          2.0916          0.0000        302.7270          0.0000

INFO:     423000        846.0000         20.6153          1.9562         18.6591         12.8725          2.7079          9.6785          0.9795          5.2744          2.2077         -0.0879          0.5425        -21.5441          2.1976          2.1976          0.0000        347.7668          0.0000

INFO:     426000        852.0000         18.3090          2.0110         16.2979         12.8384          3.3077         10.5080          1.7893          4.9062          0.3484          0.5470          0.7679        -23.0139          2.8503          2.8503          0.0000        303.7588          0.0000

INFO:     429000        858.0000         14.0136         -2.4341         16.4477         12.9036          1.4037          6.5560          0.5133          4.8934          1.1203          0.1675          0.6708        -20.3578          2.5986          2.5986          0.0000        306.5503          0.0000

INFO:     432000        864.0000         12.8187          1.4823         11.3364         16.1292          4.5181          7.7123          1.2112          6.6698          2.1782          0.4025          0.7429        -23.3864          1.4338          1.4338          0.0000        211.2862          0.0000

INFO:     435000        870.0000         12.3387          1.1471         11.1916         16.8911          4.3471         12.0106          0.5744          5.2403          0.6000         -0.0916         -1.1814        -22.2759          1.9237          1.9237          0.0000        208.5873          0.0000

INFO:     438000        876.0000         19.9889          4.6804         15.3085         13.8523          1.9874         12.9646          0.7005          7.0909          0.7062         -0.1278          3.1104        -24.9460          3.1943          3.1943          0.0000        285.3182          0.0000

INFO:     441000        882.0000         20.0709          6.1269         13.9441         16.6164          4.0757         14.6106          0.8994          6.3673          2.2098          0.2024          1.2369        -24.0870          0.6118          0.6118          0.0000        259.8876          0.0000

INFO:     444000        888.0000         18.2196          4.2320         13.9876         19.6669          4.0907         15.0332          0.3969          4.1361          0.3569          0.7531          0.0124        -21.7995          1.2521          1.2521          0.0000        260.6998          0.0000

INFO:     447000        894.0000         24.8567          6.3704         18.4863         17.8626          3.4196         12.8893          1.0430          5.8680          0.6874          0.2714          0.0221        -19.9312          2.1010          2.1010          0.0000        344.5462          0.0000

INFO:     450000        900.0000         22.1471          5.7925         16.3546         17.5856          2.7832         13.7605          1.2801          6.3860          1.1515         -0.4653          0.2591        -22.8892          3.5265          3.5265          0.0000        304.8147          0.0000

