Generate_Velocity> Generate initial velocities
  iseed           =       7999
  temperature     =    300.000
 
INFO:       STEP            TIME       TOTAL_ENE   POTENTIAL_ENE     KINETIC_ENE            RMSG            BOND           ANGLE    UREY-BRADLEY        DIHEDRAL        IMPROPER            CMAP         VDWAALS           ELECT RESTRAINT_TOTAL    RESTRAINT001    RESTR_CVS001     TEMPERATURE          VOLUME
 --------------- --------------- --------------- --------------- ---------------
INFO:          0          0.0000         93.9791         79.6946         14.2845         11.6178          1.9856          7.4400          0.3289          3.3833          1.1369         -0.8952          1.8583        -17.6631         82.1198         82.1198          0.0000        266.2325          0.0000

INFO:       3000          6.0000         69.1802         29.0418         40.1384         18.8497          4.4446         23.5387          1.1437          5.6364          1.2921          0.2408         -2.0922        -21.9575         16.7951         16.7951          0.0000        748.0956          0.0000

INFO:       6000         12.0000         45.3329         14.4884         30.8445         15.6043          1.2387         14.8934          0.6551          4.8241          0.9469          0.5079          2.1330        -20.9824         10.2716         10.2716          0.0000        574.8758          0.0000

INFO:       9000         18.0000         32.6968         11.5614         21.1354         15.6095          6.0673         12.8314          1.0230          3.5086          0.8970         -0.5347          1.2297        -17.0880          3.6271          3.6271          0.0000        393.9195          0.0000

INFO:      12000         24.0000         32.5191          8.1801         24.3390         16.2518          2.6835         16.1099          1.7206          3.9710          1.0287          0.7959         -1.3342        -19.6708          2.8755          2.8755          0.0000        453.6274          0.0000

INFO:      15000         30.0000         27.6964          8.1701         19.5263         14.7571          3.4356         12.9405          0.9762          4.2261          1.5168         -0.0914          0.3022        -20.6391          5.5033          5.5033          0.0000        363.9288          0.0000

INFO:      18000         36.0000         19.0364          4.3783         14.6582         13.8816          3.9364         10.6220          0.5107          5.1983          1.3398          0.1897         -0.1906        -23.6219          6.3940          6.3940          0.0000        273.1969          0.0000

INFO:      21000         42.0000         19.2091          5.3404         13.8687         14.2077          6.7806          9.2739          1.4597          4.2515          0.2789          0.7350         -0.7582        -20.8950          4.2140          4.2140          0.0000        258.4834          0.0000

INFO:      24000         48.0000         24.2134          9.5322         14.6812         15.9515          3.4528         12.9913          1.0079          4.5589          2.1800         -1.5460          0.6318        -16.9872          3.2428          3.2428          0.0000        273.6270          0.0000

INFO:      27000         54.0000         13.2924         -1.2042         14.4965          9.8698          1.4504          6.4348          1.0164          4.3078          0.8540         -0.9325          2.7965        -18.3660          1.2344          1.2344          0.0000        270.1849          0.0000

INFO:      30000         60.0000         10.1198         -3.1345         13.2542          9.1791          2.4863          6.3369          0.9482          3.4321          1.0861         -1.2116          0.2028        -19.2460          2.8308          2.8308          0.0000        247.0308          0.0000

INFO:      33000         66.0000         16.1390          4.1859         11.9531         14.4265          2.5891         12.1276          0.6679          6.6955          0.6299          0.7327         -0.2459        -22.9459          3.9349          3.9349          0.0000        222.7797          0.0000

INFO:      36000         72.0000         14.2109          3.6208         10.5900         19.5379          3.4324          9.9440          0.4509          4.7577          0.1579          0.2516          1.8223        -22.0588          4.8628          4.8628          0.0000        197.3757          0.0000

INFO:      39000         78.0000         14.1038          1.1706         12.9333         12.7648          2.0658          5.7121          1.0104          3.2438          0.6502         -0.3444          1.3616        -15.8495          3.3206          3.3206          0.0000        241.0486          0.0000

INFO:      42000         84.0000         15.9020          0.2809         15.6212         14.7015          3.8350          6.8260          0.2150          3.7558          0.3763         -1.3751          0.2794        -16.4519          2.8204          2.8204          0.0000        291.1452          0.0000

INFO:      45000         90.0000         23.0403          9.2239         13.8165         19.7386          6.7668          9.7756          0.7303          2.8555          0.9268         -3.0725          2.7534        -15.5969          4.0848          4.0848          0.0000        257.5099          0.0000

INFO:      48000         96.0000         24.2625          5.9919         18.2706         16.5846          5.0303          6.9662          1.5260          6.0671          0.2313          0.0741          1.2017        -22.6021          7.4973          7.4973          0.0000        340.5256          0.0000

INFO:      51000        102.0000         21.7208          8.9378         12.7830         15.2514          3.4212         14.3132          0.9768          4.6159          0.6343          0.8438          0.7665        -21.1638          4.5300          4.5300          0.0000        238.2473          0.0000

INFO:      54000        108.0000         20.5774          3.6841         16.8933         14.2833          2.5810         11.0934          0.4708          3.3391          1.0580         -0.9638          1.1583        -18.7103          3.6574          3.6574          0.0000        314.8552          0.0000

INFO:      57000        114.0000         18.5792          5.4314         13.1478         16.5157          4.1061         10.7047          0.8388          5.8849          1.4895          0.6935          0.9481        -23.8464          4.6121          4.6121          0.0000        245.0466          0.0000

INFO:      60000        120.0000         15.0243          1.4014         13.6228         13.5826          3.1542          9.1009          1.1039          3.8315          0.5470          0.6176          1.1441        -20.6082          2.5104          2.5104          0.0000        253.9011          0.0000

INFO:      63000        126.0000         16.2090         -0.3538         16.5628         13.2534          1.8671          7.9055          0.2659          6.7154          0.4331          0.1614         -0.2754        -21.4756          4.0488          4.0488          0.0000        308.6959          0.0000

INFO:      66000        132.0000         22.7107          5.7392         16.9714         15.0146          2.3269         12.3564          0.7790          5.0118          0.8820          0.7996          0.8926        -21.2928          3.9836          3.9836          0.0000        316.3119          0.0000

INFO:      69000        138.0000         25.4680          1.7337         23.7342         12.5244          0.9971         11.6063          0.5564          3.7796          0.4164          0.8370          0.4108        -20.7652          3.8952          3.8952          0.0000        442.3560          0.0000

INFO:      72000        144.0000         24.4834          7.7761         16.7073         19.9195          3.4118         12.8381          0.6786          4.1280          0.8996          0.4997          0.2638        -18.6851          3.7415          3.7415          0.0000        311.3884          0.0000

INFO:      75000        150.0000         22.7769          5.2501         17.5269         12.9366          1.4292         13.4202          2.2633          3.5293          1.4452         -2.0377          0.4477        -17.9026          2.6555          2.6555          0.0000        326.6636          0.0000

INFO:      78000        156.0000         32.8014         11.5617         21.2397         16.9834          3.5270         18.1856          1.5382          5.0874          1.2795          0.7384         -1.3091        -22.0215          4.5361          4.5361          0.0000        395.8623          0.0000

INFO:      81000        162.0000         24.7129         12.0944         12.6185         18.5094          2.0896         21.4644          1.3184          4.5968          0.5900          0.7293         -0.0850        -21.6702          3.0610          3.0610          0.0000        235.1824          0.0000

INFO:      84000        168.0000         21.6497          6.4094         15.2403         16.4140          1.6656         11.0475          1.0331          5.1883          1.1400          0.6654          0.4846        -17.4552          2.6401          2.6401          0.0000        284.0476          0.0000

INFO:      87000        174.0000         21.7280          5.9606         15.7674         15.3941          3.2348         11.0182          0.5195          3.6046          1.3136         -1.7447          0.1952        -16.8421          4.6615          4.6615          0.0000        293.8713          0.0000

INFO:      90000        180.0000         16.6195          3.1300         13.4895         14.7845          2.0191         13.4406          0.6793          3.5738          0.2313          0.6824          0.2442        -21.2419          3.5012          3.5012          0.0000        251.4165          0.0000

INFO:      93000        186.0000         23.4786          8.2035         15.2751         15.7574          4.3461         17.1339          0.6233          4.5691          0.3626          0.2922         -0.1030        -22.9159          3.8952          3.8952          0.0000        284.6952          0.0000

INFO:      96000        192.0000         19.9547          2.8312         17.1235         18.6846          5.2523         11.8782          0.1839          2.8979          0.7584         -1.0065          1.2768        -19.3701          0.9603          0.9603          0.0000        319.1451          0.0000

INFO:      99000        198.0000         25.2289          4.6697         20.5592         14.1968          1.2059         11.7031          1.4406          5.1648          1.2694         -1.0743          1.2498        -17.3929          1.1032          1.1032          0.0000        383.1796          0.0000

INFO:     102000        204.0000         23.0148          4.4122         18.6026         12.3393          1.7585         11.8711          1.0620          6.6496          1.1186          0.5552         -0.1157        -19.9253          1.4382          1.4382          0.0000        346.7135          0.0000

INFO:     105000        210.0000         18.6015          5.2763         13.3252         14.6811          2.2897         11.9335          0.9723          5.1470          0.7704          0.2349          2.6085        -23.5835          4.9034          4.9034          0.0000        248.3536          0.0000

INFO:     108000        216.0000         19.9001          1.3818         18.5182         14.2125          2.9320          6.5772          0.3854          3.6215          2.0762         -1.5680          2.6737        -17.2192          1.9031          1.9031          0.0000        345.1404          0.0000

INFO:     111000        222.0000         13.4688          2.8977         10.5711         12.4653          2.6448          8.8088          0.6459          4.3156          1.0287          0.7239          2.6134        -19.8994          2.0160          2.0160          0.0000        197.0233          0.0000

INFO:     114000        228.0000          9.9362         -2.7793         12.7155         13.5213          2.3297          8.7356          0.1696          3.0113          1.0589         -0.6231         -0.8779        -17.9635          1.3801          1.3801          0.0000        236.9898          0.0000

INFO:     117000        234.0000         13.2630          2.4530         10.8100         11.1521          4.2221         12.1790          1.5349          3.6632          0.7997         -0.9552         -0.1033        -20.5727          1.6852          1.6852          0.0000        201.4748          0.0000

INFO:     120000        240.0000         14.1545          1.6801         12.4744         16.2282          4.9141         10.0502          0.7128          3.8184          0.6643          0.8119         -1.0930        -20.2601          2.0614          2.0614          0.0000        232.4961          0.0000

INFO:     123000        246.0000         16.2112          2.2828         13.9284         16.1822          2.9218          9.7933          0.7043          3.7302          0.7217         -0.2205          0.2922        -18.5359          2.8758          2.8758          0.0000        259.5956          0.0000

INFO:     126000        252.0000         22.4308          2.9643         19.4665         13.4555          1.8104          8.6812          0.4060          2.6257          1.2670         -1.7342          1.3905        -14.7807          3.2983          3.2983          0.0000        362.8151          0.0000

INFO:     129000        258.0000         25.0442          4.5042         20.5401         14.9389          3.5042          8.6305          0.3886          3.9749          0.2894          0.8291          1.6047        -20.1142          5.3969          5.3969          0.0000        382.8235          0.0000

INFO:     132000        264.0000         15.6114          6.2555          9.3560         15.9704          3.5232         10.2886          0.9428          5.5772          1.2443          0.4101          0.4269        -22.0572          5.8995          5.8995          0.0000        174.3756          0.0000

INFO:     135000        270.0000         17.6075          4.1645         13.4430         14.6462          1.9484          9.8131          0.4650          4.2149          1.0786         -1.4732          2.2805        -17.9771          3.8143          3.8143          0.0000        250.5498          0.0000

INFO:     138000        276.0000         18.9084          3.0094         15.8990         13.1344          1.6517         11.9646          0.4551          4.1373          0.7417          0.7699         -1.0061        -18.7246          3.0199          3.0199          0.0000        296.3238          0.0000

INFO:     141000        282.0000         14.7193         -1.5851         16.3044         11.3550          2.2897          5.8660          0.2886          4.1968          0.9569          0.8365          1.2525        -20.5296          3.2576          3.2576          0.0000        303.8794          0.0000

INFO:     144000        288.0000         20.7753          8.0858         12.6895         21.0969          6.0206          9.9963          0.7075          5.1575          0.3477         -0.1106          2.2163        -22.3060          6.0565          6.0565          0.0000        236.5045          0.0000

INFO:     147000        294.0000         18.2572          2.3564         15.9008         15.7857          1.9676          9.2760          0.7234          3.4685          1.2429          0.1790          1.5898        -18.6095          2.5188          2.5188          0.0000        296.3575          0.0000

INFO:     150000        300.0000         13.3058         -0.1444         13.4501         11.5761          5.0269          9.4503          0.8755          4.6334          0.1490          0.3937         -1.3442        -22.0362          2.7072          2.7072          0.0000        250.6820          0.0000

INFO:     153000        306.0000         16.6385          3.9651         12.6734         13.9423          4.1969          6.3565          0.9634          5.6976          0.7410          0.1660          1.8601        -20.3603          4.3438          4.3438          0.0000        236.2060          0.0000

INFO:     156000        312.0000         23.9780          5.4836         18.4943         14.0402          1.8776         13.7495          1.3940          4.6143          0.7647          0.8310         -0.7782        -20.4125          3.4433          3.4433          0.0000        344.6954          0.0000

INFO:     159000        318.0000         27.7181          5.8961         21.8220         14.4941          2.1294         12.3529          1.0093          3.2971          0.9312         -2.0943          0.6425        -16.7741          4.4019          4.4019          0.0000        406.7166          0.0000

INFO:     162000        324.0000         24.9488          9.3004         15.6484         19.9477          5.0664         14.3922          1.6503          4.1125          0.3000          0.8311          0.2809        -22.0704          4.7374          4.7374          0.0000        291.6531          0.0000

INFO:     165000        330.0000         23.1770          5.6791         17.4979         14.4783          2.4503         10.6681          0.4350          4.2585          1.7485          0.5139          0.3335        -17.2295          2.5009          2.5009          0.0000        326.1230          0.0000

INFO:     168000        336.0000         24.8343          6.0177         18.8166         17.6255          3.0627         11.1846          0.5748          5.4737          2.5018         -0.4651          0.2835        -18.4970          1.8987          1.8987          0.0000        350.7014          0.0000

INFO:     171000        342.0000         21.1756          6.1875         14.9881         15.7278          3.4403         16.7900          0.5487          4.6244          0.2722          0.5747         -0.8172        -21.8177          2.5723          2.5723          0.0000        279.3457          0.0000

INFO:     174000        348.0000         18.9223          4.6401         14.2823         15.4770          4.4441         10.5431          1.5151          4.8322          0.1995          0.4287         -0.2718        -21.0755          4.0246          4.0246          0.0000        266.1914          0.0000

INFO:     177000        354.0000         19.5802          2.2725         17.3077         15.5390          3.7778         10.7682          1.2252          4.8182          1.0150          0.6211         -0.3388        -23.8317          4.2176          4.2176          0.0000        322.5786          0.0000

INFO:     180000        360.0000         16.9676          3.2705         13.6971         17.5754          5.5019         10.6433          0.9532          3.6291          0.8828          0.0324          0.1800        -21.1628          2.6107          2.6107          0.0000        255.2850          0.0000

INFO:     183000        366.0000         24.1702         11.6250         12.5452         14.1077          1.7159         16.5609          1.7805          5.7530          1.6916          0.8303          1.1765        -21.0702          3.1867          3.1867          0.0000        233.8163          0.0000

INFO:     186000        372.0000         23.7011          5.6635         18.0376         15.1809          3.4335         13.2502          1.1798          2.9100          0.2905         -0.1580          1.6742        -18.2976          1.3809          1.3809          0.0000        336.1829          0.0000

INFO:     189000        378.0000         21.2782          2.8584         18.4198         20.0835          5.4818          9.8527          0.5917          3.3863          0.1445          0.3741          0.5898        -19.8513          2.2889          2.2889          0.0000        343.3055          0.0000

INFO:     192000        384.0000         23.5342          9.5027         14.0315         15.0377          5.1202         11.6973          0.3309          9.1108          0.4399          0.3585         -1.3086        -22.6602          6.4140          6.4140          0.0000        261.5179          0.0000

INFO:     195000        390.0000         22.5003          5.5119         16.9883         13.4395          1.0605         14.4279          0.9222          3.6366          0.0282          0.5327         -1.0859        -17.8438          3.8335          3.8335          0.0000        316.6264          0.0000

INFO:     198000        396.0000         27.1493          7.2868         19.8625         18.7362          3.8843         11.4880          0.5712          4.5187          1.5985          0.6519          0.2484        -19.6139          3.9397          3.9397          0.0000        370.1946          0.0000

INFO:     201000        402.0000         24.1341          6.0799         18.0542         14.6750          7.2659         10.0952          1.2549          3.5151          0.7118         -1.3122         -0.9946        -18.0376          3.5813          3.5813          0.0000        336.4928          0.0000

INFO:     204000        408.0000         21.5232          2.7042         18.8190         11.2871          2.3873          9.8631          0.6253          3.8538          1.6595          0.8975          0.8223        -19.3840          1.9794          1.9794          0.0000        350.7463          0.0000

INFO:     207000        414.0000         20.2274         -1.0940         21.3214         11.7279          2.2662          7.5254          0.3027          4.0807          0.6683          0.3052          0.4795        -19.3759          2.6541          2.6541          0.0000        397.3850          0.0000

INFO:     210000        420.0000         16.9429          0.8699         16.0730         11.6005          2.7183          9.0531          0.6337          4.9937          0.1160         -0.6608          0.2791        -18.5961          2.3328          2.3328          0.0000        299.5665          0.0000

INFO:     213000        426.0000         13.0881          0.1170         12.9711         11.8786          2.8719          9.1868          0.8179          2.6256          0.8763         -3.5770          0.3095        -15.2083          2.2142          2.2142          0.0000        241.7546          0.0000

INFO:     216000        432.0000         14.2811          2.9102         11.3709         14.9042          2.5438          8.5124          0.5221          4.3484          0.8529          0.8187         -1.0843        -18.3893          4.7853          4.7853          0.0000        211.9300          0.0000

INFO:     219000        438.0000         15.2586          3.2143         12.0443         15.1895          3.7528         11.2601          1.0219          2.8972          1.2455         -1.6328          0.7875        -19.2462          3.1283          3.1283          0.0000        224.4799          0.0000

INFO:     222000        444.0000         16.1741          4.5034         11.6707         16.3843          2.8137          9.5128          0.2737          3.9303          0.5120          0.7989          2.1215        -19.2245          3.7652          3.7652          0.0000        217.5172          0.0000

INFO:     225000        450.0000         11.4061          0.7115         10.6946         11.5998          1.9281          7.5361          0.3785          3.2289          0.8832          0.1231          1.4806        -17.6557          2.8087          2.8087          0.0000        199.3248          0.0000

INFO:     228000        456.0000         11.1876         -0.2429         11.4304          9.7770          0.5535          9.4802          0.4617          5.0685          1.3055          0.7939         -0.1548        -19.5283          1.7769          1.7769          0.0000        213.0393          0.0000

INFO:     231000        462.0000         18.2805          4.5812         13.6994         13.2717          1.6754         10.4467          0.5827          4.8316          1.6596          0.6221          0.8340        -19.2791          3.2081          3.2081          0.0000        255.3276          0.0000

INFO:     234000        468.0000         16.2308          2.7718         13.4589         12.6947          1.5836          9.5486          1.5795          4.4205          0.7758          0.5851          2.7265        -21.5593          3.1114          3.1114          0.0000        250.8460          0.0000

INFO:     237000        474.0000         20.7692          4.9389         15.8303         17.2454          3.1099          6.2326          1.1504          3.8416          0.3502          0.7515          3.0938        -18.4241          4.8330          4.8330          0.0000        295.0433          0.0000

INFO:     240000        480.0000         22.5688          7.1560         15.4128         19.6517          5.4724         15.0836          0.7182          3.2217          0.5371         -1.7760          0.5727        -19.4411          2.7673          2.7673          0.0000        287.2616          0.0000

INFO:     243000        486.0000         19.2119          6.7171         12.4948         15.8037          3.3697         12.2559          0.5988          3.4266          0.4065          0.6607          0.3185        -16.5743          2.2547          2.2547          0.0000        232.8770          0.0000

INFO:     246000        492.0000         28.9811          5.2502         23.7308         15.1215          3.5654         13.0414          1.1107          4.7397          1.8698          0.6616         -1.4301        -21.1397          2.8315          2.8315          0.0000        442.2920          0.0000

INFO:     249000        498.0000         22.1942          1.6752         20.5190         13.3191          3.8854          8.3696          0.4901          3.7283          0.0808         -0.0924          1.4141        -18.1366          1.9359          1.9359          0.0000        382.4314          0.0000

INFO:     252000        504.0000         22.9035          5.6656         17.2379         13.9917          4.5533         10.2499          0.7935          4.1338          0.0503          0.8066         -0.9707        -19.1210          5.1698          5.1698          0.0000        321.2786          0.0000

INFO:     255000        510.0000         27.3351          6.8364         20.4986         20.4403          6.5074          9.4423          0.2564          7.4634          0.3576          0.5595         -0.5560        -20.8667          3.6725          3.6725          0.0000        382.0514          0.0000

INFO:     258000        516.0000         27.1110         10.8275         16.2835         17.4895          3.1432          9.9669          0.7282          5.1667          0.7726         -1.7083          2.1165        -16.5807          7.2224          7.2224          0.0000        303.4894          0.0000

INFO:     261000        522.0000         26.1909          6.5235         19.6674         15.8431          2.3625          9.6924          0.8979          5.1131          1.7047         -2.8650          2.9042        -15.9577          2.6715          2.6715          0.0000        366.5587          0.0000

INFO:     264000        528.0000         21.7021          7.3488         14.3533         14.2199          2.1108         13.8439          0.8961          3.2891          0.3092         -0.6368          3.3131        -18.4429          2.6664          2.6664          0.0000        267.5158          0.0000

INFO:     267000        534.0000         18.4066          6.7897         11.6169         16.7193          1.8483         13.2578          0.4269          5.9449          1.1436          0.0874         -0.6260        -21.5353          6.2421          6.2421          0.0000        216.5152          0.0000

INFO:     270000        540.0000         21.5352          3.9976         17.5376         15.6951          3.5892          9.3399          0.5206          3.7113          2.1521         -1.0964          0.5675        -17.5832          2.7964          2.7964          0.0000        326.8634          0.0000

INFO:     273000        546.0000         18.1022          6.5140         11.5882         15.3772          2.3991         10.4071          0.5815          4.1075          1.8012         -0.2374          2.6045        -17.8606          2.7111          2.7111          0.0000        215.9800          0.0000

INFO:     276000        552.0000         21.1813          4.9006         16.2807         13.1392          5.2753         14.1785          1.3981          3.7181          0.3660          0.4653         -0.1320        -22.6374          2.2687          2.2687          0.0000        303.4371          0.0000

INFO:     279000        558.0000         19.9689          5.0881         14.8808         14.8416          1.1569         16.0355          0.6605          4.2166          0.4344          0.7092         -1.0082        -18.6400          1.5231          1.5231          0.0000        277.3461          0.0000

INFO:     282000        564.0000         21.8388          3.8172         18.0217         12.4572          3.9555          9.4973          0.3075          4.0889          0.6783         -2.4726         -0.0161        -16.6651          4.4435          4.4435          0.0000        335.8862          0.0000

INFO:     285000        570.0000         17.8185          3.5608         14.2577         13.4718          1.3258          7.9774          1.3783          5.4763          0.8652         -0.8315          0.2859        -15.9356          3.0190          3.0190          0.0000        265.7336          0.0000

INFO:     288000        576.0000         18.6279          3.7941         14.8338         13.6312          2.2193          9.1865          1.1268          3.8715          0.6271         -0.4488          0.6632        -16.6744          3.2229          3.2229          0.0000        276.4708          0.0000

INFO:     291000        582.0000         20.7529          4.4222         16.3307         13.8245          2.1405         14.1401          0.6552          4.0418          0.4138          0.8378         -0.8030        -20.6521          3.6481          3.6481          0.0000        304.3703          0.0000

INFO:     294000        588.0000         14.0030          2.0784         11.9246         14.6803          2.7692         10.6925          0.7745          4.1601          0.5212          0.8227         -1.5074        -17.9411          1.7866          1.7866          0.0000        222.2498          0.0000

INFO:     297000        594.0000         13.9510         -1.7674         15.7184          9.3323          3.8601          9.3040          0.2644          4.1567          0.5916          0.7049         -0.5062        -21.3886          1.2457          1.2457          0.0000        292.9579          0.0000

INFO:     300000        600.0000         24.9744          5.8861         19.0884         16.1778          4.9067         10.1843          0.5309          2.8132          0.9213         -0.2963          1.8521        -16.8092          1.7831          1.7831          0.0000        355.7666          0.0000

INFO:     303000        606.0000         21.5422          1.8314         19.7108         17.0926          4.1574         11.1617          0.9839          4.4689          0.5492          0.0751         -1.2769        -19.4229          1.1350          1.1350          0.0000        367.3674          0.0000

INFO:     306000        612.0000         19.1062          5.1531         13.9531         18.7382          4.7138         11.2860          1.1681          3.6018          0.7626          0.7473         -0.0788        -19.6609          2.6131          2.6131          0.0000        260.0566          0.0000

INFO:     309000        618.0000         22.0483          6.4512         15.5971         18.8684          4.3799         11.8045          0.7750          5.1887          1.2597          0.2794          0.8489        -21.4288          3.3439          3.3439          0.0000        290.6970          0.0000

INFO:     312000        624.0000         16.4637         -0.0305         16.4942         10.3063          1.3267          9.2372          0.7981          2.7824          0.2399         -1.2794          1.4641        -17.6430          3.0435          3.0435          0.0000        307.4178          0.0000

INFO:     315000        630.0000         23.2631          9.1930         14.0702         18.4413          8.4929         10.8569          0.6749          4.5641          2.0625         -0.1711         -0.9577        -19.2136          2.8841          2.8841          0.0000        262.2385          0.0000

INFO:     318000        636.0000         21.5583          5.5748         15.9835         20.6654          5.3749         10.8919          1.2343          3.5982          0.5826         -0.0224          0.4411        -18.2869          1.7614          1.7614          0.0000        297.8982          0.0000

INFO:     321000        642.0000         21.6517          1.5069         20.1448         18.0770          2.7699          8.8682          0.4920          2.7611          0.6777         -2.4162          1.9377        -14.8342          1.2507          1.2507          0.0000        375.4570          0.0000

INFO:     324000        648.0000         22.5023          8.9849         13.5174         21.9080          3.3999         13.8953          1.1077          5.3702          2.8905         -1.4976         -0.0925        -19.1549          3.0663          3.0663          0.0000        251.9366          0.0000

INFO:     327000        654.0000         17.4453          0.1485         17.2968         13.4355          1.5047          8.9901          0.5122          4.1288          0.4376          0.6305          2.0101        -21.0640          2.9986          2.9986          0.0000        322.3756          0.0000

INFO:     330000        660.0000         24.0655         10.0194         14.0460         22.6820          5.7128         10.6947          0.5534          4.4974          0.8027         -0.0740          1.9199        -17.0703          2.9828          2.9828          0.0000        261.7884          0.0000

INFO:     333000        666.0000         22.0321          4.4237         17.6084         13.9201          2.7128         13.1375          0.3770          4.1346          0.5752         -0.0034         -0.7941        -16.9545          1.2385          1.2385          0.0000        328.1830          0.0000

INFO:     336000        672.0000         28.9339          9.3267         19.6071         21.2893          5.2714         13.8861          0.7246          5.8174          1.7106         -0.2630         -0.0376        -19.2443          1.4616          1.4616          0.0000        365.4354          0.0000

INFO:     339000        678.0000         26.0901          9.9158         16.1743         19.8215          6.7064         12.6221          0.5026          6.9884          1.7261          0.2372          1.1512        -23.7683          3.7500          3.7500          0.0000        301.4546          0.0000

INFO:     342000        684.0000         20.6319          6.4548         14.1770         20.7033          3.3759         14.6410          0.4674          4.2060          0.6364          0.2895         -0.6286        -18.8020          2.2693          2.2693          0.0000        264.2299          0.0000

INFO:     345000        690.0000         17.8794          5.1579         12.7215         17.3314          2.2312         11.6990          0.6112          5.4156          0.3091         -0.0285          1.1593        -17.4300          1.1910          1.1910          0.0000        237.1019          0.0000

INFO:     348000        696.0000         18.5575          5.1650         13.3925         16.5296          1.7624         13.3207          0.7954          3.2133          1.8561         -1.5347          0.9225        -16.4377          1.2670          1.2670          0.0000        249.6076          0.0000

INFO:     351000        702.0000         20.0389         -0.2354         20.2743         13.4272          2.4131          9.6194          0.3035          3.8663          1.2982          0.4992         -0.4998        -19.1473          1.4121          1.4121          0.0000        377.8703          0.0000

INFO:     354000        708.0000         20.1564          5.9781         14.1783         17.3062          3.9017         10.6647          1.8087          3.3719          0.4681         -0.0618          1.4807        -17.6713          2.0153          2.0153          0.0000        264.2543          0.0000

INFO:     357000        714.0000         23.2399          3.3909         19.8489         19.6613          5.5374          9.0782          0.5108          4.4742          0.5535          0.8397          0.2813        -20.3433          2.4592          2.4592          0.0000        369.9424          0.0000

INFO:     360000        720.0000         20.6864          3.5418         17.1446         14.6206          3.3961         10.2032          0.5844          3.7097          1.4629         -0.3880          0.4836        -18.6344          2.7243          2.7243          0.0000        319.5388          0.0000

INFO:     363000        726.0000         23.8960          3.8514         20.0446         16.4073          2.7384         10.1057          0.6077          3.7793          1.0284         -0.1018          2.0357        -18.9312          2.5892          2.5892          0.0000        373.5896          0.0000

INFO:     366000        732.0000         24.0170         11.3153         12.7017         13.1485          2.2006         16.6427          0.2595          6.9281          1.4098          0.8140          0.6248        -23.6898          6.1256          6.1256          0.0000        236.7330          0.0000

INFO:     369000        738.0000         17.5584          0.3575         17.2009         10.9571          1.5886          8.9701          0.8170          3.6991          0.1813         -0.3733          1.4364        -19.0080          3.0463          3.0463          0.0000        320.5879          0.0000

INFO:     372000        744.0000         16.9291          6.7528         10.1763         17.2821          4.3300          9.4707          0.4877          5.0525          0.1803          0.5351          1.9322        -19.1269          3.8911          3.8911          0.0000        189.6645          0.0000

INFO:     375000        750.0000         30.4887          7.9934         22.4953         18.4679          4.2781         14.6731          1.3364          3.0168          0.4800         -0.9331          2.2124        -18.3764          1.3061          1.3061          0.0000        419.2656          0.0000

INFO:     378000        756.0000         25.1233          7.8424         17.2809         14.3483          1.2349         16.8970          1.1533          5.8409          0.9212          0.3592          0.6729        -22.8086          3.5715          3.5715          0.0000        322.0795          0.0000

INFO:     381000        762.0000         28.9275         14.0404         14.8871         17.6573          8.2533         16.3262          1.4701          4.2137          0.9051          0.7111         -1.4337        -18.0346          1.6293          1.6293          0.0000        277.4641          0.0000

INFO:     384000        768.0000         27.7872          4.5620         23.2252         13.3020          1.7890         11.8656          0.4168          6.3452          2.0564          0.2000          3.0197        -25.0642          3.9335          3.9335          0.0000        432.8684          0.0000

INFO:     387000        774.0000         20.5457          3.7566         16.7891         16.1979          5.1893          9.4501          0.5956          3.6983          0.5293          0.7371          1.6581        -20.1806          2.0794          2.0794          0.0000        312.9141          0.0000

INFO:     390000        780.0000         21.0076          7.1303         13.8774         18.5857          5.2896         14.2685          0.6268          3.4555          2.9374         -2.0910         -0.2377        -18.5639          1.4450          1.4450          0.0000        258.6453          0.0000

INFO:     393000        786.0000         22.6032          7.4290         15.1742         16.9177          4.3309         13.0535          0.8815          4.0782          0.6990          0.7388         -0.1862        -19.3400          3.1733          3.1733          0.0000        282.8143          0.0000

INFO:     396000        792.0000         20.9546          6.4279         14.5267         16.7567          3.9529         17.8833          1.8714          2.6819          0.3102          0.4055         -1.5759        -20.3191          1.2178          1.2178          0.0000        270.7463          0.0000

INFO:     399000        798.0000         23.1361          8.4232         14.7129         18.7268          4.5292         12.1926          0.9324          5.0094          2.0331          0.5948          2.4225        -21.4621          2.1713          2.1713          0.0000        274.2168          0.0000

INFO:     402000        804.0000         23.3322          5.4734         17.8588         13.3124          3.2194         10.2261          0.8150          5.6764          2.5318         -1.8039         -0.4410        -17.2055          2.4551          2.4551          0.0000        332.8498          0.0000

INFO:     405000        810.0000         26.2913          6.9626         19.3288         15.4923          3.5907          8.7840          0.7162          5.5090          4.3485          0.5155          1.8524        -22.9356          4.5819          4.5819          0.0000        360.2472          0.0000

INFO:     408000        816.0000         24.6620          6.1526         18.5094         15.7713          5.3971         10.7515          1.0372          3.7361          0.9178          0.6961          1.6968        -19.7768          1.6968          1.6968          0.0000        344.9756          0.0000

INFO:     411000        822.0000         24.8926          9.9723         14.9203         17.7830          2.9569         17.0078          1.1771          4.1553          2.2030         -1.3353         -1.0801        -17.6714          2.5591          2.5591          0.0000        278.0824          0.0000

INFO:     414000        828.0000         19.7392          5.4956         14.2436         13.0686          3.3542         10.3905          0.4140          5.3480          2.9185          0.6525          1.0735        -21.7855          3.1299          3.1299          0.0000        265.4706          0.0000

INFO:     417000        834.0000         25.9808          5.9603         20.0205         16.3294          5.0100         11.9335          0.3806          4.2792          0.2555         -1.0906          0.8591        -18.2696          2.6026          2.6026          0.0000        373.1401          0.0000

INFO:     420000        840.0000         28.8498         10.7433         18.1065         18.7335          3.7736         17.1243          0.6827          6.7997          0.3738          0.4487         -0.9579        -21.3340          3.8323          3.8323          0.0000        337.4664          0.0000

INFO:     423000        846.0000         22.7209         10.8706         11.8503         20.0230          5.1388         18.5567          0.9106          3.7473          2.2924         -0.1835         -0.7090        -21.0511          2.1684          2.1684          0.0000        220.8636          0.0000

INFO:     426000        852.0000         19.3641          6.0792         13.2850         15.4495          3.5425          9.4097          0.4460          5.2790          0.5454          0.1864          2.6036        -20.7149          4.7815          4.7815          0.0000        247.6040          0.0000

INFO:     429000        858.0000         13.1494          0.5668         12.5826         16.1994          2.4374          9.1643          0.4052          3.5217          0.8090         -2.7131          0.4394        -16.7179          3.2209          3.2209          0.0000        234.5130          0.0000

INFO:     432000        864.0000         14.6626          2.2849         12.3777         13.0870          1.7829          9.7341          0.4818          4.4163          1.1811          0.6625          2.1916        -21.5700          3.4047          3.4047          0.0000        230.6949          0.0000

INFO:     435000        870.0000         18.0129          1.3196         16.6933         12.3186          2.2854          8.7300          0.7442          4.3244          0.0614          0.6104         -0.0256        -20.5804          5.1698          5.1698          0.0000        311.1281          0.0000

INFO:     438000        876.0000         24.6872          3.8601         20.8272         11.9113          0.9845         13.0948          0.6912          3.0597          1.2577         -1.7807         -0.4063        -16.3403          3.2996          3.2996          0.0000        388.1742          0.0000

INFO:     441000        882.0000         24.8676          7.3878         17.4798         15.8224          6.2087          9.2453          1.4849          3.9726          0.8556         -1.3324          2.0283        -17.4095          2.3344          2.3344          0.0000        325.7864          0.0000

INFO:     444000        888.0000         28.2794         11.4645         16.8149         22.4534          7.5058          9.1848          0.9832          4.1088          1.9782         -0.6298          2.6746        -18.0082          3.6671          3.6671          0.0000        313.3937          0.0000

INFO:     447000        894.0000         26.2267          8.4429         17.7838         20.5810          9.8802          8.4416          1.0761          4.1644          1.4455          0.7239          1.5348        -22.4867          3.6632          3.6632          0.0000        331.4524          0.0000

INFO:     450000        900.0000         18.4866          4.0381         14.4485         15.9088          2.6225         11.9913          0.9311          2.8146          1.5811         -3.4581          0.9323        -16.3174          2.9406          2.9406          0.0000        269.2899          0.0000

