Generate_Velocity> Generate initial velocities
  iseed           =      10999
  temperature     =    300.000
 
INFO:       STEP            TIME       TOTAL_ENE   POTENTIAL_ENE     KINETIC_ENE            RMSG            BOND           ANGLE    UREY-BRADLEY        DIHEDRAL        IMPROPER            CMAP         VDWAALS           ELECT RESTRAINT_TOTAL    RESTRAINT001    RESTR_CVS001     TEMPERATURE          VOLUME
 --------------- --------------- --------------- --------------- ---------------
INFO:          0          0.0000         97.7361         79.3559         18.3802         12.6616          4.0794          8.2967          0.5689          3.9741          1.2726          0.2324         -1.1892        -18.1091         80.2300         80.2300          0.0000        342.5678          0.0000

INFO:       3000          6.0000         57.2126         27.0058         30.2067         21.4189          7.2616         14.3647          0.9359          4.4504          0.2566         -1.0104          1.1161        -17.9318         17.5627         17.5627          0.0000        562.9897          0.0000

INFO:       6000         12.0000         45.3101         13.7294         31.5808         18.7519          2.3601         18.4819          1.0454          7.8431          1.0072          0.6520         -1.2792        -18.6486          2.2675          2.2675          0.0000        588.5984          0.0000

INFO:       9000         18.0000         32.3610         13.6942         18.6668         19.9154          4.2468         11.5710          0.5817          4.0408          0.4539          0.5686          1.0949        -18.2282          9.3649          9.3649          0.0000        347.9094          0.0000

INFO:      12000         24.0000         32.0566         12.6892         19.3673         21.4508          5.0179         19.2658          0.9063          6.1252          0.6445         -0.6664          0.7631        -24.6668          5.2998          5.2998          0.0000        360.9663          0.0000

INFO:      15000         30.0000         29.2147         10.7370         18.4777         18.3706          3.0609         14.9039          1.1125          7.0336          0.2457          0.4850          0.5708        -21.8746          5.1994          5.1994          0.0000        344.3844          0.0000

INFO:      18000         36.0000         30.8625          9.0055         21.8570         17.9473          4.4032         16.4258          0.9872          5.4543          0.8433          0.4340          0.1172        -23.4741          3.8146          3.8146          0.0000        407.3683          0.0000

INFO:      21000         42.0000         22.7005          8.9300         13.7706         17.7190          3.9045         12.8202          0.8512          7.1246          0.4111         -0.0587          0.9353        -23.5060          6.4479          6.4479          0.0000        256.6542          0.0000

INFO:      24000         48.0000         29.3723          8.2223         21.1500         14.0137          1.4679         17.2562          1.1817          5.7030          1.6586          0.2886         -0.1213        -24.2123          4.9999          4.9999          0.0000        394.1914          0.0000

INFO:      27000         54.0000         31.8274         13.0353         18.7921         13.0005          1.8736         11.7744          0.3904          9.8936          1.9646          0.7641          3.2266        -23.4421          6.5898          6.5898          0.0000        350.2455          0.0000

INFO:      30000         60.0000         28.2560          7.9711         20.2849         12.0243          1.6555         11.4478          2.1933          3.8736          0.3842          0.4142          0.5284        -16.6648          4.1389          4.1389          0.0000        378.0684          0.0000

INFO:      33000         66.0000         20.4544          6.3135         14.1409         13.6650          1.6041         12.1868          0.8303          6.1486          2.3850          0.3009          0.8139        -21.1503          3.1942          3.1942          0.0000        263.5558          0.0000

INFO:      36000         72.0000         16.7104          4.4364         12.2740         13.1408          4.3510         10.9280          0.7435          5.0007          1.5415          0.7789         -0.8769        -22.3228          4.2926          4.2926          0.0000        228.7609          0.0000

INFO:      39000         78.0000         15.6474          1.1783         14.4691         13.7980          3.1811         13.6230          0.6412          4.9334          1.2460          0.1991         -1.1678        -24.1966          2.7189          2.7189          0.0000        269.6727          0.0000

INFO:      42000         84.0000         18.1696          5.3369         12.8327         15.2470          3.1248         10.3177          0.1452          5.6435          1.1797          1.0318         -0.1727        -21.7281          5.7951          5.7951          0.0000        239.1736          0.0000

INFO:      45000         90.0000         17.8458          1.1428         16.7030         10.7294          1.4619         12.4701          0.8534          3.0643          0.1635         -1.1108          2.6464        -19.8306          1.4246          1.4246          0.0000        311.3089          0.0000

INFO:      48000         96.0000         15.9366          0.5680         15.3686         13.1687          2.8709          7.8212          0.3102          5.2963          0.1814         -0.2391         -0.5228        -20.7660          5.6160          5.6160          0.0000        286.4380          0.0000

INFO:      51000        102.0000         22.9021          5.4587         17.4434         12.8785          2.3793         11.5513          0.7192          4.8681          1.9277          0.8204         -0.3885        -20.0732          3.6543          3.6543          0.0000        325.1073          0.0000

INFO:      54000        108.0000         22.2096          5.0021         17.2074         16.0875          3.8888          9.6007          1.4106          6.3551          1.4884         -0.4066          2.8488        -24.1427          3.9591          3.9591          0.0000        320.7103          0.0000

INFO:      57000        114.0000         21.9432          8.7338         13.2095         19.4117          3.2120         13.3517          1.1593          4.6474          1.8444         -0.7320          1.0131        -19.3463          3.5841          3.5841          0.0000        246.1968          0.0000

INFO:      60000        120.0000         17.9588          3.5625         14.3963         14.7566          3.6241         11.6793          0.3461          4.8854          0.5850          0.1368          0.1701        -21.4058          3.5415          3.5415          0.0000        268.3168          0.0000

INFO:      63000        126.0000         17.9934          4.0984         13.8950         17.7282          5.2391         11.7358          0.5564          4.2037          0.8342          0.5441         -0.3177        -20.9280          2.2307          2.2307          0.0000        258.9741          0.0000

INFO:      66000        132.0000         18.8592          4.9656         13.8936         15.9196          4.5864          7.2959          0.4862          4.8737          2.1413          0.5822          0.0786        -19.1354          4.0566          4.0566          0.0000        258.9468          0.0000

INFO:      69000        138.0000         16.6365          0.6082         16.0283         10.2929          2.0970         12.3526          0.5131          4.4562          0.0895          0.1059          0.5863        -22.9649          3.3724          3.3724          0.0000        298.7334          0.0000

INFO:      72000        144.0000         13.3386         -3.4440         16.7826         10.0288          3.4794          5.0259          0.1246          4.1154          0.2930          0.3693          0.7421        -22.0320          4.4383          4.4383          0.0000        312.7915          0.0000

INFO:      75000        150.0000         12.5839         -0.2168         12.8007          9.3991          1.5222          7.5461          0.3397          4.9890          0.7135          0.4173          0.6319        -19.9220          3.5455          3.5455          0.0000        238.5770          0.0000

INFO:      78000        156.0000          8.3366         -1.8045         10.1411         10.9434          2.3383          7.7369          0.8982          5.4638          0.6219         -0.0021         -0.3774        -23.8694          5.3853          5.3853          0.0000        189.0091          0.0000

INFO:      81000        162.0000         16.3423          3.4288         12.9135         14.8972          2.1296          9.4963          0.7854          6.2447          1.0726         -0.2020          0.5058        -21.5575          4.9538          4.9538          0.0000        240.6800          0.0000

INFO:      84000        168.0000         18.1447         -0.6926         18.8373         12.0961          1.4166         10.2854          0.3650          6.4731          0.5101         -0.3269         -1.3862        -22.1725          4.1426          4.1426          0.0000        351.0881          0.0000

INFO:      87000        174.0000         15.6593          1.8215         13.8378         12.1019          1.3076          9.2328          0.4676          5.7890          0.5774          0.6569         -0.4793        -20.8407          5.1102          5.1102          0.0000        257.9075          0.0000

INFO:      90000        180.0000         14.7233          2.8752         11.8481         15.6250          1.1827          9.6632          0.8895          4.3972          0.4235          0.5514          1.3939        -19.0182          3.3920          3.3920          0.0000        220.8244          0.0000

INFO:      93000        186.0000         14.5403          0.4681         14.0722         13.3277          3.6086          5.3276          0.4738          3.7127          1.2360         -0.5592          1.4847        -18.5150          3.6989          3.6989          0.0000        262.2770          0.0000

INFO:      96000        192.0000         20.2162          3.5921         16.6240         14.4989          3.5569          9.7909          0.4357          4.5082          0.4287          0.7706         -1.8155        -17.9192          3.8358          3.8358          0.0000        309.8370          0.0000

INFO:      99000        198.0000         22.5941          3.2362         19.3579         15.1375          2.7909         10.9760          0.5344          5.9480          0.5513          0.6653          0.5577        -21.0187          2.2315          2.2315          0.0000        360.7894          0.0000

INFO:     102000        204.0000         21.7924          9.1518         12.6406         17.6972          4.1385          9.9779          0.7050          5.4340          3.1667          0.6342         -0.6306        -18.5320          4.2579          4.2579          0.0000        235.5945          0.0000

INFO:     105000        210.0000         17.8963          2.8683         15.0280         17.4906          2.4519         12.1631          0.9893          3.5103          0.5488         -0.9865          0.6626        -18.5071          2.0358          2.0358          0.0000        280.0905          0.0000

INFO:     108000        216.0000         16.7119          1.9861         14.7257         14.3846          2.0898          8.7839          0.8422          7.2180          0.9587         -0.0580         -0.5050        -20.7791          3.4356          3.4356          0.0000        274.4564          0.0000

INFO:     111000        222.0000         24.4389         10.2774         14.1614         17.0492          3.5786         13.9477          0.3030          4.7903          0.1784          0.7692          1.0110        -17.3312          3.0304          3.0304          0.0000        263.9389          0.0000

INFO:     114000        228.0000         22.3781          4.8033         17.5747         15.5139          3.6699         12.3786          0.8553          4.0555          2.7299         -1.5315          1.3532        -20.2287          1.5212          1.5212          0.0000        327.5558          0.0000

INFO:     117000        234.0000         16.8081          1.9999         14.8082         14.0883          3.2852          9.9191          1.3916          5.0075          0.8263          0.6375         -1.5315        -20.6367          3.1008          3.1008          0.0000        275.9931          0.0000

INFO:     120000        240.0000         20.4876          3.0510         17.4366         16.1582          4.4457         10.9967          0.8768          5.3519          0.7739          0.2222          0.8017        -23.5289          3.1111          3.1111          0.0000        324.9820          0.0000

INFO:     123000        246.0000         18.5403          2.2150         16.3253         17.1102          5.1496         10.4701          0.3323          5.0578          0.5749          0.3563         -1.1630        -21.1525          2.5895          2.5895          0.0000        304.2693          0.0000

INFO:     126000        252.0000         19.9338          0.4605         19.4733         11.4836          0.6503         10.7312          0.6109          4.8500          0.4615          0.1577         -0.0850        -19.6231          2.7072          2.7072          0.0000        362.9414          0.0000

INFO:     129000        258.0000         20.9778          5.9715         15.0063         12.7092          1.3026         12.6856          0.7736          5.1010          0.3210          0.1778          1.6622        -21.5455          5.4932          5.4932          0.0000        279.6854          0.0000

INFO:     132000        264.0000         16.1838         -0.1760         16.3598         11.8160          0.8766          8.8841          0.2583          4.5083          1.0121          0.3358          2.4385        -20.3314          1.8418          1.8418          0.0000        304.9116          0.0000

INFO:     135000        270.0000         14.9361          1.0790         13.8571         14.6542          1.4135          8.9106          0.9861          3.8513          0.8914          0.6800          1.8022        -19.3006          1.8446          1.8446          0.0000        258.2674          0.0000

INFO:     138000        276.0000         19.9457          4.1787         15.7669         15.3095          3.5216         10.4554          0.4543          5.2937          0.9099          0.6828         -0.6174        -18.8495          2.3279          2.3279          0.0000        293.8622          0.0000

INFO:     141000        282.0000         19.0517          2.8675         16.1843         16.5923          2.9429         10.5526          0.7425          5.2894          2.0110          0.2481          0.9254        -22.0159          2.1715          2.1715          0.0000        301.6406          0.0000

INFO:     144000        288.0000         17.4152          4.3095         13.1057         14.2251          2.5425         13.6418          0.8942          5.1727          0.3365          0.0077         -1.3950        -20.4134          3.5226          3.5226          0.0000        244.2633          0.0000

INFO:     147000        294.0000         22.8614          5.4977         17.3636         15.0949          2.9467         11.2884          0.7132          5.1063          2.2498          0.7944         -0.2231        -19.1579          1.7801          1.7801          0.0000        323.6213          0.0000

INFO:     150000        300.0000         18.4582         -1.1576         19.6157         15.4555          2.2678          6.1682          0.4560          3.9405          0.0905          0.8550          1.0167        -17.3272          1.3748          1.3748          0.0000        365.5959          0.0000

INFO:     153000        306.0000         15.1432          2.7294         12.4139         11.5408          2.2553         13.2964          0.4970          4.6626          0.5920          0.5725          0.0126        -23.0691          3.9100          3.9100          0.0000        231.3682          0.0000

INFO:     156000        312.0000         21.6844          6.3246         15.3598         15.5348          2.8681         12.1297          0.7320          3.4664          1.6537         -0.7408          1.8454        -18.1192          2.4893          2.4893          0.0000        286.2746          0.0000

INFO:     159000        318.0000         20.8256          2.8679         17.9577         14.0535          2.5467         10.5544          0.4732          6.7110          0.7728         -0.7066          1.1957        -24.6158          5.9364          5.9364          0.0000        334.6930          0.0000

INFO:     162000        324.0000         16.3251         -0.0892         16.4143         13.6109          2.6575          5.3723          0.6854          4.8680          1.9032          0.7843          0.5812        -19.5201          2.5790          2.5790          0.0000        305.9287          0.0000

INFO:     165000        330.0000         15.2857          0.9217         14.3640         13.0532          1.2781          8.1970          0.8879          4.2313          0.2849          0.2980          3.3421        -20.6217          3.0241          3.0241          0.0000        267.7144          0.0000

INFO:     168000        336.0000         15.3863         -0.2201         15.6064         11.6149          1.0208          9.3767          0.9852          4.4772          2.0360          0.8398         -0.3238        -20.5847          1.9527          1.9527          0.0000        290.8702          0.0000

INFO:     171000        342.0000         20.7131          4.8391         15.8740         14.8032          2.9912         12.6579          0.5326          5.9850          1.0818          0.3936          0.0070        -21.1626          2.3525          2.3525          0.0000        295.8573          0.0000

INFO:     174000        348.0000         20.4735          3.8174         16.6561         13.7363          1.9763         12.8283          0.5716          3.9122          0.2087          0.5755          0.1884        -19.2845          2.8408          2.8408          0.0000        310.4339          0.0000

INFO:     177000        354.0000         23.6791          4.6009         19.0782         13.7977          2.1792         13.2092          0.5993          6.7552          0.3078          0.4540         -0.1063        -21.1045          2.3069          2.3069          0.0000        355.5768          0.0000

INFO:     180000        360.0000         19.4276          0.4078         19.0198         11.4993          1.5124         11.0549          0.6512          4.4339          0.9001          0.8317         -0.2184        -20.3010          1.5429          1.5429          0.0000        354.4882          0.0000

INFO:     183000        366.0000         20.9783          4.0563         16.9220         14.7661          1.6944         11.7868          0.6329          4.2894          0.3249          0.8525          0.5406        -19.5821          3.5169          3.5169          0.0000        315.3911          0.0000

INFO:     186000        372.0000         14.7936          3.5586         11.2350         16.1307          4.8429          7.7965          1.5491          4.3062          0.2309         -0.7358          2.5398        -18.7071          1.7360          1.7360          0.0000        209.3973          0.0000

INFO:     189000        378.0000         18.1595          2.8606         15.2989         15.6550          2.1766          7.8897          0.5002          7.3149          0.5986          0.7386          0.1069        -18.5929          2.1279          2.1279          0.0000        285.1392          0.0000

INFO:     192000        384.0000         22.0173          3.9508         18.0665         16.1867          2.8690         10.9871          2.0531          3.5923          0.0230          0.8298          1.6903        -19.6694          1.5755          1.5755          0.0000        336.7210          0.0000

INFO:     195000        390.0000         20.0056          4.5843         15.4214         16.7253          4.0742         12.1257          1.0602          4.1623          1.1997         -0.5895         -0.6221        -17.9413          1.1151          1.1151          0.0000        287.4216          0.0000

INFO:     198000        396.0000         20.1948          5.1074         15.0874         15.7523          4.1683         11.2096          0.4734          4.8741          0.8734         -0.8819          0.3290        -17.5347          1.5962          1.5962          0.0000        281.1969          0.0000

INFO:     201000        402.0000         21.3281          1.6193         19.7088         13.4338          4.3918         10.7027          0.6762          4.4726          0.6873          0.8328         -1.0249        -20.3301          1.2110          1.2110          0.0000        367.3295          0.0000

INFO:     204000        408.0000         21.7666          2.0562         19.7104         12.7885          3.7892          7.9471          1.1176          6.7076          0.6590          0.1253          2.2728        -24.7565          4.1940          4.1940          0.0000        367.3598          0.0000

INFO:     207000        414.0000         25.4961          2.4367         23.0594         12.9779          2.6464          9.7832          0.3369          5.6148          0.2156         -0.5507          0.1998        -20.8502          5.0409          5.0409          0.0000        429.7784          0.0000

INFO:     210000        420.0000         30.2609         10.5609         19.7000         19.8859          5.9278         12.8363          0.5389          8.0448          2.4047          0.2964         -0.7566        -24.5933          5.8618          5.8618          0.0000        367.1658          0.0000

INFO:     213000        426.0000         28.4603          4.0746         24.3857         17.6172          8.8432          7.9798          1.4682          3.6859          2.2907         -2.2003         -0.6644        -18.5427          1.2141          1.2141          0.0000        454.4971          0.0000

INFO:     216000        432.0000         19.3656          3.5513         15.8143         13.6614          3.6970         11.7913          1.0888          4.0204          1.8370          0.8165         -1.3229        -19.5916          1.2150          1.2150          0.0000        294.7449          0.0000

INFO:     219000        438.0000         21.2587          7.3003         13.9583         13.9479          1.7839         14.5514          1.9225          4.6335          0.6570          0.8104         -0.7127        -18.6100          2.2644          2.2644          0.0000        260.1540          0.0000

INFO:     222000        444.0000         15.0206         -0.2138         15.2344         11.8453          2.2375          9.4855          0.7494          4.8361          0.5679          0.3386          0.4880        -21.0128          2.0959          2.0959          0.0000        283.9361          0.0000

INFO:     225000        450.0000         12.9439          1.0325         11.9115         17.6370          3.8616         10.8471          0.8627          4.8414          0.7560          0.4452          0.3285        -22.5251          1.6150          1.6150          0.0000        222.0043          0.0000

INFO:     228000        456.0000         22.4080          6.1489         16.2591         15.1537          2.5195         13.8272          1.4011          4.1543          0.5324         -0.1994          0.4784        -18.0111          1.4467          1.4467          0.0000        303.0345          0.0000

INFO:     231000        462.0000         24.3742          4.0538         20.3205         16.6937          3.5971         10.8537          0.8097          5.1774          1.5215          0.2273          1.2806        -22.7037          3.2901          3.2901          0.0000        378.7305          0.0000

INFO:     234000        468.0000         20.8017          7.6020         13.1998         17.5434          3.7262         12.7915          1.4257          5.9778          0.5101          0.1322          1.2093        -22.2195          4.0487          4.0487          0.0000        246.0159          0.0000

INFO:     237000        474.0000         18.3984          4.3262         14.0723         15.9147          2.4696          8.1229          0.3034          4.8491          3.3506          0.3349          2.0556        -19.0781          1.9182          1.9182          0.0000        262.2774          0.0000

INFO:     240000        480.0000         19.2982          3.8881         15.4101         18.5865          4.7042          9.5350          0.5730          5.6197          2.3742         -0.3468          0.7009        -22.8167          3.5445          3.5445          0.0000        287.2114          0.0000

INFO:     243000        486.0000         14.8650          1.9478         12.9172         17.1731          2.6147         11.9974          0.8262          4.7291          0.2811          0.8453          1.3807        -21.9009          1.1742          1.1742          0.0000        240.7493          0.0000

INFO:     246000        492.0000         14.9095          1.0132         13.8964         16.1688          1.4422         12.3484          0.7121          4.5171          0.8695          0.3592          0.1061        -20.9963          1.6549          1.6549          0.0000        258.9993          0.0000

INFO:     249000        498.0000         17.2129          5.2742         11.9387         13.6168          1.7313         11.7142          0.8946          4.6969          2.8207         -1.1116          0.4815        -17.0760          1.1227          1.1227          0.0000        222.5127          0.0000

INFO:     252000        504.0000         14.4239          0.5210         13.9029         14.2602          2.2148         10.8084          0.8286          4.4400          2.0015          0.7492         -0.0506        -21.2010          0.7301          0.7301          0.0000        259.1205          0.0000

INFO:     255000        510.0000         20.7251          1.0193         19.7058         14.8530          3.2240         10.4169          0.3169          4.9733          0.7482          0.6153          0.8002        -21.5848          1.5092          1.5092          0.0000        367.2746          0.0000

INFO:     258000        516.0000         26.0905          9.3315         16.7590         20.2948          6.7555         11.1636          1.0757          4.8883          1.1120          0.7992          2.6205        -21.5608          2.4773          2.4773          0.0000        312.3527          0.0000

INFO:     261000        522.0000         18.9839          2.8774         16.1066         20.1128          8.6226          9.6812          0.4697          3.2344          1.1158         -1.0660         -0.6483        -20.0831          1.5511          1.5511          0.0000        300.1926          0.0000

INFO:     264000        528.0000         21.2446          9.9915         11.2531         24.7009          6.9729         14.5874          1.6091          3.4233          0.1221         -0.5209         -0.4413        -17.4269          1.6660          1.6660          0.0000        209.7335          0.0000

INFO:     267000        534.0000         20.8984          1.1888         19.7096         13.0230          4.7020         11.3674          0.7480          3.3925          0.3705          0.3646         -1.0143        -20.8033          2.0614          2.0614          0.0000        367.3459          0.0000

INFO:     270000        540.0000         23.9254          0.9823         22.9432         15.1757          2.6322          8.5614          0.7736          5.6838          0.2114          0.2305          0.0017        -20.0834          2.9711          2.9711          0.0000        427.6122          0.0000

INFO:     273000        546.0000         23.2782          4.2760         19.0022         11.5994          2.0152          9.1887          0.7709          4.2971          0.9342          0.7623         -1.6849        -18.4660          6.4584          6.4584          0.0000        354.1609          0.0000

INFO:     276000        552.0000         21.3997          2.3552         19.0446         14.4086          2.3606         11.2115          0.9548          5.0766          1.1152          0.4920         -0.5210        -21.1984          2.8638          2.8638          0.0000        354.9507          0.0000

INFO:     279000        558.0000         18.5853          4.6106         13.9747         13.1551          2.4150          8.9921          0.4845          4.7020          1.5225          0.8220          1.1722        -17.7220          2.2223          2.2223          0.0000        260.4582          0.0000

INFO:     282000        564.0000         14.6180          0.4888         14.1292         11.7841          2.8532          7.7844          0.6643          3.9937          1.5712         -0.7272          0.0932        -17.4337          1.6898          1.6898          0.0000        263.3376          0.0000

INFO:     285000        570.0000         22.1384          6.9213         15.2171         18.0747          2.9655         14.3972          0.6962          4.9350          1.6489          0.7544         -0.9338        -21.4353          3.8931          3.8931          0.0000        283.6148          0.0000

INFO:     288000        576.0000         15.4631          2.9471         12.5160         11.7903          2.3122         11.3474          0.8537          5.6863          0.8047         -0.3987         -1.1212        -21.7170          5.1797          5.1797          0.0000        233.2717          0.0000

INFO:     291000        582.0000         16.3552          2.2925         14.0627         14.2611          3.7535          8.1271          0.9517          6.5073          0.1442          0.1991          0.4807        -22.3680          4.4969          4.4969          0.0000        262.0996          0.0000

INFO:     294000        588.0000         14.3026          4.3402          9.9625         15.4020          2.9972         12.4709          0.8928          4.3423          0.8318          0.5948          2.3095        -23.6904          3.5913          3.5913          0.0000        185.6793          0.0000

INFO:     297000        594.0000         18.6312          6.7267         11.9045         17.3909          3.8339         13.4645          1.8352          4.6699          0.6366          0.7916         -0.6591        -20.1341          2.2882          2.2882          0.0000        221.8745          0.0000

INFO:     300000        600.0000         22.1149          0.8989         21.2160         11.8431          3.0233          9.1366          0.2923          4.3890          0.5915          0.1776         -0.0830        -19.5474          2.9190          2.9190          0.0000        395.4208          0.0000

INFO:     303000        606.0000         17.0705          6.2599         10.8106         18.2260          6.1698         11.5467          1.0705          5.1344          1.3991         -0.4737         -1.7334        -22.0400          5.1866          5.1866          0.0000        201.4863          0.0000

INFO:     306000        612.0000         21.4924          6.1911         15.3013         14.5115          2.9103         11.8566          0.7188          4.5957          0.3034          0.5897          3.0244        -22.5166          4.7090          4.7090          0.0000        285.1835          0.0000

INFO:     309000        618.0000         22.4073          6.8581         15.5493         21.5618          5.6427         11.5172          1.6383          3.9488          1.9093          0.7441         -1.9083        -18.4930          1.8588          1.8588          0.0000        289.8055          0.0000

INFO:     312000        624.0000         22.8793          2.2970         20.5823         14.2964          2.0398         11.6593          0.4212          5.1737          0.1971          0.5730         -0.2464        -19.5230          2.0025          2.0025          0.0000        383.6108          0.0000

INFO:     315000        630.0000         21.9852          4.9968         16.9884         16.7306          1.2327         16.0611          0.4817          3.4385          0.1498         -1.3788          0.2564        -18.8340          3.5893          3.5893          0.0000        316.6285          0.0000

INFO:     318000        636.0000         21.5004          4.7169         16.7836         20.4882          5.1534          9.7573          0.4097          4.5620          1.1177          0.2630          1.6091        -21.6521          3.4968          3.4968          0.0000        312.8099          0.0000

INFO:     321000        642.0000         20.5372          2.1889         18.3482         15.7451          3.2886         11.8248          1.0498          4.7377          0.8354          0.1826         -0.2245        -22.3730          2.8675          2.8675          0.0000        341.9726          0.0000

INFO:     324000        648.0000         19.7137          5.1512         14.5625         14.3266          3.1803         12.6088          0.3254          3.5952          0.7063          0.3080          0.7064        -19.5239          3.2446          3.2446          0.0000        271.4140          0.0000

INFO:     327000        654.0000         18.4618          0.7182         17.7437         13.0597          5.9009          8.0792          0.6047          5.3648          0.1644          0.1580          0.5602        -23.6836          3.5697          3.5697          0.0000        330.7043          0.0000

INFO:     330000        660.0000         19.3495          3.8024         15.5471         13.5226          1.2967         12.0992          0.7888          5.0680          0.3814          0.6306          3.7715        -22.4431          2.2092          2.2092          0.0000        289.7652          0.0000

INFO:     333000        666.0000         12.7994         -0.0039         12.8034         10.1757          1.6931          9.3898          0.8521          4.1336          0.3637          0.3264          1.1253        -21.9519          4.0640          4.0640          0.0000        238.6275          0.0000

INFO:     336000        672.0000         13.6742         -3.3110         16.9852         14.7994          4.1222          6.6547          0.6866          3.8707          0.2707          0.5400          0.2888        -20.3248          0.5801          0.5801          0.0000        316.5683          0.0000

INFO:     339000        678.0000         21.1416          3.2111         17.9305         14.3573          0.4653         13.4046          0.7943          6.0645          0.7843          0.2879          0.0540        -21.8614          3.2175          3.2175          0.0000        334.1872          0.0000

INFO:     342000        684.0000         13.5148          1.6892         11.8257         18.1989          4.1287          8.6217          0.4633          5.4225          0.3488          0.2515          0.5078        -21.1062          3.0511          3.0511          0.0000        220.4056          0.0000

INFO:     345000        690.0000         17.8584          3.2162         14.6422         17.2180          3.1405         10.0388          0.6484          4.3023          0.8599          0.8119          0.0739        -19.8235          3.1641          3.1641          0.0000        272.9005          0.0000

INFO:     348000        696.0000         16.8486          2.0896         14.7591         18.6961          4.6544          9.0713          0.6184          4.2802          0.7009          0.4049          0.0569        -19.9693          2.2719          2.2719          0.0000        275.0776          0.0000

INFO:     351000        702.0000         20.1686          7.6139         12.5547         13.6419          1.1810         13.4020          0.9325          6.0143          1.9293          0.7954         -0.3645        -19.9921          3.7161          3.7161          0.0000        233.9929          0.0000

INFO:     354000        708.0000         22.1206          4.2060         17.9146         16.2093          2.6534         12.7119          0.6207          7.4227          0.9722         -0.5482          0.1609        -24.9851          5.1974          5.1974          0.0000        333.8911          0.0000

INFO:     357000        714.0000         19.9714          3.2330         16.7384         17.7942          3.6009         10.0195          0.8496          4.8578          0.7877          0.1065          0.6365        -21.7178          4.0923          4.0923          0.0000        311.9684          0.0000

INFO:     360000        720.0000         23.5736          6.0911         17.4825         15.4935          3.8439         12.3618          1.7568          4.8112          1.5787          0.5304         -0.4765        -21.7024          3.3872          3.3872          0.0000        325.8375          0.0000

INFO:     363000        726.0000         27.8964         12.1033         15.7930         18.5436          2.9460         15.6972          0.8379          6.3515          2.4796          0.4747          0.7015        -19.2423          1.8573          1.8573          0.0000        294.3488          0.0000

INFO:     366000        732.0000         30.4129         11.2600         19.1529         15.7801          4.0240         15.4126          1.2355          4.2002          0.4598         -1.0026          0.9056        -15.4198          1.4447          1.4447          0.0000        356.9689          0.0000

INFO:     369000        738.0000         32.9065         12.5327         20.3738         23.6126          6.8610         14.1298          1.3425          6.0999          1.1218          0.5284          0.6117        -22.1896          4.0273          4.0273          0.0000        379.7244          0.0000

INFO:     372000        744.0000         26.4994          7.3278         19.1716         14.3090          3.5347          8.8030          2.5574          5.4979          0.9055          0.4399          1.6824        -18.7165          2.6235          2.6235          0.0000        357.3176          0.0000

INFO:     375000        750.0000         24.3664          5.0498         19.3165         14.6325          4.5861         11.4436          1.1751          4.9642          2.2210         -1.9363          0.9385        -20.7971          2.4547          2.4547          0.0000        360.0196          0.0000

INFO:     378000        756.0000         21.0762          2.7689         18.3073         14.2010          3.3350          8.3299          0.6853          3.7013          1.0744         -2.8552          0.4400        -15.8024          3.8606          3.8606          0.0000        341.2092          0.0000

INFO:     381000        762.0000         26.2197          9.5863         16.6334         15.1143          2.3027         17.5622          0.9355          3.9380          0.5368          0.8095         -0.5558        -20.0030          4.0603          4.0603          0.0000        310.0119          0.0000

INFO:     384000        768.0000         20.2811          5.9122         14.3689         15.0636          3.9943          9.0208          0.8843          7.4554          1.0253         -0.3536         -0.6036        -20.9297          5.4190          5.4190          0.0000        267.8060          0.0000

INFO:     387000        774.0000         17.4858          1.0844         16.4014         15.7499          3.8662          8.0436          0.5435          5.1757          0.5074          0.3445          0.3228        -21.2989          3.5795          3.5795          0.0000        305.6870          0.0000

INFO:     390000        780.0000         14.3313          0.4093         13.9220         13.9918          2.4987          8.3924          0.7330          4.5829          1.6452          0.3828          1.6281        -23.3349          3.8809          3.8809          0.0000        259.4764          0.0000

INFO:     393000        786.0000         11.0221          0.1225         10.8997         13.1979          3.5211         10.4949          0.4290          4.1279          0.5233          0.7852         -0.3131        -21.5630          2.1171          2.1171          0.0000        203.1465          0.0000

INFO:     396000        792.0000         14.7371         -0.5326         15.2696         15.6480          3.2425          8.2438          0.9859          3.3959          0.6996         -0.4439          1.2361        -18.6982          0.8056          0.8056          0.0000        284.5936          0.0000

INFO:     399000        798.0000         13.3218         -0.6371         13.9589         13.3010          1.8345         10.8213          0.6456          3.8858          0.2887          0.6283          0.6884        -20.7191          1.2894          1.2894          0.0000        260.1647          0.0000

INFO:     402000        804.0000         14.4122          2.6234         11.7888         13.3942          2.9551         11.6088          0.7640          3.7435          1.0409          0.7498          0.4245        -20.4401          1.7768          1.7768          0.0000        219.7179          0.0000

INFO:     405000        810.0000         21.7738          5.9409         15.8330         19.4922          5.4590         10.0948          0.9092          4.4862          0.5876          0.6442          0.7322        -19.0647          2.0925          2.0925          0.0000        295.0935          0.0000

INFO:     408000        816.0000         22.2881          5.6730         16.6152         16.4541          3.0117         13.2320          0.9262          5.7668          0.7777          0.8364         -0.1917        -20.6846          1.9985          1.9985          0.0000        309.6720          0.0000

INFO:     411000        822.0000         16.4550          1.0936         15.3614         17.8338          4.4285          9.5754          0.6337          5.0371          0.6181          0.4479          1.0260        -23.4391          2.7659          2.7659          0.0000        286.3041          0.0000

INFO:     414000        828.0000         11.2201         -1.7852         13.0052         12.7348          2.7616          8.0919          0.7347          5.6956          0.5342          0.1949          1.3762        -24.5160          3.3418          3.3418          0.0000        242.3899          0.0000

INFO:     417000        834.0000         23.1018          2.4571         20.6448         11.7125          1.1164         11.8575          0.3214          5.3515          0.3020          0.5832         -1.3115        -18.9874          3.2239          3.2239          0.0000        384.7745          0.0000

INFO:     420000        840.0000         21.2487          4.0794         17.1693         14.2987          0.6237         14.1560          0.9433          4.8789          0.4700          0.8062         -0.5371        -18.6457          1.3841          1.3841          0.0000        320.0001          0.0000

INFO:     423000        846.0000         19.5164          5.0463         14.4701         12.1810          4.5436         10.2383          1.3918          4.3482          0.5810         -1.8804         -0.1604        -18.8569          4.8411          4.8411          0.0000        269.6912          0.0000

INFO:     426000        852.0000         17.8325          3.5793         14.2532         13.0655          2.5240         14.3967          0.6999          5.4612          1.4235          0.7380          0.9771        -24.0045          1.3634          1.3634          0.0000        265.6501          0.0000

INFO:     429000        858.0000         21.4001          8.2393         13.1608         17.5937          5.9736         11.2886          0.4601          4.3997          0.1571          0.8158          3.9563        -23.0470          4.2350          4.2350          0.0000        245.2902          0.0000

INFO:     432000        864.0000         21.7062          4.9091         16.7971         14.8708          5.0707         10.9965          0.5008          3.6447          1.9204         -0.0717         -0.8278        -19.0502          2.7258          2.7258          0.0000        313.0628          0.0000

INFO:     435000        870.0000         15.7799          0.0679         15.7120         13.5503          1.8940         11.1322          0.4235          5.6488          0.5329          0.1045         -0.4353        -22.1466          2.9139          2.9139          0.0000        292.8378          0.0000

INFO:     438000        876.0000         12.9041          1.9922         10.9118         14.8529          3.2970         12.1534          0.6029          3.6035          0.0540          0.8429         -0.5237        -19.8722          1.8343          1.8343          0.0000        203.3733          0.0000

INFO:     441000        882.0000         16.4847         -1.0833         17.5681         17.3180          4.9663          8.1296          0.2776          4.7333          0.5887          0.0974         -0.5993        -23.3036          4.0267          4.0267          0.0000        327.4313          0.0000

INFO:     444000        888.0000         16.0064          2.7820         13.2244         15.4922          3.1682          9.0631          1.1750          4.6070          1.3703         -0.8920          1.4227        -18.1853          1.0531          1.0531          0.0000        246.4755          0.0000

INFO:     447000        894.0000         16.5838          3.3759         13.2079         15.2838          3.7336         11.5583          0.6073          4.1583          1.3547          0.3140         -0.1276        -19.9621          1.7394          1.7394          0.0000        246.1674          0.0000

INFO:     450000        900.0000         15.1101         -0.7631         15.8732         12.9805          1.5849          8.0774          0.7494          5.6875          0.2563         -0.3313          1.3083        -22.0769          3.9813          3.9813          0.0000        295.8426          0.0000

