Generate_Velocity> Generate initial velocities
  iseed           =       5999
  temperature     =    300.000
 
INFO:       STEP            TIME       TOTAL_ENE   POTENTIAL_ENE     KINETIC_ENE            RMSG            BOND           ANGLE    UREY-BRADLEY        DIHEDRAL        IMPROPER            CMAP         VDWAALS           ELECT RESTRAINT_TOTAL    RESTRAINT001    RESTR_CVS001     TEMPERATURE          VOLUME
 --------------- --------------- --------------- --------------- ---------------
INFO:          0          0.0000         66.9552         45.4908         21.4644         13.1493          3.0152         14.3490          0.7326          2.8298          1.7082          0.4532         -0.2595        -20.3762         43.0385         43.0385          0.0000        400.0518          0.0000

INFO:       3000          6.0000         49.2979         26.1951         23.1028         18.0001          5.0111         12.8403          0.8055          9.8059          1.5221         -2.1012          0.2490        -18.4766         16.5391         16.5391          0.0000        430.5866          0.0000

INFO:       6000         12.0000         40.8003         11.8277         28.9726         18.0471          5.6151          8.4872          0.6466          4.1170          1.2135         -0.5896          0.6265        -19.9830         11.6944         11.6944          0.0000        539.9879          0.0000

INFO:       9000         18.0000         32.7537         10.0404         22.7133         18.7151          5.4361         10.3586          0.4049          3.7142          0.3165         -1.0443          0.4082        -18.1023          8.5484          8.5484          0.0000        423.3283          0.0000

INFO:      12000         24.0000         21.2055          4.8912         16.3143         14.0980          1.4510         11.9365          0.3148          4.2621          0.9363         -0.9963          1.0197        -19.7774          5.7445          5.7445          0.0000        304.0634          0.0000

INFO:      15000         30.0000         17.4328          4.5230         12.9098         14.6148          1.6790         12.4544          0.5218          4.3535          0.4528         -1.3400         -0.9710        -17.3941          4.7666          4.7666          0.0000        240.6118          0.0000

INFO:      18000         36.0000         20.4470          5.7275         14.7196         14.7154          2.2810          6.6177          0.3472          4.8573          1.0453         -1.4995          0.5940        -16.4143          7.8987          7.8987          0.0000        274.3415          0.0000

INFO:      21000         42.0000         13.8113          0.9589         12.8524         13.5414          1.0827         11.4697          0.5902          3.4237          0.7625         -1.2693         -0.0417        -18.9006          3.8417          3.8417          0.0000        239.5415          0.0000

INFO:      24000         48.0000         17.9571          5.2166         12.7405         16.4593          1.9161         12.8885          0.3965          4.9529          1.7447         -0.9369          0.6565        -20.8244          4.4228          4.4228          0.0000        237.4566          0.0000

INFO:      27000         54.0000         20.3036         -0.0172         20.3208         11.9337          1.4808          8.4602          0.6051          3.7128          0.6202         -1.3460         -0.4092        -18.5062          5.3651          5.3651          0.0000        378.7362          0.0000

INFO:      30000         60.0000         27.8650          6.1840         21.6810         19.4077          5.3052         11.8973          0.9002          3.6243          0.6298         -0.8805         -1.6009        -17.6661          3.9747          3.9747          0.0000        404.0875          0.0000

INFO:      33000         66.0000         23.7431          9.9996         13.7435         17.1965          6.9606          8.4435          0.1834          5.4014          0.1568         -1.4547          0.2827        -17.9127          7.9385          7.9385          0.0000        256.1501          0.0000

INFO:      36000         72.0000         25.5369          8.7941         16.7428         18.2117          4.6843         11.0993          0.2733          5.7636          1.7401          0.5692         -0.0415        -22.4995          7.2052          7.2052          0.0000        312.0505          0.0000

INFO:      39000         78.0000         17.5150          2.5440         14.9710         14.4335          2.9207          9.2058          0.3802          6.3393          0.6621          0.3918         -0.5319        -22.6417          5.8176          5.8176          0.0000        279.0282          0.0000

INFO:      42000         84.0000         15.8249          1.6216         14.2033         10.0505          1.6222          8.9547          0.5354          6.4316          1.0900          0.5462          0.0946        -22.6600          5.0067          5.0067          0.0000        264.7199          0.0000

INFO:      45000         90.0000         22.7906         10.5297         12.2609         18.3595          4.3055         16.5141          1.5117          4.4908          1.0980          0.6411         -0.1885        -23.5385          5.6955          5.6955          0.0000        228.5172          0.0000

INFO:      48000         96.0000         21.1217          6.1326         14.9891         16.6262          3.9429         11.6122          0.9389          5.5774          0.3665          0.5532         -0.4446        -22.4760          6.0622          6.0622          0.0000        279.3644          0.0000

INFO:      51000        102.0000         23.3523          7.4801         15.8722         14.6804          3.6435         13.4929          1.4863          6.6657          0.6049          0.3353         -0.9513        -23.1562          5.3589          5.3589          0.0000        295.8236          0.0000

INFO:      54000        108.0000         24.7925          5.1699         19.6226         12.9411          3.0284         14.1091          1.0696          4.9337          0.7428          1.5594          0.7651        -23.1224          2.0843          2.0843          0.0000        365.7239          0.0000

INFO:      57000        114.0000         27.8160          4.0611         23.7549         14.0516          1.6163         15.2623          1.1940          5.6589          1.5867         -0.4070         -0.4495        -22.1449          1.7443          1.7443          0.0000        442.7406          0.0000

INFO:      60000        120.0000         26.9215         13.4064         13.5151         20.5871          7.2215         12.1187          1.1315          6.8368          2.0749         -1.9154         -0.8975        -20.0489          6.8847          6.8847          0.0000        251.8933          0.0000

INFO:      63000        126.0000         22.2509          4.5253         17.7255         16.2045          5.9045         11.7551          0.3836          4.3181          1.4088         -1.1203         -1.1049        -20.2442          3.2246          3.2246          0.0000        330.3663          0.0000

INFO:      66000        132.0000         14.3868          2.8045         11.5823         11.8941          1.6908         10.7940          0.5967          4.0345          1.6987         -1.2924         -0.5779        -17.0219          2.8820          2.8820          0.0000        215.8705          0.0000

INFO:      69000        138.0000         17.4357          4.9817         12.4540         12.7591          1.7382         11.7245          0.4382          5.1121          1.7865         -1.0402          0.7556        -21.4306          5.8976          5.8976          0.0000        232.1157          0.0000

INFO:      72000        144.0000         22.5571          5.7518         16.8053         16.0573          3.9789         11.8110          1.0025          4.5215          0.6838         -1.1115         -0.1732        -19.1033          4.1422          4.1422          0.0000        313.2149          0.0000

INFO:      75000        150.0000         24.1711          4.9679         19.2033         16.1516          6.3334          9.0465          0.5062          4.6791          2.0248         -0.4978          0.5543        -19.3467          1.6681          1.6681          0.0000        357.9082          0.0000

INFO:      78000        156.0000         24.0444          9.8276         14.2168         19.7151          4.4435         10.2906          0.5970          6.6514          1.1991         -0.9182          0.1889        -18.7614          6.1367          6.1367          0.0000        264.9713          0.0000

INFO:      81000        162.0000         27.3369         11.9170         15.4199         16.0870          2.3872         13.1048          0.8787          5.7952          0.6934         -1.2433          0.7010        -16.5924          6.1924          6.1924          0.0000        287.3943          0.0000

INFO:      84000        168.0000         23.1124          6.4177         16.6948         19.1010          2.9392         12.7865          1.1234          4.2545          0.7943         -0.8754          1.7835        -18.5660          2.1775          2.1775          0.0000        311.1551          0.0000

INFO:      87000        174.0000         16.4544          1.7301         14.7243         12.0195          1.2378          7.3250          0.4263          4.0311          0.2620         -1.2545          0.0749        -16.3816          6.0089          6.0089          0.0000        274.4294          0.0000

INFO:      90000        180.0000         14.8908          4.1843         10.7065         15.1620          3.0011         10.5744          0.8845          4.5417          1.9809         -0.7655         -0.5802        -18.8249          3.3722          3.3722          0.0000        199.5465          0.0000

INFO:      93000        186.0000         14.0187          2.4645         11.5542         17.0997          2.9683          9.8101          0.3317          5.1156          1.3879         -0.5175          0.1639        -19.1557          2.3602          2.3602          0.0000        215.3466          0.0000

INFO:      96000        192.0000         18.4692          4.2884         14.1808         15.5074          2.0256          7.4940          0.6563          2.5690          0.5985         -1.3921          0.4561        -14.4354          6.3165          6.3165          0.0000        264.2995          0.0000

INFO:      99000        198.0000         20.1747          2.4664         17.7083         11.4927          1.0935         13.1570          0.4407          3.7515          1.2850         -1.0975         -0.8038        -19.4574          4.0974          4.0974          0.0000        330.0445          0.0000

INFO:     102000        204.0000         17.6243          2.2212         15.4031         12.1537          1.2370         12.2128          0.6379          3.3232          1.4844         -1.3584         -1.2375        -17.3685          3.2902          3.2902          0.0000        287.0816          0.0000

INFO:     105000        210.0000         20.9742          3.6513         17.3229         13.2400          1.8551          9.3308          0.7047          2.9510          0.7954         -1.4633         -0.5190        -16.0725          6.0692          6.0692          0.0000        322.8621          0.0000

INFO:     108000        216.0000         23.7034          7.8228         15.8806         19.5855          5.8388         10.5466          0.5979          4.0169          0.6832         -0.6750          1.4851        -20.8436          6.1730          6.1730          0.0000        295.9816          0.0000

INFO:     111000        222.0000         25.5310          9.2333         16.2976         17.3741          3.1898         15.6010          1.0788          5.9691          2.5034          0.0303         -0.1409        -20.1434          1.1452          1.1452          0.0000        303.7532          0.0000

INFO:     114000        228.0000         24.2126          9.2936         14.9190         19.3663          4.7968         14.9167          0.5075          4.7257          1.2452          0.1159          0.7957        -19.3804          1.5705          1.5705          0.0000        278.0579          0.0000

INFO:     117000        234.0000         24.1665          5.2344         18.9321         12.3396          2.2524         13.1777          1.0399          4.9346          1.1403         -0.5082          1.3410        -20.9393          2.7959          2.7959          0.0000        352.8545          0.0000

INFO:     120000        240.0000         22.0096          3.9681         18.0415         14.3113          4.7828          8.8923          0.6720          4.9751          0.9048         -0.6226         -0.6978        -20.2926          5.3540          5.3540          0.0000        336.2560          0.0000

INFO:     123000        246.0000         32.7135         11.9713         20.7422         16.6095          3.2366         16.8718          0.4987          4.2683          1.2199         -1.6878          0.2497        -20.2190          7.5330          7.5330          0.0000        386.5910          0.0000

INFO:     126000        252.0000         27.8030          4.5288         23.2742         15.5156          1.1245         12.6594          1.0719          3.9706          0.9390         -1.2664          0.7351        -19.1791          4.4738          4.4738          0.0000        433.7813          0.0000

INFO:     129000        258.0000         16.4385         -1.2161         17.6546         10.3214          1.3345          9.7846          0.6513          3.5125          0.4058         -0.4654          0.9919        -20.5681          3.1366          3.1366          0.0000        329.0451          0.0000

INFO:     132000        264.0000         19.4532          5.9443         13.5089         16.2668          4.8783         10.7248          0.7415          5.0795          0.8938         -1.1721         -0.0824        -19.9619          4.8427          4.8427          0.0000        251.7781          0.0000

INFO:     135000        270.0000         21.8576          6.5964         15.2612         17.8425          5.3625         10.3054          0.7073          4.8714          2.4896         -1.4411         -0.2562        -19.3120          3.8695          3.8695          0.0000        284.4357          0.0000

INFO:     138000        276.0000         26.0842         10.7697         15.3145         17.3271          1.7416         13.5392          0.7932          4.3068          3.1306         -1.1298          1.3928        -17.1668          4.1621          4.1621          0.0000        285.4299          0.0000

INFO:     141000        282.0000         18.5524          4.3247         14.2277         15.6622          4.5759         11.2609          0.5828          3.5750          1.1702         -1.0881          0.1059        -19.7766          3.9188          3.9188          0.0000        265.1741          0.0000

INFO:     144000        288.0000         15.7253          0.5461         15.1792         12.6353          2.7916          8.6474          0.8138          3.3828          0.2625         -1.3306         -0.8263        -18.5385          5.3433          5.3433          0.0000        282.9082          0.0000

INFO:     147000        294.0000         20.0893          7.6656         12.4237         17.6406          5.0998         11.9604          0.8675          4.0444          0.4513         -1.2156         -1.4032        -18.4935          6.3544          6.3544          0.0000        231.5520          0.0000

INFO:     150000        300.0000         25.8711         13.3089         12.5623         16.2541          2.5679         14.2287          1.5704          3.0557          1.4425         -0.7281         -0.2495        -16.3840          7.8053          7.8053          0.0000        234.1343          0.0000

INFO:     153000        306.0000         20.7762          4.3868         16.3893         13.8282          3.1784         10.0686          1.2153          3.6641          1.0894         -0.8052          1.7425        -18.7617          2.9955          2.9955          0.0000        305.4626          0.0000

INFO:     156000        312.0000         21.2883          4.3136         16.9747         15.7702          4.3012         11.2887          0.6827          3.2017          0.3489         -0.9413         -0.0169        -18.0713          3.5200          3.5200          0.0000        316.3717          0.0000

INFO:     159000        318.0000         18.9844          0.8544         18.1300         10.7825          1.0463          7.9966          0.2973          2.9334          0.4703         -1.1768          0.8997        -15.8548          4.2423          4.2423          0.0000        337.9048          0.0000

INFO:     162000        324.0000         21.2196          9.9899         11.2298         20.4751          5.0303         15.3591          0.9761          4.1675          0.2974         -0.2603          1.1194        -20.2951          3.5956          3.5956          0.0000        209.2990          0.0000

INFO:     165000        330.0000         20.5437          7.8401         12.7036         16.5332          3.3775         16.4431          0.6280          3.3708          0.7149         -1.2112          0.4560        -18.9491          3.0101          3.0101          0.0000        236.7682          0.0000

INFO:     168000        336.0000         18.9206          6.0742         12.8464         17.0519          4.1700          8.5355          0.7466          4.9472          2.6523         -0.6793          1.1089        -19.4043          3.9972          3.9972          0.0000        239.4299          0.0000

INFO:     171000        342.0000         24.2417          5.6443         18.5975         15.7717          2.5013         11.5643          0.9707          4.4198          1.4422         -1.2341          0.0208        -19.7910          5.7502          5.7502          0.0000        346.6174          0.0000

INFO:     174000        348.0000         24.5467          8.2885         16.2581         14.0868          5.4452         14.6290          1.4786          3.2728          0.6703         -1.2613         -0.5107        -19.9456          4.5102          4.5102          0.0000        303.0175          0.0000

INFO:     177000        354.0000         25.8877          6.8984         18.9893         12.9539          3.8889         11.5847          1.8174          3.6574          0.3028         -1.2356         -0.8472        -19.4479          7.1779          7.1779          0.0000        353.9203          0.0000

INFO:     180000        360.0000         26.1320          5.8836         20.2484         13.1222          2.8893         11.3785          1.1312          3.8496          0.6302         -0.2507          1.0045        -18.5692          3.8201          3.8201          0.0000        377.3874          0.0000

INFO:     183000        366.0000         19.0765          6.5512         12.5253         15.2194          2.5964          9.0631          0.4600          5.3616          0.6766         -2.4858         -0.3385        -18.1377          9.3554          9.3554          0.0000        233.4445          0.0000

INFO:     186000        372.0000         18.6384          2.7604         15.8780         14.3470          3.1243          9.4852          0.9327          4.2691          1.2172         -1.0334         -1.0555        -18.3522          4.1730          4.1730          0.0000        295.9329          0.0000

INFO:     189000        378.0000         28.1539         13.3133         14.8406         19.2488          4.9540         17.8566          0.5325          5.0204          2.1543         -1.1017         -1.2316        -17.4762          2.6051          2.6051          0.0000        276.5979          0.0000

INFO:     192000        384.0000         21.4438          9.4950         11.9488         23.8505          9.2331         11.7186          1.2524          2.6249          0.8156         -0.7709         -1.4346        -18.5101          4.5660          4.5660          0.0000        222.7005          0.0000

INFO:     195000        390.0000         16.4184          1.1021         15.3164         15.5472          3.8128         11.3028          0.4736          2.5496          0.3809         -0.5948         -0.1285        -18.9321          2.2378          2.2378          0.0000        285.4648          0.0000

INFO:     198000        396.0000         15.5588          3.8811         11.6778         15.1650          5.9226         11.5543          1.0441          2.5117          0.3312          0.0411         -1.4568        -18.5450          2.4779          2.4779          0.0000        217.6487          0.0000

INFO:     201000        402.0000         17.6825          5.9674         11.7151         13.3341          1.9638         14.0532          0.6652          3.2205          1.0495         -1.1490          0.0627        -18.0561          4.1575          4.1575          0.0000        218.3445          0.0000

INFO:     204000        408.0000         21.9084          8.6297         13.2788         16.8541          3.5522         10.0442          1.0398          4.4553          2.1065         -1.0900         -0.7480        -16.7271          5.9969          5.9969          0.0000        247.4886          0.0000

INFO:     207000        414.0000         20.3509          4.0051         16.3458         17.2769          4.9881          7.8142          0.5209          3.8859          0.4762         -0.7345          2.4376        -17.8034          2.4202          2.4202          0.0000        304.6511          0.0000

INFO:     210000        420.0000         17.9635          2.9208         15.0427         16.4023          2.7738         10.8128          0.6009          3.0348          0.3301         -1.3146         -0.5374        -16.9941          4.2145          4.2145          0.0000        280.3649          0.0000

INFO:     213000        426.0000         21.0412          5.7850         15.2562         14.6610          4.5483         11.9210          1.2757          3.9993          0.6404         -0.9949          0.8096        -21.9037          5.4892          5.4892          0.0000        284.3430          0.0000

INFO:     216000        432.0000         27.0997          9.1589         17.9408         18.1988          2.9261         15.4053          0.8008          4.1390          1.1960         -1.1404         -0.6822        -19.1237          5.6379          5.6379          0.0000        334.3792          0.0000

INFO:     219000        438.0000         20.7834          4.4970         16.2863         14.4085          3.8571          8.2536          0.6431          4.0196          0.4433         -1.1206          1.1763        -18.1546          5.3792          5.3792          0.0000        303.5429          0.0000

INFO:     222000        444.0000         22.7898          8.4954         14.2945         15.6157          5.2456          7.2716          0.8598          3.8933          0.6223         -0.4182         -0.1906        -13.3945          4.6061          4.6061          0.0000        266.4189          0.0000

INFO:     225000        450.0000         27.8849         11.8556         16.0294         15.2760          5.3228         10.1658          0.6092          3.7690          0.7434         -1.2607          1.4935        -14.9566          5.9691          5.9691          0.0000        298.7533          0.0000

INFO:     228000        456.0000         23.7750          7.6850         16.0900         15.6707          3.2699          8.4645          0.7773          4.2046          1.2750         -0.5632         -0.7731        -15.7226          6.7526          6.7526          0.0000        299.8839          0.0000

INFO:     231000        462.0000         19.6064          5.5275         14.0789         14.6379          4.5029         11.2126          0.8338          4.2189          0.2828         -0.2112          2.5366        -20.8285          2.9795          2.9795          0.0000        262.4017          0.0000

INFO:     234000        468.0000         24.1391         10.8240         13.3150         19.3357          6.8634         13.5084          1.1907          3.6169          0.1885         -1.0864         -0.8060        -18.6675          6.0159          6.0159          0.0000        248.1641          0.0000

INFO:     237000        474.0000         21.1260          8.1961         12.9299         16.8512          6.5572         11.2761          0.3798          3.6085          1.0235         -1.2881         -0.3494        -18.7226          5.7111          5.7111          0.0000        240.9852          0.0000

INFO:     240000        480.0000         24.4549          6.0249         18.4301         13.8079          3.9238         10.2008          1.3069          3.4285          0.3604         -1.0570          1.3837        -18.6830          5.1606          5.1606          0.0000        343.4975          0.0000

INFO:     243000        486.0000         21.2953          3.8502         17.4450         14.9657          3.0162         13.0326          0.7262          5.3585          0.1475         -0.9229          0.6456        -21.7028          3.5493          3.5493          0.0000        325.1386          0.0000

INFO:     246000        492.0000         19.4958          5.7362         13.7596         10.6214          2.4713         13.4877          1.1752          4.8284          1.4259         -1.1368         -1.8458        -19.3269          4.6573          4.6573          0.0000        256.4505          0.0000

INFO:     249000        498.0000         25.8394         10.0942         15.7452         18.6833          3.9098          8.6156          0.5530          6.6541          0.7034         -0.9721          1.9148        -19.2139          7.9294          7.9294          0.0000        293.4580          0.0000

INFO:     252000        504.0000         20.5307          5.9349         14.5958         13.6096          3.1658         12.1751          0.5198          4.7945          0.7818         -1.2111          0.1746        -20.4220          5.9564          5.9564          0.0000        272.0347          0.0000

INFO:     255000        510.0000         25.0492          0.0529         24.9962         12.1892          1.4777          7.1539          0.2006          4.0723          2.8495         -1.2225          0.8902        -18.7700          3.4013          3.4013          0.0000        465.8771          0.0000

INFO:     258000        516.0000         20.2596          5.0673         15.1923         16.2518          3.2560         13.7639          0.4264          4.8079          0.3239         -1.3736         -1.0329        -18.9551          3.8509          3.8509          0.0000        283.1523          0.0000

INFO:     261000        522.0000         19.8992          6.8146         13.0846         14.8042          6.5991         12.1889          0.8138          3.0709          0.5656         -1.3234         -0.7575        -18.1713          3.8285          3.8285          0.0000        243.8695          0.0000

INFO:     264000        528.0000         20.8719          8.7646         12.1073         18.2703          4.2348         14.9779          0.9011          4.2130          1.9410         -1.0215         -0.9833        -18.1034          2.6050          2.6050          0.0000        225.6538          0.0000

INFO:     267000        534.0000         14.4589         -0.0086         14.4675         14.3695          4.0938          8.4331          0.4025          3.6068          1.2115         -1.1501         -0.7684        -20.1517          4.3137          4.3137          0.0000        269.6437          0.0000

INFO:     270000        540.0000         22.6264          6.8387         15.7877         15.2525          5.5514          9.7123          1.4039          4.8981          0.7046         -1.3105         -1.1119        -19.8261          6.8169          6.8169          0.0000        294.2498          0.0000

INFO:     273000        546.0000         20.8977          3.7160         17.1816         12.4839          3.9809          9.9436          0.8260          5.1596          0.9719         -1.3242         -0.2322        -19.4934          3.8839          3.8839          0.0000        320.2295          0.0000

INFO:     276000        552.0000         24.9307          5.9639         18.9668         17.5612          5.7549         10.4046          1.0495          5.3703          0.7329         -1.1813         -0.7772        -19.6711          4.2814          4.2814          0.0000        353.5009          0.0000

INFO:     279000        558.0000         25.7310          6.6819         19.0491         13.9351          5.7142          8.4119          0.5402          5.8728          0.4331         -1.2335         -0.2150        -18.4998          5.6580          5.6580          0.0000        355.0350          0.0000

INFO:     282000        564.0000         23.7222         10.2553         13.4669         21.7592          6.7077          9.6854          0.4500          4.6475          2.3738         -1.4276          0.4882        -17.5670          4.8973          4.8973          0.0000        250.9949          0.0000

INFO:     285000        570.0000         26.1054         10.0069         16.0985         17.8399          3.7677         13.7497          0.9873          3.0394          0.8596         -1.2403         -0.3887        -16.1831          5.4154          5.4154          0.0000        300.0415          0.0000

INFO:     288000        576.0000         23.8323          3.9746         19.8577         12.6655          2.0410         11.9351          0.6141          3.4719          0.1442         -1.4310          0.4181        -17.7004          4.4817          4.4817          0.0000        370.1057          0.0000

INFO:     291000        582.0000         24.2580          8.6537         15.6043         15.4126          3.5522         15.0491          1.9006          3.0783          0.7514         -1.4493          0.6623        -19.7607          4.8699          4.8699          0.0000        290.8310          0.0000

INFO:     294000        588.0000         15.6366          5.6437          9.9929         15.7428          2.2952         11.2492          1.5207          4.1259          0.2223         -1.4231         -0.8649        -18.0638          6.5822          6.5822          0.0000        186.2471          0.0000

INFO:     297000        594.0000         15.7352          1.6972         14.0379         15.0987          4.0538          8.0290          0.4672          3.6628          1.4338         -1.4388          0.0343        -18.8098          4.2650          4.2650          0.0000        261.6376          0.0000

INFO:     300000        600.0000         15.3362          2.0208         13.3155         13.8932          2.1702          6.9831          0.4317          4.3602          1.2408         -1.3411         -0.7101        -16.9645          5.8506          5.8506          0.0000        248.1725          0.0000

INFO:     303000        606.0000         18.3679          5.6993         12.6686         20.3291          4.4789          9.5671          0.7677          6.4262          1.3463         -2.3095         -0.5284        -19.7435          5.6946          5.6946          0.0000        236.1160          0.0000

INFO:     306000        612.0000         18.2165          3.2844         14.9321         13.1935          1.6296         12.9571          1.1551          4.0218          0.5391         -0.9254         -0.5082        -20.0844          4.4999          4.4999          0.0000        278.3019          0.0000

INFO:     309000        618.0000         13.3641          2.2263         11.1378         14.4204          1.6980         11.5678          0.4271          3.7192          1.0847         -0.8426          0.0369        -19.1329          3.6681          3.6681          0.0000        207.5853          0.0000

INFO:     312000        624.0000         20.1820          7.7234         12.4586         17.6572          2.3591          8.1542          0.5639          5.9545          1.7001         -1.2818          2.1837        -16.3555          4.4454          4.4454          0.0000        232.2015          0.0000

INFO:     315000        630.0000         24.6189          7.8888         16.7300         18.2977          4.7978         13.5232          1.3883          3.2225          0.3261         -0.5255          1.0822        -20.2288          4.3030          4.3030          0.0000        311.8121          0.0000

INFO:     318000        636.0000         20.9283          6.8423         14.0861         13.0966          1.1727         13.4016          0.8187          5.0957          1.1177         -0.9330          0.7380        -20.6389          6.0698          6.0698          0.0000        262.5347          0.0000

INFO:     321000        642.0000         26.3703         11.1239         15.2464         14.9150          1.6035         10.6713          2.1946          4.7745          0.3164         -1.3066         -0.5222        -17.1421         10.5345         10.5345          0.0000        284.1603          0.0000

INFO:     324000        648.0000         31.4829          8.9821         22.5007         19.8340          6.2557          8.1612          0.4064          4.0032          0.4270         -1.3989          1.2523        -16.2537          6.1291          6.1291          0.0000        419.3662          0.0000

INFO:     327000        654.0000         21.1636          8.9965         12.1671         16.7210          2.8752         14.2042          0.2816          5.0777          0.2922         -0.7049         -0.6820        -18.8542          6.5067          6.5067          0.0000        226.7695          0.0000

INFO:     330000        660.0000         25.0734          3.9578         21.1156         14.6134          3.2048         11.0099          1.2886          3.0763          0.0639         -1.3595          0.5075        -17.7914          3.9576          3.9576          0.0000        393.5498          0.0000

INFO:     333000        666.0000         25.2767          7.8888         17.3879         17.3436          2.9109         11.2048          0.5275          5.8976          0.9036         -1.2994          0.3530        -17.7578          5.1486          5.1486          0.0000        324.0734          0.0000

INFO:     336000        672.0000         29.3205         13.4757         15.8447         16.8718          4.3564         14.9840          0.7054          7.4500          0.8611         -0.7163          1.7785        -21.0163          5.0730          5.0730          0.0000        295.3125          0.0000

INFO:     339000        678.0000         28.2437         11.2578         16.9859         15.9772          1.5932         13.7295          1.2525          6.2355          2.4408         -2.1701         -0.9730        -19.5042          8.6536          8.6536          0.0000        316.5811          0.0000

INFO:     342000        684.0000         31.1506          7.7108         23.4398         14.7532          3.8052         11.7409          0.7320          6.2307          1.4840         -0.4123          1.3463        -21.2660          4.0500          4.0500          0.0000        436.8692          0.0000

INFO:     345000        690.0000         25.5016          7.0057         18.4958         14.7438          2.1309         12.5211          0.8857          5.2740          2.6449         -0.3988          0.8203        -19.9317          3.0593          3.0593          0.0000        344.7234          0.0000

INFO:     348000        696.0000         23.2808          7.9741         15.3067         17.8358          3.7698         14.4683          1.2604          3.1950          0.3482         -1.3521          0.5189        -19.0989          4.8644          4.8644          0.0000        285.2844          0.0000

INFO:     351000        702.0000         28.0127         10.5783         17.4344         20.5465          7.8887         12.8101          2.0137          3.4113          1.0638         -0.8433          0.5382        -19.1666          2.8625          2.8625          0.0000        324.9408          0.0000

INFO:     354000        708.0000         24.3616          7.5722         16.7894         22.6265          5.2900          9.6059          1.2027          4.7797          0.9329         -1.9738         -0.0695        -19.8909          7.6952          7.6952          0.0000        312.9180          0.0000

INFO:     357000        714.0000         21.8685          5.1991         16.6694         16.4519          2.4600         10.6602          0.5821          4.9482          2.8411         -1.3761         -1.0159        -18.7922          4.8917          4.8917          0.0000        310.6820          0.0000

INFO:     360000        720.0000         21.6158          3.6356         17.9802         11.0525          1.3587         12.1880          0.6932          4.8314          2.9332         -1.1489         -1.1396        -18.6020          2.5217          2.5217          0.0000        335.1129          0.0000

INFO:     363000        726.0000         22.8166          7.4553         15.3613         18.8552          4.7766         14.1005          0.7766          4.7028          2.5613         -0.5579         -1.1187        -20.2714          2.4857          2.4857          0.0000        286.3019          0.0000

INFO:     366000        732.0000         19.0396          8.1268         10.9128         14.0830          5.8876         14.5548          0.4930          4.0977          1.8504         -0.3479         -0.0369        -21.1284          2.7565          2.7565          0.0000        203.3916          0.0000

INFO:     369000        738.0000         14.1341          2.2007         11.9334         15.3586          5.5549         11.4155          0.7823          3.0325          0.2008         -0.9748          0.3907        -21.6378          3.4367          3.4367          0.0000        222.4128          0.0000

INFO:     372000        744.0000         16.6614          3.1348         13.5267         13.1072          2.3944         13.2218          0.5280          2.7536          0.6180         -0.8823         -0.2703        -18.7158          3.4874          3.4874          0.0000        252.1087          0.0000

INFO:     375000        750.0000         14.1820          4.6179          9.5640         15.2086          2.0505          9.2573          0.5466          5.1948          2.3689         -1.4294          1.2059        -18.6733          4.0966          4.0966          0.0000        178.2533          0.0000

INFO:     378000        756.0000         19.6258          4.5254         15.1004         13.1769          2.2315         11.7552          0.6015          4.0723          0.6719         -1.2201         -0.2597        -18.8484          5.5211          5.5211          0.0000        281.4404          0.0000

INFO:     381000        762.0000         21.5825          3.1784         18.4042         13.6077          2.7432         12.5524          0.9026          2.6833          0.2545         -1.4272         -0.0623        -18.1936          3.7253          3.7253          0.0000        343.0147          0.0000

INFO:     384000        768.0000         16.4943          4.7800         11.7143         22.1560          5.1297          7.8007          0.4970          3.5758          2.0682         -1.0380          0.7250        -17.5374          3.5592          3.5592          0.0000        218.3294          0.0000

INFO:     387000        774.0000         19.8224          4.1112         15.7112         15.7137          2.6118         13.1578          0.5315          3.9652          0.8302         -0.7403          1.8108        -20.3774          2.3214          2.3214          0.0000        292.8244          0.0000

INFO:     390000        780.0000         19.6382          7.7754         11.8628         15.1013          2.6574         14.5996          0.8974          3.7317          0.7885         -0.4489          1.9444        -20.6886          4.2938          4.2938          0.0000        221.0982          0.0000

INFO:     393000        786.0000         22.4353          2.5213         19.9140         14.2010          4.7525          9.0086          0.4821          3.8599          0.9060         -0.5898          1.3710        -19.9914          2.7224          2.7224          0.0000        371.1553          0.0000

INFO:     396000        792.0000         23.0327         13.1643          9.8685         22.5460          6.3065         12.9556          1.8843          7.1499          2.9772         -0.6752          0.8323        -22.2179          3.9516          3.9516          0.0000        183.9272          0.0000

INFO:     399000        798.0000         21.8528          7.5458         14.3071         19.0163          5.3686          9.5231          0.9231          5.2378          1.5444         -0.4947         -0.4983        -18.2971          4.2388          4.2388          0.0000        266.6532          0.0000

INFO:     402000        804.0000         25.5523          6.0365         19.5158         12.6513          2.8904          7.8267          0.9376          4.9766          0.2292         -1.2485          2.0453        -17.2241          5.6034          5.6034          0.0000        363.7332          0.0000

INFO:     405000        810.0000         24.5690          5.7651         18.8039         16.3284          3.1001         11.4895          0.8868          5.2007          1.3143         -1.3205          0.5846        -18.0961          2.6057          2.6057          0.0000        350.4644          0.0000

INFO:     408000        816.0000         23.1782          8.4829         14.6953         19.4496          5.3980         11.2108          0.6128          4.8457          0.9519         -1.0033         -0.3387        -17.7360          4.5418          4.5418          0.0000        273.8889          0.0000

INFO:     411000        822.0000         16.9179          2.8689         14.0490         14.4582          2.9841          8.7142          0.8648          4.0284          1.1237         -1.1824         -0.3829        -16.4966          3.2155          3.2155          0.0000        261.8436          0.0000

INFO:     414000        828.0000         23.2604          7.6833         15.5771         15.6799          3.0423         10.0792          0.6332          3.9952          1.6397         -1.2640          1.6751        -15.6143          3.4969          3.4969          0.0000        290.3237          0.0000

INFO:     417000        834.0000         19.0681          6.6048         12.4633         15.6986          2.5893         14.4864          0.5398          6.4140          0.3398         -1.3243         -1.0071        -20.1513          4.7184          4.7184          0.0000        232.2891          0.0000

INFO:     420000        840.0000         24.8726          4.2078         20.6648         13.1368          2.3917          8.6478          0.6506          2.6842          0.5946         -1.3784          0.5291        -15.3625          5.4506          5.4506          0.0000        385.1489          0.0000

INFO:     423000        846.0000         20.1793          5.7438         14.4355         15.1876          2.8771         11.1791          1.9117          3.3543          1.4598         -1.3179         -1.0588        -16.9934          4.3320          4.3320          0.0000        269.0471          0.0000

INFO:     426000        852.0000         19.3839          3.1581         16.2258         12.9833          1.3722         10.3862          0.5378          4.0316          0.9722         -1.0418         -0.0220        -16.4732          3.3952          3.3952          0.0000        302.4148          0.0000

INFO:     429000        858.0000         19.7222          6.7264         12.9958         13.3011          4.1273         10.7616          0.5130          4.0430          1.8269         -1.0535          0.8667        -19.0615          4.7029          4.7029          0.0000        242.2148          0.0000

INFO:     432000        864.0000         23.9066         10.2328         13.6738         14.6122          3.7739         16.7293          0.9247          5.1832          0.5983         -0.3750         -1.0205        -20.1093          4.5282          4.5282          0.0000        254.8515          0.0000

INFO:     435000        870.0000         26.8549          8.8953         17.9597         15.4954          4.7761          8.5005          0.7473          4.8017          0.4943         -0.6290          1.5709        -15.7190          4.3526          4.3526          0.0000        334.7301          0.0000

INFO:     438000        876.0000         24.0530          5.2362         18.8168         16.3068          4.2286         10.8775          1.2447          3.2114          0.9910         -0.5040         -0.0764        -18.9805          4.2439          4.2439          0.0000        350.7060          0.0000

INFO:     441000        882.0000         16.7593         -0.6651         17.4244         16.0104          3.2780          6.7538          0.1904          3.3565          0.1912         -1.1520         -0.8149        -17.0179          4.5499          4.5499          0.0000        324.7537          0.0000

INFO:     444000        888.0000         24.6630          9.1967         15.4663         22.3861          5.7834         10.3167          0.8557          4.7360          1.2300         -0.6616         -1.2920        -16.5598          4.7882          4.7882          0.0000        288.2586          0.0000

INFO:     447000        894.0000         25.1063          7.2147         17.8916         13.2152          2.5989         11.1366          0.3801          5.5644          0.8727         -2.4966          0.7617        -20.3771          8.7740          8.7740          0.0000        333.4610          0.0000

INFO:     450000        900.0000         28.0991          8.3805         19.7186         16.0998          5.1769         15.6731          0.5753          4.1142          0.6652         -0.8175         -0.8557        -21.3380          5.1870          5.1870          0.0000        367.5126          0.0000

