Generate_Velocity> Generate initial velocities
  iseed           =       4999
  temperature     =    300.000
 
INFO:       STEP            TIME       TOTAL_ENE   POTENTIAL_ENE     KINETIC_ENE            RMSG            BOND           ANGLE    UREY-BRADLEY        DIHEDRAL        IMPROPER            CMAP         VDWAALS           ELECT RESTRAINT_TOTAL    RESTRAINT001    RESTR_CVS001     TEMPERATURE          VOLUME
 --------------- --------------- --------------- --------------- ---------------
INFO:          0          0.0000         39.0724         25.8214         13.2510         12.2572          1.6627         15.2522          2.4633          3.8747          0.5498         -0.2992          0.6739        -20.8470         22.4910         22.4910          0.0000        246.9711          0.0000

INFO:       3000          6.0000         34.8536         14.0407         20.8128         17.5285          5.7207         15.1705          0.8202          5.2804          1.2481         -0.9367          1.0588        -23.6587          9.3375          9.3375          0.0000        387.9067          0.0000

INFO:       6000         12.0000         25.1547          3.0920         22.0627         13.3865          1.7773         10.8720          1.5063          5.7449          1.2491         -1.9089         -0.9514        -20.9792          5.7818          5.7818          0.0000        411.2025          0.0000

INFO:       9000         18.0000         27.9351          6.6377         21.2974         24.8083          7.9246          9.2670          0.3207          3.6063          1.0480         -0.7966          0.4806        -19.7352          4.5222          4.5222          0.0000        396.9382          0.0000

INFO:      12000         24.0000         26.1443          8.0616         18.0827         20.8439          3.6488         10.4280          0.8067          3.8455          2.4998         -2.0737         -0.5533        -17.6043          7.0642          7.0642          0.0000        337.0224          0.0000

INFO:      15000         30.0000         30.4517          8.8846         21.5671         16.7828          4.2387         12.6857          1.3771          4.0686          0.9049         -1.0827         -0.0306        -17.0126          3.7355          3.7355          0.0000        401.9643          0.0000

INFO:      18000         36.0000         31.3081          8.9205         22.3876         18.5891          2.3632         13.0922          0.5941          7.9042          1.9247         -3.0165         -1.0137        -20.2485          7.3208          7.3208          0.0000        417.2571          0.0000

INFO:      21000         42.0000         32.5326         10.1405         22.3920         13.6636          1.8825         18.9026          1.1758          6.9575          1.0403         -2.4921         -0.9952        -21.2408          4.9100          4.9100          0.0000        417.3398          0.0000

INFO:      24000         48.0000         27.6916          8.4315         19.2601         18.4139          2.9165         16.1190          1.0754          3.7201          2.1848         -1.3336         -1.3576        -18.5999          3.7067          3.7067          0.0000        358.9683          0.0000

INFO:      27000         54.0000         24.9020          8.3705         16.5315         15.6807          1.6128         13.4151          1.3064          5.2864          0.6951         -1.7358          0.0458        -18.6380          6.3828          6.3828          0.0000        308.1124          0.0000

INFO:      30000         60.0000         24.7598          7.9277         16.8321         17.4674          4.8247          9.7845          0.4467          6.6445          2.5993         -1.8912         -0.0901        -20.9957          6.6051          6.6051          0.0000        313.7154          0.0000

INFO:      33000         66.0000         18.1215         -0.2368         18.3583          8.8495          3.3840          8.8132          1.0372          4.1135          0.3479         -0.7491         -1.0107        -19.8904          3.7177          3.7177          0.0000        342.1596          0.0000

INFO:      36000         72.0000         15.9505          1.9799         13.9707         13.9181          2.6566          8.9071          1.2643          3.1619          0.2480         -1.4695         -0.5049        -15.6084          3.3247          3.3247          0.0000        260.3835          0.0000

INFO:      39000         78.0000         13.7912          0.4267         13.3645         15.9646          5.7610          9.2199          0.4633          3.5682          0.3164         -1.0309         -0.6667        -19.7851          2.5804          2.5804          0.0000        249.0869          0.0000

INFO:      42000         84.0000         12.0325          3.1376          8.8949         18.7175          6.5460          7.0961          0.3659          5.5400          0.9619         -2.3623         -1.1047        -19.2419          5.3365          5.3365          0.0000        165.7813          0.0000

INFO:      45000         90.0000         18.5279          2.9138         15.6141         16.2953          3.0672          6.8027          1.6559          5.0250          0.3045         -1.0856          3.0201        -19.9283          4.0523          4.0523          0.0000        291.0139          0.0000

INFO:      48000         96.0000         20.4749          2.3793         18.0956         16.0386          3.3424         11.4066          0.7609          3.7038          0.5210         -1.0759         -0.7910        -18.7616          3.2731          3.2731          0.0000        337.2636          0.0000

INFO:      51000        102.0000         18.5831          1.4694         17.1137         14.8848          3.0662         10.6368          0.4792          6.0200          1.0825         -2.4017         -1.0338        -20.2550          3.8752          3.8752          0.0000        318.9624          0.0000

INFO:      54000        108.0000         21.3865          5.7038         15.6827         18.7759          6.5180         12.9345          0.7413          4.3803          1.0558         -0.9874         -0.8090        -19.5379          1.4080          1.4080          0.0000        292.2921          0.0000

INFO:      57000        114.0000         19.6631          7.0067         12.6564         17.2252          3.3843         14.9560          1.0744          4.4654          0.5368         -0.9264         -1.3115        -20.4187          5.2465          5.2465          0.0000        235.8881          0.0000

INFO:      60000        120.0000         13.4295          1.5450         11.8845         17.3563          5.0044          9.0087          1.1616          4.4237          1.2289         -1.2087         -0.4029        -20.6413          2.9706          2.9706          0.0000        221.5018          0.0000

INFO:      63000        126.0000         17.0425          0.8142         16.2283         10.3708          3.1660          8.0689          0.7946          5.6831          0.6054         -1.0157          0.1373        -20.6424          4.0169          4.0169          0.0000        302.4620          0.0000

INFO:      66000        132.0000         18.2459          3.9027         14.3432         16.6560          2.9763          9.0657          0.3022          4.1775          1.2101         -1.7638          1.5030        -18.2872          4.7189          4.7189          0.0000        267.3264          0.0000

INFO:      69000        138.0000         19.3688          7.7772         11.5916         16.1039          3.7977         17.4372          1.7241          4.0482          1.1515         -0.8269          0.4402        -23.3434          3.3485          3.3485          0.0000        216.0431          0.0000

INFO:      72000        144.0000         22.2103          7.0151         15.1952         14.2816          1.5759         17.3217          0.6340          4.0297          0.8328         -1.2524         -0.7265        -18.2329          2.8328          2.8328          0.0000        283.2061          0.0000

INFO:      75000        150.0000         19.3438          1.8475         17.4963         12.7917          2.2011          8.9761          0.7731          4.2644          1.2805         -1.4605         -0.7189        -16.4957          3.0273          3.0273          0.0000        326.0944          0.0000

INFO:      78000        156.0000         25.0659          9.7622         15.3037         16.6146          4.1559         11.1011          0.5425          4.0028          0.5952         -1.3384          2.1186        -17.4359          6.0205          6.0205          0.0000        285.2290          0.0000

INFO:      81000        162.0000         17.8526         -1.2007         19.0533         12.4969          3.1661          8.2487          0.4623          3.6463          0.5559         -1.0412         -0.9731        -17.6327          2.3669          2.3669          0.0000        355.1140          0.0000

INFO:      84000        168.0000         18.8549          3.0140         15.8409         15.8102          3.7676          7.5662          1.6150          4.7225          1.5609         -1.5946         -0.2222        -18.5701          4.1688          4.1688          0.0000        295.2418          0.0000

INFO:      87000        174.0000         21.4130          7.2558         14.1572         16.5252          1.8766         10.2500          1.4490          4.9736          2.9583         -2.5597         -0.3113        -18.6555          7.2748          7.2748          0.0000        263.8604          0.0000

INFO:      90000        180.0000         18.5063          3.7443         14.7620         16.0170          4.9420          7.1858          0.7339          4.6331          0.5412         -1.3693          0.6988        -17.9942          4.3730          4.3730          0.0000        275.1333          0.0000

INFO:      93000        186.0000         15.7528          0.1363         15.6165         11.9127          1.4470          8.5239          0.8289          5.3438          0.8323         -2.4225          0.0448        -20.9764          6.5145          6.5145          0.0000        291.0589          0.0000

INFO:      96000        192.0000         19.8170          5.1869         14.6301         14.9449          2.3645          9.1764          1.4439          3.5135          0.2642         -1.2806          1.0242        -16.9016          5.5825          5.5825          0.0000        272.6738          0.0000

INFO:      99000        198.0000         19.7546          2.8936         16.8610         16.1543          1.8653         11.8714          0.2143          4.7065          0.2809         -0.7985          0.0531        -19.2714          3.9721          3.9721          0.0000        314.2529          0.0000

INFO:     102000        204.0000         19.2315          3.1259         16.1057         16.3976          3.6086          9.7079          0.4783          3.6056          1.2831         -1.4477         -0.6399        -16.9530          3.4830          3.4830          0.0000        300.1754          0.0000

INFO:     105000        210.0000         17.5372         -0.1229         17.6601         15.1008          3.7939          9.1706          0.6229          4.6836          0.1900         -1.0533         -0.8217        -21.9452          5.2362          5.2362          0.0000        329.1469          0.0000

INFO:     108000        216.0000         19.2810          4.1751         15.1060         20.4902          7.3000          7.9711          0.4278          5.2760          0.6024         -1.0833         -0.4194        -19.9685          4.0688          4.0688          0.0000        281.5434          0.0000

INFO:     111000        222.0000         25.8340          9.9844         15.8495         16.3122          1.7327         14.1944          1.1265          3.8990          0.9359         -1.0762         -1.1171        -16.0467          6.3360          6.3360          0.0000        295.4020          0.0000

INFO:     114000        228.0000         24.0119          6.9123         17.0996         13.6288          2.1464         12.8509          0.5703          6.0158          0.3937         -1.6153          0.5871        -21.2109          7.1743          7.1743          0.0000        318.7012          0.0000

INFO:     117000        234.0000         23.1204          7.9771         15.1433         14.9197          1.2728         17.4237          1.0337          4.9339          2.5120         -1.0495         -1.0923        -21.7436          4.6865          4.6865          0.0000        282.2384          0.0000

INFO:     120000        240.0000         19.2266          4.5866         14.6400         14.3590          3.6525         14.7519          0.8803          4.5560          0.4236         -0.7100         -0.4773        -21.1812          2.6906          2.6906          0.0000        272.8592          0.0000

INFO:     123000        246.0000         19.8759          5.7120         14.1639         13.5451          3.6836         15.6227          1.0136          4.4698          0.3051         -1.3029          0.6895        -22.5490          3.7796          3.7796          0.0000        263.9860          0.0000

INFO:     126000        252.0000         17.0339          0.6444         16.3895         16.1732          1.5415          6.6303          0.3479          6.4105          1.1983         -2.5674         -0.0972        -17.9050          5.0855          5.0855          0.0000        305.4657          0.0000

INFO:     129000        258.0000         11.8489          1.3344         10.5146         12.0860          1.3908         11.4201          0.4137          4.9892          0.3145         -1.7911         -1.0945        -20.7421          6.4338          6.4338          0.0000        195.9690          0.0000

INFO:     132000        264.0000         16.6845          1.5727         15.1118         16.5902          1.9311          9.8036          0.2160          4.4638          1.1434         -1.3009         -0.3950        -19.4875          5.1983          5.1983          0.0000        281.6518          0.0000

INFO:     135000        270.0000         19.0135          6.3830         12.6306         14.3581          2.6509          8.0216          1.1874          5.9604          0.6243         -1.2298         -0.5135        -18.1750          7.8566          7.8566          0.0000        235.4068          0.0000

INFO:     138000        276.0000         21.1302          5.2783         15.8519         17.5128          3.5390         14.2563          0.9141          5.3830          1.0311         -2.0808         -1.1055        -20.3635          3.7045          3.7045          0.0000        295.4466          0.0000

INFO:     141000        282.0000         22.0975          6.8133         15.2842         16.5258          6.8619         13.7588          2.2416          3.6257          0.4902         -1.3766         -1.6698        -19.1315          2.0130          2.0130          0.0000        284.8643          0.0000

INFO:     144000        288.0000         17.7303          3.6646         14.0657         16.0013          2.7435         12.5215          0.4741          4.3847          0.4956         -0.7603         -0.5273        -18.7362          3.0689          3.0689          0.0000        262.1548          0.0000

INFO:     147000        294.0000         22.0496          2.5247         19.5249         11.5794          1.1340         13.0929          0.3310          3.8559          1.3482         -0.4532         -0.3315        -17.6319          1.1793          1.1793          0.0000        363.9028          0.0000

INFO:     150000        300.0000         23.5947          2.4156         21.1791         14.2796          1.4772         10.7291          0.4573          5.4424          1.7322         -1.6825         -0.3946        -19.9182          4.5727          4.5727          0.0000        394.7340          0.0000

INFO:     153000        306.0000         19.9931          4.8032         15.1899         18.4752          2.3039          9.9219          0.9618          3.1740          2.4606         -1.1970          0.7582        -16.7052          3.1250          3.1250          0.0000        283.1075          0.0000

INFO:     156000        312.0000         19.6119          3.0297         16.5822         15.9228          3.1507          8.2356          0.4128          5.0453          1.4669         -1.3462          0.3637        -19.0011          4.7019          4.7019          0.0000        309.0573          0.0000

INFO:     159000        318.0000         14.3104          2.5076         11.8028         11.5402          1.8921          9.3687          0.4490          4.6210          0.8684         -0.8835          1.8699        -21.7403          6.0622          6.0622          0.0000        219.9800          0.0000

INFO:     162000        324.0000         22.5096          7.9380         14.5716         17.0057          3.2678          8.9130          0.6876          5.5979          2.4608         -0.3445         -0.1738        -22.2908          9.8200          9.8200          0.0000        271.5840          0.0000

INFO:     165000        330.0000         23.2840          8.2447         15.0393         14.8102          1.7717          9.9394          0.8097          7.4698          1.1656         -2.4647          0.5529        -19.2340          8.2343          8.2343          0.0000        280.3009          0.0000

INFO:     168000        336.0000         27.9209          3.7075         24.2134         15.0522          1.2467         14.4059          0.3909          5.4470          0.1856         -2.7940         -1.4218        -19.8652          6.1124          6.1124          0.0000        451.2858          0.0000

INFO:     171000        342.0000         22.5842          7.4627         15.1215         16.4607          3.1153         11.5150          0.4046          6.4090          0.8548         -0.7424          1.2248        -19.3262          4.0077          4.0077          0.0000        281.8332          0.0000

INFO:     174000        348.0000         19.2822          2.8318         16.4504         16.4708          2.4664         10.7037          0.4339          3.0710          1.4538         -0.6362          0.8026        -17.0432          1.5798          1.5798          0.0000        306.6010          0.0000

INFO:     177000        354.0000         16.9069          2.8655         14.0413         12.1921          2.0951         12.7614          0.3075          4.3027          1.5121         -1.2504         -1.7299        -19.5591          4.4262          4.4262          0.0000        261.7009          0.0000

INFO:     180000        360.0000         15.2680          0.4296         14.8384         13.2475          1.4935          8.8765          0.6527          5.7275          0.7149         -1.6262         -0.2119        -20.8471          5.6497          5.6497          0.0000        276.5566          0.0000

INFO:     183000        366.0000         16.2146          3.0787         13.1360         16.3107          6.6849         10.8902          0.3398          4.9064          1.0031         -0.8077         -1.1471        -21.8656          3.0746          3.0746          0.0000        244.8267          0.0000

INFO:     186000        372.0000         15.5912          0.7142         14.8770         13.4755          3.2426          8.7780          0.5464          4.8479          1.6491         -0.9665         -1.0625        -20.4196          4.0987          4.0987          0.0000        277.2767          0.0000

INFO:     189000        378.0000         15.0800          0.4153         14.6647         12.3213          1.4955         12.5394          0.7532          5.7246          0.7514         -1.2532         -1.7162        -21.1172          3.2377          3.2377          0.0000        273.3193          0.0000

INFO:     192000        384.0000         23.6936          6.4139         17.2797         19.4207          5.6124         12.0022          0.8911          5.3381          0.3407         -2.2800         -0.5900        -19.8782          4.9775          4.9775          0.0000        322.0576          0.0000

INFO:     195000        390.0000         20.2389          6.1024         14.1365         18.7908          5.2357         12.9020          1.0321          5.9802          1.2289         -1.1038         -0.8392        -22.8647          4.5311          4.5311          0.0000        263.4738          0.0000

INFO:     198000        396.0000         21.7353          5.4705         16.2649         13.9916          1.4563         12.4017          0.8537          4.2234          1.5879         -1.0812         -0.8721        -16.8482          3.7491          3.7491          0.0000        303.1424          0.0000

INFO:     201000        402.0000         16.7475          0.3112         16.4363         14.3600          3.2592          6.4095          0.3001          4.3412          0.7468         -1.4248         -0.0206        -17.8891          4.5889          4.5889          0.0000        306.3373          0.0000

INFO:     204000        408.0000         12.9262          1.6003         11.3259         10.8777          1.0877         11.3282          1.4363          4.9183          1.0658         -1.4394         -1.0352        -19.5190          3.7576          3.7576          0.0000        211.0916          0.0000

INFO:     207000        414.0000         15.1356          1.9688         13.1667         16.0000          5.3357          7.1365          0.6816          5.3571          1.2510         -1.5224          0.0049        -20.4010          4.1256          4.1256          0.0000        245.3996          0.0000

INFO:     210000        420.0000         19.4948          4.2817         15.2132         16.4554          3.5262          9.6925          0.5789          5.5903          1.5217         -1.5908          0.3768        -19.3826          3.9686          3.9686          0.0000        283.5413          0.0000

INFO:     213000        426.0000         23.5772          6.8174         16.7598         16.6450          5.2292         14.9218          1.5624          6.0723          1.8521         -2.3020         -1.7927        -22.3364          3.6107          3.6107          0.0000        312.3666          0.0000

INFO:     216000        432.0000         19.6794          2.1974         17.4820         16.6928          5.6776          8.9231          0.6858          3.9228          0.7725         -1.4052          0.3633        -20.1653          3.4229          3.4229          0.0000        325.8267          0.0000

INFO:     219000        438.0000         22.0214          0.1014         21.9200         15.4980          4.0807         10.7071          0.2750          5.6394          0.5617         -1.0121          1.3854        -24.2242          2.6884          2.6884          0.0000        408.5429          0.0000

INFO:     222000        444.0000         20.2082          4.0844         16.1239         14.7603          2.7853         10.0345          0.3981          5.3321          2.0299         -2.2920          0.3641        -19.3156          4.7480          4.7480          0.0000        300.5146          0.0000

INFO:     225000        450.0000         22.5288          4.2747         18.2541         14.4004          4.1866          9.3393          0.8259          5.1752          0.1718         -1.7474          0.0515        -18.7153          4.9870          4.9870          0.0000        340.2177          0.0000

INFO:     228000        456.0000         22.7255          4.8141         17.9114         16.0273          1.7296         15.4358          0.8915          3.5480          0.6870         -1.3990         -0.1090        -19.8161          3.8464          3.8464          0.0000        333.8306          0.0000

INFO:     231000        462.0000         23.9777          2.8744         21.1032         14.4152          1.7713          9.1581          0.8113          3.4524          0.3531         -1.0556          1.8070        -15.9912          2.5679          2.5679          0.0000        393.3192          0.0000

INFO:     234000        468.0000         20.1138          5.8472         14.2666         15.9306          3.7836         13.3457          0.5436          3.8796          0.5868         -0.6454          0.9763        -21.1827          4.5598          4.5598          0.0000        265.8998          0.0000

INFO:     237000        474.0000         21.6311          7.5913         14.0397         15.1874          3.3909         14.5648          0.8837          4.3622          1.6108         -1.7405         -1.2378        -19.9659          5.7231          5.7231          0.0000        261.6712          0.0000

INFO:     240000        480.0000         25.3059          2.0073         23.2986         11.9205          2.3728         10.2736          0.7896          4.1947          0.1935         -0.5510          1.1590        -20.6453          4.2204          4.2204          0.0000        434.2374          0.0000

INFO:     243000        486.0000         24.8938          7.7661         17.1277         17.7748          4.4353         10.3762          1.9676          7.3644          1.7248         -1.2771          1.5864        -20.7164          2.3050          2.3050          0.0000        319.2235          0.0000

INFO:     246000        492.0000         26.3211          8.3813         17.9398         17.2440          4.8909         10.7620          0.7354          5.7998          1.7589         -2.1711          0.6755        -19.5319          5.4618          5.4618          0.0000        334.3604          0.0000

INFO:     249000        498.0000         19.2622          5.9438         13.3184         15.7549          3.1294         12.6870          0.4652          7.7492          1.0526         -1.0876          0.3555        -22.0021          3.5946          3.5946          0.0000        248.2270          0.0000

INFO:     252000        504.0000         19.6386          1.6894         17.9492         12.9096          2.0939          5.5603          0.5832          6.0086          0.9231         -1.5545          1.4660        -17.4130          4.0220          4.0220          0.0000        334.5353          0.0000

INFO:     255000        510.0000         16.2403          2.3294         13.9109         14.7454          1.7464         11.1231          0.4007          6.7913          1.3235         -1.2061         -0.5147        -22.0908          4.7561          4.7561          0.0000        259.2689          0.0000

INFO:     258000        516.0000         13.8075          2.0711         11.7364         17.0079          4.1378          7.2489          1.1842          4.6673          2.8069         -2.1794         -0.0193        -19.1948          3.4195          3.4195          0.0000        218.7416          0.0000

INFO:     261000        522.0000         16.1409         -1.0757         17.2166         13.2356          4.0782          8.3068          0.2381          3.3758          1.0259         -1.1832         -1.3518        -17.7782          2.2127          2.2127          0.0000        320.8819          0.0000

INFO:     264000        528.0000         14.8448          3.2401         11.6047         12.9326          1.5136         11.4791          0.9453          6.8741          0.6810         -0.7694          2.3444        -23.7088          3.8808          3.8808          0.0000        216.2879          0.0000

INFO:     267000        534.0000         22.6457          4.2555         18.3901         13.9834          3.9469         14.5126          1.4331          3.9237          0.3036         -0.4716         -0.8731        -19.7448          1.2251          1.2251          0.0000        342.7534          0.0000

INFO:     270000        540.0000         22.0780          4.7060         17.3720         15.7315          4.6642         15.2251          0.2183          5.2583          1.1106         -1.1537         -1.6330        -20.9080          1.9243          1.9243          0.0000        323.7775          0.0000

INFO:     273000        546.0000         19.9891          9.0449         10.9443         21.3024          5.0294         10.4395          0.3405          5.6922          2.0854         -2.4824         -0.5579        -15.5292          4.0274          4.0274          0.0000        203.9778          0.0000

INFO:     276000        552.0000         15.3084          3.4627         11.8457         17.7820          3.4128          9.6879          0.3047          4.0432          0.2382         -1.4155         -0.5624        -16.9490          4.7028          4.7028          0.0000        220.7796          0.0000

INFO:     279000        558.0000         24.4077          9.4031         15.0047         16.1069          1.7518         11.0238          0.7142          5.8934          0.7985         -1.1280          2.2014        -14.5454          2.6933          2.6933          0.0000        279.6558          0.0000

INFO:     282000        564.0000         22.5142          6.5273         15.9869         25.0679          9.7440          6.9555          0.5519          4.3576          0.9045         -0.8168          1.4802        -19.2020          2.5524          2.5524          0.0000        297.9611          0.0000

INFO:     285000        570.0000         22.3158          3.5996         18.7163         15.9592          4.1398          9.4481          0.9839          6.2993          1.2841         -1.1968         -0.7410        -20.4070          3.7893          3.7893          0.0000        348.8315          0.0000

INFO:     288000        576.0000         20.0448          3.4043         16.6405         18.2341          5.8346          9.3687          0.9545          3.6977          0.7877         -1.0340          2.9737        -21.1236          1.9450          1.9450          0.0000        310.1434          0.0000

INFO:     291000        582.0000         25.6766          8.0701         17.6066         12.8931          1.0562         12.0501          1.0926          4.8119          1.2542         -1.2598         -0.3291        -15.3620          4.7559          4.7559          0.0000        328.1491          0.0000

INFO:     294000        588.0000         23.7706          5.1947         18.5759         16.1416          3.2934          7.8446          0.3166          8.5153          1.6120         -2.4234          0.9446        -19.1412          4.2328          4.2328          0.0000        346.2164          0.0000

INFO:     297000        594.0000         17.8383          4.2144         13.6239         17.5547          3.4762          8.8820          0.4395          4.7512          0.4369         -1.4342          0.4107        -16.9507          4.2029          4.2029          0.0000        253.9207          0.0000

INFO:     300000        600.0000         15.7408          3.6736         12.0671         14.8857          2.0715         10.0458          0.3092          4.7005          1.9249         -1.3433         -0.5646        -16.7323          3.2618          3.2618          0.0000        224.9061          0.0000

INFO:     303000        606.0000         12.0952          1.3442         10.7510         16.2189          4.3621          6.6674          0.6303          3.8637          1.2513         -1.0132         -0.2098        -18.0384          3.8308          3.8308          0.0000        200.3755          0.0000

INFO:     306000        612.0000         16.7364         -0.5995         17.3359         14.1471          3.6783          8.7492          0.4622          4.7710          1.2838         -1.2656         -0.6410        -20.0672          2.4298          2.4298          0.0000        323.1051          0.0000

INFO:     309000        618.0000         21.6918          3.6867         18.0051         15.3900          1.7804          9.9478          1.0857          3.4830          0.9942         -0.8848         -0.2389        -16.5407          4.0599          4.0599          0.0000        335.5772          0.0000

INFO:     312000        624.0000         21.3370          3.4525         17.8845         14.7835          3.5474         10.7498          0.3042          5.3854          1.0800         -0.8807         -1.5915        -19.2668          4.1246          4.1246          0.0000        333.3300          0.0000

INFO:     315000        630.0000         20.4024          4.9615         15.4409         16.0917          4.2102          9.7653          0.5523          4.9481          0.5240         -1.2793         -0.2456        -19.1188          5.6053          5.6053          0.0000        287.7864          0.0000

INFO:     318000        636.0000         18.7373          1.9568         16.7805         13.7545          2.7250          8.0126          1.0476          4.5821          1.6513         -2.3006         -0.3419        -20.1379          6.7184          6.7184          0.0000        312.7529          0.0000

INFO:     321000        642.0000         21.6471          2.4813         19.1659         14.2375          3.2973          6.3051          0.4164          5.8308          2.0032         -1.8321          0.7766        -20.1304          5.8143          5.8143          0.0000        357.2111          0.0000

INFO:     324000        648.0000         18.9074          4.7125         14.1949         15.8095          5.3925         12.1856          0.4444          5.1819          0.7682         -1.0479         -1.3852        -20.3633          3.5363          3.5363          0.0000        264.5627          0.0000

INFO:     327000        654.0000         16.2578          4.3855         11.8723         14.2585          2.2693         11.0236          1.1123          4.8521          2.3356         -1.0868         -0.6551        -18.8194          3.3540          3.3540          0.0000        221.2747          0.0000

INFO:     330000        660.0000         16.6197         -0.4093         17.0290         14.3144          2.3761          6.1736          0.8442          4.2666          0.5038         -0.8874         -0.4943        -16.7742          3.5824          3.5824          0.0000        317.3838          0.0000

INFO:     333000        666.0000         22.0984          4.7520         17.3465         13.5689          0.9812         13.3344          0.5575          5.7921          1.7832         -1.7766         -0.7027        -18.7055          3.4883          3.4883          0.0000        323.3018          0.0000

INFO:     336000        672.0000         21.7955          2.0812         19.7143         15.0634          2.9684         11.0851          0.7785          3.7461          0.3677         -1.0559         -1.1164        -17.8421          3.1498          3.1498          0.0000        367.4326          0.0000

INFO:     339000        678.0000         20.2951          5.1600         15.1351         14.4187          2.6545         12.9437          1.0297          3.3658          0.1156         -1.3896         -1.1626        -17.8299          5.4327          5.4327          0.0000        282.0859          0.0000

INFO:     342000        684.0000         18.1291         -0.4394         18.5685         12.7151          1.9489          9.9485          0.3060          3.8436          0.0814         -1.0083         -1.1252        -17.3170          2.8826          2.8826          0.0000        346.0775          0.0000

INFO:     345000        690.0000         11.7739         -0.0693         11.8432         12.8168          2.1556          8.2792          0.3436          4.7533          1.5046         -1.2151         -0.1441        -18.6514          2.9050          2.9050          0.0000        220.7331          0.0000

INFO:     348000        696.0000         18.2611          1.9288         16.3322         18.5753          5.7689         12.2847          0.3259          3.7439          0.7556         -0.5256         -0.7280        -22.0573          2.3607          2.3607          0.0000        304.3980          0.0000

INFO:     351000        702.0000         17.1718         -0.6409         17.8127         12.9630          1.9738          8.6987          0.3655          3.7680          0.9350         -1.4324         -0.4633        -16.7089          2.2228          2.2228          0.0000        331.9905          0.0000

INFO:     354000        708.0000         21.2543          6.5001         14.7542         14.2619          2.6557         11.9653          0.6593          3.7126          1.5372         -1.4145         -0.4125        -17.3424          5.1396          5.1396          0.0000        274.9868          0.0000

INFO:     357000        714.0000         19.6132          3.2871         16.3262         12.3525          1.9320         12.9791          0.6938          3.5037          0.4604         -0.4735          1.1473        -19.0566          2.1011          2.1011          0.0000        304.2849          0.0000

INFO:     360000        720.0000         20.4626          6.1866         14.2760         16.3937          5.0024         13.2911          0.8319          4.1570          0.1200         -1.3957         -0.6794        -19.8543          4.7136          4.7136          0.0000        266.0744          0.0000

INFO:     363000        726.0000         22.6114          7.9921         14.6193         18.1580          4.3035         11.8604          0.5942          6.6987          0.7197         -1.2661          2.1346        -24.7129          7.6600          7.6600          0.0000        272.4726          0.0000

INFO:     366000        732.0000         18.7861          4.7875         13.9985         10.7120          0.9466         14.1159          0.5306          4.4439          0.5382         -1.0970          0.4132        -20.8140          5.7102          5.7102          0.0000        260.9030          0.0000

INFO:     369000        738.0000         16.0164          2.6878         13.3285         14.9285          1.3755         13.1201          0.5798          4.7259          0.1867         -1.4289          0.0340        -20.1435          4.2383          4.2383          0.0000        248.4158          0.0000

INFO:     372000        744.0000         15.9925          2.7308         13.2617         13.4452          3.1473          9.0803          1.1546          4.5627          0.2203         -2.1569         -1.6774        -18.5715          6.9714          6.9714          0.0000        247.1708          0.0000

INFO:     375000        750.0000         16.1682          2.6028         13.5654         14.3298          1.7291         10.6559          0.7590          5.5634          0.4922         -0.9694         -1.5228        -18.1576          4.0530          4.0530          0.0000        252.8308          0.0000

INFO:     378000        756.0000         17.6399          0.3964         17.2435         12.1454          4.3726          4.9357          0.1800          6.3763          0.5170         -2.3102         -0.2153        -18.8469          5.3871          5.3871          0.0000        321.3829          0.0000

INFO:     381000        762.0000         22.2637          6.3491         15.9146         14.9379          3.4474         16.1299          1.3620          4.5634          0.9231         -2.1303         -1.7464        -20.4564          4.2564          4.2564          0.0000        296.6145          0.0000

INFO:     384000        768.0000         24.8482          4.5248         20.3235         17.3239          6.8711         13.2314          0.5115          3.8932          0.4057         -1.1512          2.0318        -23.5766          2.3080          2.3080          0.0000        378.7862          0.0000

INFO:     387000        774.0000         21.4301          7.0905         14.3396         15.1879          5.8148         13.5978          0.4463          4.7659          0.4823         -1.6147         -0.4036        -21.7174          5.7190          5.7190          0.0000        267.2603          0.0000

INFO:     390000        780.0000         19.4083          6.1265         13.2818         14.2682          3.7946         10.1735          0.2700          5.8807          0.8706         -1.2241         -0.8978        -17.6069          4.8659          4.8659          0.0000        247.5455          0.0000

INFO:     393000        786.0000         18.4984          5.5715         12.9268         15.5884          3.3900         10.8066          0.4310          3.8879          1.2720         -1.4291          0.6731        -17.3617          3.9017          3.9017          0.0000        240.9291          0.0000

INFO:     396000        792.0000         20.9871          6.3917         14.5954         21.9393          4.0089          6.8222          0.3247          5.0382          1.0062         -1.5978          1.1507        -15.2664          4.9051          4.9051          0.0000        272.0271          0.0000

INFO:     399000        798.0000         17.4800          4.7245         12.7555         15.3626          2.5967         11.5295          0.5935          2.9821          0.4369         -0.6632          1.1264        -16.6666          2.7891          2.7891          0.0000        237.7352          0.0000

INFO:     402000        804.0000         14.6532         -1.5498         16.2030          9.5353          2.2994          8.1749          0.7591          3.8753          0.3838         -0.8978          0.1981        -19.6913          3.3487          3.3487          0.0000        301.9888          0.0000

INFO:     405000        810.0000         21.5598          5.7703         15.7895         15.0963          4.4249         10.4926          1.4132          5.8052          0.3309         -1.3324          0.1463        -23.4335          7.9231          7.9231          0.0000        294.2826          0.0000

INFO:     408000        816.0000         26.9774          6.8500         20.1274         15.5120          4.5095         15.6282          1.0442          4.3931          0.1150         -0.7162         -0.1164        -20.0735          2.0662          2.0662          0.0000        375.1315          0.0000

INFO:     411000        822.0000         24.7324          9.5817         15.1507         13.9278          3.4107         15.2682          1.0108          4.3383          0.7386         -1.0967         -0.6713        -16.3175          2.9006          2.9006          0.0000        282.3772          0.0000

INFO:     414000        828.0000         23.7474          6.3632         17.3842         13.9245          3.7899         13.2706          1.8884          4.5435          0.1861         -0.8765          2.0175        -23.1177          4.6612          4.6612          0.0000        324.0046          0.0000

INFO:     417000        834.0000         23.9031          2.8644         21.0387         18.0581          2.5724         11.6704          0.2201          4.0303          1.4082         -1.1081         -0.8300        -18.1860          3.0870          3.0870          0.0000        392.1166          0.0000

INFO:     420000        840.0000         19.8541          4.0275         15.8265         17.1484          3.3802         10.8614          0.6083          4.7512          0.9844         -2.7017         -0.7753        -18.7112          5.6304          5.6304          0.0000        294.9733          0.0000

INFO:     423000        846.0000         23.1490          9.7974         13.3516         17.6565          4.2923         13.7761          0.8227          4.2998          0.5191         -1.5210          1.9042        -19.9893          5.6935          5.6935          0.0000        248.8458          0.0000

INFO:     426000        852.0000         20.7547          3.6150         17.1397         18.5551          4.8134          9.0458          0.4378          6.3824          0.9436         -1.3440         -1.1196        -19.0290          3.4845          3.4845          0.0000        319.4470          0.0000

INFO:     429000        858.0000         13.8796         -0.4413         14.3209         10.9829          1.9060          9.9355          1.0243          4.4538          0.7107         -0.6443          0.3045        -19.7769          1.6451          1.6451          0.0000        266.9120          0.0000

INFO:     432000        864.0000         14.3043          1.5770         12.7273         14.2844          4.0779         10.5362          0.4035          2.7720          0.3920         -0.3863          0.1411        -17.2928          0.9335          0.9335          0.0000        237.2097          0.0000

INFO:     435000        870.0000         11.6223         -2.3245         13.9469          9.5526          1.6184         10.6836          0.8682          3.3987          0.2469         -0.4261         -0.7906        -19.3192          1.3955          1.3955          0.0000        259.9399          0.0000

INFO:     438000        876.0000         16.8257          4.0292         12.7965         17.6949          7.2307          7.8869          0.8685          3.6622          0.5825         -1.1948         -0.1971        -18.1184          3.3088          3.3088          0.0000        238.4998          0.0000

INFO:     441000        882.0000         14.3397         -1.2877         15.6275         13.4174          3.2520          9.0457          0.3212          4.0939          0.9338         -1.1412         -1.5610        -18.1677          1.9355          1.9355          0.0000        291.2635          0.0000

INFO:     444000        888.0000         16.1421          1.5746         14.5675         13.5775          2.4111          9.1985          0.3479          6.2510          2.7200         -2.4989         -0.5461        -21.0146          4.7057          4.7057          0.0000        271.5067          0.0000

INFO:     447000        894.0000         23.1719          9.0202         14.1517         24.3764          6.2113         12.6026          0.6964          3.6933          0.1911         -1.0055         -1.3259        -16.5595          4.5167          4.5167          0.0000        263.7576          0.0000

INFO:     450000        900.0000         19.0371          5.0215         14.0155         16.5978          2.6134         12.6374          0.5944          4.5120          0.9949         -1.1302         -0.7510        -17.3444          2.8951          2.8951          0.0000        261.2200          0.0000

