Generate_Velocity> Generate initial velocities
  iseed           =       3999
  temperature     =    300.000
 
INFO:       STEP            TIME       TOTAL_ENE   POTENTIAL_ENE     KINETIC_ENE            RMSG            BOND           ANGLE    UREY-BRADLEY        DIHEDRAL        IMPROPER            CMAP         VDWAALS           ELECT RESTRAINT_TOTAL    RESTRAINT001    RESTR_CVS001     TEMPERATURE          VOLUME
 --------------- --------------- --------------- --------------- ---------------
INFO:          0          0.0000         32.4394         17.7968         14.6426         13.5565          4.6777         12.1321          0.8349          4.2431          1.4577         -0.4120         -1.1955        -19.8189         15.8778         15.8778          0.0000        272.9068          0.0000

INFO:       3000          6.0000         25.8251          0.5769         25.2483         16.4329          3.6637          8.3064          0.9119          6.3930          1.0490         -2.6368          0.4426        -21.1655          3.6125          3.6125          0.0000        470.5747          0.0000

INFO:       6000         12.0000         19.5612          5.3810         14.1802         14.6968          2.4804         12.6152          0.8879          3.6434          0.2840         -1.2396         -0.3130        -15.8081          2.8308          2.8308          0.0000        264.2891          0.0000

INFO:       9000         18.0000         14.4456         -0.9438         15.3893         11.6688          2.5449          7.6130          0.5077          5.2519          1.2107         -2.5673         -0.7409        -19.5366          4.7729          4.7729          0.0000        286.8246          0.0000

INFO:      12000         24.0000         15.0893          0.8408         14.2485         15.7663          3.0506          8.9804          0.5808          6.3700          0.8435         -2.6221          0.3037        -21.0822          4.4161          4.4161          0.0000        265.5610          0.0000

INFO:      15000         30.0000         11.6970         -2.8414         14.5383         10.9603          0.9220         10.4660          0.3039          4.0826          0.3415         -0.8175         -0.5600        -19.8884          2.3086          2.3086          0.0000        270.9635          0.0000

INFO:      18000         36.0000         19.2334          5.9435         13.2899         13.6118          2.3990         11.1024          0.6813          4.3240          0.5678         -1.6208          1.9845        -17.0359          3.5413          3.5413          0.0000        247.6951          0.0000

INFO:      21000         42.0000         20.0699          2.3208         17.7491         15.5688          3.9296         10.8335          0.8851          4.5004          0.8538         -1.1375         -1.0229        -19.0791          2.5577          2.5577          0.0000        330.8058          0.0000

INFO:      24000         48.0000         20.7898          7.8848         12.9050         16.6807          2.4471         10.7893          2.0512          5.8520          0.9747         -1.5103          1.1770        -20.5388          6.6426          6.6426          0.0000        240.5228          0.0000

INFO:      27000         54.0000         25.7504          7.6636         18.0868         15.8690          3.1342         13.5530          2.5851          4.5199          0.5713         -1.0715         -1.4119        -19.9768          5.7604          5.7604          0.0000        337.0991          0.0000

INFO:      30000         60.0000         22.4513          4.3025         18.1488         15.8033          7.9123          7.3456          0.9907          5.4324          0.7517         -2.7532         -1.3655        -19.8082          5.7966          5.7966          0.0000        338.2556          0.0000

INFO:      33000         66.0000         20.5256          5.2393         15.2862         11.0886          0.8648         12.7559          1.7528          5.1611          0.2107         -0.8967          1.7867        -21.3782          4.9823          4.9823          0.0000        284.9028          0.0000

INFO:      36000         72.0000         21.8630          5.3816         16.4814         17.3952          3.0018         13.5852          1.4888          4.4491          1.0557         -1.2153          0.1493        -20.7657          3.6325          3.6325          0.0000        307.1783          0.0000

INFO:      39000         78.0000         21.1846          6.0522         15.1324         14.4053          2.5170         13.3279          0.4053          8.0565          0.2397         -2.6095          0.0047        -20.8288          4.9394          4.9394          0.0000        282.0353          0.0000

INFO:      42000         84.0000         24.6588          5.3033         19.3555         12.3609          2.9357         14.3525          2.7054          4.5503          0.4539         -2.1272          0.6066        -20.9533          2.7795          2.7795          0.0000        360.7464          0.0000

INFO:      45000         90.0000         24.0100          1.8880         22.1220         14.8898          5.1594          9.5368          0.4778          4.4689          0.3056         -0.8182          1.2914        -21.4398          2.9061          2.9061          0.0000        412.3079          0.0000

INFO:      48000         96.0000         28.1508          8.2839         19.8669         19.6562          4.2334         12.2200          0.6267          6.2046          1.0008         -2.4969          0.2316        -18.0901          4.3537          4.3537          0.0000        370.2775          0.0000

INFO:      51000        102.0000         22.2686          2.9557         19.3129         13.2933          7.5902         10.3480          0.5694          5.1283          0.2847         -1.5651         -1.2331        -21.1787          3.0120          3.0120          0.0000        359.9509          0.0000

INFO:      54000        108.0000         20.5259          0.2402         20.2857         13.0362          2.2037         12.8803          0.8486          4.6201          0.4732         -1.2355         -0.9074        -20.5666          1.9239          1.9239          0.0000        378.0832          0.0000

INFO:      57000        114.0000         22.8211          5.8582         16.9629         14.7833          3.4777          9.5208          0.9060          5.4158          1.2286         -2.0306          1.5505        -17.5686          3.3581          3.3581          0.0000        316.1521          0.0000

INFO:      60000        120.0000         26.0534         10.6199         15.4335         18.3827          8.4961         14.4353          2.5374          5.1352          0.7463         -1.4059         -0.6933        -22.3439          3.7127          3.7127          0.0000        287.6471          0.0000

INFO:      63000        126.0000         21.2965          3.7140         17.5825         15.2872          2.7429         13.5349          0.4462          5.4863          1.5897         -2.6193         -0.4323        -20.0606          3.0261          3.0261          0.0000        327.7003          0.0000

INFO:      66000        132.0000         17.2721          2.8498         14.4223         15.2251          3.2568         10.7911          1.6928          5.6275          1.2735         -1.3747         -0.5665        -19.1387          1.2879          1.2879          0.0000        268.8003          0.0000

INFO:      69000        138.0000         17.9009          0.3167         17.5842         12.9065          2.8140          9.3765          0.6879          5.5654          1.5386         -1.6081         -0.3170        -20.0819          2.3413          2.3413          0.0000        327.7329          0.0000

INFO:      72000        144.0000         21.0377          2.5314         18.5063         15.6870          3.0283         12.4594          0.5202          3.4894          1.0042         -1.0568         -0.1295        -17.9079          1.1240          1.1240          0.0000        344.9187          0.0000

INFO:      75000        150.0000         23.5345          0.2105         23.3240         12.0824          4.7195         12.0456          0.3186          4.0545          0.5310         -1.8647         -0.4974        -22.2945          3.1979          3.1979          0.0000        434.7098          0.0000

INFO:      78000        156.0000         19.9108          6.2137         13.6971         17.4718          4.7580          9.5053          1.1437          7.1218          1.2603         -3.1579          0.0300        -19.1888          4.7414          4.7414          0.0000        255.2842          0.0000

INFO:      81000        162.0000         21.9879          4.3326         17.6552         10.8254          3.0345          8.7718          0.5710          7.1336          1.7299         -1.9739          0.2805        -19.7236          4.5088          4.5088          0.0000        329.0564          0.0000

INFO:      84000        168.0000         21.8941          4.5404         17.3537         15.1134          3.5162          9.8839          0.6795          6.7785          2.7984         -1.6552          0.5442        -20.8913          2.8862          2.8862          0.0000        323.4363          0.0000

INFO:      87000        174.0000         22.7773          2.9434         19.8339         14.6696          1.2564          8.9528          0.5257          7.4335          1.8724         -2.2044          0.0408        -18.8216          3.8879          3.8879          0.0000        369.6620          0.0000

INFO:      90000        180.0000         20.4636          5.0619         15.4018         12.8637          1.3549         14.7767          1.0381          3.9212          1.0422         -1.3124         -0.6086        -18.2048          3.0546          3.0546          0.0000        287.0561          0.0000

INFO:      93000        186.0000         15.1184          2.5238         12.5946         17.1242          3.5231          7.6626          0.3758          7.4383          1.5482         -2.8883         -0.7872        -18.2440          3.8953          3.8953          0.0000        234.7372          0.0000

INFO:      96000        192.0000         13.2140          0.3610         12.8530         15.7503          3.4900         11.1823          0.7542          5.3126          0.7576         -1.4225         -0.6042        -20.7702          1.6612          1.6612          0.0000        239.5525          0.0000

INFO:      99000        198.0000         24.0818          0.2095         23.8722         10.7660          2.6134          9.7660          1.0614          4.6964          1.3947         -1.3372         -0.9682        -19.3970          2.3800          2.3800          0.0000        444.9280          0.0000

INFO:     102000        204.0000         20.5423          0.6774         19.8649         11.3737          3.1083          4.9969          1.7014          5.1801          1.0147         -1.3195          1.6581        -19.0742          3.4114          3.4114          0.0000        370.2395          0.0000

INFO:     105000        210.0000         21.4783          5.6253         15.8530         19.3074          6.5047         11.3117          0.5664          4.5130          1.1481         -1.0536         -0.2925        -18.6567          1.5841          1.5841          0.0000        295.4668          0.0000

INFO:     108000        216.0000         21.1249          2.1750         18.9499         23.2474          3.2439         12.7761          0.8676          4.1602          0.5967         -1.3314         -1.0923        -18.6184          1.5726          1.5726          0.0000        353.1869          0.0000

INFO:     111000        222.0000         22.1646          7.8177         14.3469         18.6125          3.8631          8.3362          0.6000          4.7045          0.4465         -2.4932          1.9442        -15.3930          5.8095          5.8095          0.0000        267.3954          0.0000

INFO:     114000        228.0000         17.7454          3.9917         13.7537         14.1097          3.8874          9.5073          0.8866          5.1722          0.9688         -1.9818         -0.8578        -19.5879          5.9969          5.9969          0.0000        256.3402          0.0000

INFO:     117000        234.0000         16.6996          2.4470         14.2526         17.1641          4.8872          9.6950          0.7044          4.6887          0.5248         -1.1292         -0.3232        -20.5056          3.9049          3.9049          0.0000        265.6382          0.0000

INFO:     120000        240.0000         21.0307          4.8367         16.1941         16.8114          2.3414         12.2238          1.3906          5.7192          0.1985         -0.9579         -0.4679        -19.5406          3.9297          3.9297          0.0000        301.8230          0.0000

INFO:     123000        246.0000         18.8944          3.7408         15.1536         15.6984          3.4374         12.3752          0.5359          5.4519          0.5644         -0.5612         -1.4968        -19.0375          2.4715          2.4715          0.0000        282.4308          0.0000

INFO:     126000        252.0000         23.3974          0.5679         22.8295         16.7904          2.9707         10.1021          0.1202          5.1843          1.2087         -2.3514         -0.2427        -19.4121          2.9882          2.9882          0.0000        425.4929          0.0000

INFO:     129000        258.0000         31.3231         12.3056         19.0175         18.4975          5.7569         16.9771          1.0366          4.2142          0.9539         -0.5507          2.1325        -21.7069          3.4921          3.4921          0.0000        354.4462          0.0000

INFO:     132000        264.0000         29.9936          9.7826         20.2110         20.9047          3.3740         14.0085          0.8051          6.3831          1.2613         -1.6604          1.4386        -19.1340          3.3063          3.3063          0.0000        376.6903          0.0000

INFO:     135000        270.0000         26.7809          9.6422         17.1387         19.2326          3.3068         14.0309          1.6587          6.7029          2.2032         -2.1726         -0.6421        -18.8206          3.3749          3.3749          0.0000        319.4292          0.0000

INFO:     138000        276.0000         20.6118          6.8998         13.7119         20.0050          4.3671         11.8327          1.0425          5.8953          1.3915         -2.3001         -0.3595        -18.4169          3.4471          3.4471          0.0000        255.5616          0.0000

INFO:     141000        282.0000         22.4115          4.5767         17.8348         17.0967          4.9824         11.0078          0.5094          3.1947          1.2960         -1.4002          0.1852        -18.5917          3.3930          3.3930          0.0000        332.4028          0.0000

INFO:     144000        288.0000         18.2394          2.8583         15.3811         15.0737          2.5013         11.6634          1.0591          4.2441          1.0896         -1.2334         -0.2181        -18.8038          2.5562          2.5562          0.0000        286.6713          0.0000

INFO:     147000        294.0000         17.2031          4.8649         12.3383         18.1343          2.8587         10.7418          0.3428          4.3862          1.3085         -2.6138          0.4125        -18.9815          6.4096          6.4096          0.0000        229.9594          0.0000

INFO:     150000        300.0000         15.5419          2.5844         12.9576         15.7431          2.1570         12.1634          0.7999          3.4259          0.8137         -1.1991         -1.0019        -18.2766          3.7021          3.7021          0.0000        241.5017          0.0000

INFO:     153000        306.0000         13.8882         -1.8455         15.7337         11.4053          3.0490         11.0518          0.3830          5.5056          0.1086         -0.8685         -0.9201        -22.0527          1.8978          1.8978          0.0000        293.2426          0.0000

INFO:     156000        312.0000         18.1289          2.0782         16.0508         14.8137          3.8099          7.4277          0.6539          2.9219          0.7047         -1.3715          0.1451        -16.8409          4.6276          4.6276          0.0000        299.1522          0.0000

INFO:     159000        318.0000         15.6284          0.1663         15.4622         12.3963          1.2492         13.7927          0.5255          4.6177          0.4293         -1.0699         -1.8797        -19.5164          2.0179          2.0179          0.0000        288.1819          0.0000

INFO:     162000        324.0000         17.1947          3.1026         14.0921         16.6630          1.4689         10.8786          0.7425          5.6282          0.4643         -2.7630          0.3369        -18.2012          4.5474          4.5474          0.0000        262.6470          0.0000

INFO:     165000        330.0000         24.4024          5.7390         18.6635         16.1450          7.5621         12.7179          1.7805          4.4905          0.6445         -0.6963         -1.0589        -21.1259          1.4246          1.4246          0.0000        347.8476          0.0000

INFO:     168000        336.0000         25.7246          6.8954         18.8292         18.7790          5.1459          7.8323          0.5241          8.3454          1.2070         -2.7645          0.2221        -18.4891          4.8721          4.8721          0.0000        350.9365          0.0000

INFO:     171000        342.0000         22.6366          3.3674         19.2692         13.6067          4.3179         12.7872          1.6431          5.3931          0.7385         -2.3767         -1.7334        -22.1027          4.7002          4.7002          0.0000        359.1381          0.0000

INFO:     174000        348.0000         18.0712          0.0252         18.0460         14.9891          3.5500          7.9912          0.6162          6.5886          0.7257         -2.1257         -0.6573        -19.8454          3.1819          3.1819          0.0000        336.3397          0.0000

INFO:     177000        354.0000         16.0615          6.0079         10.0536         19.8200          3.6793         10.9739          1.2614          5.2082          0.6151         -2.4747          0.8149        -20.5093          6.4393          6.4393          0.0000        187.3772          0.0000

INFO:     180000        360.0000         11.7800          0.8497         10.9303         13.4562          2.7864          7.2396          0.5011          6.0815          0.7913         -2.1608          1.4991        -19.2563          3.3679          3.3679          0.0000        203.7175          0.0000

INFO:     183000        366.0000         17.3406         -1.4285         18.7690         13.9813          3.4189         11.2215          0.5872          5.0086          0.7622         -1.7762         -0.3267        -22.3329          2.0089          2.0089          0.0000        349.8153          0.0000

INFO:     186000        372.0000         12.5052          2.9185          9.5867         15.2993          5.0866         11.6182          0.7698          4.6530          0.4021         -0.8079         -0.7951        -19.7832          1.7750          1.7750          0.0000        178.6758          0.0000

INFO:     189000        378.0000         11.8153          1.4552         10.3600         17.2514          2.6250         12.0733          0.8656          3.3069          0.6363         -1.1313          0.7021        -18.9092          1.2865          1.2865          0.0000        193.0890          0.0000

INFO:     192000        384.0000          6.1063         -4.6084         10.7146          9.8134          3.5563          3.7730          0.5966          3.2590          0.3038         -1.3333         -0.1351        -16.4353          1.8066          1.8066          0.0000        199.6983          0.0000

INFO:     195000        390.0000          5.7743         -2.9669          8.7412         11.1306          2.4040          5.4631          0.2458          3.7544          0.5971         -1.2979         -0.4080        -16.3529          2.6276          2.6276          0.0000        162.9166          0.0000

INFO:     198000        396.0000         15.7259         -0.8189         16.5447         12.8165          2.1090         11.4600          1.2244          3.6224          0.3570         -1.3331         -0.5947        -19.2894          1.6255          1.6255          0.0000        308.3589          0.0000

INFO:     201000        402.0000         19.0517          4.2310         14.8207         19.2092          3.4190         11.5809          0.7720          4.3686          0.2177         -0.9618          0.7870        -19.7587          3.8064          3.8064          0.0000        276.2256          0.0000

INFO:     204000        408.0000         21.7893          4.1910         17.5984         15.0049          4.8767          8.9663          0.6672          5.4514          1.7590         -2.7757          0.2185        -18.2400          3.2675          3.2675          0.0000        327.9960          0.0000

INFO:     207000        414.0000         19.1010          2.5000         16.6010         16.5591          1.3024         11.7992          1.3138          3.0432          1.0435         -0.9841         -0.4970        -16.9266          2.4058          2.4058          0.0000        309.4074          0.0000

INFO:     210000        420.0000         19.1211          2.1797         16.9414         16.3771          3.1462          7.9799          0.8871          5.4500          1.0052         -2.7160         -0.2799        -17.9483          4.6555          4.6555          0.0000        315.7513          0.0000

INFO:     213000        426.0000         15.3252          1.9675         13.3578         16.4074          3.5030          8.7336          0.5436          4.6691          2.3022         -1.5668         -0.7855        -18.0476          2.6159          2.6159          0.0000        248.9604          0.0000

INFO:     216000        432.0000         15.5249         -0.4551         15.9800         19.7582          4.0525          6.1038          0.7554          5.5939          2.6274         -2.7130         -0.3136        -19.0325          2.4710          2.4710          0.0000        297.8329          0.0000

INFO:     219000        438.0000         10.2700         -1.1767         11.4467         12.5873          1.0787         10.8117          0.5165          3.9304          0.8997         -1.2941         -1.2396        -17.9396          2.0596          2.0596          0.0000        213.3418          0.0000

INFO:     222000        444.0000         13.7229         -0.5746         14.2975         16.6168          2.5096          7.1954          1.0751          4.1897          1.6958         -1.4064         -0.5264        -17.0550          1.7476          1.7476          0.0000        266.4753          0.0000

INFO:     225000        450.0000         20.4357          4.2777         16.1580         16.1130          3.6521         11.4117          0.4979          5.8439          2.0099         -1.3922          0.1500        -21.6281          3.7326          3.7326          0.0000        301.1513          0.0000

INFO:     228000        456.0000         17.8698          1.9459         15.9239         16.0720          2.8160         10.8519          0.7601          7.9279          1.1873         -2.7408         -1.2134        -20.9446          3.3015          3.3015          0.0000        296.7884          0.0000

INFO:     231000        462.0000         20.0005          0.7343         19.2661         13.1248          2.7841          9.2920          0.9706          4.9783          1.0183         -2.4267          1.2266        -19.2226          2.1136          2.1136          0.0000        359.0802          0.0000

INFO:     234000        468.0000         21.3704          3.1513         18.2192         22.2501          5.8460          8.3506          0.8708          5.4960          1.2944         -2.1696         -0.1055        -20.5087          4.0772          4.0772          0.0000        339.5670          0.0000

INFO:     237000        474.0000         16.1575          0.8839         15.2736         13.6243          1.4931          7.7589          1.5440          5.5494          2.2870         -2.4294          0.1855        -19.2627          3.7581          3.7581          0.0000        284.6669          0.0000

INFO:     240000        480.0000         17.5749          3.4595         14.1155         15.7058          3.0637         12.0169          0.6355          4.7436          1.1789         -0.7714         -1.1176        -18.9800          2.6899          2.6899          0.0000        263.0822          0.0000

INFO:     243000        486.0000         14.7188          1.4360         13.2828         16.6206          3.7244          7.4156          1.1283          4.8335          0.5234         -2.1256          0.0972        -19.3774          5.2165          5.2165          0.0000        247.5632          0.0000

INFO:     246000        492.0000         18.5107          0.9162         17.5945         14.2852          2.7656         10.0889          0.6615          3.8407          0.5615         -1.0169         -0.0539        -19.9064          3.9752          3.9752          0.0000        327.9244          0.0000

INFO:     249000        498.0000         12.8423          0.7290         12.1133         11.4145          2.4427          9.2502          0.7542          3.6761          0.0892         -1.0517         -0.6503        -18.6585          4.8772          4.8772          0.0000        225.7664          0.0000

INFO:     252000        504.0000         14.4275          5.6074          8.8201         18.0738          4.9999         12.6770          1.2717          3.8212          0.5444         -1.0390         -1.7715        -18.5795          3.6832          3.6832          0.0000        164.3885          0.0000

INFO:     255000        510.0000         14.0264          3.0205         11.0059         11.1103          3.8114          7.7229          0.3969          4.2301          0.3904         -1.5700          1.0958        -18.0494          4.9923          4.9923          0.0000        205.1266          0.0000

INFO:     258000        516.0000         11.6179         -2.2756         13.8936          9.4266          1.9184          7.1736          0.7302          5.8140          0.3506         -0.9317         -0.2959        -23.3660          6.3311          6.3311          0.0000        258.9465          0.0000

INFO:     261000        522.0000         14.4726         -1.1781         15.6507         12.7152          1.5011          6.1414          0.4920          5.1096          1.0918         -2.0394         -0.0539        -19.5573          6.1366          6.1366          0.0000        291.6954          0.0000

INFO:     264000        528.0000         17.4923          1.5284         15.9639         13.3897          5.4774          8.2962          0.3458          4.9683          0.1228         -0.3481         -1.5820        -22.2182          6.4661          6.4661          0.0000        297.5334          0.0000

INFO:     267000        534.0000         14.3470          2.8403         11.5067         17.5576          2.7136         10.4689          0.3288          5.2793          0.6635         -1.0121         -0.3006        -17.2066          1.9056          1.9056          0.0000        214.4602          0.0000

INFO:     270000        540.0000         14.3937         -2.4981         16.8918         11.9143          1.1155          9.6733          0.3533          5.0967          1.3411         -0.8615          0.3146        -20.3276          0.7965          0.7965          0.0000        314.8268          0.0000

INFO:     273000        546.0000         21.7618          4.9002         16.8616         14.5906          4.1132         12.5708          0.4098          6.2144          0.9978         -2.6588         -1.3944        -20.0339          4.6812          4.6812          0.0000        314.2651          0.0000

INFO:     276000        552.0000         17.5197          1.8132         15.7065         15.4169          3.8052         11.1725          0.7529          5.5081          0.6809         -2.6423         -0.8860        -19.8078          3.2297          3.2297          0.0000        292.7368          0.0000

INFO:     279000        558.0000         22.3621          5.4208         16.9413         14.3821          2.1826         12.4944          0.7681          7.3485          0.4672         -2.7070         -0.2362        -18.4246          3.5278          3.5278          0.0000        315.7503          0.0000

INFO:     282000        564.0000         15.7595          0.5290         15.2305         12.4008          2.7540          8.3557          0.9400          4.6626          0.6162         -1.5965         -0.1041        -17.4457          2.3468          2.3468          0.0000        283.8636          0.0000

INFO:     285000        570.0000         12.0179          1.3001         10.7178         11.7354          2.2851          7.1886          0.1732          5.9224          1.9594         -2.3921          0.2614        -18.3761          4.2781          4.2781          0.0000        199.7567          0.0000

INFO:     288000        576.0000         16.6376          1.5192         15.1185         12.3817          2.4447          8.2917          0.3628          5.6061          0.6209         -1.4666         -0.6139        -17.5249          3.7983          3.7983          0.0000        281.7764          0.0000

INFO:     291000        582.0000         18.8476          3.4411         15.4065         18.0063          2.1068         12.2664          0.3332          5.7227          1.7443         -0.7807          0.7978        -21.6891          2.9397          2.9397          0.0000        287.1445          0.0000

INFO:     294000        588.0000         18.4757          5.0197         13.4560         16.5255          5.8270         10.3262          0.5682          4.3374          0.5622         -1.2644          0.3708        -19.4828          3.7751          3.7751          0.0000        250.7918          0.0000

INFO:     297000        594.0000         15.2083         -0.9420         16.1503         15.4193          2.5625          7.1872          0.4536          4.6681          0.2166         -2.2870         -0.2367        -16.7723          3.2658          3.2658          0.0000        301.0078          0.0000

INFO:     300000        600.0000         12.6964         -3.3460         16.0424         12.5075          1.6270          4.7379          0.3804          4.8856          0.4871         -1.8745          0.5127        -16.7181          2.6159          2.6159          0.0000        298.9957          0.0000

INFO:     303000        606.0000         14.9503         -1.4897         16.4400         11.7120          0.5124          6.4544          0.2532          5.0338          1.5571         -3.0026         -0.0835        -17.8947          5.6802          5.6802          0.0000        306.4066          0.0000

INFO:     306000        612.0000         20.1158          5.0346         15.0812         14.9432          2.9636         11.1542          0.4291          6.5079          1.9243         -1.2752         -1.1241        -19.1545          3.6093          3.6093          0.0000        281.0808          0.0000

INFO:     309000        618.0000         18.4260          6.7550         11.6711         16.8698          5.7621         10.5943          1.4327          7.1360          1.0050         -0.9837          0.6482        -23.6690          4.8292          4.8292          0.0000        217.5245          0.0000

INFO:     312000        624.0000         18.9985          5.5750         13.4235         21.6356          5.1422         12.4066          0.6368          6.3796          0.0975         -2.3227         -0.6241        -20.0417          3.9009          3.9009          0.0000        250.1857          0.0000

INFO:     315000        630.0000         14.4862         -3.6229         18.1091         11.5405          1.0497          6.9635          0.3832          6.1974          0.7985         -2.1043          1.0744        -20.8507          2.8656          2.8656          0.0000        337.5147          0.0000

INFO:     318000        636.0000         23.9733          3.5586         20.4147         14.9284          2.8945          9.0147          0.8757          7.1146          0.3316         -1.8742          0.5686        -18.5213          3.1545          3.1545          0.0000        380.4863          0.0000

INFO:     321000        642.0000         19.5538          6.6150         12.9388         19.0633          6.9758         11.5636          0.3166          3.6337          0.3715         -1.4920         -0.4529        -19.0438          4.7425          4.7425          0.0000        241.1516          0.0000

INFO:     324000        648.0000         19.3596          2.2465         17.1132         17.3372          5.0162          6.4395          0.3761          5.3771          1.1583         -3.0099         -0.6562        -19.0382          6.5837          6.5837          0.0000        318.9538          0.0000

INFO:     327000        654.0000         22.7198          5.5432         17.1766         17.8787          7.5595          8.6470          0.4533          6.3730          0.8913         -2.5152         -0.4589        -19.0055          3.5987          3.5987          0.0000        320.1363          0.0000

INFO:     330000        660.0000         23.4749         -0.1056         23.5804         10.4736          2.0030          9.4776          0.4500          7.7710          2.2093         -2.0700         -0.8428        -22.0315          2.9278          2.9278          0.0000        439.4897          0.0000

INFO:     333000        666.0000         18.3050          4.4953         13.8097         13.1423          1.9014         14.2802          1.2959          3.6105          0.3089         -1.3855         -0.7472        -17.7343          2.9655          2.9655          0.0000        257.3835          0.0000

INFO:     336000        672.0000         22.3087          5.8997         16.4091         14.3014          2.5016         17.6208          1.2652          3.7503          0.9740         -0.4994         -0.1851        -22.9185          3.3909          3.3909          0.0000        305.8304          0.0000

INFO:     339000        678.0000         28.3029          8.9272         19.3756         17.4428          5.4866          9.3760          0.7271          5.0418          1.2654         -1.8695         -0.2744        -16.6379          5.8123          5.8123          0.0000        361.1208          0.0000

INFO:     342000        684.0000         22.7526          5.2622         17.4904         13.1822          1.9166         18.3256          0.7458          8.5970          1.1311         -1.3047         -0.3978        -26.3794          2.6280          2.6280          0.0000        325.9845          0.0000

INFO:     345000        690.0000         22.9381          6.6712         16.2669         16.6978          2.5165         14.2680          0.2088          6.0041          2.6068         -0.9214         -0.8835        -20.3027          3.1745          3.1745          0.0000        303.1798          0.0000

INFO:     348000        696.0000         21.1683          6.3505         14.8178         18.5173          3.6619         15.8036          0.7322          4.1209          0.4564         -0.7900         -0.1219        -19.6249          2.1124          2.1124          0.0000        276.1719          0.0000

INFO:     351000        702.0000         21.8373          2.8513         18.9860         17.2561          2.6792         12.4313          1.5701          5.2877          0.1672         -2.2854          0.5725        -20.9125          3.3413          3.3413          0.0000        353.8583          0.0000

INFO:     354000        708.0000         19.0352          6.2034         12.8318         14.9968          3.2955         12.5659          0.3510          3.8765          0.7588         -1.0200         -0.5544        -18.1905          5.1205          5.1205          0.0000        239.1583          0.0000

INFO:     357000        714.0000         18.5065          4.2375         14.2690         14.4528          4.7876         12.3467          1.0737          5.2434          0.9175         -2.3225         -1.6645        -20.4810          4.3366          4.3366          0.0000        265.9436          0.0000

INFO:     360000        720.0000         22.3332          4.1131         18.2201         16.6308          3.0954         11.3793          0.7507          5.4316          1.3283         -0.7784          0.4525        -19.9398          2.3936          2.3936          0.0000        339.5844          0.0000

INFO:     363000        726.0000         19.7270          3.3359         16.3910         16.1248          6.0272          8.0569          1.1275          4.6665          1.3379         -2.1543         -1.1561        -18.3724          3.8028          3.8028          0.0000        305.4945          0.0000

INFO:     366000        732.0000         24.6711          6.1025         18.5687         16.4753          5.0479         10.4351          1.4826          7.3677          1.3270         -2.0966          0.3906        -22.0704          4.2186          4.2186          0.0000        346.0805          0.0000

INFO:     369000        738.0000         21.7582          6.8833         14.8749         14.6157          2.7472         13.8705          0.9062          4.5828          0.4538         -0.5546         -0.9900        -20.9443          6.8118          6.8118          0.0000        277.2361          0.0000

INFO:     372000        744.0000         19.9375          3.0883         16.8492         15.0017          3.0019         12.2050          0.5227          3.4582          1.5887         -1.4412         -0.4896        -17.8972          2.1399          2.1399          0.0000        314.0330          0.0000

INFO:     375000        750.0000         19.5844          1.8292         17.7551         16.7766          2.2869         12.6415          0.7992          4.3523          1.2388         -2.4635         -0.7296        -20.1294          3.8331          3.8331          0.0000        330.9183          0.0000

INFO:     378000        756.0000         22.6999          4.6195         18.0804         14.0885          2.6550         12.7788          0.7914          5.6566          0.6159         -0.8871          2.6542        -22.2166          2.5712          2.5712          0.0000        336.9801          0.0000

INFO:     381000        762.0000         27.6090          6.8737         20.7352         21.7315          3.8074         16.7074          0.7416          4.6123          0.9401         -1.4555          1.0030        -21.4571          1.9745          1.9745          0.0000        386.4611          0.0000

INFO:     384000        768.0000         21.2603          6.5382         14.7221         23.7092          4.0612         14.3065          0.6527          3.3338          1.2064         -1.2588         -0.7472        -18.0677          3.0513          3.0513          0.0000        274.3881          0.0000

INFO:     387000        774.0000         22.4233          8.2332         14.1901         17.3011          2.9972         10.1124          0.6478          5.7547          1.9106         -0.9597          2.5703        -19.8674          5.0672          5.0672          0.0000        264.4731          0.0000

INFO:     390000        780.0000         21.7805          6.0263         15.7542         16.5475          3.7978          9.1403          2.0175          5.6032          1.0172         -2.8995          1.7736        -17.7964          3.3727          3.3727          0.0000        293.6251          0.0000

INFO:     393000        786.0000         21.8507          6.5423         15.3084         14.2886          3.6085          8.5184          1.1067          4.9774          0.6863         -1.7414          0.8817        -17.8600          6.3647          6.3647          0.0000        285.3155          0.0000

INFO:     396000        792.0000         20.6916          1.9790         18.7127         13.6340          2.0268          8.3716          0.6179          4.6209          1.5859         -1.2046          1.5813        -18.4657          2.8449          2.8449          0.0000        348.7643          0.0000

INFO:     399000        798.0000         15.7493          1.2911         14.4582         16.7738          5.4890          5.3838          0.5458          5.2356          0.3178         -1.4412          1.2354        -21.7595          6.2845          6.2845          0.0000        269.4703          0.0000

INFO:     402000        804.0000         16.0670          4.9336         11.1334         15.4854          2.5929          9.4185          0.6906          4.1569          1.1633         -0.5630          1.6573        -18.5965          4.4136          4.4136          0.0000        207.5024          0.0000

INFO:     405000        810.0000         16.4885          1.5184         14.9701         13.4914          3.1968          8.5974          0.3226          5.4039          1.9953         -1.1866          0.2077        -20.1352          3.1166          3.1166          0.0000        279.0104          0.0000

INFO:     408000        816.0000         16.2722          3.6399         12.6323         13.4684          1.6987          7.1579          1.5450          7.7085          0.9562         -2.1489          0.3788        -19.5425          5.8861          5.8861          0.0000        235.4392          0.0000

INFO:     411000        822.0000         15.0103         -0.9653         15.9756         10.3823          1.1732          6.5013          0.5992          6.4457          0.9102         -2.7919         -0.7204        -17.8968          4.8141          4.8141          0.0000        297.7522          0.0000

INFO:     414000        828.0000         18.8309          2.2213         16.6097         15.7917          4.7087          8.1081          1.2212          4.6096          0.5098         -1.3410         -0.6449        -17.9416          2.9913          2.9913          0.0000        309.5689          0.0000

INFO:     417000        834.0000         24.5506          8.2274         16.3233         20.1960          7.4619          9.8967          0.5986          4.7866          0.2927         -0.9423          0.6272        -21.2646          6.7706          6.7706          0.0000        304.2315          0.0000

INFO:     420000        840.0000         24.8337          7.8147         17.0190         16.8019          2.3051         10.3917          0.8103          9.1623          1.5508         -1.1158          2.8334        -20.6425          2.5193          2.5193          0.0000        317.1984          0.0000

INFO:     423000        846.0000         20.5642          4.5047         16.0595         17.4788          1.8103          8.4477          0.9150          5.2477          2.3648         -1.3581          1.5729        -18.5734          4.0779          4.0779          0.0000        299.3155          0.0000

INFO:     426000        852.0000         18.6099          4.5576         14.0523         20.0748          3.1406         12.9410          0.3283          6.3659          1.6202         -2.5601         -1.4194        -18.7423          2.8833          2.8833          0.0000        261.9045          0.0000

INFO:     429000        858.0000         18.7398          6.7335         12.0062         16.5977          2.2601         16.3723          1.0770          4.1680          0.1991         -2.0788          1.3902        -20.3912          3.7370          3.7370          0.0000        223.7710          0.0000

INFO:     432000        864.0000         18.3152          4.5179         13.7973         13.7095          1.2482         11.0439          0.8004          7.1710          3.3931         -2.3073         -1.2604        -17.6633          2.0923          2.0923          0.0000        257.1524          0.0000

INFO:     435000        870.0000         17.3475          0.2897         17.0578         14.3148          2.1396          8.6596          0.5161          4.8503          0.6816         -1.1167          4.4003        -21.8038          1.9627          1.9627          0.0000        317.9208          0.0000

INFO:     438000        876.0000         15.2563          1.4979         13.7584         17.3066          5.4231          9.2232          0.5881          5.7241          1.3274         -1.7776         -1.1879        -20.4510          2.6285          2.6285          0.0000        256.4273          0.0000

INFO:     441000        882.0000         10.3669         -2.6367         13.0036         12.2075          0.6973          5.8661          0.2039          6.2393          3.0622         -2.1591         -0.0416        -19.0770          2.5722          2.5722          0.0000        242.3594          0.0000

INFO:     444000        888.0000         18.2994          0.1686         18.1308         13.6985          3.0683          9.8037          0.5582          5.6722          0.1433         -2.4108         -1.2401        -18.6846          3.2583          3.2583          0.0000        337.9203          0.0000

INFO:     447000        894.0000         21.8129          3.3450         18.4679         17.5782          5.0854         11.8841          0.4581          4.7809          0.4347         -0.9031         -0.7841        -21.3501          3.7391          3.7391          0.0000        344.2027          0.0000

INFO:     450000        900.0000         16.6444          3.4287         13.2157         14.2801          2.8862         11.8982          0.2796          5.4908          1.2073         -2.6147         -0.9970        -19.8648          5.1431          5.1431          0.0000        246.3121          0.0000

