Generate_Velocity> Generate initial velocities
  iseed           =       6999
  temperature     =    300.000
 
INFO:       STEP            TIME       TOTAL_ENE   POTENTIAL_ENE     KINETIC_ENE            RMSG            BOND           ANGLE    UREY-BRADLEY        DIHEDRAL        IMPROPER            CMAP         VDWAALS           ELECT RESTRAINT_TOTAL    RESTRAINT001    RESTR_CVS001     TEMPERATURE          VOLUME
 --------------- --------------- --------------- --------------- ---------------
INFO:          0          0.0000         82.9788         63.5222         19.4566         14.8539          4.6816         15.8935          0.8170          3.2653          0.5811          1.1190         -0.3569        -16.1973         53.7189         53.7189          0.0000        362.6302          0.0000

INFO:       3000          6.0000         65.3753         34.8342         30.5411         23.9311          4.8987         17.0061          0.6138          4.2345          0.0351          0.0774         -0.2733        -18.7138         26.9556         26.9556          0.0000        569.2217          0.0000

INFO:       6000         12.0000         45.5094         18.1409         27.3685         17.9498          2.6714         16.3836          2.1389          4.1031          1.7485          0.6111          2.0032        -22.1841         10.6650         10.6650          0.0000        510.0906          0.0000

INFO:       9000         18.0000         38.6169         15.8054         22.8116         18.8292          8.7927          7.0922          0.4934          5.5868          0.5959         -0.2242          3.6540        -21.8659         11.6803         11.6803          0.0000        425.1596          0.0000

INFO:      12000         24.0000         40.5292         17.9021         22.6271         17.1751          3.2195         17.5247          1.3835          5.0790          1.6608          0.6946          2.4201        -24.0019          9.9218          9.9218          0.0000        421.7211          0.0000

INFO:      15000         30.0000         36.6501         14.5696         22.0804         19.0153          2.1731         11.8018          0.3367          4.6014          0.6472         -0.2801          2.2511        -17.1755         10.2140         10.2140          0.0000        411.5323          0.0000

INFO:      18000         36.0000         38.2970         19.5858         18.7111         19.4752          3.4783         19.2809          0.9227          3.3072          0.3673          0.0592          1.1500        -19.3105         10.3308         10.3308          0.0000        348.7362          0.0000

INFO:      21000         42.0000         33.9298         13.9339         19.9959         18.8272          5.6329          8.5545          0.6459          4.6316          0.6699         -0.9679          0.5692        -17.6334         11.8314         11.8314          0.0000        372.6805          0.0000

INFO:      24000         48.0000         26.6718          5.6487         21.0231         13.1562          2.2652         12.4046          0.5687          3.4297          0.0710         -1.2135         -0.8731        -18.2556          7.2517          7.2517          0.0000        391.8258          0.0000

INFO:      27000         54.0000         26.5809          5.1831         21.3978         14.8724          3.9899          9.5100          0.8422          4.1000          1.8540          0.8488         -1.0794        -20.7467          5.8644          5.8644          0.0000        398.8091          0.0000

INFO:      30000         60.0000         20.8516          8.2581         12.5935         12.4029          2.5175         15.7073          0.9571          4.1875          0.2533          0.7172         -0.4352        -20.2259          4.5793          4.5793          0.0000        234.7171          0.0000

INFO:      33000         66.0000         20.3606          3.5079         16.8527          9.5879          2.6727          9.6561          0.5573          3.6902          0.3403          0.7941         -0.4428        -20.9393          7.1794          7.1794          0.0000        314.0983          0.0000

INFO:      36000         72.0000         21.2379          8.3125         12.9255         17.3041          2.6265         10.3517          0.7604          4.1896          1.9177         -0.2230          1.6258        -19.7392          6.8030          6.8030          0.0000        240.9031          0.0000

INFO:      39000         78.0000         17.7543          4.5003         13.2540         15.0805          2.8828         11.4898          0.5420          3.9516          0.4298          0.7634          0.9887        -21.4478          4.8999          4.8999          0.0000        247.0269          0.0000

INFO:      42000         84.0000         17.6657          2.4521         15.2136         13.2008          3.2017          7.9439          0.6910          5.4250          0.3089          0.5756         -0.2668        -19.0153          3.5881          3.5881          0.0000        283.5503          0.0000

INFO:      45000         90.0000         25.8361         10.0240         15.8121         19.5772          3.6853         10.7181          0.4845          8.0112          1.5139          0.4728          3.5047        -22.0019          3.6353          3.6353          0.0000        294.7042          0.0000

INFO:      48000         96.0000         21.8773          4.9002         16.9771         12.4749          2.6856         11.3645          0.7180          4.2798          0.0534          0.3761         -0.6136        -20.1854          6.2219          6.2219          0.0000        316.4181          0.0000

INFO:      51000        102.0000         21.3733          5.3587         16.0146         16.0085          4.5695         11.2691          0.3031          3.4731          1.7845         -0.3519         -0.2769        -19.5662          4.1544          4.1544          0.0000        298.4774          0.0000

INFO:      54000        108.0000         20.1560          1.3689         18.7871          9.4846          1.4711          9.9721          0.7852          5.4901          0.5439          0.4205          0.2583        -23.1429          5.5707          5.5707          0.0000        350.1515          0.0000

INFO:      57000        114.0000         22.0175          5.1520         16.8656         14.2022          6.4264         11.7421          1.6386          5.3611          1.0063         -0.5372         -1.2314        -25.4134          6.1595          6.1595          0.0000        314.3385          0.0000

INFO:      60000        120.0000         17.3101          2.1893         15.1208         16.3393          2.6664         10.9870          0.5684          5.7250          0.7408          0.5235          0.8288        -24.1585          4.3078          4.3078          0.0000        281.8193          0.0000

INFO:      63000        126.0000         19.7481          2.6672         17.0809         14.6573          2.7765         11.1601          0.6904          6.5946          0.3808          0.2644          0.5726        -23.6016          3.8294          3.8294          0.0000        318.3516          0.0000

INFO:      66000        132.0000         24.0087          4.2930         19.7157         15.5933          1.5080         12.3067          1.1838          5.0263          0.1058          0.7427          0.0739        -20.1064          3.4522          3.4522          0.0000        367.4583          0.0000

INFO:      69000        138.0000         26.6926          8.8262         17.8664         16.1656          2.5476         13.2753          0.4467          5.4628          1.2487          0.3014         -0.4950        -19.9914          6.0302          6.0302          0.0000        332.9915          0.0000

INFO:      72000        144.0000         23.8920          9.9203         13.9717         17.4181          3.9624         12.9900          0.9422          4.9455          0.4623          0.2442          0.8320        -21.2252          6.7669          6.7669          0.0000        260.4032          0.0000

INFO:      75000        150.0000         17.9898          4.5569         13.4329         16.4178          4.6216          9.0787          0.2296          3.9000          0.4402          0.5882          0.7194        -20.6364          5.6156          5.6156          0.0000        250.3608          0.0000

INFO:      78000        156.0000         22.3494          3.3368         19.0126         12.7205          1.1727         10.8207          0.3030          3.7556          0.4195          0.6301         -0.8534        -18.3689          5.4574          5.4574          0.0000        354.3545          0.0000

INFO:      81000        162.0000         20.5641          1.2018         19.3624         14.0399          2.6204         11.6685          0.8106          4.4124          0.7355          0.0898         -1.2454        -22.6254          4.7354          4.7354          0.0000        360.8733          0.0000

INFO:      84000        168.0000         23.7968          8.3548         15.4420         16.3790          2.4023         15.7800          0.4872          4.0157          0.2066          0.6769         -0.3784        -20.2776          5.4422          5.4422          0.0000        287.8063          0.0000

INFO:      87000        174.0000         22.4879          4.0937         18.3942         15.2648          2.1048         12.3822          0.4122          4.6441          0.7395          0.3638         -0.0505        -21.4240          4.9217          4.9217          0.0000        342.8295          0.0000

INFO:      90000        180.0000         14.0459          1.5531         12.4928         12.4580          4.2649          9.8085          0.4732          5.7450          0.5401          0.1627          1.0042        -25.6548          5.2093          5.2093          0.0000        232.8393          0.0000

INFO:      93000        186.0000         18.8040          7.7174         11.0866         15.7575          3.6871          9.4882          1.0587          4.9490          1.2928          0.7372          2.5564        -21.1384          5.0865          5.0865          0.0000        206.6300          0.0000

INFO:      96000        192.0000         29.6738          8.6155         21.0583         16.5258          4.2555         13.5605          0.9924          4.0166          0.2845          0.2199         -1.2149        -17.7644          4.2655          4.2655          0.0000        392.4826          0.0000

INFO:      99000        198.0000         24.0970          9.1880         14.9090         19.3065          3.8829         14.9404          0.9952          5.7900          0.7829          0.2818          1.1200        -23.6204          5.0151          5.0151          0.0000        277.8720          0.0000

INFO:     102000        204.0000         28.0705          8.6600         19.4105         16.2547          3.5405         14.8995          0.4967          4.1199          1.3866          0.7614         -0.6318        -20.7385          4.8256          4.8256          0.0000        361.7708          0.0000

INFO:     105000        210.0000         22.2357         10.1833         12.0524         18.5127          3.0245         13.7362          0.3784          5.1633          0.6925          0.8588          1.2606        -22.1773          7.2463          7.2463          0.0000        224.6311          0.0000

INFO:     108000        216.0000         23.8693          3.0625         20.8068         14.8609          5.5011          8.1617          0.6317          5.1559          0.1617          0.3576         -0.1262        -22.2542          5.4731          5.4731          0.0000        387.7942          0.0000

INFO:     111000        222.0000         19.6766          9.7263          9.9502         16.0009          2.7718         16.2579          0.4842          5.3278          1.6662          0.5353          2.8167        -23.9910          3.8575          3.8575          0.0000        185.4511          0.0000

INFO:     114000        228.0000         18.8453          5.2132         13.6321         14.5118          1.7596         11.3996          0.7856          4.7231          0.5470          0.6142          2.5965        -21.6448          4.4325          4.4325          0.0000        254.0731          0.0000

INFO:     117000        234.0000         24.1720          2.1025         22.0695         10.3934          2.1076          6.4565          0.4478          6.7656          0.4562          0.6437          2.1751        -20.8144          3.8644          3.8644          0.0000        411.3283          0.0000

INFO:     120000        240.0000         26.0230          6.4594         19.5635         17.5381          5.6852         11.3737          0.6361          5.2206          2.5534          0.8775          0.4862        -24.8037          4.4305          4.4305          0.0000        364.6230          0.0000

INFO:     123000        246.0000         34.1779          7.5138         26.6641         17.2092          2.8564         11.3012          0.6796          4.5231          0.4733          0.1545          0.8744        -19.7557          6.4069          6.4069          0.0000        496.9628          0.0000

INFO:     126000        252.0000         27.8026          8.0667         19.7359         15.9717          6.2088         12.6905          0.9968          4.3943          1.0788          0.2779          0.3825        -22.9142          4.9514          4.9514          0.0000        367.8355          0.0000

INFO:     129000        258.0000         28.3705         10.4046         17.9659         15.9496          1.5764         18.2108          1.0752          4.1911          0.8704          0.5754          0.7608        -20.4346          3.5791          3.5791          0.0000        334.8463          0.0000

INFO:     132000        264.0000         26.8093          8.0911         18.7182         17.1357          2.9863         13.1555          0.9818          6.6476          0.5795          0.3541         -0.8919        -21.3156          5.5938          5.5938          0.0000        348.8677          0.0000

INFO:     135000        270.0000         26.8632          5.8613         21.0019         13.5722          3.5923         12.7274          0.8812          6.0478          0.1057          1.0494          0.5788        -23.8103          4.6891          4.6891          0.0000        391.4319          0.0000

INFO:     138000        276.0000         22.6558          5.3138         17.3419         13.5110          1.8855         12.7031          1.1371          4.0065          0.3870          0.6567          2.0427        -20.2295          2.7248          2.7248          0.0000        323.2170          0.0000

INFO:     141000        282.0000         22.8282          3.2667         19.5615         18.4158          3.1798          9.9176          0.3062          5.2360          1.5876          0.2605          1.9563        -21.8596          2.6823          2.6823          0.0000        364.5841          0.0000

INFO:     144000        288.0000         19.2394          3.9908         15.2486         18.3202          5.4436          9.9068          0.8847          5.0415          0.0815          0.2432          1.0860        -22.6205          3.9241          3.9241          0.0000        284.2011          0.0000

INFO:     147000        294.0000         17.1532          1.5482         15.6050         14.9489          4.5595          7.8918          0.3498          4.5562          1.2247          0.2667          1.2148        -23.0561          4.5407          4.5407          0.0000        290.8439          0.0000

INFO:     150000        300.0000         17.6412          6.0523         11.5889         14.8755          6.0688          7.5007          0.5668          5.7595          3.9451          0.6118          1.1944        -22.5293          2.9346          2.9346          0.0000        215.9923          0.0000

INFO:     153000        306.0000         23.7604          7.1162         16.6441         17.9935          3.8692         13.1616          1.3167          4.7338          1.6704          0.6860          1.1211        -23.4061          3.9636          3.9636          0.0000        310.2114          0.0000

INFO:     156000        312.0000         20.3743          6.7541         13.6203         18.5930          5.8381         11.1643          0.9212          4.1507          1.2140          0.9550          2.8788        -23.3458          2.9779          2.9779          0.0000        253.8527          0.0000

INFO:     159000        318.0000         18.7086          5.0499         13.6587         12.7194          3.7380         12.3445          1.3313          3.1233          0.0976         -0.9284          0.5779        -18.9589          3.7248          3.7248          0.0000        254.5689          0.0000

INFO:     162000        324.0000         23.4734          7.2580         16.2154         17.3633          3.4164         14.1757          0.7989          4.2337          0.3029          0.4257         -1.0951        -17.9567          2.9565          2.9565          0.0000        302.2216          0.0000

INFO:     165000        330.0000         22.7137          9.7968         12.9169         20.0502          4.7242         13.8395          1.3372          4.5472          0.7113          0.7195          0.3447        -22.2311          5.8043          5.8043          0.0000        240.7434          0.0000

INFO:     168000        336.0000         24.8002          3.7135         21.0867         16.1782          2.5595         10.9704          0.9225          4.9860          0.4896          0.6550          0.1263        -20.6370          3.6413          3.6413          0.0000        393.0116          0.0000

INFO:     171000        342.0000         26.1568         11.2734         14.8834         20.0019          5.7304         15.0739          1.1616          5.1439          0.8724          0.5273          3.1063        -24.2915          3.9491          3.9491          0.0000        277.3951          0.0000

INFO:     174000        348.0000         28.2597         10.5068         17.7529         18.7608          3.8506         17.7057          1.0043          5.9852          0.6397          0.2041         -1.6197        -22.9059          5.6427          5.6427          0.0000        330.8757          0.0000

INFO:     177000        354.0000         25.1507          7.7797         17.3710         20.3032          7.7926         14.2102          1.0339          4.7928          0.9749          0.5463         -0.7658        -23.5427          2.7374          2.7374          0.0000        323.7590          0.0000

INFO:     180000        360.0000         22.5580          5.4768         17.0812         15.2252          3.4618          9.8316          1.7316          4.8215          1.9750         -1.0130          0.9640        -19.5935          3.2979          3.2979          0.0000        318.3569          0.0000

INFO:     183000        366.0000         22.7620          6.2374         16.5246         18.0531          6.4456         10.2160          0.8209          6.0156          0.7685          0.2823          3.4154        -25.9495          4.2226          4.2226          0.0000        307.9835          0.0000

INFO:     186000        372.0000         18.4025          2.1985         16.2040         11.6628          2.9445         13.3007          0.6942          4.0181          0.7087          0.5241         -1.6945        -22.2073          3.9099          3.9099          0.0000        302.0088          0.0000

INFO:     189000        378.0000         30.3776         13.0327         17.3449         17.2411          3.6849         13.5408          0.8363          6.0781          2.0071         -0.1105         -0.3761        -19.9968          7.3689          7.3689          0.0000        323.2727          0.0000

INFO:     192000        384.0000         29.7617         11.1098         18.6518         22.2357          4.7676         16.2561          0.7713          4.7001          1.6837          0.5063          0.5795        -22.4367          4.2819          4.2819          0.0000        347.6310          0.0000

INFO:     195000        390.0000         22.4007          3.5112         18.8896         17.7134          4.7438          8.2183          0.9820          5.2386          0.8335          0.5140          0.8154        -22.3694          4.5351          4.5351          0.0000        352.0618          0.0000

INFO:     198000        396.0000         19.8649          4.8379         15.0270         14.4527          1.3598         14.7752          0.8882          4.2503          1.0400          0.6472          0.0715        -20.5846          2.3902          2.3902          0.0000        280.0715          0.0000

INFO:     201000        402.0000         14.3427          3.2624         11.0803         16.5312          3.7202         10.0539          1.5804          4.9106          0.4049          0.6911         -0.2923        -21.5075          3.7012          3.7012          0.0000        206.5130          0.0000

INFO:     204000        408.0000         12.9691          3.8013          9.1678         15.7718          2.0857         11.1393          0.7198          5.2384          0.8081         -0.1565         -0.4382        -21.3602          5.7649          5.7649          0.0000        170.8692          0.0000

INFO:     207000        414.0000         16.0456          4.4397         11.6058         14.5794          2.5377         10.9940          0.5089          4.5534          2.0845          0.5996         -0.2528        -20.0659          3.4803          3.4803          0.0000        216.3084          0.0000

INFO:     210000        420.0000         26.9777          6.0849         20.8928         14.1283          3.7734         14.0863          0.7920          4.3605          0.5348          0.8259         -1.1554        -21.4544          4.3219          4.3219          0.0000        389.3977          0.0000

INFO:     213000        426.0000         32.3061         14.9944         17.3117         19.9388          2.8637         16.4712          1.6062          3.2847          0.9910         -0.1819          2.1593        -18.1638          5.9641          5.9641          0.0000        322.6535          0.0000

INFO:     216000        432.0000         33.7666         15.9345         17.8321         19.8971          6.2731         15.7709          1.1718          5.9429          0.4765          1.2619          0.9223        -21.9127          6.0279          6.0279          0.0000        332.3529          0.0000

INFO:     219000        438.0000         22.8982          6.0962         16.8020         17.0821          1.6686          9.5906          0.5669          6.3602          1.9596          0.2808          1.1663        -22.1497          6.6529          6.6529          0.0000        313.1538          0.0000

INFO:     222000        444.0000         16.9036          2.4674         14.4362         11.1591          2.7977         11.2948          1.0238          3.6319          0.0998          0.8352         -1.2680        -20.4998          4.5519          4.5519          0.0000        269.0593          0.0000

INFO:     225000        450.0000         18.6140          2.5010         16.1130         11.4431          1.2620         12.8717          0.2428          5.1460          0.6860          0.9131         -0.8063        -21.2361          3.4219          3.4219          0.0000        300.3119          0.0000

INFO:     228000        456.0000         16.4247          3.7147         12.7100         10.8250          3.6562         14.1169          0.5487          6.4367          0.0542          1.2815          1.1063        -27.7925          4.3066          4.3066          0.0000        236.8878          0.0000

INFO:     231000        462.0000         21.8719          5.8928         15.9791         15.3498          3.0042          9.2236          0.3998          4.2474          0.9537          0.5808          0.6845        -19.1846          5.9834          5.9834          0.0000        297.8174          0.0000

INFO:     234000        468.0000         21.6447          2.2139         19.4308         10.3788          1.9444          8.4305          0.6027          5.6642          1.0453          0.2868          2.9493        -23.9452          5.2358          5.2358          0.0000        362.1494          0.0000

INFO:     237000        474.0000         20.9525          7.6805         13.2720         17.8053          2.2250         14.4703          0.2814          5.8419          2.2502         -0.1263         -0.0002        -23.8276          6.5657          6.5657          0.0000        247.3611          0.0000

INFO:     240000        480.0000         19.9293          4.9082         15.0212         15.0744          4.5060          9.7058          0.7065          5.5261          0.3281          0.3121          2.4314        -23.0524          4.4445          4.4445          0.0000        279.9627          0.0000

INFO:     243000        486.0000         21.7359          9.8334         11.9026         18.4860          5.2421         12.6757          1.2146          7.3794          0.8047          0.3061          1.4570        -23.7398          4.4937          4.4937          0.0000        221.8386          0.0000

INFO:     246000        492.0000         15.9824          6.3306          9.6518         13.0076          3.5818         11.5689          0.8874          4.9015          1.6656          0.5674         -0.5555        -21.4810          5.1944          5.1944          0.0000        179.8886          0.0000

INFO:     249000        498.0000         20.9649          2.7880         18.1769         16.4939          4.2988          9.4731          0.4574          4.4289          0.4714          0.3520          0.4161        -21.5121          4.4024          4.4024          0.0000        338.7785          0.0000

INFO:     252000        504.0000         20.1160          7.6769         12.4391         15.6193          3.2735         10.8432          1.1345          4.6874          1.0706          0.4241          1.4579        -21.5103          6.2960          6.2960          0.0000        231.8385          0.0000

INFO:     255000        510.0000         27.4883         10.9829         16.5055         16.3673          4.5377         14.3012          1.9571          6.5197          1.4325          0.3423         -1.2622        -22.6672          5.8218          5.8218          0.0000        307.6268          0.0000

INFO:     258000        516.0000         19.2061          3.4983         15.7078         13.6709          1.5423          8.9836          0.8113          4.6936          0.6586          0.5678          0.3189        -19.7922          5.7144          5.7144          0.0000        292.7598          0.0000

INFO:     261000        522.0000         20.8998          5.2451         15.6547         13.0927          3.2340         11.6663          0.5186          4.5482          1.0322          0.9845          0.7174        -24.2805          6.8245          6.8245          0.0000        291.7705          0.0000

INFO:     264000        528.0000         16.3412          6.2691         10.0721         14.3964          3.6416         11.2878          1.0994          5.3124          1.1611          0.3287          0.6499        -22.2115          4.9997          4.9997          0.0000        187.7228          0.0000

INFO:     267000        534.0000         22.1027          4.4149         17.6878         17.9691          2.3245         11.3457          0.6998          4.9033          0.4269          0.1677          0.9031        -22.3658          6.0098          6.0098          0.0000        329.6637          0.0000

INFO:     270000        540.0000         21.8758          9.6097         12.2661         16.0331          2.8732         15.0100          2.0087          4.5148          0.1114          0.1951          1.1878        -21.7857          5.4945          5.4945          0.0000        228.6134          0.0000

INFO:     273000        546.0000         18.9846          6.4153         12.5693         14.4725          1.9352         14.0464          0.8981          5.7621          1.5443          0.2221          0.0738        -22.9495          4.8828          4.8828          0.0000        234.2652          0.0000

INFO:     276000        552.0000         19.8430          2.1318         17.7113         12.2490          3.0083          6.4404          0.6075          7.0336          0.9892          0.3044         -0.1050        -21.4583          5.3117          5.3117          0.0000        330.1002          0.0000

INFO:     279000        558.0000         15.4375          3.2565         12.1810         13.4274          2.4312         12.7254          0.7060          4.9847          0.1958          0.8899         -0.3729        -20.0848          1.7813          1.7813          0.0000        227.0278          0.0000

INFO:     282000        564.0000         19.1345          1.9897         17.1448         11.5424          1.4275          7.9594          0.3801          5.0605          2.3208          0.7894          1.0032        -20.6430          3.6919          3.6919          0.0000        319.5422          0.0000

INFO:     285000        570.0000         24.6671          7.2435         17.4236         16.3558          3.3476         11.3638          0.9005          5.2844          0.7930          0.7827          1.5610        -19.9455          3.1560          3.1560          0.0000        324.7383          0.0000

INFO:     288000        576.0000         17.4163          2.0125         15.4038         15.3841          2.3349          9.0809          0.7701          3.8714          0.6774          0.7805         -0.1637        -18.3976          3.0586          3.0586          0.0000        287.0946          0.0000

INFO:     291000        582.0000         18.3035          4.2875         14.0160         14.8923          3.6929         13.9816          1.4836          4.5536          0.8436          0.6524         -1.5725        -22.2653          2.9176          2.9176          0.0000        261.2288          0.0000

INFO:     294000        588.0000         21.9679          4.6779         17.2900         14.1389          2.0123         12.9660          0.4304          6.5778          1.6205          0.9315         -0.6030        -24.1077          4.8500          4.8500          0.0000        322.2494          0.0000

INFO:     297000        594.0000         18.4249          1.7791         16.6458         17.8788          4.1347          7.0469          1.0230          3.2773          0.5088         -0.2704          1.2219        -17.4520          2.2890          2.2890          0.0000        310.2420          0.0000

INFO:     300000        600.0000         19.8789          6.6341         13.2447         20.0499          4.7419         11.9917          0.8987          5.0102          1.2678          0.3610          3.4585        -25.1718          4.0761          4.0761          0.0000        246.8540          0.0000

INFO:     303000        606.0000         21.9946          5.6305         16.3641         13.0968          3.9505         12.2339          1.4526          6.2790          0.9834          0.0636          0.0490        -23.8927          4.5112          4.5112          0.0000        304.9914          0.0000

INFO:     306000        612.0000         22.9613          8.1628         14.7984         19.5571          2.6009         10.1976          0.6959          3.8520          1.4001          0.7861          1.9564        -16.5722          3.2460          3.2460          0.0000        275.8116          0.0000

INFO:     309000        618.0000         20.5979          4.3957         16.2022         13.8497          2.3985         13.4679          0.3472          7.4547          1.8907          0.3693          0.7076        -25.6748          3.4348          3.4348          0.0000        301.9738          0.0000

INFO:     312000        624.0000         17.0755          5.6972         11.3783         16.9220          3.2488         10.3083          0.6658          3.9129          0.5939          0.4204          4.0298        -20.1446          2.6619          2.6619          0.0000        212.0668          0.0000

INFO:     315000        630.0000         16.7635          5.5892         11.1743         14.5562          2.2647         17.2288          1.2995          4.7375          1.7410          0.6819         -1.0687        -25.5181          4.2227          4.2227          0.0000        208.2652          0.0000

INFO:     318000        636.0000         16.3116          2.7122         13.5994         16.8845          3.2654         11.5561          0.4136          4.1724          0.6228          0.2785         -0.5620        -20.9000          3.8653          3.8653          0.0000        253.4647          0.0000

INFO:     321000        642.0000         20.8164          3.7438         17.0727         17.3216          4.5586          8.1313          0.4213          6.9675          0.7050          0.3384         -0.2837        -21.7031          4.6085          4.6085          0.0000        318.1984          0.0000

INFO:     324000        648.0000         22.4960          7.6755         14.8205         14.3460          1.5462         13.0690          0.9536          6.0187          0.3808          0.4880          1.7535        -22.0374          5.5030          5.5030          0.0000        276.2223          0.0000

INFO:     327000        654.0000         23.9542          8.9359         15.0184         19.3211          3.3263          7.8669          0.5926          5.3499          0.9164          0.5791          1.8395        -16.5203          4.9857          4.9857          0.0000        279.9105          0.0000

INFO:     330000        660.0000         22.7699          5.6801         17.0898         12.5247          3.0749         14.0823          0.7011          4.9501          0.7869          0.6178         -0.3502        -22.6461          4.4633          4.4633          0.0000        318.5178          0.0000

INFO:     333000        666.0000         16.4410         -0.1700         16.6110         13.3551          2.4097         11.3444          0.6075          3.8873          0.6342          0.7224          0.6361        -23.4402          3.0287          3.0287          0.0000        309.5946          0.0000

INFO:     336000        672.0000         17.0224          6.7243         10.2981         12.4138          2.3772         11.6169          0.6314          6.2675          1.8391          0.3809          2.7234        -23.0036          3.8915          3.8915          0.0000        191.9355          0.0000

INFO:     339000        678.0000         19.0090          5.2778         13.7311         17.4728          4.6224         11.1800          1.7014          4.8789          0.8984         -0.1124          1.1260        -25.0234          6.0065          6.0065          0.0000        255.9195          0.0000

INFO:     342000        684.0000         21.1579          5.2243         15.9336         14.0025          5.2565          9.6570          0.5571          5.2055          0.9416          0.3117          0.1085        -21.9626          5.1491          5.1491          0.0000        296.9679          0.0000

INFO:     345000        690.0000         19.9769          4.9816         14.9953         11.8825          3.5123          9.8101          0.8058          4.6146          0.3387          0.4673          1.7239        -20.6971          4.4060          4.4060          0.0000        279.4806          0.0000

INFO:     348000        696.0000         15.1290          2.4556         12.6734         10.8025          3.3127         10.0020          0.3143          5.6954          0.1656          0.4333          2.1993        -24.6478          4.9808          4.9808          0.0000        236.2054          0.0000

INFO:     351000        702.0000         22.3337          6.2836         16.0501         16.4148          3.4675         13.7083          0.4679          6.2537          0.4316          0.2348          2.6269        -25.4555          4.5484          4.5484          0.0000        299.1401          0.0000

INFO:     354000        708.0000         22.8747          6.5536         16.3211         18.4862          3.9599          8.6304          0.6517          2.9662          0.1090         -1.4694          3.5524        -16.5239          4.6771          4.6771          0.0000        304.1906          0.0000

INFO:     357000        714.0000         21.7667          5.4549         16.3118         15.4258          2.4674          9.9930          0.7737          3.2630          1.8650          0.6686          1.7401        -17.1078          1.7918          1.7918          0.0000        304.0175          0.0000

INFO:     360000        720.0000         25.5413          9.3813         16.1600         15.8883          5.8290         12.2957          0.3568          7.5384          1.4968          0.0610         -0.7561        -22.9188          5.4784          5.4784          0.0000        301.1882          0.0000

INFO:     363000        726.0000         22.0846          7.8051         14.2796         11.9627          3.6612         13.5847          1.1823          3.2745          1.5270         -2.5354          2.4590        -18.9504          3.6021          3.6021          0.0000        266.1410          0.0000

INFO:     366000        732.0000         23.5743          3.5724         20.0020         16.2006          3.6495         10.8189          0.6368          4.6651          0.3672          0.6860          0.8884        -21.5865          3.4470          3.4470          0.0000        372.7946          0.0000

INFO:     369000        738.0000         28.7179         12.8861         15.8318         17.0334          3.3806          9.6881          0.3514          6.2085          2.5014         -2.4549          4.3848        -15.8019          4.6281          4.6281          0.0000        295.0719          0.0000

INFO:     372000        744.0000         27.3833          9.7895         17.5937         18.5784          2.0863         13.3185          0.7398          3.7761          3.1670          0.3199          3.2223        -17.6749          0.8346          0.8346          0.0000        327.9098          0.0000

INFO:     375000        750.0000         24.9535          7.2116         17.7419         16.9168          2.9818         15.9017          0.8518          6.9169          0.2723          0.2917         -0.5012        -24.2711          4.7678          4.7678          0.0000        330.6720          0.0000

INFO:     378000        756.0000         21.7757          4.2108         17.5649          9.6222          0.9326         13.5649          0.5154          3.6755          1.5603          0.5444         -0.3743        -19.5191          3.3112          3.3112          0.0000        327.3734          0.0000

INFO:     381000        762.0000         21.5333          6.5540         14.9793         14.2835          2.1404         11.3085          0.6953          6.2879          2.2014          0.2832         -0.1836        -21.5402          5.3612          5.3612          0.0000        279.1829          0.0000

INFO:     384000        768.0000         22.3338         10.6200         11.7138         17.5063          1.9587         12.8471          0.4337          4.7053          2.1270          0.3921          1.0913        -19.1838          6.2486          6.2486          0.0000        218.3211          0.0000

INFO:     387000        774.0000         20.5165          7.5344         12.9821         15.2976          2.3209         12.7478          1.0448          5.4682          0.5317          0.8320          0.1761        -20.2702          4.6833          4.6833          0.0000        241.9589          0.0000

INFO:     390000        780.0000         23.5601          8.3615         15.1986         20.4929          6.4300         16.9015          0.4942          4.5360          0.0726          0.3338         -0.8130        -23.4334          3.8398          3.8398          0.0000        283.2699          0.0000

INFO:     393000        786.0000         28.1389          9.7993         18.3396         16.5820          1.5318         13.2206          0.8367          5.9683          0.3595          0.8216          1.3898        -18.0956          3.7666          3.7666          0.0000        341.8119          0.0000

INFO:     396000        792.0000         27.1338          5.7362         21.3975         17.9185          5.9055         11.1879          1.9969          4.6125          0.4160          0.2885         -0.3588        -22.3647          4.0525          4.0525          0.0000        398.8050          0.0000

INFO:     399000        798.0000         21.8570          6.3006         15.5563         16.3108          2.3578         15.6494          0.4960          4.6402          0.7572          0.6941         -1.2234        -21.1477          4.0770          4.0770          0.0000        289.9373          0.0000

INFO:     402000        804.0000         20.0900          4.7935         15.2966         18.4411          5.0355         13.3812          0.5915          4.3051          0.6957          0.3617         -0.4307        -22.9949          3.8485          3.8485          0.0000        285.0962          0.0000

INFO:     405000        810.0000         17.1819          0.5963         16.5856         12.5078          1.1850         10.3500          0.5258          4.4548          0.5687          0.4355          0.6624        -22.5140          4.9280          4.9280          0.0000        309.1212          0.0000

INFO:     408000        816.0000         19.7384          1.4809         18.2575         14.5884          2.6424          8.0843          0.2551          5.6607          2.3921         -0.3086          0.9182        -24.0835          5.9202          5.9202          0.0000        340.2807          0.0000

INFO:     411000        822.0000         17.2250          4.7186         12.5063         14.1425          3.6288         10.5600          0.5199          4.9820          0.7089         -0.4344          0.8575        -19.2057          3.1016          3.1016          0.0000        233.0917          0.0000

INFO:     414000        828.0000         15.0159          4.0796         10.9363         15.2573          1.9244         10.6477          0.7358          4.3826          1.0014          0.2186          1.6760        -21.6809          5.1740          5.1740          0.0000        203.8302          0.0000

INFO:     417000        834.0000         16.5701          3.3646         13.2055         14.8939          3.9001         11.5025          0.6076          5.1120          0.6652          0.1700         -0.6906        -23.0609          5.1587          5.1587          0.0000        246.1217          0.0000

INFO:     420000        840.0000         20.3122          8.5407         11.7715         17.9079          6.4999         10.2329          0.5588          5.3429          0.7546          0.4868         -0.1133        -20.2682          5.0462          5.0462          0.0000        219.3954          0.0000

INFO:     423000        846.0000         18.3571          3.8220         14.5351         15.7869          1.1251         14.6883          0.7511          4.5140          0.5334          0.5531         -0.0098        -22.7269          4.3937          4.3937          0.0000        270.9038          0.0000

INFO:     426000        852.0000         23.1333          4.7292         18.4042         12.0624          2.3597         12.3152          0.8669          5.1974          0.9958          0.7541          0.4636        -20.9312          2.7075          2.7075          0.0000        343.0149          0.0000

INFO:     429000        858.0000         26.9588          4.0029         22.9559         16.9513          1.4551         16.1317          0.6645          4.7581          0.2018          0.4713         -0.3295        -21.6732          2.3230          2.3230          0.0000        427.8497          0.0000

INFO:     432000        864.0000         26.4947         10.1175         16.3772         19.0025          3.1285         17.1287          1.1810          4.6580          0.3456          0.6338          1.9758        -21.7639          2.8300          2.8300          0.0000        305.2358          0.0000

INFO:     435000        870.0000         28.6806          7.3315         21.3492         16.6348          4.8375         13.3649          1.8268          4.6991          0.7298          0.7935         -1.1940        -21.2536          3.5274          3.5274          0.0000        397.9031          0.0000

INFO:     438000        876.0000         25.7911          5.4394         20.3516         15.8321          4.2102         12.1303          0.7984          3.9277          0.7026         -0.0010          0.1056        -20.2935          3.8591          3.8591          0.0000        379.3117          0.0000

INFO:     441000        882.0000         23.0448          3.0729         19.9719         12.5103          1.7205         10.1344          0.9858          5.4269          0.5890          0.1945          0.8560        -22.4294          5.5952          5.5952          0.0000        372.2336          0.0000

INFO:     444000        888.0000         22.2106          3.4397         18.7709         14.1408          1.8211          9.0852          0.6962          5.0286          2.4452          0.7356          2.2217        -22.3796          3.7858          3.7858          0.0000        349.8492          0.0000

INFO:     447000        894.0000         19.7167          5.2922         14.4245         14.5481          3.8384         12.8014          1.7847          5.0527          1.5328          1.2513          0.0774        -22.9230          1.8763          1.8763          0.0000        268.8416          0.0000

INFO:     450000        900.0000         18.8927          4.3499         14.5429         14.3338          2.3795          8.0171          0.7018          4.5447          1.7195         -1.3645          1.0166        -16.6081          3.9433          3.9433          0.0000        271.0484          0.0000

