Generate_Velocity> Generate initial velocities
  iseed           =       8999
  temperature     =    300.000
 
INFO:       STEP            TIME       TOTAL_ENE   POTENTIAL_ENE     KINETIC_ENE            RMSG            BOND           ANGLE    UREY-BRADLEY        DIHEDRAL        IMPROPER            CMAP         VDWAALS           ELECT RESTRAINT_TOTAL    RESTRAINT001    RESTR_CVS001     TEMPERATURE          VOLUME
 --------------- --------------- --------------- --------------- ---------------
INFO:          0          0.0000         95.5580         80.0654         15.4926         13.3909          3.4868          8.8830          1.5021          3.0963          1.4522         -1.8081          0.5816        -18.0378         80.9092         80.9092          0.0000        288.7496          0.0000

INFO:       3000          6.0000         62.3462         26.4624         35.8837         15.6562          2.4385         15.2839          0.4596          5.6734          1.0293          0.2944          2.4414        -19.3614         18.2033         18.2033          0.0000        668.7972          0.0000

INFO:       6000         12.0000         44.2066         11.4672         32.7394         22.3650          8.4420         10.8326          0.8344          3.7367          1.0750         -1.1854          0.2205        -17.9307          5.4422          5.4422          0.0000        610.1930          0.0000

INFO:       9000         18.0000         31.3981         14.4713         16.9268         19.3767          3.1665         14.3119          1.4223          5.3638          1.6603          0.2574         -0.2891        -17.0422          5.6204          5.6204          0.0000        315.4799          0.0000

INFO:      12000         24.0000         30.5869          9.3743         21.2126         18.5461          8.1579         13.8902          0.7472          3.6682          0.4216         -0.9642         -1.8125        -18.3103          3.5763          3.5763          0.0000        395.3581          0.0000

INFO:      15000         30.0000         22.7630          6.9560         15.8070         14.4375          3.0289          7.4295          0.3075          3.8889          1.2555         -0.3402          3.1280        -16.1931          4.4509          4.4509          0.0000        294.6091          0.0000

INFO:      18000         36.0000         21.8622          2.2641         19.5981         10.9118          3.6602          7.2739          0.7955          3.5505          0.5602         -0.8700          1.0925        -18.6261          4.8274          4.8274          0.0000        365.2670          0.0000

INFO:      21000         42.0000         27.1033          8.8976         18.2057         17.6377          4.6895         13.6149          2.1179          3.8666          0.9677          0.6308         -0.6071        -20.0266          3.6439          3.6439          0.0000        339.3150          0.0000

INFO:      24000         48.0000         25.8815          6.0063         19.8751         15.7015          3.0945         12.4571          1.1382          4.0739          0.8810         -0.5493         -0.6688        -16.8753          2.4550          2.4550          0.0000        370.4307          0.0000

INFO:      27000         54.0000         20.5351          4.1572         16.3779         11.3962          1.9754          8.8011          1.1881          6.2463          1.2230          0.1593         -0.2446        -21.5257          6.3345          6.3345          0.0000        305.2502          0.0000

INFO:      30000         60.0000         19.8875          5.3080         14.5795         16.2656          5.0409         10.6739          0.2652          5.4312          0.6887          0.7698         -0.5116        -20.3767          3.3266          3.3266          0.0000        271.7306          0.0000

INFO:      33000         66.0000         12.5934         -2.5703         15.1637         10.3257          2.2249          7.4007          0.5086          3.2515          0.6445         -0.9995          1.3354        -18.1819          1.2456          1.2456          0.0000        282.6186          0.0000

INFO:      36000         72.0000         15.3344         -0.8193         16.1537         10.6570          0.6598          7.9736          0.4835          3.6087          1.3303         -0.6415          2.4564        -17.5019          0.8117          0.8117          0.0000        301.0702          0.0000

INFO:      39000         78.0000         16.3420         -1.5792         17.9212         12.4603          3.5734          9.2594          0.5140          3.0275          0.5742         -0.8273         -1.0906        -18.1816          1.5719          1.5719          0.0000        334.0128          0.0000

INFO:      42000         84.0000         21.8740          8.7334         13.1406         15.9238          4.5426         13.7568          0.7454          5.0896          0.6886         -2.7614          0.0378        -16.0125          2.6464          2.6464          0.0000        244.9136          0.0000

INFO:      45000         90.0000         19.8304          5.5449         14.2855         16.1321          3.2345         14.7554          0.4384          4.6119          0.4697         -2.8572         -0.0763        -17.3186          2.2871          2.2871          0.0000        266.2510          0.0000

INFO:      48000         96.0000         21.9901          4.6519         17.3382         19.1849          6.6203         11.1823          0.7676          4.3658          0.8310         -0.0843         -0.7288        -20.2313          1.9294          1.9294          0.0000        323.1472          0.0000

INFO:      51000        102.0000         20.5920          5.5716         15.0204         16.2202          2.8060         12.4660          1.6581          4.1559          1.1380         -0.5544          0.2168        -19.6592          3.3444          3.3444          0.0000        279.9487          0.0000

INFO:      54000        108.0000         20.7024          4.5781         16.1243         15.2774          3.6649         12.1484          0.7354          3.9368          0.1008         -0.8958          0.0797        -17.3479          2.1559          2.1559          0.0000        300.5228          0.0000

INFO:      57000        114.0000         19.7952          6.5122         13.2830         15.9125          6.1951         14.2000          1.0653          5.1947          1.3108         -2.9921         -0.2516        -19.5418          1.3319          1.3319          0.0000        247.5671          0.0000

INFO:      60000        120.0000         18.2526          0.9471         17.3055         12.9995          2.8515          9.4949          0.5570          4.5317          1.1908         -1.9408         -0.7171        -16.5630          1.5421          1.5421          0.0000        322.5377          0.0000

INFO:      63000        126.0000         21.0341          6.9853         14.0487         19.2664          3.0509         12.4221          0.9009          4.1158          0.3041         -2.6678          1.1252        -14.1145          1.8486          1.8486          0.0000        261.8384          0.0000

INFO:      66000        132.0000         22.2066          6.0206         16.1860         14.4780          2.7070         11.6527          1.0008          5.2498          2.5579         -0.4607         -0.0462        -17.9512          1.3105          1.3105          0.0000        301.6724          0.0000

INFO:      69000        138.0000         24.2287          8.0486         16.1801         18.1170          2.1608         16.3957          0.5778          4.7310          2.1528         -1.3328         -0.7552        -17.1463          1.2648          1.2648          0.0000        301.5633          0.0000

INFO:      72000        144.0000         20.1841          3.1634         17.0206         17.2865          5.0397         10.8188          1.1169          4.4217          0.3854          0.8268          0.2823        -22.4215          2.6931          2.6931          0.0000        317.2284          0.0000

INFO:      75000        150.0000         22.6062         11.3610         11.2452         22.0495          3.6509         18.6166          1.2149          4.2890          1.8241         -1.2144         -1.0248        -16.8218          0.8265          0.8265          0.0000        209.5870          0.0000

INFO:      78000        156.0000         23.9963          4.4002         19.5960         12.8165          2.3650         10.9120          0.6785          3.7143          0.2699         -0.8256          0.1770        -15.8004          2.9094          2.9094          0.0000        365.2287          0.0000

INFO:      81000        162.0000         26.0424          8.3836         17.6588         18.6794          6.1560         12.6145          0.8257          4.3527          1.0728         -0.3749          0.2455        -18.7822          2.2733          2.2733          0.0000        329.1223          0.0000

INFO:      84000        168.0000         23.2430          6.1451         17.0979         15.4540          3.3658         12.0109          0.8838          5.2443          2.4523         -0.6882         -1.0180        -17.7164          1.6104          1.6104          0.0000        318.6681          0.0000

INFO:      87000        174.0000         19.5660          1.7755         17.7905         14.6961          2.0369          8.3402          0.5731          3.8341          1.2119          0.3303         -0.0452        -17.9541          3.4482          3.4482          0.0000        331.5766          0.0000

INFO:      90000        180.0000         25.8384          8.8461         16.9923         19.2304          2.0184         17.3278          0.5620          2.8561          0.7175         -3.0977          2.6949        -15.6460          1.4130          1.4130          0.0000        316.7001          0.0000

INFO:      93000        186.0000         24.3104         12.6249         11.6855         14.9871          7.4051         16.4588          1.3631          3.1644          0.5118         -2.4650         -0.8200        -17.4692          4.4760          4.4760          0.0000        217.7939          0.0000

INFO:      96000        192.0000         25.5753          7.5564         18.0189         15.6465          5.3933          9.1971          0.2902          7.1142          1.9349         -0.1938         -0.0034        -18.5444          2.3686          2.3686          0.0000        335.8339          0.0000

INFO:      99000        198.0000         22.0265          1.1545         20.8720         12.8060          2.8415          9.8688          0.6389          4.0945          1.0484          0.8526         -0.6753        -19.9928          2.4778          2.4778          0.0000        389.0093          0.0000

INFO:     102000        204.0000         27.3119          4.2195         23.0924         15.4843          4.8050         10.5237          0.9345          3.5804          1.3725         -2.1681          1.5603        -18.2577          1.8688          1.8688          0.0000        430.3933          0.0000

INFO:     105000        210.0000         17.0970          3.5098         13.5871         13.6598          2.0990         15.1948          1.0904          5.0099          1.2770         -0.3510         -0.7221        -21.5395          1.4514          1.4514          0.0000        253.2354          0.0000

INFO:     108000        216.0000         11.0416          0.3600         10.6816         10.6361          2.4958          6.7255          0.7475          3.7102          0.7218         -2.5226          4.1709        -16.9482          1.2592          1.2592          0.0000        199.0827          0.0000

INFO:     111000        222.0000         10.6684          0.0976         10.5708         13.1816          5.2528          8.0615          0.6281          4.3255          0.8094         -0.0303         -0.4194        -19.9909          1.4608          1.4608          0.0000        197.0165          0.0000

INFO:     114000        228.0000         17.4283          1.2974         16.1308         12.3864          2.8378         12.1768          0.7340          4.7697          0.1498          0.7327         -0.0654        -22.2072          2.1693          2.1693          0.0000        300.6447          0.0000

INFO:     117000        234.0000         24.0108          9.5129         14.4979         18.2246          6.1480         17.4135          0.8644          4.0038          0.7563         -0.7598         -1.6634        -19.2904          2.0405          2.0405          0.0000        270.2099          0.0000

INFO:     120000        240.0000         24.1167          6.8059         17.3107         14.8320          6.6028         12.8112          0.5801          4.6802          1.9073          0.5387         -0.6316        -22.0219          2.3391          2.3391          0.0000        322.6356          0.0000

INFO:     123000        246.0000         27.6380          8.6517         18.9863         18.8295          5.0271         13.0089          0.8765          4.2154          1.5352         -1.5553         -0.4022        -15.6386          1.5847          1.5847          0.0000        353.8649          0.0000

INFO:     126000        252.0000         26.3055          4.4059         21.8996         16.7606          3.5909         12.7522          0.9514          5.3171          1.1887         -1.0937         -0.6020        -18.8612          1.1625          1.1625          0.0000        408.1615          0.0000

INFO:     129000        258.0000         23.3458          6.7766         16.5691         14.1391          7.2009         12.1675          1.8427          2.8353          0.4801         -1.5612          2.8482        -19.9615          0.9246          0.9246          0.0000        308.8139          0.0000

INFO:     132000        264.0000         21.6192          8.6951         12.9241         15.1384          5.2311         11.6132          1.1985          6.6405          0.5070         -1.3159         -0.0406        -16.6937          1.5551          1.5551          0.0000        240.8784          0.0000

INFO:     135000        270.0000         16.9726         -1.3816         18.3542          9.1465          1.3089          8.2419          0.4323          4.3429          0.7557         -0.1203         -0.5946        -18.0691          2.3206          2.3206          0.0000        342.0838          0.0000

INFO:     138000        276.0000         24.6335         12.4054         12.2281         18.9817          3.6761         17.8351          0.8024          5.9122          0.6364         -0.4984         -0.1534        -22.6241          6.8191          6.8191          0.0000        227.9056          0.0000

INFO:     141000        282.0000         21.7368          6.6428         15.0940         18.9059          3.1256         12.1618          0.8748          4.5309          0.5720          0.3888         -1.1494        -21.7422          7.8806          7.8806          0.0000        281.3204          0.0000

INFO:     144000        288.0000         16.3169          2.9939         13.3230         15.4098          2.8590         12.0918          0.5596          3.6146          0.3138          0.2751          0.1556        -19.7430          2.8674          2.8674          0.0000        248.3124          0.0000

INFO:     147000        294.0000         16.9063          3.1017         13.8045         14.8075          4.5097         10.8885          0.6399          2.9992          0.4648         -1.4104          2.7752        -19.6728          1.9076          1.9076          0.0000        257.2875          0.0000

INFO:     150000        300.0000         15.8951          2.3321         13.5630         16.8703          4.2922          8.5800          0.9273          3.6691          0.9117         -0.7384          2.0251        -19.5959          2.2609          2.2609          0.0000        252.7857          0.0000

INFO:     153000        306.0000         14.9175          3.8338         11.0837         12.8263          2.4755         14.0396          0.6079          3.5279          0.1734         -0.3919         -0.4874        -19.2137          3.1024          3.1024          0.0000        206.5776          0.0000

INFO:     156000        312.0000         17.8519          1.3017         16.5502         11.4012          3.1714          8.8831          0.3231          2.9758          0.6080         -1.7277          1.2220        -17.8230          3.6690          3.6690          0.0000        308.4609          0.0000

INFO:     159000        318.0000         24.5161          2.9671         21.5491         14.5338          3.2202         12.5315          0.9244          2.9230          0.3625         -0.6856         -0.1346        -18.2331          2.0587          2.0587          0.0000        401.6289          0.0000

INFO:     162000        324.0000         21.4894          9.0795         12.4099         13.1462          2.6573         14.1277          0.5782          3.2345          0.7661          1.0417          1.8381        -20.4125          5.2484          5.2484          0.0000        231.2935          0.0000

INFO:     165000        330.0000         16.2870          2.9760         13.3110         13.1110          1.9884          8.4828          0.5040          4.4476          0.8586          0.6200          0.7459        -18.8727          4.2014          4.2014          0.0000        248.0893          0.0000

INFO:     168000        336.0000         21.3435          6.0980         15.2455         12.4160          4.6534          7.7696          1.6746          5.8721          0.4490         -0.4050          0.5634        -17.8969          3.4177          3.4177          0.0000        284.1430          0.0000

INFO:     171000        342.0000         26.4634          7.6120         18.8514         13.8242          2.9184         12.4358          0.6487          6.0669          0.6511          0.3492          0.5696        -22.2777          6.2499          6.2499          0.0000        351.3496          0.0000

INFO:     174000        348.0000         20.6713          3.1672         17.5041         14.3162          2.2541         14.8656          0.8770          4.1812          0.4982         -0.7638         -0.3938        -19.6463          1.2948          1.2948          0.0000        326.2397          0.0000

INFO:     177000        354.0000         14.5013          4.8919          9.6094         15.9786          1.8689         12.1983          0.3623          4.5907          0.9972         -0.6314         -0.4391        -17.6200          3.5651          3.5651          0.0000        179.0985          0.0000

INFO:     180000        360.0000         14.7804          5.7093          9.0711         15.6448          2.8894         13.3452          1.9106          3.6332          0.0712          0.7663         -1.0905        -19.9993          4.1833          4.1833          0.0000        169.0659          0.0000

INFO:     183000        366.0000         12.6068          1.1907         11.4161         14.6827          2.9227          8.1182          0.4445          3.2465          0.8941         -0.8956          1.4395        -17.7816          2.8024          2.8024          0.0000        212.7720          0.0000

INFO:     186000        372.0000         10.9030          1.8816          9.0214          9.7897          1.0563          8.9933          0.6884          3.3370          0.6918         -1.4032         -0.0553        -15.0545          3.6278          3.6278          0.0000        168.1395          0.0000

INFO:     189000        378.0000         20.9582          4.4440         16.5142         12.2238          1.6696          9.7275          0.7837          6.0898          2.9421         -1.5660          0.1910        -19.7371          4.3433          4.3433          0.0000        307.7901          0.0000

INFO:     192000        384.0000         20.5508          6.7130         13.8378         12.5390          2.1704         11.9473          0.6199          5.5283          0.3535         -2.5919          0.4104        -17.3505          5.6257          5.6257          0.0000        257.9076          0.0000

INFO:     195000        390.0000         16.2932          5.1711         11.1221         13.7299          3.0354         12.4667          1.3374          4.2913          0.3267         -1.4322          1.3220        -19.7602          3.5841          3.5841          0.0000        207.2927          0.0000

INFO:     198000        396.0000         19.7764          2.7108         17.0656         17.4462          5.3883          8.2408          0.6678          3.0454          0.6061         -3.2450          1.5125        -15.5996          2.0943          2.0943          0.0000        318.0668          0.0000

INFO:     201000        402.0000         20.0678          7.1343         12.9335         12.6206          7.7468         11.1846          1.5749          4.1407          0.2733         -2.3705         -0.0543        -17.1478          1.7868          1.7868          0.0000        241.0524          0.0000

INFO:     204000        408.0000         17.1171          1.2685         15.8486         12.7265          3.5017          8.9126          0.3109          3.5570          0.5201         -0.2210          0.7761        -18.4759          2.3870          2.3870          0.0000        295.3851          0.0000

INFO:     207000        414.0000         23.6464          6.5687         17.0777         17.0467          3.5973         11.2307          0.5785          5.2310          1.3302          0.8365          0.1877        -19.1378          2.7147          2.7147          0.0000        318.2913          0.0000

INFO:     210000        420.0000         19.4929          5.2136         14.2793         14.0825          2.7990         12.2261          0.6118          4.4374          2.4465         -1.4121         -0.1409        -18.6266          2.8723          2.8723          0.0000        266.1362          0.0000

INFO:     213000        426.0000         15.2127          2.1231         13.0896         15.1658          4.9107          9.3291          1.1024          3.4304          0.7759         -1.2294          0.0282        -17.9061          1.6818          1.6818          0.0000        243.9628          0.0000

INFO:     216000        432.0000         17.8293          1.9326         15.8967         13.0393          3.0793         15.2459          0.9714          2.7078          0.3552         -1.8929         -1.4889        -18.0366          0.9914          0.9914          0.0000        296.2811          0.0000

INFO:     219000        438.0000         20.6730          6.2104         14.4627         15.7637          3.2269         11.5150          0.7379          4.1489          1.0777          0.7342          1.3302        -19.5636          3.0032          3.0032          0.0000        269.5536          0.0000

INFO:     222000        444.0000         16.6155          2.1522         14.4633         16.2480          2.6789          8.9280          0.5979          3.3394          1.0497         -1.4354          1.6804        -15.8587          1.1719          1.1719          0.0000        269.5660          0.0000

INFO:     225000        450.0000         21.2650          1.4688         19.7961         11.4334          2.6052          9.4300          0.5957          3.6452          0.7807          0.0287          0.7948        -19.9147          3.5031          3.5031          0.0000        368.9582          0.0000

INFO:     228000        456.0000         22.7074          7.3412         15.3662         13.0487          3.1732          9.0567          1.3096          3.6331          0.4103         -0.2637          1.7475        -15.4147          3.6892          3.6892          0.0000        286.3937          0.0000

INFO:     231000        462.0000         18.3980          1.9897         16.4084         13.3872          0.6192         10.4673          1.2726          3.8219          1.3005          0.1268          0.4030        -16.7337          0.7122          0.7122          0.0000        305.8173          0.0000

INFO:     234000        468.0000         21.9589          5.3516         16.6073         14.2533          5.5041         13.2444          0.9065          3.2990          0.1367         -1.3594         -0.7325        -17.4250          1.7778          1.7778          0.0000        309.5249          0.0000

INFO:     237000        474.0000         19.1291          8.2757         10.8533         17.9215          8.0610         11.8343          0.6698          3.7048          1.0589         -2.2281          1.0767        -18.1885          2.2869          2.2869          0.0000        202.2833          0.0000

INFO:     240000        480.0000         14.6020          1.5960         13.0061         13.4793          2.9361          6.9757          0.8359          4.1528          0.8405         -0.0232          1.1290        -17.4007          2.1499          2.1499          0.0000        242.4054          0.0000

INFO:     243000        486.0000         13.9730         -0.8942         14.8672         14.2925          2.8070          8.8703          0.2374          4.4513          0.6353         -0.2806         -0.5897        -18.3875          1.3622          1.3622          0.0000        277.0928          0.0000

INFO:     246000        492.0000         18.3728          2.8192         15.5536         15.5511          2.2429         11.0192          0.7951          3.2933          1.8807         -0.7895          1.0265        -18.2303          1.5812          1.5812          0.0000        289.8865          0.0000

INFO:     249000        498.0000         17.4198          5.5725         11.8474         16.6841          3.8531         12.8222          0.7716          3.8596          1.5155         -1.7521          0.5051        -17.7749          1.7723          1.7723          0.0000        220.8099          0.0000

INFO:     252000        504.0000         17.5532         -0.7468         18.3000         16.8714          2.4272          8.7336          0.3860          3.8219          1.1085         -0.8752          0.3072        -18.4239          1.7679          1.7679          0.0000        341.0737          0.0000

INFO:     255000        510.0000         16.2794          1.2251         15.0543         12.0263          3.2447         10.6694          0.4134          3.1014          0.4308         -0.2283          2.4477        -20.7824          1.9284          1.9284          0.0000        280.5808          0.0000

INFO:     258000        516.0000         16.5807          4.6170         11.9637         19.7282          5.9394          9.7672          1.0688          4.0251          0.4251          0.7206          0.3950        -19.2948          1.5706          1.5706          0.0000        222.9774          0.0000

INFO:     261000        522.0000         23.3795          3.8602         19.5192         13.1795          2.5723         15.7047          1.1497          2.9732          0.6102         -1.4860         -0.9349        -18.1903          1.4615          1.4615          0.0000        363.7972          0.0000

INFO:     264000        528.0000         23.9182          6.0898         17.8284         13.6981          3.1702         12.7134          1.1847          5.9802          0.4239          0.4947         -0.5857        -22.1261          4.8344          4.8344          0.0000        332.2836          0.0000

INFO:     267000        534.0000         25.4203          3.4102         22.0101         15.3529          3.3102          9.5282          0.7352          3.2666          0.2114         -2.3951          3.2526        -17.7262          3.2273          3.2273          0.0000        410.2217          0.0000

INFO:     270000        540.0000         25.3191         10.8265         14.4927         14.7644          6.4113         17.0737          0.9194          3.9674          1.1794         -2.9206         -1.5076        -18.5790          4.2826          4.2826          0.0000        270.1124          0.0000

INFO:     273000        546.0000         26.3415          8.9333         17.4082         19.9586          2.1288         12.9958          1.1996          3.4886          1.0387          0.3089          2.3180        -18.3206          3.7755          3.7755          0.0000        324.4517          0.0000

INFO:     276000        552.0000         23.1624          6.0383         17.1241         15.4953          3.4014         10.2418          0.6535          5.3556          0.7621         -0.4043          1.1656        -19.1830          4.0457          4.0457          0.0000        319.1570          0.0000

INFO:     279000        558.0000         23.3535          9.2015         14.1520         20.5587          4.0260         11.9140          0.2482          5.4819          0.6269         -0.0061         -0.3132        -16.5235          3.7474          3.7474          0.0000        263.7633          0.0000

INFO:     282000        564.0000         18.0681          2.4672         15.6009         20.9305          4.6480         10.3483          0.6734          3.7356          0.1355         -0.8270          0.2290        -17.6789          1.2033          1.2033          0.0000        290.7684          0.0000

INFO:     285000        570.0000         18.1522          3.0008         15.1514         11.1156          0.8265          9.4640          0.9135          3.5794          0.8747         -1.2233          2.5934        -16.8164          2.7891          2.7891          0.0000        282.3905          0.0000

INFO:     288000        576.0000         19.0572          4.1816         14.8756         17.1815          2.4054          9.3727          0.4878          3.9864          3.5752         -1.7945          2.1683        -17.9541          1.9344          1.9344          0.0000        277.2497          0.0000

INFO:     291000        582.0000         27.0026          6.6315         20.3712         13.7862          5.3655         10.6458          0.7080          5.3509          0.4855          0.1968         -1.1664        -21.3949          6.4403          6.4403          0.0000        379.6758          0.0000

INFO:     294000        588.0000         26.8055          3.6637         23.1418         17.4378          4.9870          7.2581          1.4851          3.5474          0.4780         -0.7771         -0.0401        -15.5890          2.3142          2.3142          0.0000        431.3148          0.0000

INFO:     297000        594.0000         18.2874          4.8354         13.4520         12.5831          2.2662          9.8669          0.4763          5.6085          0.8455          0.7138          2.3117        -21.0978          3.8441          3.8441          0.0000        250.7168          0.0000

INFO:     300000        600.0000         19.2483          2.4758         16.7725         11.2031          1.6306         10.8674          0.9908          4.2519          2.3701         -1.7183          0.5096        -17.4217          0.9953          0.9953          0.0000        312.6031          0.0000

INFO:     303000        606.0000         17.4521          4.3245         13.1276         15.5154          2.6467          8.5864          0.3799          3.8906          0.9623         -2.3152          3.2960        -14.6583          1.5361          1.5361          0.0000        244.6708          0.0000

INFO:     306000        612.0000         17.4430          2.8454         14.5975         14.5702          2.0253          8.6349          0.3562          4.4875          1.7815         -0.1548          0.3356        -18.4966          3.8760          3.8760          0.0000        272.0674          0.0000

INFO:     309000        618.0000         23.1565          4.2224         18.9341         14.1422          2.9853         12.3594          0.7592          4.6182          1.6290         -0.8326         -0.1085        -19.1277          1.9400          1.9400          0.0000        352.8914          0.0000

INFO:     312000        624.0000         20.0716          3.5181         16.5535         15.9886          6.2777          9.2444          0.5425          3.3518          0.6333         -0.9170          2.5949        -19.9181          1.7086          1.7086          0.0000        308.5213          0.0000

INFO:     315000        630.0000         17.0699          6.1565         10.9133         12.1929          3.3551         11.2246          0.5564          2.9493          0.5718         -2.4298          0.0381        -12.7107          2.6018          2.6018          0.0000        203.4012          0.0000

INFO:     318000        636.0000         16.0972          1.7885         14.3087         13.1899          1.5709         11.0522          0.4269          3.8152          1.0777         -0.3883          0.9097        -18.2517          1.5760          1.5760          0.0000        266.6838          0.0000

INFO:     321000        642.0000         20.1619          5.9815         14.1803         17.7652          4.7925         10.2525          0.4791          5.0056          5.4278         -1.0030         -0.8767        -20.1842          2.0879          2.0879          0.0000        264.2915          0.0000

INFO:     324000        648.0000         24.4529          6.0635         18.3894         16.9473          2.3698         12.0189          0.5422          4.1099          0.3575          0.6022          0.5013        -19.3454          4.9070          4.9070          0.0000        342.7395          0.0000

INFO:     327000        654.0000         19.1050          0.9042         18.2007         13.8596          5.2632          8.4489          0.7772          4.9390          0.5618         -1.7648          0.6346        -18.6892          0.7336          0.7336          0.0000        339.2234          0.0000

INFO:     330000        660.0000         23.4541          9.9023         13.5517         16.0401          3.4917         12.6222          1.6123          3.9969          1.1769          0.8749          1.6198        -18.4652          2.9726          2.9726          0.0000        252.5757          0.0000

INFO:     333000        666.0000         19.5785          3.0011         16.5774         12.1071          0.9821         13.1196          0.9975          4.3126          0.5972         -1.2319          0.0424        -16.5267          0.7084          0.7084          0.0000        308.9684          0.0000

INFO:     336000        672.0000         16.4933          2.3236         14.1697         12.0474          3.4438         12.0768          0.4385          3.4721          1.4296         -1.5165          0.2097        -19.2335          2.0030          2.0030          0.0000        264.0926          0.0000

INFO:     339000        678.0000         16.6758          4.9032         11.7726         20.3418          7.5570          7.2033          0.2540          4.5592          0.4950         -0.4272          0.3640        -17.4007          2.2988          2.2988          0.0000        219.4169          0.0000

INFO:     342000        684.0000         22.6234          5.2934         17.3300         18.2457          3.8213         10.9884          0.4127          3.8291          0.9338          0.0383          3.6020        -20.7308          2.3986          2.3986          0.0000        322.9949          0.0000

INFO:     345000        690.0000         22.5240          0.7822         21.7418         13.6033          3.1803          8.2968          0.5931          4.0008          1.3804         -1.3160         -0.1589        -16.7461          1.5519          1.5519          0.0000        405.2208          0.0000

INFO:     348000        696.0000         23.0557          8.4670         14.5887         19.5819          5.9757         11.5672          0.7326          5.1458          2.2659         -1.2515         -0.2053        -16.9431          1.1796          1.1796          0.0000        271.9034          0.0000

INFO:     351000        702.0000         22.0154          3.7368         18.2786         15.4920          4.1362         11.8481          0.5598          4.4002          0.4064         -0.4993          0.0388        -19.0842          1.9308          1.9308          0.0000        340.6743          0.0000

INFO:     354000        708.0000         14.0174          2.2825         11.7349         13.9013          4.4879          9.0975          1.3271          4.8495          0.4271         -1.4351          1.6515        -19.4903          1.3673          1.3673          0.0000        218.7133          0.0000

INFO:     357000        714.0000         18.2064          5.2918         12.9146         14.4687          2.5211         10.6029          0.7700          3.1748          0.9045         -2.7016          1.6710        -13.0826          1.4316          1.4316          0.0000        240.7012          0.0000

INFO:     360000        720.0000         19.8772          5.6942         14.1830         15.0286          3.5367         14.8998          0.7465          4.1438          1.5690         -0.4442          1.3639        -21.1437          1.0223          1.0223          0.0000        264.3420          0.0000

INFO:     363000        726.0000         21.6043          3.4961         18.1081         17.4309          4.0317         10.1551          0.8611          4.5943          1.1659         -3.3370          1.3222        -17.0725          1.7754          1.7754          0.0000        337.4974          0.0000

INFO:     366000        732.0000         21.4811          5.9877         15.4934         16.9090          5.3793         14.9838          1.1401          3.3255          0.9372         -0.6762         -1.1096        -19.1371          1.1448          1.1448          0.0000        288.7641          0.0000

INFO:     369000        738.0000         16.9797          4.8393         12.1405         19.4402          4.2444         11.2479          0.7117          4.0859          0.9812         -0.4340          1.4150        -18.5418          1.1289          1.1289          0.0000        226.2729          0.0000

INFO:     372000        744.0000         14.0600          1.7529         12.3070         15.5403          4.3311          7.8838          1.1214          4.6964          1.4499         -0.9869          1.8069        -19.0735          0.5239          0.5239          0.0000        229.3773          0.0000

INFO:     375000        750.0000         13.5103          0.4596         13.0507         12.8043          1.3378          7.1620          0.4882          4.7866          0.8150          0.8211          0.9960        -17.9354          1.9882          1.9882          0.0000        243.2372          0.0000

INFO:     378000        756.0000         12.5734          1.3521         11.2213         13.7983          0.9167         12.5025          0.6395          4.0807          2.2475         -0.7672          0.1429        -19.0385          0.6279          0.6279          0.0000        209.1415          0.0000

INFO:     381000        762.0000         16.6412          2.7799         13.8614         15.1322          1.2127         11.5415          1.0960          3.3310          1.0122         -2.4604          1.7304        -16.5962          1.9127          1.9127          0.0000        258.3463          0.0000

INFO:     384000        768.0000         16.1347          2.4777         13.6570         15.7159          3.7535         10.3762          0.9024          4.3046          0.6187         -0.4399          1.1703        -19.8686          1.6605          1.6605          0.0000        254.5376          0.0000

INFO:     387000        774.0000         17.0145          3.5111         13.5033         14.3584          4.0071         10.1738          0.4736          4.0430          0.2697         -0.1434          0.3401        -17.2494          1.5967          1.5967          0.0000        251.6732          0.0000

INFO:     390000        780.0000         16.9585          4.9065         12.0521         20.3577          5.8253         12.1861          1.3071          3.6239          0.4993         -0.1640         -0.5713        -18.5958          0.7958          0.7958          0.0000        224.6250          0.0000

INFO:     393000        786.0000         13.1611          3.0167         10.1444         14.6989          3.1755         10.3173          1.2195          3.6376          1.2724         -1.6582          1.8770        -18.0047          1.1803          1.1803          0.0000        189.0706          0.0000

INFO:     396000        792.0000          9.3423         -3.0958         12.4381         12.6152          1.9773          3.9828          0.2616          3.9882          1.1822         -0.2963          2.3267        -17.5125          0.9941          0.9941          0.0000        231.8206          0.0000

INFO:     399000        798.0000         13.6886          1.4134         12.2752         13.5294          1.2015          9.1040          0.4913          4.3400          1.0392          0.7629         -0.5614        -16.6540          1.6899          1.6899          0.0000        228.7840          0.0000

INFO:     402000        804.0000         21.3975          4.4252         16.9723         13.8295          3.8135         12.9071          1.1289          3.5437          0.4831         -1.3828          0.1449        -17.2007          0.9875          0.9875          0.0000        316.3276          0.0000

INFO:     405000        810.0000         12.3388          0.9064         11.4324         12.4572          1.5995          8.0740          0.6378          4.4392          2.5046         -2.3534         -0.6106        -15.1435          1.7589          1.7589          0.0000        213.0754          0.0000

INFO:     408000        816.0000         11.4413         -0.9500         12.3913         12.5907          3.0635          9.8363          1.3347          3.9096          0.7981         -0.4556         -0.9321        -19.2070          0.7026          0.7026          0.0000        230.9468          0.0000

INFO:     411000        822.0000         14.4154          1.2593         13.1561         17.0794          2.8219         11.4574          0.2369          3.6414          0.4545         -1.3234         -0.0709        -16.9935          1.0349          1.0349          0.0000        245.2016          0.0000

INFO:     414000        828.0000         11.6464          0.1755         11.4708         15.6722          3.9180          8.1209          0.4852          3.2042          0.5513         -1.6849          1.6720        -17.6884          1.5974          1.5974          0.0000        213.7922          0.0000

INFO:     417000        834.0000         11.6528         -1.8836         13.5364         12.9848          1.7991          8.3258          0.0975          3.6509          0.9390         -1.5803         -0.4337        -15.5059          0.8241          0.8241          0.0000        252.2892          0.0000

INFO:     420000        840.0000         18.4238          4.5328         13.8911         16.2342          3.7972         13.0585          0.8073          5.7991          0.4644         -0.9679         -0.1783        -19.3257          1.0781          1.0781          0.0000        258.9000          0.0000

INFO:     423000        846.0000         23.6503          7.6832         15.9672         15.4413          2.4091         10.8046          0.5201          4.7525          4.4180         -2.6878          1.2640        -16.3557          2.5584          2.5584          0.0000        297.5942          0.0000

INFO:     426000        852.0000         22.6450          9.8089         12.8361         17.1601          1.6000         16.3038          0.8184          4.5063          1.3491         -3.7270          0.4922        -14.3734          2.8395          2.8395          0.0000        239.2371          0.0000

INFO:     429000        858.0000         26.0186          4.8907         21.1280         14.9770          4.0497         10.8461          0.4628          3.9412          2.6949         -0.0918          1.4451        -20.8028          2.3455          2.3455          0.0000        393.7804          0.0000

INFO:     432000        864.0000         24.8660          8.1652         16.7009         15.6192          2.3693         12.8682          1.2657          3.9760          1.2087         -0.1072          0.6212        -17.2085          3.1717          3.1717          0.0000        311.2689          0.0000

INFO:     435000        870.0000         20.9832          2.9302         18.0530         14.6989          2.0528         12.4033          0.4432          5.2547          1.5608          0.7830         -0.0324        -21.9802          2.4450          2.4450          0.0000        336.4696          0.0000

INFO:     438000        876.0000         15.3225          3.2821         12.0404         12.3318          2.0374         12.3615          1.5547          3.8506          1.0634          0.1019         -0.1892        -19.7770          2.2789          2.2789          0.0000        224.4083          0.0000

INFO:     441000        882.0000         19.1351          4.8706         14.2645         14.7893          3.5322         12.7431          0.6866          4.1696          0.2501          0.1302         -0.2843        -18.0403          1.6834          1.6834          0.0000        265.8599          0.0000

INFO:     444000        888.0000         19.7284          6.5297         13.1987         13.3238          2.1613         11.4460          0.4768          7.9527          0.5612          0.7785         -1.4175        -21.3605          5.9311          5.9311          0.0000        245.9963          0.0000

INFO:     447000        894.0000         16.8859          5.5681         11.3178         17.1844          3.9358          7.5848          0.6536          6.2181          0.7192          0.8022          0.4764        -19.4276          4.6054          4.6054          0.0000        210.9406          0.0000

INFO:     450000        900.0000         20.7361          3.4990         17.2371         15.3898          2.6900          9.3377          0.3977          3.8693          0.4828          0.8543          1.5810        -18.9114          3.1977          3.1977          0.0000        321.2638          0.0000

