Generate_Velocity> Generate initial velocities
  iseed           =      14999
  temperature     =    300.000
 
INFO:       STEP            TIME       TOTAL_ENE   POTENTIAL_ENE     KINETIC_ENE            RMSG            BOND           ANGLE    UREY-BRADLEY        DIHEDRAL        IMPROPER            CMAP         VDWAALS           ELECT RESTRAINT_TOTAL    RESTRAINT001    RESTR_CVS001     TEMPERATURE          VOLUME
 --------------- --------------- --------------- --------------- ---------------
INFO:          0          0.0000         51.0921         41.9565          9.1356         14.9308          1.4284         10.3932          0.7455          4.9428          0.2489          0.3344          0.4955        -23.1834         46.5511         46.5511          0.0000        170.2692          0.0000

INFO:       3000          6.0000         33.3592          7.3243         26.0348         11.9149          1.6150          8.7300          0.1830          6.1188          1.0895         -0.2989          0.4680        -22.7635         12.1824         12.1824          0.0000        485.2345          0.0000

INFO:       6000         12.0000         21.0559          4.5002         16.5558         13.2970          3.2695          7.3177          0.4829          4.5578          0.3911          0.5110          1.0922        -23.4746         10.3526         10.3526          0.0000        308.5644          0.0000

INFO:       9000         18.0000         22.9246         10.5788         12.3459         10.8478          0.7216         11.6239          0.5275          5.9757          0.4295         -1.3472          0.7349        -20.5256         12.4385         12.4385          0.0000        230.1012          0.0000

INFO:      12000         24.0000         17.1273          0.7307         16.3966         10.8786          2.3068         10.4761          0.6323          8.6494          1.1058         -0.9753         -1.2479        -22.7404          2.5239          2.5239          0.0000        305.5979          0.0000

INFO:      15000         30.0000         13.8266         -1.2500         15.0766         12.7707          1.0357          8.1111          0.4982          6.5572          0.6038         -0.6933         -0.3171        -20.4559          3.4104          3.4104          0.0000        280.9963          0.0000

INFO:      18000         36.0000         16.9123          3.3497         13.5627         16.6964          2.1766         10.0171          0.5392          6.0217          0.5137         -0.2972          0.4209        -22.2800          6.2378          6.2378          0.0000        252.7795          0.0000

INFO:      21000         42.0000         17.5140          3.8702         13.6438         15.0390          2.7019         12.5310          1.2030          7.0603          0.5040         -0.3440         -0.1569        -24.2773          4.6483          4.6483          0.0000        254.2909          0.0000

INFO:      24000         48.0000         15.9941         -0.2641         16.2583         14.1042          2.8347          9.7660          0.9478          5.2526          0.8558         -0.3220         -0.6961        -20.8229          1.9201          1.9201          0.0000        303.0199          0.0000

INFO:      27000         54.0000         12.2363          0.5390         11.6973         14.3354          4.2094         10.8375          0.8166          5.0626          1.1035          0.2761          0.5125        -25.9472          3.6679          3.6679          0.0000        218.0125          0.0000

INFO:      30000         60.0000         12.5320          0.9999         11.5321         15.7614          2.0809          9.5506          0.8387          5.3567          0.3895         -0.9193          0.4817        -22.8280          6.0490          6.0490          0.0000        214.9336          0.0000

INFO:      33000         66.0000          8.4325         -3.7536         12.1861         10.4189          1.9441          8.9731          0.3277          6.5700          1.5939         -0.7141         -0.5872        -23.6936          1.8324          1.8324          0.0000        227.1237          0.0000

INFO:      36000         72.0000         12.1948         -2.1285         14.3233          9.4717          1.0600          7.2697          0.6178          4.6580          0.1309         -0.1070          1.3956        -21.0135          3.8599          3.8599          0.0000        266.9563          0.0000

INFO:      39000         78.0000         11.0100         -1.0701         12.0801         11.6064          1.3731         11.7899          0.4665          5.7234          0.1922         -0.6833          0.0040        -24.5117          4.5757          4.5757          0.0000        225.1483          0.0000

INFO:      42000         84.0000         16.6395         -1.6781         18.3176         11.6989          1.5201         10.7670          0.3199          5.5337          0.5725          0.0890         -0.9011        -21.0146          1.4354          1.4354          0.0000        341.4011          0.0000

INFO:      45000         90.0000         17.1332          3.5356         13.5975         16.1780          2.2964         11.9669          0.7994          6.3657          0.9347          0.0260         -0.0975        -21.9362          3.1803          3.1803          0.0000        253.4295          0.0000

INFO:      48000         96.0000         16.7521          2.3203         14.4318         18.3926          4.0163          7.8001          0.4337          5.0375          0.2651          0.1360          4.0590        -23.6554          4.2279          4.2279          0.0000        268.9790          0.0000

INFO:      51000        102.0000         17.8431         -3.0867         20.9298         15.2944          1.5809          7.7202          0.5498          6.4724          1.2661         -1.0557          0.9507        -21.3000          0.7290          0.7290          0.0000        390.0873          0.0000

INFO:      54000        108.0000         18.6429          4.9147         13.7282         15.6414          4.1385         13.0588          0.9493          7.2748          0.5378         -1.4982         -0.0525        -21.9784          2.4846          2.4846          0.0000        255.8650          0.0000

INFO:      57000        114.0000         21.2489          3.8752         17.3736         14.8863          2.3163         10.6100          0.5234          5.9897          0.4297          0.0548         -0.1311        -21.0859          5.1685          5.1685          0.0000        323.8079          0.0000

INFO:      60000        120.0000         13.7442         -3.1951         16.9393         12.2130          3.6610          7.5665          0.7114          5.0205          0.4904         -0.1561         -0.7342        -22.2207          2.4662          2.4662          0.0000        315.7119          0.0000

INFO:      63000        126.0000         15.1008         -2.2748         17.3757         14.0539          1.4731          9.5168          0.4817          6.3333          1.0661         -0.2095          1.3531        -22.8507          0.5613          0.5613          0.0000        323.8457          0.0000

INFO:      66000        132.0000         19.0952          3.8112         15.2840         12.8825          3.6732          9.3930          0.6862          5.9635          0.6502          0.3870          0.0703        -20.9282          3.9159          3.9159          0.0000        284.8608          0.0000

INFO:      69000        138.0000         19.1463          0.7719         18.3744         13.6752          3.6579          9.2573          0.6068          5.4766          0.3507         -0.6339          1.6772        -22.4357          2.8149          2.8149          0.0000        342.4596          0.0000

INFO:      72000        144.0000         21.6753          4.9269         16.7484         20.6653          4.1805         12.1796          0.6771          7.1901          0.5192         -2.2094         -0.6771        -21.4252          4.4920          4.4920          0.0000        312.1551          0.0000

INFO:      75000        150.0000         17.7014          4.2273         13.4741         12.6347          2.1581          8.5268          0.4810         10.2888          2.0996         -1.9298          2.5182        -23.9923          4.0769          4.0769          0.0000        251.1295          0.0000

INFO:      78000        156.0000         21.4221          7.2799         14.1422         12.5873          6.9331         13.6111          0.2735          6.6261          0.1906         -1.5877         -1.0848        -22.8674          5.1854          5.1854          0.0000        263.5810          0.0000

INFO:      81000        162.0000         17.4724         -0.7272         18.1996         18.3076          4.6642         11.6906          0.6835          5.2978          0.2135         -0.4509          1.2359        -26.4045          2.3427          2.3427          0.0000        339.2029          0.0000

INFO:      84000        168.0000         24.3316          6.1443         18.1873         18.7404          4.4720         11.0164          2.0014          7.2766          0.6311         -0.0726          0.8615        -21.9227          1.8806          1.8806          0.0000        338.9725          0.0000

INFO:      87000        174.0000         18.9971          3.6291         15.3681         18.8315          4.6988         10.6001          0.8348          5.4592          0.8896          0.1562          0.8019        -22.8424          3.0309          3.0309          0.0000        286.4284          0.0000

INFO:      90000        180.0000         22.2481          1.6031         20.6450         14.5559          4.1626         10.8953          0.2993          8.5181          0.6679          0.0009         -0.6774        -23.3418          1.0781          1.0781          0.0000        384.7790          0.0000

INFO:      93000        186.0000         24.4135          6.0120         18.4014         15.0568          1.1159         18.8044          1.3174          5.6323          0.7477          0.0288          0.5608        -22.9151          0.7199          0.7199          0.0000        342.9634          0.0000

INFO:      96000        192.0000         19.2694          0.5924         18.6770         20.1966          3.3747         11.0333          0.5532          5.2753          1.9399         -0.2663          1.0865        -23.9921          1.5879          1.5879          0.0000        348.1003          0.0000

INFO:      99000        198.0000         21.8764          2.7077         19.1687         18.3188          3.1829         14.3926          0.3997          5.5044          0.9642         -0.3642          0.9406        -23.4075          1.0950          1.0950          0.0000        357.2639          0.0000

INFO:     102000        204.0000         17.9665          3.8344         14.1321         19.8103          4.0304         12.0232          0.6080          6.8052          0.3893         -0.0895         -0.7022        -20.8544          1.6245          1.6245          0.0000        263.3921          0.0000

INFO:     105000        210.0000         14.7928          3.5565         11.2364         16.3368          3.7538         12.4868          1.7996          5.7675          0.7215         -0.2270          0.3733        -23.3264          2.2075          2.2075          0.0000        209.4221          0.0000

INFO:     108000        216.0000         10.9365         -2.8225         13.7589         16.3562          5.1128          9.5235          0.8429          5.2171          0.0675         -0.8319          0.0114        -24.2873          1.5216          1.5216          0.0000        256.4376          0.0000

INFO:     111000        222.0000         13.9485          0.9888         12.9597         16.7106          1.4663         13.3307          0.8594          5.1295          0.2219          0.0613          2.6808        -24.2395          1.4785          1.4785          0.0000        241.5414          0.0000

INFO:     114000        228.0000         15.5922          0.4771         15.1151         15.6013          3.9865         10.0484          0.6049          5.4918          0.5435          0.5459          0.1836        -22.2870          1.3596          1.3596          0.0000        281.7133          0.0000

INFO:     117000        234.0000         16.5235         -2.4730         18.9965         12.6857          2.8883          6.7256          0.7900          5.5249          0.7215         -0.0773          2.4384        -23.7745          2.2902          2.2902          0.0000        354.0548          0.0000

INFO:     120000        240.0000         17.5042          1.9245         15.5797         20.2262          6.7121         11.4087          0.4574          6.0600          0.5039         -0.4208          0.6282        -24.4448          1.0198          1.0198          0.0000        290.3718          0.0000

INFO:     123000        246.0000         15.2278         -2.3792         17.6069         12.9927          2.1989          8.4153          0.6795          6.6841          1.0466         -1.0685          1.9806        -24.2056          1.8900          1.8900          0.0000        328.1563          0.0000

INFO:     126000        252.0000         20.8265          2.4091         18.4174         15.1343          3.4607          9.3751          1.2798          5.2089          0.8997         -0.7716          1.7319        -21.6736          2.8983          2.8983          0.0000        343.2611          0.0000

INFO:     129000        258.0000          7.1862         -3.6435         10.8297         17.0565          4.8550          7.2188          0.3863          5.3095          0.5106         -0.5496          0.3391        -23.4030          1.6897          1.6897          0.0000        201.8430          0.0000

INFO:     132000        264.0000         14.7510          0.8406         13.9104         19.1277          4.1576         11.8912          0.6365          6.4100          1.1771         -2.9352          1.3471        -24.2234          2.3797          2.3797          0.0000        259.2606          0.0000

INFO:     135000        270.0000         18.5561          1.6563         16.8998         18.3985          6.7493          8.5662          0.6916          4.9651          1.9271          0.3736          0.2816        -22.9793          1.0810          1.0810          0.0000        314.9770          0.0000

INFO:     138000        276.0000         31.9969          7.1473         24.8496         19.5118          3.1523         16.2679          0.8219          7.2495          0.6168          0.1607          2.3589        -24.5193          1.0385          1.0385          0.0000        463.1433          0.0000

INFO:     141000        282.0000         27.9612          9.1379         18.8232         18.5850          3.9251         16.8013          0.7736          5.9424          1.3174         -0.9132          4.9835        -26.2898          2.5976          2.5976          0.0000        350.8254          0.0000

INFO:     144000        288.0000         22.4895          4.1291         18.3604         17.9230          6.2209         12.5427          1.0353          5.4978          0.3071         -0.7745          0.1977        -23.5106          2.6127          2.6127          0.0000        342.1991          0.0000

INFO:     147000        294.0000         19.9118          0.7810         19.1309         11.4674          2.3835         13.3020          1.1755          5.1973          0.8680          0.3302         -1.5332        -22.7716          1.8293          1.8293          0.0000        356.5590          0.0000

INFO:     150000        300.0000         19.0420          3.6545         15.3875         19.3140          2.3916         15.5396          1.3673          4.8599          0.6666          1.1887          1.1431        -24.9416          1.4393          1.4393          0.0000        286.7899          0.0000

INFO:     153000        306.0000         17.2265         -0.4205         17.6470         15.9405          2.8320         11.2508          0.1958          6.5645          0.1992         -0.2847         -0.4074        -21.7004          0.9297          0.9297          0.0000        328.9029          0.0000

INFO:     156000        312.0000         19.3570          3.6215         15.7354         18.1280          3.6509         11.3534          0.6014          6.4227          0.5456         -0.3440          4.2168        -23.8416          1.0163          1.0163          0.0000        293.2755          0.0000

INFO:     159000        318.0000         19.9105          4.6921         15.2183         18.6092          3.5850         11.0169          0.3629          8.7537          0.7418         -0.2228          2.3730        -23.6500          1.7317          1.7317          0.0000        283.6378          0.0000

INFO:     162000        324.0000         25.6510          5.8132         19.8378         20.1927          4.3723         16.1444          0.6021          6.8743          0.6549          0.0322          0.0630        -24.4088          1.4787          1.4787          0.0000        369.7348          0.0000

INFO:     165000        330.0000         24.1949          4.7771         19.4177         19.1496          4.3809         13.3914          0.8971          5.6755          0.8697         -0.6311          0.0821        -23.8181          3.9296          3.9296          0.0000        361.9053          0.0000

INFO:     168000        336.0000         20.9802          4.9052         16.0750         13.0695          3.7819         15.8637          0.4540          5.7514          0.5894         -1.4825         -1.9437        -21.1963          3.0874          3.0874          0.0000        299.6039          0.0000

INFO:     171000        342.0000         17.5641          1.3095         16.2545         13.5592          2.2190         11.8109          0.7982          5.6543          1.4834         -0.2131         -1.4063        -22.0646          3.0277          3.0277          0.0000        302.9503          0.0000

INFO:     174000        348.0000         20.8139          5.3393         15.4746         19.2727          4.0383         11.5701          0.7733          7.9461          1.9251         -0.6366          0.9172        -22.2784          1.0842          1.0842          0.0000        288.4144          0.0000

INFO:     177000        354.0000         23.0190          3.5279         19.4911         16.5285          6.5389         12.1698          0.2591          4.8542          1.3810          0.1610         -0.1688        -22.7538          1.0864          1.0864          0.0000        363.2728          0.0000

INFO:     180000        360.0000         23.4970          7.6408         15.8561         19.0794          5.4172         16.6738          0.7100          4.6384          0.2407          0.3065         -0.0674        -21.9787          1.7005          1.7005          0.0000        295.5248          0.0000

INFO:     183000        366.0000         19.3825          0.5144         18.8681         18.0948          4.2060         11.7640          1.4051          6.3361          1.7149          0.0836          0.0148        -25.9786          0.9687          0.9687          0.0000        351.6621          0.0000

INFO:     186000        372.0000         19.7702          2.7408         17.0294         16.4704          4.2051         11.4990          0.5606          4.3965          0.0712          0.3322          0.0284        -20.0819          1.7295          1.7295          0.0000        317.3916          0.0000

INFO:     189000        378.0000         28.5229          6.6650         21.8579         18.1052          4.9383         11.7557          1.1664          5.5158          0.3105          0.6731         -0.9812        -19.5251          2.8115          2.8115          0.0000        407.3844          0.0000

INFO:     192000        384.0000         27.4878          9.0915         18.3962         16.3430          3.7846          9.6502          0.5167         11.8544          0.8913         -2.1325         -0.4849        -18.6025          3.6141          3.6141          0.0000        342.8669          0.0000

INFO:     195000        390.0000         25.3897          3.5192         21.8705         14.6275          3.6613          9.2589          1.3142          7.2794          1.2690         -1.3737          0.5858        -23.1247          4.6491          4.6491          0.0000        407.6204          0.0000

INFO:     198000        396.0000         23.9271          5.8988         18.0283         12.0666          1.3386         14.2610          1.5829          5.9337          1.0755         -0.0797          1.7837        -23.2242          3.2273          3.2273          0.0000        336.0089          0.0000

INFO:     201000        402.0000         16.2421          2.2507         13.9914         16.0176          3.3945         11.0125          1.1233          6.5588          0.9002         -1.0393          0.6821        -22.7965          2.4150          2.4150          0.0000        260.7697          0.0000

INFO:     204000        408.0000         12.7451         -0.0427         12.7878         10.7584          0.8651         13.8415          0.5074          6.3127          0.4823         -0.8825         -1.3450        -20.7366          0.9125          0.9125          0.0000        238.3381          0.0000

INFO:     207000        414.0000          8.4116         -2.8316         11.2432         14.4819          2.9542          8.0861          0.7420          5.1045          0.4014         -0.5629          0.5648        -22.2454          2.1237          2.1237          0.0000        209.5493          0.0000

INFO:     210000        420.0000          9.7399         -3.6456         13.3854         13.3131          3.0724          8.4378          0.2052          4.8943          0.1411         -0.4631          1.2746        -23.4535          2.2457          2.2457          0.0000        249.4763          0.0000

INFO:     213000        426.0000          8.2683         -3.1645         11.4328         15.5038          3.7955          8.8442          0.4583          5.2883          0.3568         -0.9287          0.5277        -22.7971          1.2904          1.2904          0.0000        213.0826          0.0000

INFO:     216000        432.0000         12.8405          0.0352         12.8054         18.6973          4.3789          6.5224          0.6215          6.2978          0.3428         -1.1984          1.1922        -21.8396          3.7176          3.7176          0.0000        238.6652          0.0000

INFO:     219000        438.0000         13.0521         -1.7126         14.7648         12.8801          2.4788         10.0385          0.7787          6.2955          1.0307         -0.1132          0.1923        -23.6639          1.2500          1.2500          0.0000        275.1838          0.0000

INFO:     222000        444.0000         22.6866          5.5472         17.1395         16.1405          3.1175         15.1381          0.6942          5.9644          0.8025         -0.4942          0.5141        -22.5501          2.3608          2.3608          0.0000        319.4431          0.0000

INFO:     225000        450.0000         16.3033          3.1295         13.1738         15.5537          3.0101         10.7251          0.3049          6.8929          0.9113          0.0874          1.6486        -24.3419          3.8911          3.8911          0.0000        245.5315          0.0000

INFO:     228000        456.0000         19.3841         -2.2820         21.6661         13.5333          2.2314          9.8310          0.4517          6.2561          1.2904         -0.1296         -0.0234        -24.1239          1.9343          1.9343          0.0000        403.8101          0.0000

INFO:     231000        462.0000         14.4681          2.2451         12.2230         11.5869          3.0470          7.4007          0.4525          7.1969          1.5893         -1.1769          0.7263        -20.6338          3.6429          3.6429          0.0000        227.8109          0.0000

INFO:     234000        468.0000         16.8058          2.6146         14.1911         14.7990          2.1505         10.4780          0.8281          5.7722          1.2708          0.0667          1.4806        -22.0740          2.6418          2.6418          0.0000        264.4925          0.0000

INFO:     237000        474.0000         14.2921          1.6841         12.6080         17.9490          3.2886          7.8409          0.7514          7.5844          1.7075         -0.4726         -0.5453        -20.1055          1.6347          1.6347          0.0000        234.9863          0.0000

INFO:     240000        480.0000         12.9715          2.4507         10.5207         15.5673          2.5616         13.2299          0.6147          5.7981          0.4965          0.7806          2.5414        -25.1020          1.5299          1.5299          0.0000        196.0840          0.0000

INFO:     243000        486.0000         16.5617          1.0565         15.5052         13.7104          1.4388         10.7130          1.0281          7.3504          0.9574         -1.1249          2.4715        -23.7314          1.9535          1.9535          0.0000        288.9846          0.0000

INFO:     246000        492.0000         16.9238          3.8613         13.0625         13.8632          1.7659          7.9601          0.5315          9.5043          1.9825         -0.7182          1.5739        -21.0979          2.3592          2.3592          0.0000        243.4573          0.0000

INFO:     249000        498.0000         21.3598          3.3022         18.0576         15.6581          3.6030         14.0438          0.5480          5.9498          0.6365         -0.9576         -0.5204        -22.2618          2.2608          2.2608          0.0000        336.5563          0.0000

INFO:     252000        504.0000         20.0520          1.9783         18.0737         20.7210          3.3658          8.7714          1.3611          6.0083          1.5828         -0.2542          0.2902        -21.1776          2.0305          2.0305          0.0000        336.8565          0.0000

INFO:     255000        510.0000         21.1999         -0.6509         21.8508         16.9670          1.7130         11.5782          0.4240          5.8776          0.5469         -0.5191          0.3263        -21.6962          1.0985          1.0985          0.0000        407.2528          0.0000

INFO:     258000        516.0000         21.8599          7.0443         14.8156         14.9849          2.7170         11.2268          0.8240          7.1129          1.5403         -0.9667          5.0641        -22.8622          2.3879          2.3879          0.0000        276.1309          0.0000

INFO:     261000        522.0000         24.0494          4.8448         19.2046         16.1480          4.0146         12.5941          1.1518          6.6441          0.6472         -0.2920         -0.0176        -21.8844          1.9869          1.9869          0.0000        357.9329          0.0000

INFO:     264000        528.0000         20.8738          1.3568         19.5170         13.9408          1.7186         10.9540          0.4589          5.0010          0.8516          0.1772          0.5535        -20.5730          2.2149          2.2149          0.0000        363.7558          0.0000

INFO:     267000        534.0000         13.9680         -2.0539         16.0219         16.5236          3.0484          9.4610          0.5105          7.3522          0.4027         -0.9046         -0.1191        -23.7566          1.9516          1.9516          0.0000        298.6136          0.0000

INFO:     270000        540.0000         15.3177          1.6344         13.6833         14.0281          2.9878          9.8778          1.3009          6.2919          0.7550         -1.2538          4.0390        -24.2412          1.8772          1.8772          0.0000        255.0274          0.0000

INFO:     273000        546.0000         14.9571         -1.5792         16.5363         14.7309          2.7854          9.3189          0.5214          6.1870          0.4464         -1.4158          0.3849        -23.7244          3.9170          3.9170          0.0000        308.2018          0.0000

INFO:     276000        552.0000         22.7822          8.7285         14.0537         21.1432          4.3330         15.4830          1.0589          5.9821          3.0924         -0.7294          0.5311        -24.3151          3.2926          3.2926          0.0000        261.9318          0.0000

INFO:     279000        558.0000         17.0755          1.2445         15.8310         19.3509          5.8810         11.1700          0.4987          5.8516          0.2778         -0.3071         -0.6519        -24.8873          3.4117          3.4117          0.0000        295.0566          0.0000

INFO:     282000        564.0000         17.2826          5.6287         11.6539         18.4485          3.5566         11.8539          0.9672          6.0817          0.7585         -0.5201         -0.0794        -21.3953          4.4056          4.4056          0.0000        217.2034          0.0000

INFO:     285000        570.0000         21.6594          6.0936         15.5658         15.3351          2.5243         11.5933          1.2716          6.2350          1.6295         -0.4802          4.8323        -25.1536          3.6413          3.6413          0.0000        290.1145          0.0000

INFO:     288000        576.0000         17.4964          4.9099         12.5865         16.2018          3.8292          8.5793          0.7384          5.6884          2.3947          0.4266          3.2328        -22.7419          2.7623          2.7623          0.0000        234.5853          0.0000

INFO:     291000        582.0000         15.4593         -1.5544         17.0136         11.5088          1.5735         10.2144          0.6621          6.4409          1.1615          0.1392         -0.5796        -23.1657          1.9995          1.9995          0.0000        317.0984          0.0000

INFO:     294000        588.0000         18.4390          4.4987         13.9403         16.1528          1.7916         11.7732          0.8802          6.8646          1.9412         -0.7677          5.2898        -24.8743          1.6001          1.6001          0.0000        259.8177          0.0000

INFO:     297000        594.0000         21.2606          2.9524         18.3082         14.6216          3.0061         13.9834          0.6718          6.1892          1.1538         -1.0204          0.0796        -24.5607          3.4497          3.4497          0.0000        341.2266          0.0000

INFO:     300000        600.0000         18.5820         -1.3925         19.9745         15.2984          4.0522          8.0526          0.9215          4.6692          0.4846          0.5860          2.8034        -24.4246          1.4626          1.4626          0.0000        372.2819          0.0000

INFO:     303000        606.0000         18.2668          0.4755         17.7913         13.1089          3.9044          9.4388          1.3775          5.4737          1.4945         -0.3963          0.0373        -22.5129          1.6585          1.6585          0.0000        331.5918          0.0000

INFO:     306000        612.0000         13.4039         -2.2274         15.6313         14.6893          3.8285          8.6869          0.5196          5.8297          0.3532         -0.9830         -0.2687        -22.0945          1.9009          1.9009          0.0000        291.3341          0.0000

INFO:     309000        618.0000         11.3798         -0.4240         11.8038         14.3014          2.9826         12.3377          0.5320          5.1207          1.8254          0.1096          0.4301        -24.6982          0.9362          0.9362          0.0000        219.9971          0.0000

INFO:     312000        624.0000         12.9887          3.0378          9.9510         14.9258          5.7932         10.1309          0.9182          5.3637          0.5502         -0.2694          2.4429        -22.8843          0.9922          0.9922          0.0000        185.4651          0.0000

INFO:     315000        630.0000          9.4532         -2.0061         11.4593         12.8364          2.6371         10.2256          0.5010          5.5181          0.3923         -0.8531          0.3502        -21.8825          1.1053          1.1053          0.0000        213.5774          0.0000

INFO:     318000        636.0000          8.4502         -4.5430         12.9931         15.1304          2.5416          8.5370          0.6037          5.2616          0.6848         -0.1632         -0.6496        -22.4840          1.1251          1.1251          0.0000        242.1647          0.0000

INFO:     321000        642.0000         10.3937         -1.7094         12.1031         16.4891          3.4128         11.3884          0.3219          5.3049          0.4742         -0.2865         -0.9497        -22.6079          1.2325          1.2325          0.0000        225.5765          0.0000

INFO:     324000        648.0000         11.1268         -1.5938         12.7205         15.4020          2.7181         10.9299          0.5807          5.1603          0.4363         -0.2864         -0.2208        -21.8827          0.9709          0.9709          0.0000        237.0841          0.0000

INFO:     327000        654.0000         15.5747          0.9705         14.6042         14.4029          2.6895         12.5974          1.0906          6.4285          0.4540          0.2504         -0.5058        -23.6815          1.6474          1.6474          0.0000        272.1914          0.0000

INFO:     330000        660.0000         17.7550          2.3086         15.4464         15.0949          1.5112         15.1514          0.5781          5.1974          1.1127          0.2064         -0.8308        -22.5949          1.9772          1.9772          0.0000        287.8874          0.0000

INFO:     333000        666.0000         21.7660          4.0801         17.6860         14.5078          2.9483         11.5849          1.1934          6.1173          0.1565         -0.5471          1.1967        -21.6206          3.0508          3.0508          0.0000        329.6288          0.0000

INFO:     336000        672.0000         13.6868          0.4836         13.2032         10.7845          1.0776         12.1791          0.7840          4.7308          0.2534          0.8332          1.1928        -22.1045          1.5372          1.5372          0.0000        246.0796          0.0000

INFO:     339000        678.0000         18.8130          3.7643         15.0487         20.6785          4.8891          9.8380          0.9218          6.5845          3.1094         -0.5719          0.0938        -23.1564          2.0559          2.0559          0.0000        280.4768          0.0000

INFO:     342000        684.0000         12.7952         -1.0328         13.8280         14.9087          1.9198         14.7925          0.8844          5.9584          0.3302         -0.7948         -0.5762        -25.4226          1.8755          1.8755          0.0000        257.7253          0.0000

INFO:     345000        690.0000         15.6599          4.4170         11.2429         13.9339          4.3542         15.2273          0.8502          5.9654          0.7210         -0.1346         -0.6506        -23.3676          1.4517          1.4517          0.0000        209.5430          0.0000

INFO:     348000        696.0000         13.9339         -1.0947         15.0286         15.0590          1.4662          7.2350          0.3891          6.4790          0.5801         -0.3895          4.1937        -21.9070          0.8586          0.8586          0.0000        280.1019          0.0000

INFO:     351000        702.0000         18.1099          0.7359         17.3739         15.3247          3.9765          7.9866          0.3239          4.7003          0.2523          0.3619          3.2451        -21.9691          1.8584          1.8584          0.0000        323.8135          0.0000

INFO:     354000        708.0000         17.8832          2.0235         15.8597         14.6922          3.7142         10.3298          1.3233          5.6194          1.2054         -0.0965          0.5295        -22.5417          1.9400          1.9400          0.0000        295.5911          0.0000

INFO:     357000        714.0000         15.9970          1.3454         14.6515         13.0858          2.6040         11.3404          0.5588          5.9793          0.6398         -0.0354          2.3601        -22.7734          0.6719          0.6719          0.0000        273.0734          0.0000

INFO:     360000        720.0000         20.5859          5.8275         14.7584         14.4593          4.2215         10.6664          1.0196          7.5244          1.3712          0.4396          2.4160        -24.1025          2.2714          2.2714          0.0000        275.0660          0.0000

INFO:     363000        726.0000         17.3345          2.9602         14.3743         18.2879          3.0653         14.5765          0.7077          6.4526          0.9042         -1.3285          0.2339        -23.9205          2.2690          2.2690          0.0000        267.9066          0.0000

INFO:     366000        732.0000         14.6043         -4.3074         18.9117         10.7361          2.0097         10.5183          0.4250          4.9042          0.2742          0.1959         -0.1616        -23.5704          1.0972          1.0972          0.0000        352.4740          0.0000

INFO:     369000        738.0000         19.9040          1.1931         18.7110         12.3798          2.2323         11.4146          0.7537          5.9853          0.4903         -0.2323          1.9169        -23.1136          1.7459          1.7459          0.0000        348.7325          0.0000

INFO:     372000        744.0000         15.0698         -0.6244         15.6942         13.3593          1.8177          9.8568          0.5172          6.5258          1.8712         -1.2778         -0.2629        -22.0708          2.3985          2.3985          0.0000        292.5068          0.0000

INFO:     375000        750.0000         15.1310          0.5092         14.6219         19.5250          6.1466         11.7275          0.8603          6.1625          0.2916         -0.6590         -1.5885        -22.9707          0.5388          0.5388          0.0000        272.5204          0.0000

INFO:     378000        756.0000         16.8195          0.9488         15.8707         16.2558          3.8266          8.1644          0.6005          7.2338          0.8581         -0.2002          2.2156        -23.7799          2.0299          2.0299          0.0000        295.7972          0.0000

INFO:     381000        762.0000         16.8993          2.9396         13.9598         18.4550          3.7435         12.2902          0.8064          5.7894          1.3908         -0.7912          1.3348        -23.2332          1.6088          1.6088          0.0000        260.1805          0.0000

INFO:     384000        768.0000         19.0506          0.1235         18.9271         17.0155          3.2985         11.7917          0.6106          5.4981          0.5453         -0.3618         -0.0013        -23.1064          1.8487          1.8487          0.0000        352.7618          0.0000

INFO:     387000        774.0000         22.3702          6.0905         16.2797         19.4630          6.2421         14.3234          2.0078          5.7245          1.1313         -0.8875         -0.6130        -22.9965          1.1582          1.1582          0.0000        303.4191          0.0000

INFO:     390000        780.0000         17.7663          3.9073         13.8589         18.5723          4.3088         10.7132          0.6031          6.3020          1.8531          0.4019          0.5523        -23.3070          2.4799          2.4799          0.0000        258.3012          0.0000

INFO:     393000        786.0000         17.0688         -3.2747         20.3435         12.4028          1.5327          8.5169          0.8516          5.1887          0.2254          0.0298          0.0385        -20.6081          0.9498          0.9498          0.0000        379.1603          0.0000

INFO:     396000        792.0000         20.0489          2.2266         17.8223         19.1621          3.0900         11.8944          0.4236          6.3480          1.4131          0.1516         -0.0153        -24.4813          3.4024          3.4024          0.0000        332.1707          0.0000

INFO:     399000        798.0000         15.6876         -0.0866         15.7742         20.4734          4.0133          9.3035          0.7335          5.2011          1.3677         -0.3145          0.3825        -22.4360          1.6623          1.6623          0.0000        293.9979          0.0000

INFO:     402000        804.0000         14.9795          1.8954         13.0841         15.3806          2.7759          9.6976          1.3292          4.7599          0.4142         -0.2155          0.8401        -19.8222          2.1164          2.1164          0.0000        243.8597          0.0000

INFO:     405000        810.0000         14.1953         -2.3619         16.5572         18.2069          3.4478          9.7453          0.7839          6.0300          0.8924         -0.9660          1.2782        -24.5178          0.9443          0.9443          0.0000        308.5916          0.0000

INFO:     408000        816.0000         24.8084         12.2758         12.5326         21.5508          4.2778         19.4297          1.1361          5.1624          1.7795          0.5353         -0.2464        -24.0893          4.2908          4.2908          0.0000        233.5811          0.0000

INFO:     411000        822.0000         22.6169          5.6466         16.9703         18.9692          2.9916         11.0139          0.7538          5.6145          1.4313         -0.9712          1.4763        -20.6910          4.0273          4.0273          0.0000        316.2902          0.0000

INFO:     414000        828.0000         21.3493          7.1791         14.1702         20.5901          5.2816         12.4863          0.9407          5.7848          0.6175         -0.3843          2.9852        -23.3550          2.8223          2.8223          0.0000        264.1023          0.0000

INFO:     417000        834.0000         20.8221          1.8574         18.9647         14.0168          2.0241         12.8793          1.1883          5.8718          0.4378          0.1905          1.3971        -24.2712          2.1398          2.1398          0.0000        353.4615          0.0000

INFO:     420000        840.0000         14.8510         -0.0755         14.9265         11.2600          2.1768          7.5307          0.8995          5.9751          0.2026          0.0893         -0.0764        -19.9826          3.1092          3.1092          0.0000        278.1981          0.0000

INFO:     423000        846.0000         18.3474          2.4962         15.8512         13.9322          4.3082         11.4055          0.4784          6.3696          0.7371         -0.6317         -1.7375        -22.4449          4.0114          4.0114          0.0000        295.4326          0.0000

INFO:     426000        852.0000         15.2427         -1.1186         16.3613         17.0519          4.1055          9.8010          0.4618          5.6602          0.2484         -0.7584         -0.4303        -21.6251          1.4184          1.4184          0.0000        304.9399          0.0000

INFO:     429000        858.0000         11.0208         -2.4201         13.4409         12.4688          1.5709          6.7071          0.4175          5.5925          0.1144         -0.8261          0.9487        -20.6829          3.7379          3.7379          0.0000        250.5096          0.0000

INFO:     432000        864.0000         13.1205         -0.0676         13.1880         11.4201          3.4571          8.2140          0.4519          6.6412          0.7813          0.1797         -0.9862        -23.0084          4.2019          4.2019          0.0000        245.7971          0.0000

INFO:     435000        870.0000         19.7031          4.6242         15.0788         15.4616          2.3546         11.2580          0.7774          4.8241          0.4787          0.5762          0.6409        -20.9562          4.6705          4.6705          0.0000        281.0376          0.0000

INFO:     438000        876.0000         15.4873         -4.2263         19.7136         15.5695          3.1175          7.9542          0.4968          6.4355          0.8620         -1.6431          0.4328        -22.9449          1.0630          1.0630          0.0000        367.4191          0.0000

INFO:     441000        882.0000         12.9152          0.9249         11.9903         15.2407          1.5598          8.7744          0.3859          5.8943          1.1835         -1.2088          3.5851        -22.2694          3.0202          3.0202          0.0000        223.4733          0.0000

INFO:     444000        888.0000         11.4823         -0.3816         11.8639         16.7619          5.0486          7.3666          0.2911          6.1263          0.8786         -1.5350          1.4313        -24.9152          4.9260          4.9260          0.0000        221.1177          0.0000

INFO:     447000        894.0000         13.7574          2.4359         11.3215         12.7473          4.3576         12.4007          0.7250          5.2496          1.0887         -0.5015         -1.4360        -23.1683          3.7201          3.7201          0.0000        211.0092          0.0000

INFO:     450000        900.0000         11.3945         -1.2050         12.5995         14.7924          3.2230         13.0632          0.2364          5.2086          0.3618         -0.4373          0.0211        -23.4983          0.6165          0.6165          0.0000        234.8286          0.0000

