Generate_Velocity> Generate initial velocities
  iseed           =      12999
  temperature     =    300.000
 
INFO:       STEP            TIME       TOTAL_ENE   POTENTIAL_ENE     KINETIC_ENE            RMSG            BOND           ANGLE    UREY-BRADLEY        DIHEDRAL        IMPROPER            CMAP         VDWAALS           ELECT RESTRAINT_TOTAL    RESTRAINT001    RESTR_CVS001     TEMPERATURE          VOLUME
 --------------- --------------- --------------- --------------- ---------------
INFO:          0          0.0000        124.3332        110.2042         14.1291         17.1624          3.0682         17.6951          0.6917          5.1209          0.8501         -0.1138         -1.5379        -21.5069        105.9367        105.9367          0.0000        263.3360          0.0000

INFO:       3000          6.0000         85.7614         33.2169         52.5445         23.8099          5.0151         26.0582          1.7506         11.2342          3.0783         -0.2379          0.0234        -19.3771          5.6721          5.6721          0.0000        979.3180          0.0000

INFO:       6000         12.0000         60.9688         24.3043         36.6645         26.0239          6.5447         19.8999          1.5800          6.1712          1.5885          0.0940         -1.2525        -19.2248          8.9033          8.9033          0.0000        683.3483          0.0000

INFO:       9000         18.0000         43.0602         13.0905         29.9697         16.9840          3.6283         12.4112          0.9784         11.8900          1.9549         -1.7441          0.2198        -23.3416          7.0937          7.0937          0.0000        558.5725          0.0000

INFO:      12000         24.0000         33.6815         10.5661         23.1155         22.0646          5.0428         17.0438          1.5479          5.7496          0.4905          0.0172          1.1980        -23.7683          3.2446          3.2446          0.0000        430.8231          0.0000

INFO:      15000         30.0000         31.3227          6.2982         25.0245         15.0766          2.4641         12.5091          1.0381          5.6660          0.3774         -0.3083          3.8953        -23.8318          4.4882          4.4882          0.0000        466.4032          0.0000

INFO:      18000         36.0000         24.1490          1.9553         22.1938         11.4544          4.3071         10.6598          2.0589          5.2850          0.4058          0.2147          0.8970        -23.4064          1.5332          1.5332          0.0000        413.6447          0.0000

INFO:      21000         42.0000         15.7607         -0.4956         16.2563         11.5905          3.1223         10.6234          0.6404          4.8211          0.0904          0.0042          0.7009        -24.3602          3.8619          3.8619          0.0000        302.9825          0.0000

INFO:      24000         48.0000         18.2279          1.6826         16.5453         14.4357          2.2755         14.1262          0.5211          6.1866          1.3840         -3.0669          1.9182        -26.0035          4.3413          4.3413          0.0000        308.3696          0.0000

INFO:      27000         54.0000         18.8584          1.1912         17.6672         14.0972          2.4276         10.4684          0.7251          6.1000          1.4709         -0.2338         -0.9955        -21.4497          2.6783          2.6783          0.0000        329.2795          0.0000

INFO:      30000         60.0000         12.3068          1.3821         10.9247         12.5892          1.5096         12.3432          0.5475          4.4484          0.2494          0.1523          0.0788        -21.3447          3.3976          3.3976          0.0000        203.6137          0.0000

INFO:      33000         66.0000         19.4073          1.4516         17.9557         15.6745          4.2682          6.3423          0.4918          7.7028          2.2109         -0.9855          2.1384        -23.2531          2.5358          2.5358          0.0000        334.6568          0.0000

INFO:      36000         72.0000         15.6363         -4.5838         20.2201         12.8872          1.4544          9.2430          0.2170          6.2063          1.0676         -0.8538          1.0768        -24.2625          1.2674          1.2674          0.0000        376.8600          0.0000

INFO:      39000         78.0000         24.2893          8.9321         15.3572         21.5442          2.9533         11.1986          0.6699          6.5560          3.6138         -0.2478          2.7029        -22.0357          3.5210          3.5210          0.0000        286.2260          0.0000

INFO:      42000         84.0000         21.4424          4.9184         16.5239         16.0912          5.8130         11.2772          1.6114          5.6469          0.9365         -0.7877          2.0697        -24.1774          2.5288          2.5288          0.0000        307.9711          0.0000

INFO:      45000         90.0000         22.6741          3.3453         19.3288         13.2256          1.9532         11.6648          0.8137          5.2462          0.3674          0.1543          2.5329        -20.4777          1.0905          1.0905          0.0000        360.2480          0.0000

INFO:      48000         96.0000         18.5436          5.6635         12.8801         15.1073          1.7976         13.9866          0.6101          6.8983          1.0040         -1.3416         -0.7035        -20.8111          4.2230          4.2230          0.0000        240.0578          0.0000

INFO:      51000        102.0000         16.4521          2.6827         13.7694         14.5359          5.4724         10.2397          0.4206          7.8374          0.7202         -0.4532          0.6386        -24.5544          2.3613          2.3613          0.0000        256.6317          0.0000

INFO:      54000        108.0000         11.6435          0.4716         11.1719         16.2746          1.6293          9.0931          0.7422          6.3219          1.2345         -0.5977          1.9181        -21.9589          2.0891          2.0891          0.0000        208.2215          0.0000

INFO:      57000        114.0000         12.5676         -0.8759         13.4435         11.3764          2.0597         10.2036          0.5753          4.7640          0.3369          0.0753         -1.1885        -21.2947          3.5926          3.5926          0.0000        250.5575          0.0000

INFO:      60000        120.0000         12.2740         -0.1111         12.3852         12.9950          3.2187          9.4310          0.8933          5.7236          1.7501          0.2328          0.5383        -23.7882          1.8892          1.8892          0.0000        230.8332          0.0000

INFO:      63000        126.0000         10.4403         -4.8458         15.2861         13.9339          2.2979          8.4273          0.2879          5.3305          0.6760         -0.6748         -0.4962        -22.6834          1.9890          1.9890          0.0000        284.9014          0.0000

INFO:      66000        132.0000         13.7206          2.1404         11.5802         19.4561          7.8480          8.2723          0.8253          4.4951          0.6033          0.1186         -1.0522        -22.8518          3.8817          3.8817          0.0000        215.8305          0.0000

INFO:      69000        138.0000         18.9596          3.0145         15.9451         14.2736          2.1975         14.7515          0.8090          7.8880          0.9476         -0.5185         -0.7722        -24.0332          1.7448          1.7448          0.0000        297.1827          0.0000

INFO:      72000        144.0000         18.7332         -1.0504         19.7836         11.7875          1.7656         10.6871          0.7867          5.6732          0.8148         -0.6900          0.7845        -22.9256          2.0533          2.0533          0.0000        368.7236          0.0000

INFO:      75000        150.0000         19.0875          1.8243         17.2632         15.8670          5.4397          8.3938          0.9701          6.0452          0.5293         -0.5469         -0.2758        -24.0577          5.3265          5.3265          0.0000        321.7503          0.0000

INFO:      78000        156.0000         16.6008          0.3837         16.2171         18.1888          4.7684          9.8967          0.2196          5.3813          0.4593          0.4628          1.6009        -23.7336          1.3282          1.3282          0.0000        302.2525          0.0000

INFO:      81000        162.0000         12.6244         -1.1059         13.7303         16.0416          3.4995          7.6425          0.9161          5.7092          0.7319          0.0892          1.7385        -22.8951          1.4623          1.4623          0.0000        255.9031          0.0000

INFO:      84000        168.0000         12.6862         -2.0246         14.7108         15.2060          1.4161          8.8530          0.5530          5.9191          1.2172         -0.5918         -0.2494        -22.2715          3.1297          3.1297          0.0000        274.1778          0.0000

INFO:      87000        174.0000          8.4623         -5.1409         13.6032         12.8278          2.1307          7.3076          0.9064          5.8378          0.2731         -1.2497          1.0921        -22.8595          1.4206          1.4206          0.0000        253.5346          0.0000

INFO:      90000        180.0000         18.3673          2.9802         15.3871         17.2618          3.7301         12.1927          0.5759          7.9782          0.5341         -0.6449          1.3200        -24.5953          1.8895          1.8895          0.0000        286.7829          0.0000

INFO:      93000        186.0000         18.1407          5.6572         12.4835         19.2317          5.9453         12.2760          0.8551          5.5058          1.0074          0.4534         -0.6482        -21.6652          1.9277          1.9277          0.0000        232.6659          0.0000

INFO:      96000        192.0000         16.9915          0.2758         16.7157         13.7980          3.6503         10.1551          0.8698          6.9940          2.2825         -1.9937          0.1688        -24.4660          2.6150          2.6150          0.0000        311.5450          0.0000

INFO:      99000        198.0000         17.7697          5.0963         12.6734         21.1881          2.9384         15.8259          1.6583          4.8962          0.6210          0.5652         -0.1632        -22.9009          1.6554          1.6554          0.0000        236.2058          0.0000

INFO:     102000        204.0000         20.6446          1.4752         19.1693         18.0255          4.0590         10.4729          0.5948          5.6438          0.9514         -0.5793          1.1440        -22.6753          1.8640          1.8640          0.0000        357.2761          0.0000

INFO:     105000        210.0000         23.2667          7.5317         15.7349         17.9472          3.2700         14.9422          1.0917          4.9586          1.9601          0.4462         -0.0775        -21.7394          2.6799          2.6799          0.0000        293.2661          0.0000

INFO:     108000        216.0000         17.4410          1.7245         15.7165         14.1938          4.3572         12.7401          0.6922          4.9194          0.6051          0.5835          0.8281        -24.5377          1.5365          1.5365          0.0000        292.9225          0.0000

INFO:     111000        222.0000         15.3209         -2.8661         18.1870         12.5305          3.3513          9.0708          0.7352          4.4822          0.1925          0.2813         -0.6403        -21.5818          1.2427          1.2427          0.0000        338.9666          0.0000

INFO:     114000        228.0000         20.3012          6.5051         13.7962         21.9573          3.6330         16.0734          1.3412          6.1947          0.2511         -1.7431          0.8899        -23.5374          3.4023          3.4023          0.0000        257.1316          0.0000

INFO:     117000        234.0000         20.6308          4.3598         16.2710         18.9974          5.7397         10.3171          1.0715          4.8550          0.2702          0.3588          0.4495        -19.9283          1.2263          1.2263          0.0000        303.2575          0.0000

INFO:     120000        240.0000         22.5662          5.3417         17.2245         17.1960          4.5790         11.4516          1.9861          6.0098          1.9209          0.3857          0.2847        -24.5953          3.3191          3.3191          0.0000        321.0274          0.0000

INFO:     123000        246.0000         19.3587          4.0094         15.3492         21.0039          4.5830         10.7304          1.0161          6.6282          0.4985         -0.0143         -0.0520        -20.9777          1.5972          1.5972          0.0000        286.0773          0.0000

INFO:     126000        252.0000         18.2029          2.9963         15.2066         17.5332          6.4057          9.2931          0.9271          5.6692          1.4503          0.4271         -0.4709        -23.0941          2.3888          2.3888          0.0000        283.4194          0.0000

INFO:     129000        258.0000         15.2036          1.2286         13.9751         15.2620          2.1399          9.2253          0.8814          6.6201          1.6133         -2.9130          2.1163        -22.0572          3.6024          3.6024          0.0000        260.4660          0.0000

INFO:     132000        264.0000         20.7498          4.2917         16.4581         15.8354          3.4912         13.8477          0.7162          5.5732          2.7886         -0.0714         -1.8497        -22.0245          1.8204          1.8204          0.0000        306.7433          0.0000

INFO:     135000        270.0000         18.4779          5.4224         13.0554         16.0174          4.8514         13.7233          0.7911          5.3191          1.5319         -0.0289          0.4104        -23.8280          2.6522          2.6522          0.0000        243.3256          0.0000

INFO:     138000        276.0000         14.1871         -2.3403         16.5274         13.5120          2.4230          9.2591          0.7914          6.0958          0.8895          0.2786         -0.8240        -22.1942          0.9405          0.9405          0.0000        308.0354          0.0000

INFO:     141000        282.0000         18.6114          2.6602         15.9513         16.4509          4.5609          8.1207          1.6046          4.9857          0.2696          0.3162          1.8808        -23.2459          4.1676          4.1676          0.0000        297.2977          0.0000

INFO:     144000        288.0000         18.7624          2.0835         16.6788         19.0425          3.8729         11.8477          0.8710          7.3942          1.0887         -0.4302          1.5684        -24.7363          0.6071          0.6071          0.0000        310.8580          0.0000

INFO:     147000        294.0000         17.1439          1.7690         15.3749         14.8211          2.8079          8.9676          0.7465          5.3038          0.6521         -0.1756          6.1203        -25.2480          2.5943          2.5943          0.0000        286.5565          0.0000

INFO:     150000        300.0000         16.1892         -0.1878         16.3770         15.8133          4.0013         10.0316          0.8677          6.1949          0.4460         -0.3926         -0.9878        -21.9395          1.5906          1.5906          0.0000        305.2332          0.0000

INFO:     153000        306.0000         21.6538          5.7813         15.8725         23.6732          6.3199         10.3774          0.2604          5.5298          1.4735          0.7315          3.5533        -25.5708          3.1063          3.1063          0.0000        295.8302          0.0000

INFO:     156000        312.0000         18.0944          1.4796         16.6149         16.5878          3.9383          9.8714          0.8594          6.3515          0.4323         -1.1883          0.5380        -20.9817          1.6586          1.6586          0.0000        309.6658          0.0000

INFO:     159000        318.0000         19.2733          3.3418         15.9315         19.0391          5.7029         10.3721          1.0214          5.5299          0.2550         -0.5474          0.6328        -22.1948          2.5701          2.5701          0.0000        296.9295          0.0000

INFO:     162000        324.0000         14.0207         -2.4552         16.4758         15.2282          3.8149          9.4920          0.6974          4.8265          0.1927          0.3354         -0.8542        -21.5671          0.6072          0.6072          0.0000        307.0747          0.0000

INFO:     165000        330.0000         18.2573          4.6618         13.5955         13.7200          2.2369         14.4117          0.5097          8.5579          0.9758         -0.6338          2.7427        -26.3580          2.2190          2.2190          0.0000        253.3913          0.0000

INFO:     168000        336.0000         19.3864          4.0100         15.3764         21.3080          3.7288         12.3895          1.0749          5.7496          0.7168          0.3432         -0.4362        -21.5563          1.9998          1.9998          0.0000        286.5831          0.0000

INFO:     171000        342.0000         16.7828          4.2613         12.5215         15.2265          4.3987         12.1325          0.7535          4.5101          0.4045          0.1524          1.8300        -22.3682          2.4477          2.4477          0.0000        233.3748          0.0000

INFO:     174000        348.0000         15.4886         -0.2034         15.6920         11.3987          1.1551         10.2034          1.3015          6.0732          0.4549          0.1832          2.4933        -23.1717          1.1037          1.1037          0.0000        292.4651          0.0000

INFO:     177000        354.0000         16.6897          3.8019         12.8877         16.7977          1.6689         14.9809          0.8818          5.9431          1.3642         -0.5253          0.0508        -23.5788          3.0164          3.0164          0.0000        240.1999          0.0000

INFO:     180000        360.0000         22.1675          4.7571         17.4104         16.9949          3.4563         14.7012          1.1621          5.5850          0.8999         -1.0440          0.9527        -23.6645          2.7084          2.7084          0.0000        324.4924          0.0000

INFO:     183000        366.0000         26.5700          3.2350         23.3350         14.9978          1.1512         13.9906          0.5529          5.4063          0.0610          0.2152          1.6994        -22.0495          2.2079          2.2079          0.0000        434.9156          0.0000

INFO:     186000        372.0000         22.1330          2.3416         19.7914         17.6625          3.5191         11.0302          0.5074          5.5248          0.6820         -0.4633          1.2696        -22.3449          2.6167          2.6167          0.0000        368.8691          0.0000

INFO:     189000        378.0000         17.9236          2.3110         15.6126         15.3279          2.0591          9.5629          0.5393          5.5041          0.5609         -0.0137          3.9943        -22.4410          2.5450          2.5450          0.0000        290.9866          0.0000

INFO:     192000        384.0000         16.0613         -1.2244         17.2857         15.7133          4.2472          6.6698          0.1872          5.7283          1.3156          0.1681          1.2952        -22.4260          1.5902          1.5902          0.0000        322.1692          0.0000

INFO:     195000        390.0000         22.0321          6.6519         15.3801         19.1589          4.9233         11.9914          0.6654          6.1132          2.7908          0.1353          0.8823        -23.1419          2.2922          2.2922          0.0000        286.6529          0.0000

INFO:     198000        396.0000         14.7153         -0.5639         15.2792         13.2931          0.6256         12.1150          0.3843          5.5263          0.7641         -0.0782         -0.6292        -20.8546          1.5829          1.5829          0.0000        284.7712          0.0000

INFO:     201000        402.0000         12.8028         -2.3961         15.1989         14.5224          3.0260          5.9412          0.2230          5.5765          0.8917         -0.2399          2.0754        -23.0637          3.1736          3.1736          0.0000        283.2758          0.0000

INFO:     204000        408.0000         15.5727         -0.3959         15.9685          9.9166          0.8377         11.0687          0.6668          5.7732          0.2260         -0.4288          0.0185        -21.7273          3.1694          3.1694          0.0000        297.6198          0.0000

INFO:     207000        414.0000         20.8413          2.2959         18.5454         13.4392          2.6598         14.4682          0.7065          6.8389          0.4771         -0.2010         -0.1174        -23.6931          1.1570          1.1570          0.0000        345.6474          0.0000

INFO:     210000        420.0000         19.9771          6.2486         13.7285         14.5593          2.7898         11.7723          0.9662          8.4690          0.7762         -0.4572          0.1382        -22.4654          4.2597          4.2597          0.0000        255.8704          0.0000

INFO:     213000        426.0000         17.9595          0.4678         17.4917         13.8022          1.5380         12.7354          0.4518          5.7429          0.4775         -0.1881          0.4214        -23.0113          2.3002          2.3002          0.0000        326.0075          0.0000

INFO:     216000        432.0000         20.4634          1.0415         19.4219         13.7079          2.7504          9.3595          0.8158          5.6468          2.2119          0.0830         -0.2585        -23.0235          3.4561          3.4561          0.0000        361.9836          0.0000

INFO:     219000        438.0000         20.9908          1.1916         19.7992         15.8276          1.7818         12.5287          0.8539          5.5046          0.5925          0.0122          0.3423        -21.7744          1.3499          1.3499          0.0000        369.0160          0.0000

INFO:     222000        444.0000         21.7641          4.7856         16.9785         18.2989          8.2367         10.7028          0.8185          6.6498          0.7952         -0.6228         -0.1355        -23.5543          1.8952          1.8952          0.0000        316.4428          0.0000

INFO:     225000        450.0000         17.6704          2.6566         15.0139         16.9941          4.8163         11.2296          0.8177          5.2553          0.8306         -0.5302         -0.3565        -21.4025          1.9962          1.9962          0.0000        279.8267          0.0000

INFO:     228000        456.0000         24.5628          9.1373         15.4255         18.3932          3.7503         18.1147          1.3969          5.8024          0.0921          0.3853          0.0787        -23.2347          2.7515          2.7515          0.0000        287.4990          0.0000

INFO:     231000        462.0000         22.5415          5.8076         16.7339         15.1851          1.7891         17.5695          2.0049          5.1392          1.6290         -0.3896         -0.1769        -22.4424          0.6846          0.6846          0.0000        311.8848          0.0000

INFO:     234000        468.0000         26.1452          3.8258         22.3193         18.6455          4.7433         14.0673          0.4542          6.5522          1.4734         -0.8066         -0.6577        -24.0718          2.0715          2.0715          0.0000        415.9848          0.0000

INFO:     237000        474.0000         17.3997          4.0835         13.3161         21.4884          4.4692         11.2020          0.8828          5.5772          1.4844          0.0427          2.5141        -22.8484          0.7595          0.7595          0.0000        248.1844          0.0000

INFO:     240000        480.0000         19.2105          3.2628         15.9477         14.7064          3.3192          9.8520          0.3318          6.3795          2.5732          0.3381          2.0533        -23.8858          2.3015          2.3015          0.0000        297.2311          0.0000

INFO:     243000        486.0000         18.4524          1.9058         16.5466         14.2481          1.8202         12.7786          0.5995          5.4876          0.4626          0.2068         -0.1115        -21.2536          1.9154          1.9154          0.0000        308.3942          0.0000

INFO:     246000        492.0000         18.1030          5.4486         12.6544         17.4568          3.0268         14.0647          0.3196          5.9760          0.4623         -0.4522          1.6664        -22.2540          2.6392          2.6392          0.0000        235.8506          0.0000

INFO:     249000        498.0000         24.8943          7.5756         17.3187         15.6631          2.2722         10.4342          0.5633          6.4489          1.9114          0.7540          1.0479        -19.5663          3.7100          3.7100          0.0000        322.7847          0.0000

INFO:     252000        504.0000         16.1877         -0.4064         16.5941         12.2848          2.6127          7.7432          0.7510          6.1324          1.6824         -0.3480          1.6978        -22.1599          1.4820          1.4820          0.0000        309.2794          0.0000

INFO:     255000        510.0000         14.7804         -2.0020         16.7824         13.6493          5.1078          7.5929          0.5175          4.6896          0.6446          0.2412         -0.5638        -22.3165          2.0846          2.0846          0.0000        312.7890          0.0000

INFO:     258000        516.0000         17.0618          1.6036         15.4582         17.3217          5.3720          9.4235          1.5574          5.6376          0.1091         -1.5361          0.5864        -22.6509          3.1045          3.1045          0.0000        288.1087          0.0000

INFO:     261000        522.0000         16.7574          0.3735         16.3839         16.9064          4.1203         13.1032          0.8177          5.8196          0.8718         -0.0800         -0.5192        -25.1722          1.4121          1.4121          0.0000        305.3611          0.0000

INFO:     264000        528.0000         14.4577         -1.0084         15.4661         13.5414          2.0200          9.8254          0.7195          6.8993          0.1428          0.4496          1.9115        -24.6091          1.6328          1.6328          0.0000        288.2546          0.0000

INFO:     267000        534.0000         11.5537         -2.2559         13.8096         16.0141          5.0019          5.5684          0.2860          4.9963          0.4247         -0.3155          1.9045        -21.3717          1.2495          1.2495          0.0000        257.3811          0.0000

INFO:     270000        540.0000         12.9933         -5.8818         18.8751         13.5536          4.2108          7.1659          0.4037          4.3802          0.0611          0.6396          2.1072        -25.4679          0.6175          0.6175          0.0000        351.7921          0.0000

INFO:     273000        546.0000         12.2277          0.3727         11.8551         17.7553          4.3903         11.1812          0.4791          6.2598          1.0437         -0.7701         -0.4375        -24.1127          2.3388          2.3388          0.0000        220.9539          0.0000

INFO:     276000        552.0000         12.5453         -0.5068         13.0522         11.8371          1.4887         11.3782          1.1560          5.6853          1.0678          0.2591         -0.5532        -21.6936          0.7047          0.7047          0.0000        243.2647          0.0000

INFO:     279000        558.0000         15.1363         -0.9728         16.1091         13.3241          1.2197         11.6762          0.2614          5.8723          1.2923          0.2957         -1.0561        -23.2186          2.6843          2.6843          0.0000        300.2392          0.0000

INFO:     282000        564.0000         17.2193          2.2557         14.9636         12.3539          2.3988         11.1545          0.5671          8.0368          0.4257         -1.1198          0.8007        -22.0483          2.0403          2.0403          0.0000        278.8904          0.0000

INFO:     285000        570.0000         13.4609          0.3761         13.0849         12.1880          2.0464          8.1440          0.6525          6.6758          0.5802         -1.1732          2.1608        -21.9838          3.2734          3.2734          0.0000        243.8740          0.0000

INFO:     288000        576.0000         21.5255          5.3106         16.2149         12.9825          2.3782         14.2826          0.8156          5.4902          1.5078          0.2292          0.3348        -21.1471          1.4195          1.4195          0.0000        302.2115          0.0000

INFO:     291000        582.0000         18.0967          3.1492         14.9475         15.6077          2.4282         10.4571          0.4552          6.8905          1.6942         -1.3739         -0.0163        -20.0189          2.6331          2.6331          0.0000        278.5905          0.0000

INFO:     294000        588.0000         20.0869          5.3470         14.7399         19.5557          4.6057          8.8345          0.7451          6.6021          1.5557          0.2788          3.8573        -25.2134          4.0812          4.0812          0.0000        274.7210          0.0000

INFO:     297000        594.0000         11.8962          1.0401         10.8561         15.2669          2.7596         14.0338          0.5936          4.7599          0.0249          0.1104          0.8751        -23.6018          1.4848          1.4848          0.0000        202.3350          0.0000

INFO:     300000        600.0000         15.3717          1.5655         13.8062         14.4614          3.4083         10.4227          0.8873          7.1155          0.9657         -1.2732          0.7436        -23.5705          2.8662          2.8662          0.0000        257.3190          0.0000

INFO:     303000        606.0000         16.3663          2.3479         14.0184         16.1599          5.4267          7.0389          0.8707          5.5906          3.3521          0.2139         -0.8012        -22.1549          2.8112          2.8112          0.0000        261.2737          0.0000

INFO:     306000        612.0000         13.7909         -3.2250         17.0159         13.4851          2.3619          8.9238          0.5709          4.9291          1.1736         -0.1100          0.7344        -23.0452          1.2365          1.2365          0.0000        317.1409          0.0000

INFO:     309000        618.0000         16.7854          0.5945         16.1909         14.5027          3.5564          7.9204          0.5644          7.3107          1.3675         -0.1484          1.6396        -24.4597          2.8436          2.8436          0.0000        301.7645          0.0000

INFO:     312000        624.0000         22.1169          4.1874         17.9295         17.2442          2.7860         13.2770          0.7272          6.6474          1.2575          0.0534         -0.4408        -22.0107          1.8904          1.8904          0.0000        334.1680          0.0000

INFO:     315000        630.0000         17.1411          1.5684         15.5727         14.1010          6.1163          8.3370          1.7180          5.6699          1.1402         -0.5120          0.6394        -23.7379          2.1974          2.1974          0.0000        290.2419          0.0000

INFO:     318000        636.0000         23.2619          4.8441         18.4178         15.4697          2.7675         15.8977          1.5986          5.5515          0.1728         -0.4548         -0.0709        -23.1451          2.5268          2.5268          0.0000        343.2697          0.0000

INFO:     321000        642.0000         17.9526          0.7265         17.2261         14.2591          5.1036          8.2226          0.9530          5.3502          0.3926         -0.0961          3.0812        -23.2830          1.0025          1.0025          0.0000        321.0586          0.0000

INFO:     324000        648.0000         12.8281          1.0076         11.8205         17.0440          4.4841          9.7870          0.5345          4.9354          0.6125          0.2107          0.0881        -21.3836          1.7391          1.7391          0.0000        220.3092          0.0000

INFO:     327000        654.0000         12.2721         -0.8074         13.0795         13.7106          2.5699         11.1715          0.3187          5.2241          0.3128          0.6010          1.0125        -23.4263          1.4084          1.4084          0.0000        243.7743          0.0000

INFO:     330000        660.0000         16.8560          3.2302         13.6258         18.7595          6.2771          9.2269          0.6608          5.3050          0.5004         -0.1703          2.3495        -23.2604          2.3412          2.3412          0.0000        253.9567          0.0000

INFO:     333000        666.0000         21.7006          3.4257         18.2749         16.2076          2.7942         12.1487          0.6539          6.1576          0.1379          0.1884          0.6752        -21.8961          2.5661          2.5661          0.0000        340.6051          0.0000

INFO:     336000        672.0000          8.9251         -2.4437         11.3689         17.0191          3.8159          8.0690          0.6468          5.1398          0.3768          0.3193          1.1496        -23.0175          1.0567          1.0567          0.0000        211.8918          0.0000

INFO:     339000        678.0000         19.4057          2.2708         17.1350         17.6944          4.4158         11.7149          0.5003          6.6745          0.2949         -0.7605         -0.4602        -22.3039          2.1951          2.1951          0.0000        319.3593          0.0000

INFO:     342000        684.0000         14.8719          0.1287         14.7432         12.1686          2.4293          8.7000          0.8145          5.8872          0.3913          0.1457          1.9914        -21.5393          1.3087          1.3087          0.0000        274.7817          0.0000

INFO:     345000        690.0000         14.7810          4.0049         10.7761         15.2546          3.4471         13.9662          0.8383          7.1491          1.6159         -0.7702          0.0593        -23.7740          1.4732          1.4732          0.0000        200.8440          0.0000

INFO:     348000        696.0000         20.5826         -1.4998         22.0824         15.3757          3.2973         11.5565          0.4931          6.2743          0.2079         -0.7815          0.1300        -24.3891          1.7117          1.7117          0.0000        411.5690          0.0000

INFO:     351000        702.0000         12.8759          3.2380          9.6380         16.6257          4.0936         12.5520          1.1249          6.4909          0.3814         -0.5859         -0.6560        -21.8455          1.6826          1.6826          0.0000        179.6313          0.0000

INFO:     354000        708.0000         15.4648         -1.5836         17.0484         21.2559          5.4226          6.7826          0.4727          5.1594          0.8102          0.3383         -0.8497        -20.7723          1.0527          1.0527          0.0000        317.7467          0.0000

INFO:     357000        714.0000         15.7719          5.1640         10.6080         21.4863          4.7574         12.7248          1.5166          5.1153          1.3016         -0.1291         -1.2584        -20.3327          1.4684          1.4684          0.0000        197.7105          0.0000

INFO:     360000        720.0000         17.9324          4.4873         13.4451         19.5962          4.3002         11.7932          0.9815          8.5712          1.4673         -0.8083         -0.8851        -23.1718          2.2392          2.2392          0.0000        250.5884          0.0000

INFO:     363000        726.0000         18.3207          3.8154         14.5053         17.0510          2.6353         11.4647          0.9028          5.8535          0.9657          0.1958         -0.1077        -18.8054          0.7107          0.7107          0.0000        270.3474          0.0000

INFO:     366000        732.0000         20.1159          7.1338         12.9821         17.3559          2.5487         11.5240          1.0261          7.1073          0.8600         -0.1635          5.3999        -21.8377          0.6689          0.6689          0.0000        241.9581          0.0000

INFO:     369000        738.0000         21.3077          2.1656         19.1421         17.8117          5.1395          8.8457          0.4176          6.2995          3.3600          0.0572          0.7333        -24.1798          1.4927          1.4927          0.0000        356.7680          0.0000

INFO:     372000        744.0000         15.7151          0.5027         15.2124         14.9682          1.9369         11.2272          0.5126          7.0769          0.2796         -1.5851          0.9173        -22.0174          2.1546          2.1546          0.0000        283.5268          0.0000

INFO:     375000        750.0000         16.1072          2.6245         13.4827         14.4439          2.5664         11.1138          0.7622          6.6077          0.4877         -0.0903          2.5892        -23.1229          1.7107          1.7107          0.0000        251.2894          0.0000

INFO:     378000        756.0000         16.4019         -0.3909         16.7928         12.8957          2.2587          6.7558          0.3024          6.1181          0.8940         -0.8402          1.8663        -19.1517          1.4057          1.4057          0.0000        312.9828          0.0000

INFO:     381000        762.0000         17.0209          0.3512         16.6697         17.8986          3.7492         10.9827          0.2788          6.9372          0.6880         -0.8087          1.0601        -23.7154          1.1793          1.1793          0.0000        310.6878          0.0000

INFO:     384000        768.0000         21.2081          5.1822         16.0260         15.2671          5.3805         16.3377          0.8324          4.8113          0.2546          0.3238         -0.6629        -23.2970          1.2018          1.2018          0.0000        298.6900          0.0000

INFO:     387000        774.0000         19.7078          1.2326         18.4752         13.4656          3.1138          9.6702          0.6181          6.6979          1.9104          0.6274          0.5876        -23.1097          1.1169          1.1169          0.0000        344.3387          0.0000

INFO:     390000        780.0000         16.0085         -2.2124         18.2209         17.3386          6.1796          9.8725          0.4523          4.6126          0.0676          0.6990         -0.4478        -25.1601          1.5120          1.5120          0.0000        339.5986          0.0000

INFO:     393000        786.0000         21.2436          4.3770         16.8666         17.8925          4.5556         11.0352          0.5984          5.5156          1.1823         -0.2383          2.2305        -21.6030          1.1007          1.1007          0.0000        314.3584          0.0000

INFO:     396000        792.0000         21.9325          5.4767         16.4558         17.9638          3.3058          8.9029          0.8905          5.1643          2.7783          0.6435          2.1755        -19.8086          1.4245          1.4245          0.0000        306.7010          0.0000

INFO:     399000        798.0000         22.1691          5.7635         16.4056         15.4591          4.9539         11.9032          0.5785          7.1051          1.2685         -1.2868         -0.2068        -21.3994          2.8473          2.8473          0.0000        305.7658          0.0000

INFO:     402000        804.0000         19.7241          4.7070         15.0171         15.0452          2.2982         11.3146          1.5037          6.4025          1.8808          0.0663          1.1220        -22.0600          2.1789          2.1789          0.0000        279.8870          0.0000

INFO:     405000        810.0000         13.8689          1.2194         12.6495         16.1404          2.0374         13.8060          0.5381          5.3696          0.2714         -0.1367          0.5070        -22.4354          1.2619          1.2619          0.0000        235.7596          0.0000

INFO:     408000        816.0000         22.2108          2.4141         19.7968         14.7228          4.7944         14.2482          0.2957          6.3446          0.9385         -0.6341         -1.8793        -23.9790          2.2851          2.2851          0.0000        368.9696          0.0000

INFO:     411000        822.0000         26.5478          5.3366         21.2111         20.0307          4.5065         10.9701          0.4430          5.8444          3.3414          1.0115          2.2407        -24.1810          1.1600          1.1600          0.0000        395.3302          0.0000

INFO:     414000        828.0000         28.8511         10.8373         18.0138         17.5153          3.5514         20.6354          2.0593          6.4890          0.3889          0.3787         -0.6890        -23.4608          1.4844          1.4844          0.0000        335.7393          0.0000

INFO:     417000        834.0000         23.2303          0.0405         23.1898         12.2735          3.2744          9.8084          0.7102          5.8939          0.2289          0.2237          0.1757        -22.2365          1.9617          1.9617          0.0000        432.2094          0.0000

INFO:     420000        840.0000         23.7932          9.7851         14.0081         20.7336          3.8163         16.0783          0.4347          5.1413          0.0992          0.2848         -0.9693        -16.7279          1.6279          1.6279          0.0000        261.0809          0.0000

INFO:     423000        846.0000         20.4823          1.0118         19.4705         20.5691          1.8244         11.7080          0.6011          4.5088          0.2786          0.1839          0.9881        -20.9090          1.8278          1.8278          0.0000        362.8892          0.0000

INFO:     426000        852.0000         21.7503          4.3080         17.4422         17.8287          4.6086          9.6548          0.9643          7.5376          0.0788         -0.0816          1.1170        -22.1130          2.5414          2.5414          0.0000        325.0863          0.0000

INFO:     429000        858.0000         20.7745          3.4644         17.3101         16.5759          3.7034         11.6972          1.5470          6.4918          2.0496         -0.7445          2.7540        -25.4543          1.4202          1.4202          0.0000        322.6228          0.0000

INFO:     432000        864.0000         16.8621         -0.0076         16.8697         15.7816          3.5911         12.2139          0.5623          5.9097          0.7734         -0.8459          0.3665        -24.2703          1.6918          1.6918          0.0000        314.4160          0.0000

INFO:     435000        870.0000         24.5392          3.7704         20.7688         18.6684          4.2732         11.0778          0.7151          6.0089          0.1881         -0.5914          0.6545        -20.6950          2.1392          2.1392          0.0000        387.0873          0.0000

INFO:     438000        876.0000         19.7503          5.7638         13.9865         18.8769          6.1513         11.1229          0.5717          6.2790          0.9428         -1.2443          0.3582        -20.1412          1.7235          1.7235          0.0000        260.6789          0.0000

INFO:     441000        882.0000         15.4619         -1.5970         17.0589         15.6656          2.9990          6.7471          0.8645          4.8217          0.7876          0.1801          1.9336        -20.9406          1.0100          1.0100          0.0000        317.9427          0.0000

INFO:     444000        888.0000         22.2214         -0.1697         22.3911         15.2171          2.2928         11.8922          1.4844          5.4225          0.2138         -0.0308          0.6678        -23.6441          1.5315          1.5315          0.0000        417.3225          0.0000

INFO:     447000        894.0000         17.4683         -0.2310         17.6994         13.0859          2.6689          9.4048          0.6500          5.2774          0.9549          0.2629          1.0609        -22.3523          1.8415          1.8415          0.0000        329.8785          0.0000

INFO:     450000        900.0000         14.7524          0.0849         14.6675         19.1226          5.3466          9.8984          0.7622          5.4197          0.7059         -0.4520         -0.5283        -21.6818          0.6143          0.6143          0.0000        273.3717          0.0000

