Generate_Velocity> Generate initial velocities
  iseed           =      13999
  temperature     =    300.000
 
INFO:       STEP            TIME       TOTAL_ENE   POTENTIAL_ENE     KINETIC_ENE            RMSG            BOND           ANGLE    UREY-BRADLEY        DIHEDRAL        IMPROPER            CMAP         VDWAALS           ELECT RESTRAINT_TOTAL    RESTRAINT001    RESTR_CVS001     TEMPERATURE          VOLUME
 --------------- --------------- --------------- --------------- ---------------
INFO:          0          0.0000        111.3496         98.3466         13.0030         18.1980          4.3542         10.4828          0.3903          5.3993          0.5820         -0.6095          2.4811        -23.2337         98.5000         98.5000          0.0000        242.3475          0.0000

INFO:       3000          6.0000         62.5723         25.0134         37.5589         24.7131          9.8577         28.5659          0.8626          5.8603          1.8297         -1.1420         -0.7174        -22.7966          2.6932          2.6932          0.0000        700.0194          0.0000

INFO:       6000         12.0000         41.9212         11.8018         30.1193         18.8158          4.8677         15.6351          1.9188          8.7906          2.8736         -2.3176          1.0332        -23.2201          2.2205          2.2205          0.0000        561.3609          0.0000

INFO:       9000         18.0000         34.5750          6.5643         28.0106         14.3822          2.7032         12.9277          0.2834          7.7966          0.4973         -0.8116          0.6657        -22.0306          4.5325          4.5325          0.0000        522.0588          0.0000

INFO:      12000         24.0000         30.4164          7.0300         23.3863         19.3409          5.6504         10.7642          0.9823          8.5751          0.6161         -2.3911         -0.2272        -20.1009          3.1612          3.1612          0.0000        435.8720          0.0000

INFO:      15000         30.0000         28.1232          1.6202         26.5029         12.2259          2.9721         10.4986          1.1860          5.3561          0.3832         -0.5329          0.3149        -21.6436          3.0859          3.0859          0.0000        493.9584          0.0000

INFO:      18000         36.0000         23.1750          3.3029         19.8721         17.0392          2.0212         12.0331          1.2623          7.1309          1.1275         -1.3056          0.9595        -22.6049          2.6788          2.6788          0.0000        370.3737          0.0000

INFO:      21000         42.0000         21.9678          3.0718         18.8960         15.3619          3.4658          9.5464          0.6553          5.6352          0.2810         -0.0715          2.8546        -24.1347          4.8397          4.8397          0.0000        352.1807          0.0000

INFO:      24000         48.0000         18.8274          3.2972         15.5302         12.1576          2.2119         12.6765          0.6570          6.5084          1.2297          0.7924          1.1930        -24.8677          2.8960          2.8960          0.0000        289.4499          0.0000

INFO:      27000         54.0000         14.7660         -0.8436         15.6096         14.5081          2.7202         13.7964          0.8223          5.0061          0.3132          0.0183         -0.2884        -25.3248          2.0931          2.0931          0.0000        290.9304          0.0000

INFO:      30000         60.0000         16.9353          1.4574         15.4779         18.8208          1.4181         10.4049          0.5849          6.6727          2.0019         -2.0550          4.1036        -23.4726          1.7991          1.7991          0.0000        288.4752          0.0000

INFO:      33000         66.0000         15.3199          0.4818         14.8381         16.5651          3.4718         13.1371          1.3018          6.2839          0.5184         -3.2740          0.3210        -23.9436          2.6656          2.6656          0.0000        276.5509          0.0000

INFO:      36000         72.0000         18.2110          4.7718         13.4393         14.5702          4.1013         10.9531          1.1630          7.3601          0.9837          0.2713          1.8992        -25.0793          3.1194          3.1194          0.0000        250.4793          0.0000

INFO:      39000         78.0000         14.2261          0.8969         13.3292         15.5957          5.7604          9.0409          1.7976          6.4915          0.2230         -0.7444          1.4972        -24.1520          0.9825          0.9825          0.0000        248.4281          0.0000

INFO:      42000         84.0000         19.5046          3.2776         16.2270         17.3819          4.6883         13.8834          1.2327          5.8353          0.3383         -0.0778         -0.2529        -23.4223          1.0527          1.0527          0.0000        302.4374          0.0000

INFO:      45000         90.0000         19.7004          3.2427         16.4577         12.8929          3.0590          9.6501          0.6221          5.9998          0.3544         -0.5828          0.1686        -18.3875          2.3590          2.3590          0.0000        306.7369          0.0000

INFO:      48000         96.0000         12.6197          3.6152          9.0045         14.5662          3.7624         12.9758          1.1272          8.6743          1.0031         -1.4766          1.9762        -26.4114          1.9842          1.9842          0.0000        167.8251          0.0000

INFO:      51000        102.0000         12.1111          0.8526         11.2585         13.3453          2.1557         10.1680          1.0181          8.2273          1.0936         -0.6121          0.7923        -23.4603          1.4700          1.4700          0.0000        209.8355          0.0000

INFO:      54000        108.0000         10.9042         -2.5031         13.4073         12.8906          2.5110          9.5208          1.0866          5.8839          0.4294         -0.4399          0.5768        -23.5467          1.4750          1.4750          0.0000        249.8844          0.0000

INFO:      57000        114.0000         14.9614          2.2103         12.7512         14.9492          5.6155         10.1218          1.1603          7.5884          1.3977         -0.8373          1.1040        -25.0359          1.0957          1.0957          0.0000        237.6546          0.0000

INFO:      60000        120.0000         16.1376          3.3580         12.7796         13.9967          1.5623         11.9883          1.1732          5.9678          1.4289          0.1396          0.4494        -21.1938          1.8422          1.8422          0.0000        238.1849          0.0000

INFO:      63000        126.0000         14.1858          1.4019         12.7839         15.4110          4.2107         10.7327          0.4776          6.9304          1.8507         -0.7451          1.8044        -24.8889          1.0293          1.0293          0.0000        238.2656          0.0000

INFO:      66000        132.0000         11.8309         -3.0732         14.9041         14.7521          3.2037          9.5186          0.1826          5.3004          0.1098         -0.3501          0.2884        -22.3466          1.0199          1.0199          0.0000        277.7816          0.0000

INFO:      69000        138.0000         13.9265         -2.1338         16.0602         11.8251          1.2888          8.5082          0.6113          6.6124          0.5255         -1.0586          2.8067        -23.1265          1.6983          1.6983          0.0000        299.3287          0.0000

INFO:      72000        144.0000         16.4402          2.0658         14.3745         14.8707          3.6774          7.8857          0.5020          6.6886          0.0973         -0.0078         -0.6191        -18.8239          2.6656          2.6656          0.0000        267.9100          0.0000

INFO:      75000        150.0000         12.2967         -0.1664         12.4632         12.8871          3.0768          9.0902          1.1967          7.8994          0.5061         -0.4853          0.0987        -22.1962          0.6471          0.6471          0.0000        232.2870          0.0000

INFO:      78000        156.0000         16.4153         -4.4135         20.8288         10.3593          2.3712          6.8121          0.4767          6.3197          0.2307         -0.5076          4.6371        -25.9239          1.1704          1.1704          0.0000        388.2042          0.0000

INFO:      81000        162.0000         10.1534         -4.3960         14.5495         10.9530          1.3939          9.4388          0.3849          5.5815          0.7336         -0.3280          0.0530        -22.0936          0.4400          0.4400          0.0000        271.1711          0.0000

INFO:      84000        168.0000         15.9451         -1.5694         17.5145         16.5090          4.0411          9.1631          0.2755          6.5707          0.2943         -1.0018          2.6855        -24.7475          1.1496          1.1496          0.0000        326.4332          0.0000

INFO:      87000        174.0000         23.1919          1.4295         21.7625         17.0734          2.6240         11.9175          0.6839          5.2600          0.7407         -0.2047         -0.0787        -22.1408          2.6276          2.6276          0.0000        405.6061          0.0000

INFO:      90000        180.0000         22.5977          2.9584         19.6393         15.0562          1.1953          9.4943          0.3753          7.8979          0.2093         -1.7146          3.5083        -21.4234          3.4159          3.4159          0.0000        366.0354          0.0000

INFO:      93000        186.0000         27.8354          9.2485         18.5869         15.3664          4.7411         12.6736          0.5708          5.8574          0.2522          0.0261          2.3910        -21.1409          3.8771          3.8771          0.0000        346.4198          0.0000

INFO:      96000        192.0000         24.6703          5.8260         18.8443         21.5347          4.7598          9.3139          1.1257          7.7332          2.8554         -1.0793          2.1624        -22.7528          1.7077          1.7077          0.0000        351.2172          0.0000

INFO:      99000        198.0000         19.8749          2.7785         17.0964         15.4055          2.4366         11.0159          0.6637          7.7237          0.4704         -1.8000          0.0339        -22.0596          4.2940          4.2940          0.0000        318.6414          0.0000

INFO:     102000        204.0000         16.4606         -0.9177         17.3783         13.1733          1.7777          9.8766          0.4880          6.5156          0.9006         -1.0428          2.6733        -23.1303          1.0235          1.0235          0.0000        323.8946          0.0000

INFO:     105000        210.0000         15.6719          0.8844         14.7875         12.2109          3.7071         12.3003          0.9871          6.2492          0.5521         -1.1776          1.4939        -24.8434          1.6155          1.6155          0.0000        275.6081          0.0000

INFO:     108000        216.0000         17.6749         -1.2588         18.9336         12.7643          1.5237          7.7405          0.5024          5.9905          2.7509         -1.0726          3.0278        -24.1054          2.3836          2.3836          0.0000        352.8831          0.0000

INFO:     111000        222.0000         24.0023          7.1053         16.8970         18.1247          7.1998         16.5945          0.4480          5.8877          0.0815         -0.2524         -0.9292        -24.9753          3.0508          3.0508          0.0000        314.9243          0.0000

INFO:     114000        228.0000         15.6474          1.0017         14.6457         15.0886          1.9620         15.2830          0.9871          6.1060          0.7165         -1.1732         -0.9676        -23.5042          1.5921          1.5921          0.0000        272.9651          0.0000

INFO:     117000        234.0000         21.8138          8.3186         13.4953         17.5802          4.3768         12.4970          0.3506          7.1628          0.6710          1.5638          2.1744        -24.1139          3.6361          3.6361          0.0000        251.5232          0.0000

INFO:     120000        240.0000         21.1098          0.0561         21.0538         15.8933          3.3079         10.6346          0.4915          7.0198          0.1017         -1.3572          0.2720        -23.1113          2.6971          2.6971          0.0000        392.3974          0.0000

INFO:     123000        246.0000         20.8158          2.8252         17.9906         19.6113          6.0889         14.0592          0.8388          7.5590          0.6685         -2.8724          0.0126        -25.9381          2.4086          2.4086          0.0000        335.3070          0.0000

INFO:     126000        252.0000         17.4645          2.3154         15.1491         14.1376          0.5966         10.5623          1.6907          6.4676          0.5184         -1.2842          1.9809        -20.9020          2.6851          2.6851          0.0000        282.3470          0.0000

INFO:     129000        258.0000         18.7253          0.8659         17.8593         14.3536          1.1811         10.6291          0.7761          6.8956          0.7365         -0.3285          2.6409        -23.1264          1.4616          1.4616          0.0000        332.8599          0.0000

INFO:     132000        264.0000         15.5102         -3.2777         18.7880         14.8995          1.1810         10.1393          0.9502          6.5164          0.4760         -1.0701         -0.5770        -23.4891          2.5954          2.5954          0.0000        350.1678          0.0000

INFO:     135000        270.0000         18.4312          2.9985         15.4327         17.9866          2.8781         14.6291          0.3370          6.4771          0.9523         -0.4827         -0.5635        -22.2728          1.0439          1.0439          0.0000        287.6337          0.0000

INFO:     138000        276.0000         12.2591         -4.6413         16.9004         12.1300          2.3853          7.2459          0.1550          6.2354          1.2808         -0.5396          0.8013        -23.6370          1.4316          1.4316          0.0000        314.9885          0.0000

INFO:     141000        282.0000         11.4524         -2.7055         14.1579         12.8899          2.7892         12.0909          0.9494          6.2757          0.7270         -2.8138          0.2639        -24.2623          1.2745          1.2745          0.0000        263.8733          0.0000

INFO:     144000        288.0000         21.3753          6.5778         14.7974         17.5370          3.3988         15.4632          1.5661          8.0616          1.1736         -2.5158          0.1293        -23.4343          2.7352          2.7352          0.0000        275.7931          0.0000

INFO:     147000        294.0000         22.1846          3.3831         18.8016         17.8797          1.6736         14.6714          0.7146          7.2818          0.6312         -0.5678         -0.5352        -22.5400          2.0535          2.0535          0.0000        350.4217          0.0000

INFO:     150000        300.0000         22.4112          4.7523         17.6589         16.1574          4.5060         14.0911          0.6566          6.0554          1.0717         -0.4744         -1.1990        -22.7307          2.7755          2.7755          0.0000        329.1240          0.0000

INFO:     153000        306.0000         21.7378          3.8740         17.8639         16.6545          3.5993         16.4195          0.7231          5.5125          0.0753         -0.9227         -0.0134        -23.0914          1.5717          1.5717          0.0000        332.9445          0.0000

INFO:     156000        312.0000         24.8516          3.6290         21.2226         13.3484          1.6122         12.6852          0.7794          7.4797          0.9208          1.1028         -0.0272        -23.8380          2.9141          2.9141          0.0000        395.5449          0.0000

INFO:     159000        318.0000         27.2413         10.6740         16.5673         15.1261          2.3382         15.8011          1.5235          8.9995          1.2022         -0.7978          1.6180        -22.5211          2.5106          2.5106          0.0000        308.7795          0.0000

INFO:     162000        324.0000         23.7491          4.4602         19.2889         18.7978          3.0434         13.3934          1.6111          5.6417          0.3238         -0.5319         -0.5567        -21.0993          2.6347          2.6347          0.0000        359.5044          0.0000

INFO:     165000        330.0000         24.4270          5.4843         18.9427         12.5036          6.2554         11.6598          0.9027          8.0477          0.8083         -1.9334          1.5938        -23.0201          1.1703          1.1703          0.0000        353.0512          0.0000

INFO:     168000        336.0000         18.8191          3.2736         15.5454         18.0938          2.9531         12.0860          0.9352          7.0767          1.0323          0.3401          0.6471        -23.3601          1.5632          1.5632          0.0000        289.7339          0.0000

INFO:     171000        342.0000         30.1353          8.6853         21.4501         18.9348          2.2019         12.6634          0.8019          9.2870          2.4405         -1.0387          1.4372        -20.3014          1.1934          1.1934          0.0000        399.7841          0.0000

INFO:     174000        348.0000         30.6632          1.7694         28.8937         14.5801          4.3068         10.2439          1.6403          5.6964          0.9496         -0.1648          0.2116        -22.5237          1.4092          1.4092          0.0000        538.5183          0.0000

INFO:     177000        354.0000         26.2633          5.3230         20.9403         15.9905          3.8885         12.9877          0.7699          5.9694          1.0980          0.3198          2.2660        -24.1103          2.1341          2.1341          0.0000        390.2830          0.0000

INFO:     180000        360.0000         27.6768         11.8274         15.8494         19.6251          4.0797         19.5324          1.7649          7.0903          1.5033         -0.3688         -0.8483        -22.8334          1.9072          1.9072          0.0000        295.3987          0.0000

INFO:     183000        366.0000         19.2761          2.2125         17.0636         10.7870          3.9974         11.3167          1.0255          5.4083          0.6598         -0.0950          2.7573        -25.2095          2.3520          2.3520          0.0000        318.0295          0.0000

INFO:     186000        372.0000         17.6650          1.0900         16.5750         13.0691          3.3997         10.6893          0.3801          6.3321          1.0167          0.2266         -0.5006        -23.8102          3.3563          3.3563          0.0000        308.9229          0.0000

INFO:     189000        378.0000         14.7330          3.5733         11.1597         13.7892          2.8027         10.5097          0.7072          8.5916          1.1999         -0.8000         -1.5658        -21.3049          3.4329          3.4329          0.0000        207.9924          0.0000

INFO:     192000        384.0000         14.2402         -0.4155         14.6557         12.9891          1.9953          9.1709          0.4070          5.8000          1.5226          0.0055          1.2942        -23.1715          2.5604          2.5604          0.0000        273.1512          0.0000

INFO:     195000        390.0000         16.1116          1.4195         14.6921         15.6811          4.1061         10.0692          0.3682          5.7036          0.2239         -0.8722          1.9968        -22.7990          2.6229          2.6229          0.0000        273.8297          0.0000

INFO:     198000        396.0000         14.7600         -0.7424         15.5024         11.8522          2.4901         12.7137          1.1847          5.5242          0.3396         -0.8163         -0.0539        -23.3523          1.2278          1.2278          0.0000        288.9317          0.0000

INFO:     201000        402.0000         20.3400          2.7277         17.6123         15.9113          2.2313          9.5255          0.9250          6.7149          2.7093         -1.6548          2.5098        -21.7442          1.5109          1.5109          0.0000        328.2562          0.0000

INFO:     204000        408.0000         23.0384          4.2074         18.8311         14.3303          0.9323         11.6344          0.3846          7.1842          0.5161          0.5385          0.2954        -21.0803          3.8021          3.8021          0.0000        350.9711          0.0000

INFO:     207000        414.0000         23.5263          8.1357         15.3906         20.8003          3.4959         11.8493          1.2247          9.8245          2.3157         -1.8093          0.0976        -21.7050          2.8424          2.8424          0.0000        286.8478          0.0000

INFO:     210000        420.0000         17.8150          0.6283         17.1867         13.5688          1.9568         11.1917          1.1268          6.1346          0.6643         -1.4799          0.8284        -21.3092          1.5146          1.5146          0.0000        320.3244          0.0000

INFO:     213000        426.0000         19.4268          1.8175         17.6094         13.4754          3.3840         10.2869          1.0847          6.5034          0.6817         -1.5358          1.1755        -21.8765          2.1136          2.1136          0.0000        328.2013          0.0000

INFO:     216000        432.0000         18.2485          0.6988         17.5497         13.9406          4.0564         10.6170          1.1369          5.6106          0.8048         -0.7363         -1.6534        -21.6062          2.4689          2.4689          0.0000        327.0893          0.0000

INFO:     219000        438.0000         20.1199         -0.0330         20.1529         13.3168          3.1730          9.2574          0.6398          6.9482          1.7272         -1.6712          0.0788        -22.7645          2.5781          2.5781          0.0000        375.6082          0.0000

INFO:     222000        444.0000         21.9059          2.0694         19.8364         13.5051          2.3570         11.9202          0.4508          7.7233          0.2123         -1.5134          1.7168        -23.9528          3.1551          3.1551          0.0000        369.7093          0.0000

INFO:     225000        450.0000         25.3367          4.0615         21.2751         14.9701          2.3299          9.7393          0.6575          8.1872          2.5991         -0.3961         -0.6394        -23.3843          4.9684          4.9684          0.0000        396.5237          0.0000

INFO:     228000        456.0000         17.3401          0.6179         16.7222         14.6824          1.6107         10.0543          0.9416          7.2019          1.0118         -1.2631          3.0199        -24.9516          2.9924          2.9924          0.0000        311.6666          0.0000

INFO:     231000        462.0000         23.1306          2.4681         20.6625         13.5086          2.3032          6.0527          0.1745          5.3578          3.0337          0.8268          3.0192        -21.0113          2.7115          2.7115          0.0000        385.1055          0.0000

INFO:     234000        468.0000         20.2221          7.0084         13.2136         15.2415          1.3173         17.3585          0.3730          5.5548          0.5503         -0.8997         -0.2173        -23.2353          6.2069          6.2069          0.0000        246.2744          0.0000

INFO:     237000        474.0000         24.0666          3.2393         20.8273         14.7611          1.0776         15.1148          0.8880          6.2851          2.2480         -1.6937          1.3946        -24.5466          2.4716          2.4716          0.0000        388.1768          0.0000

INFO:     240000        480.0000         17.5272          0.4519         17.0753         14.8405          3.2512          5.7261          0.4702          5.9825          1.0153         -1.5075          2.5359        -21.6785          4.6566          4.6566          0.0000        318.2468          0.0000

INFO:     243000        486.0000         24.0417          7.2318         16.8100         17.3344          5.4606         10.9362          0.8989          6.0091          2.2382         -0.5865         -0.3520        -21.7851          4.4125          4.4125          0.0000        313.3022          0.0000

INFO:     246000        492.0000         22.8880          3.8056         19.0824         18.0345          6.0311          9.3689          0.5214          6.0006          1.3784         -0.1710          1.2365        -24.2391          3.6787          3.6787          0.0000        355.6556          0.0000

INFO:     249000        498.0000         16.5889          5.2404         11.3485         14.2597          0.6245          9.6004          0.9748          8.0430          0.8902         -0.8281          0.5944        -22.1133          7.4546          7.4546          0.0000        211.5112          0.0000

INFO:     252000        504.0000         20.4666          3.5532         16.9134         16.8348          6.0442         11.8074          1.0197          6.1314          1.6716         -1.0289         -1.6677        -23.0993          2.6748          2.6748          0.0000        315.2306          0.0000

INFO:     255000        510.0000         17.2300         -0.2641         17.4941         14.9706          3.0321          9.4879          0.7673          6.3158          0.5440         -0.5044         -0.6648        -23.4391          4.1970          4.1970          0.0000        326.0539          0.0000

INFO:     258000        516.0000         21.6951          6.7244         14.9707         18.1545          3.2341         14.3768          1.3414          6.4200          0.7198         -0.9028         -0.7058        -22.5118          4.7528          4.7528          0.0000        279.0226          0.0000

INFO:     261000        522.0000         19.1727          7.5018         11.6709         18.5328          4.9575          8.2490          0.5557          6.3939          1.7734         -0.3498          1.0640        -23.4034          8.2616          8.2616          0.0000        217.5208          0.0000

INFO:     264000        528.0000         19.9970         -2.7709         22.7680         12.7289          2.5183          8.9340          0.5553          6.9519          0.2959         -1.6579          0.6920        -23.0706          2.0101          2.0101          0.0000        424.3467          0.0000

INFO:     267000        534.0000         16.6045          1.0146         15.5899         14.1088          1.7184         11.3938          0.9084          5.6664          0.9880         -0.1000          1.4415        -25.2442          4.2423          4.2423          0.0000        290.5629          0.0000

INFO:     270000        540.0000         13.2680         -3.3857         16.6537         13.9352          2.2621          8.4076          0.7706          6.8677          0.6917         -1.0181         -0.2800        -22.2453          1.1580          1.1580          0.0000        310.3898          0.0000

INFO:     273000        546.0000         10.8195          0.1261         10.6935         12.9275          3.3169          6.9717          0.6484          7.3144          1.1471         -1.5804          1.4053        -24.0677          4.9703          4.9703          0.0000        199.3034          0.0000

INFO:     276000        552.0000         18.7235          4.5347         14.1888         12.9143          3.0155         11.6372          0.8812          6.3921          0.8458         -1.0071         -0.1849        -24.9832          7.9381          7.9381          0.0000        264.4493          0.0000

INFO:     279000        558.0000          9.9667         -2.2917         12.2584         13.2149          3.9663          7.1246          1.0174          6.9907          0.3727         -1.3304          0.3080        -23.5841          2.8429          2.8429          0.0000        228.4713          0.0000

INFO:     282000        564.0000         11.6714         -2.0626         13.7340         10.3836          1.5809          9.0491          0.7304          5.6672          1.1821         -0.2449          0.1338        -22.9640          2.8028          2.8028          0.0000        255.9723          0.0000

INFO:     285000        570.0000         17.7096          2.5858         15.1237         16.7147          1.9484         12.3554          0.4715          6.0298          1.0151         -0.3585          0.1249        -21.9154          2.9144          2.9144          0.0000        281.8746          0.0000

INFO:     288000        576.0000         13.3895          0.1880         13.2015         13.5382          2.6256         11.0303          0.8943          7.1459          0.9996         -0.6720          0.2760        -24.9595          2.8477          2.8477          0.0000        246.0483          0.0000

INFO:     291000        582.0000          9.9999         -3.6323         13.6322         10.2816          1.1452          7.4338          0.4362          5.4993          0.1193         -1.2384          0.3139        -19.2895          1.9480          1.9480          0.0000        254.0752          0.0000

INFO:     294000        588.0000         17.4245          1.8830         15.5414         13.7619          1.8621         12.8436          0.4859          6.3389          0.8371         -1.6832          0.1721        -22.9577          3.9841          3.9841          0.0000        289.6595          0.0000

INFO:     297000        594.0000         13.0991         -1.7659         14.8651         15.8762          1.8022         11.1922          1.2178          5.6461          0.1505         -0.5895         -1.1799        -20.9036          0.8982          0.8982          0.0000        277.0533          0.0000

INFO:     300000        600.0000          7.3922         -1.0128          8.4051         17.0940          6.0248          9.9781          0.2423          7.1291          1.2769         -2.6717          0.6236        -25.3546          1.7387          1.7387          0.0000        156.6525          0.0000

INFO:     303000        606.0000         12.5329         -1.6693         14.2022         16.0173          4.3548          9.0141          0.5014          4.5094          0.2948          0.3430          0.9401        -23.4969          1.8699          1.8699          0.0000        264.6993          0.0000

INFO:     306000        612.0000          9.3859         -3.3035         12.6894         13.3721          2.0794          9.6589          0.6435          6.5413          0.2713         -0.9094         -0.0810        -22.6397          1.1322          1.1322          0.0000        236.5036          0.0000

INFO:     309000        618.0000         13.5619         -2.4255         15.9875         14.9158          2.6998          6.8504          0.2604          4.4670          0.3553          0.1887          0.8090        -21.4863          3.4301          3.4301          0.0000        297.9727          0.0000

INFO:     312000        624.0000         13.5550         -0.7789         14.3339         14.4766          0.9301         11.1790          0.7887          4.8999          0.2927          0.0501         -0.1582        -21.4360          2.6749          2.6749          0.0000        267.1528          0.0000

INFO:     315000        630.0000         14.8750         -1.8142         16.6892         19.5979          3.2160          6.6461          0.3459          6.7818          1.4326         -1.7896          0.4139        -20.5526          1.6917          1.6917          0.0000        311.0513          0.0000

INFO:     318000        636.0000         23.1795          2.4203         20.7591         16.0784          4.1567          8.7890          0.4590          7.2132          0.2493         -1.8380          3.2312        -21.6503          1.8101          1.8101          0.0000        386.9066          0.0000

INFO:     321000        642.0000         23.8141          4.4621         19.3520         16.6459          3.2065         14.2108          1.1812          5.1974          0.1723         -0.7789          1.2183        -22.7340          2.7885          2.7885          0.0000        360.6800          0.0000

INFO:     324000        648.0000         18.2394          3.1343         15.1051         22.2511          7.2702         10.3371          0.5749          5.9247          0.6082         -1.4556         -0.4686        -22.4134          2.7568          2.7568          0.0000        281.5273          0.0000

INFO:     327000        654.0000         16.5568         -1.0049         17.5617         11.7574          1.0114          9.2756          1.0324          5.8967          0.2477         -1.0988          3.6566        -22.6351          1.6086          1.6086          0.0000        327.3122          0.0000

INFO:     330000        660.0000         21.8271          4.8242         17.0029         16.8890          2.7145         11.3769          0.5872          7.3806          1.5509         -0.9653          1.2364        -22.5795          3.5225          3.5225          0.0000        316.8975          0.0000

INFO:     333000        666.0000         21.5706          3.3300         18.2406         18.4909          3.6271         16.9782          0.4707          5.9968          0.9859         -1.8665         -1.1589        -23.3925          1.6891          1.6891          0.0000        339.9661          0.0000

INFO:     336000        672.0000         16.1141          3.4949         12.6191         17.3907          3.5801         14.3362          0.7577          5.6860          0.4920         -0.4574          1.0992        -23.2026          1.2037          1.2037          0.0000        235.1942          0.0000

INFO:     339000        678.0000         19.4787         -3.1805         22.6592         13.3804          1.9334         11.6289          0.4937          6.1106          0.1594         -1.3606         -1.1417        -22.6163          1.6122          1.6122          0.0000        422.3196          0.0000

INFO:     342000        684.0000         23.9789          7.3811         16.5978         19.4301          4.3398         14.1668          0.9186          6.1135          0.9670         -0.5949         -0.6470        -20.1873          2.3047          2.3047          0.0000        309.3484          0.0000

INFO:     345000        690.0000         22.7632          6.1632         16.6000         17.1014          4.8446         12.2097          0.6278          9.2086          0.7156         -0.5719          0.1918        -23.8856          2.8226          2.8226          0.0000        309.3895          0.0000

INFO:     348000        696.0000         20.6198          4.9876         15.6323         17.0368          4.5411         14.8170          1.1155          6.6286          0.6393         -1.0472          2.2853        -26.6787          2.6867          2.6867          0.0000        291.3527          0.0000

INFO:     351000        702.0000         19.2887          3.7005         15.5882         16.8462          3.4202         11.6206          1.4809          6.8325          2.3918         -2.1897         -0.1355        -21.1244          1.4041          1.4041          0.0000        290.5311          0.0000

INFO:     354000        708.0000         17.9323          0.4456         17.4867         15.8396          3.8028          8.2138          0.4516          6.0120          3.4599         -0.5860          1.2987        -23.0392          0.8319          0.8319          0.0000        325.9151          0.0000

INFO:     357000        714.0000         20.5705          0.6647         19.9057         17.5160          2.6119         12.0517          0.6405          5.3641          0.9447         -0.5268         -0.7335        -21.6944          2.0066          2.0066          0.0000        371.0003          0.0000

INFO:     360000        720.0000         22.3088          1.5567         20.7522         14.5914          1.8700         10.0645          0.6485          4.5477          0.1963          0.0041          3.3851        -21.2955          2.1360          2.1360          0.0000        386.7767          0.0000

INFO:     363000        726.0000         14.4731          1.8400         12.6331         18.6311          4.6881         11.1122          1.1636          6.2912          0.5982         -1.8644          0.4144        -22.1047          1.5413          1.5413          0.0000        235.4540          0.0000

INFO:     366000        732.0000         14.8884          3.1372         11.7513         13.6785          3.6026         10.1769          0.6547          5.0241          0.9873          0.1753          1.9677        -22.4728          3.0213          3.0213          0.0000        219.0193          0.0000

INFO:     369000        738.0000         13.5735         -1.7456         15.3191         14.3114          2.0135         12.0128          0.5757          5.6027          0.7552         -0.6443         -0.5469        -22.3497          0.8354          0.8354          0.0000        285.5165          0.0000

INFO:     372000        744.0000         12.9045          0.0581         12.8464         18.8973          5.0993          6.4568          0.4624          7.6363          0.7519         -0.6437         -0.0879        -21.8022          2.1852          2.1852          0.0000        239.4298          0.0000

INFO:     375000        750.0000         18.6206          5.0312         13.5895         16.0161          5.5446         10.4612          0.9817          4.7644          1.1956          0.5314         -0.4623        -22.2103          4.2248          4.2248          0.0000        253.2795          0.0000

INFO:     378000        756.0000         19.6963          5.9027         13.7936         17.2149          4.0766         11.1654          0.4916          5.6966          0.6337          0.1644         -0.5385        -20.2727          4.4856          4.4856          0.0000        257.0836          0.0000

INFO:     381000        762.0000         18.3793          0.1925         18.1868         14.2519          4.4728          9.6657          0.3263          5.2781          0.5000         -0.2513          0.1855        -21.6360          1.6515          1.6515          0.0000        338.9635          0.0000

INFO:     384000        768.0000         13.5287          1.8252         11.7034         17.0988          2.3595         11.0209          0.5976          8.5952          0.1185         -0.6903          1.1842        -23.4392          2.0789          2.0789          0.0000        218.1274          0.0000

INFO:     387000        774.0000         14.8704          1.4827         13.3877         15.2907          2.9581         10.7136          0.3126          6.3195          1.1160         -1.4832          0.5478        -21.5308          2.5292          2.5292          0.0000        249.5178          0.0000

INFO:     390000        780.0000         21.0774          4.8506         16.2268         20.9090          4.9199         12.6371          0.3164          6.3815          0.3637         -0.0940         -0.0909        -21.3737          1.7906          1.7906          0.0000        302.4333          0.0000

INFO:     393000        786.0000         18.4071         -3.0163         21.4234         11.5974          1.2550          9.7978          0.9736          5.6200          0.2721         -1.4008          0.2525        -22.4795          2.6930          2.6930          0.0000        399.2862          0.0000

INFO:     396000        792.0000         20.9524          1.0959         19.8565         17.5455          3.4823         11.0161          0.6591          5.8656          1.7783         -1.2567          2.4494        -24.0658          1.1677          1.1677          0.0000        370.0830          0.0000

INFO:     399000        798.0000         18.0593          0.1831         17.8762         17.2977          4.9290         11.1370          0.6024          6.2635          1.5195         -0.5787         -1.0419        -23.6921          1.0444          1.0444          0.0000        333.1746          0.0000

INFO:     402000        804.0000         13.5777          0.5012         13.0765         14.8314          3.8416         10.9062          0.4326          6.2822          1.5539         -0.7997         -0.9348        -21.5201          0.7393          0.7393          0.0000        243.7183          0.0000

INFO:     405000        810.0000         11.7822         -2.0428         13.8250         13.9988          2.9974          7.9525          0.5628          6.7468          0.5360         -1.8192          3.6664        -24.5175          1.8320          1.8320          0.0000        257.6686          0.0000

INFO:     408000        816.0000         16.1485          4.9818         11.1667         17.0573          2.4226         13.8117          0.7281          7.2918          3.6523         -1.1011         -0.7336        -22.5488          1.4591          1.4591          0.0000        208.1230          0.0000

INFO:     411000        822.0000         17.6352          4.8297         12.8054         16.2050          5.1571         10.7886          0.9861          6.7621          0.8295         -1.5147          2.0694        -23.4658          3.2175          3.2175          0.0000        238.6659          0.0000

INFO:     414000        828.0000         19.0534          4.8139         14.2395         22.0087          5.1569         11.7422          0.3830          6.4954          1.4221         -0.1892          2.4411        -24.5960          1.9582          1.9582          0.0000        265.3937          0.0000

INFO:     417000        834.0000         16.3470         -1.6761         18.0231         12.8129          2.4997          7.1005          1.0820          5.5676          0.4693         -0.8601          3.5563        -22.8186          1.7274          1.7274          0.0000        335.9123          0.0000

INFO:     420000        840.0000         17.6713          2.9084         14.7629         20.2790          4.1040          8.9444          0.5968          7.1480          0.5175         -0.5661          2.7832        -22.5646          1.9452          1.9452          0.0000        275.1494          0.0000

INFO:     423000        846.0000         18.8548          4.1653         14.6894         13.8903          4.4617         10.3620          0.6858          9.2366          0.7138         -1.1144          0.7288        -23.4404          2.5313          2.5313          0.0000        273.7798          0.0000

INFO:     426000        852.0000         19.7136          5.9452         13.7684         18.5939          3.3257         12.0499          1.0418          7.7533          2.7479         -2.0420         -0.2620        -22.3334          3.6641          3.6641          0.0000        256.6136          0.0000

INFO:     429000        858.0000         26.3160          8.4717         17.8443         15.2014          4.0607         19.1518          0.7122          7.8984          0.4669          0.3263         -0.8598        -25.0989          1.8142          1.8142          0.0000        332.5805          0.0000

INFO:     432000        864.0000         17.7977          4.0485         13.7492         21.9482          6.2283         12.4719          0.6535          5.8584          0.6529         -0.5926          0.2475        -23.2846          1.8133          1.8133          0.0000        256.2556          0.0000

INFO:     435000        870.0000         23.5175          8.3614         15.1561         21.8308          5.2769         12.3703          0.5536          6.5060          2.6546         -0.4582         -0.3449        -20.2986          2.1017          2.1017          0.0000        282.4771          0.0000

INFO:     438000        876.0000         12.1363         -2.6411         14.7774         12.6441          3.7971          7.7125          0.4649          7.3074          0.1555         -1.2723         -0.0157        -21.8633          1.0728          1.0728          0.0000        275.4200          0.0000

INFO:     441000        882.0000         17.0810         -3.6077         20.6887         14.5398          1.7232          8.1753          0.2754          6.0302          0.4522         -0.5470         -0.2586        -21.3674          1.9089          1.9089          0.0000        385.5930          0.0000

INFO:     444000        888.0000         15.7268          1.3344         14.3923         12.8141          3.4189          9.7412          1.3892          4.9420          0.3413          0.1903          1.5514        -23.5547          3.3148          3.3148          0.0000        268.2424          0.0000

INFO:     447000        894.0000         11.1830         -3.2617         14.4447         11.6810          3.2539          8.3461          0.5246          6.0918          0.4108          0.4696          0.2890        -23.6559          1.0084          1.0084          0.0000        269.2187          0.0000

INFO:     450000        900.0000         13.7378          0.3189         13.4189         16.1298          5.0895         11.9165          0.9465          5.6586          0.3011         -1.0105          2.0047        -25.9048          1.3173          1.3173          0.0000        250.0999          0.0000

