Generate_Velocity> Generate initial velocities
  iseed           =       2999
  temperature     =    300.000
 
INFO:       STEP            TIME       TOTAL_ENE   POTENTIAL_ENE     KINETIC_ENE            RMSG            BOND           ANGLE    UREY-BRADLEY        DIHEDRAL        IMPROPER            CMAP         VDWAALS           ELECT RESTRAINT_TOTAL    RESTRAINT001    RESTR_CVS001     TEMPERATURE          VOLUME
 --------------- --------------- --------------- --------------- ---------------
INFO:          0          0.0000         67.8788         49.4057         18.4730         14.0534          3.4223         10.9022          0.4695          3.6595          0.0570         -0.7098          2.0755        -19.8843         49.4140         49.4140          0.0000        344.2981          0.0000

INFO:       3000          6.0000         45.5136         11.9535         33.5601         23.8709          6.9111         10.1241          1.4717          7.4323          0.3227         -1.1827          2.2787        -21.7258          6.3212          6.3212          0.0000        625.4892          0.0000

INFO:       6000         12.0000         24.6658          2.5214         22.1444         10.8809          2.1696          8.1545          0.7019          7.4981          0.3408         -2.6354         -1.2971        -18.6453          6.2345          6.2345          0.0000        412.7244          0.0000

INFO:       9000         18.0000         27.5834          6.6761         20.9073         16.9709          4.1070          9.1397          0.4115          4.6529          0.5800         -2.2282         -1.1715        -17.0553          8.2400          8.2400          0.0000        389.6670          0.0000

INFO:      12000         24.0000         31.4834          7.3439         24.1395         16.0119          3.7473          9.9403          0.4536          6.5047          2.3658         -2.2461         -0.8417        -18.6982          6.1182          6.1182          0.0000        449.9087          0.0000

INFO:      15000         30.0000         28.3268          6.7182         21.6086         19.6231          4.8542         10.9044          0.7265          4.0359          1.0110         -1.3134         -0.7898        -16.5459          3.8352          3.8352          0.0000        402.7378          0.0000

INFO:      18000         36.0000         17.6060          1.6470         15.9590         16.4293          5.3934          4.6949          0.6304          4.7030          0.8122         -1.2492          0.2342        -20.4152          6.8434          6.8434          0.0000        297.4414          0.0000

INFO:      21000         42.0000         16.6319          4.2802         12.3518         15.3829          2.9044          6.8397          0.8035          5.1366          1.8085         -0.9846         -0.0367        -18.6512          6.4599          6.4599          0.0000        230.2107          0.0000

INFO:      24000         48.0000         16.5480         -0.5833         17.1313         11.8990          1.9284          9.1945          0.5060          4.5857          0.7262         -1.9695         -0.7373        -18.6657          3.8483          3.8483          0.0000        319.2904          0.0000

INFO:      27000         54.0000         10.7725         -2.1545         12.9270         10.7634          2.2327          6.1927          0.8211          5.0135          1.6956         -2.5801         -0.9352        -19.2384          4.6437          4.6437          0.0000        240.9311          0.0000

INFO:      30000         60.0000         18.8541          3.5356         15.3185         13.6616          4.9784         10.4474          0.6210          5.1443          0.4283         -0.9012          0.6930        -22.4833          4.6076          4.6076          0.0000        285.5040          0.0000

INFO:      33000         66.0000         25.5923         -1.1170         26.7094         16.5266          3.5297          9.0040          0.6460          4.6902          0.4664         -2.5343         -0.4252        -19.6984          3.2047          3.2047          0.0000        497.8059          0.0000

INFO:      36000         72.0000         14.1036          3.8093         10.2943         17.6311          3.3950          9.2150          0.7511          4.8888          1.7300         -0.4865          0.9364        -22.4692          5.8486          5.8486          0.0000        191.8646          0.0000

INFO:      39000         78.0000         20.3429          4.6892         15.6537         21.4718          6.0671         12.7117          0.5400          5.8675          0.0566         -1.0157         -0.1023        -23.2235          3.7877          3.7877          0.0000        291.7525          0.0000

INFO:      42000         84.0000         16.4832          1.8266         14.6566         12.6094          1.6471          7.9329          1.2299          6.4314          0.5257         -2.9400         -0.9835        -16.4593          4.4425          4.4425          0.0000        273.1685          0.0000

INFO:      45000         90.0000         20.1035          2.0331         18.0703         14.1862          3.1631          6.6772          0.7722          6.8692          0.9286         -2.3624          0.6171        -18.4034          3.7715          3.7715          0.0000        336.7926          0.0000

INFO:      48000         96.0000         19.6593          3.5770         16.0823         12.1399          1.9661         11.7032          0.4437          6.6872          0.4121         -0.9844         -0.1746        -20.1098          3.6334          3.6334          0.0000        299.7397          0.0000

INFO:      51000        102.0000         14.5458         -0.9288         15.4746         16.8781          3.1582         10.3190          0.5423          4.4591          0.3133         -1.2352         -0.8769        -19.6736          2.0648          2.0648          0.0000        288.4139          0.0000

INFO:      54000        108.0000         10.2302         -1.5962         11.8264         12.9140          2.3298          8.0138          1.0065          5.2736          0.4085         -2.6737         -0.9704        -19.8343          4.8500          4.8500          0.0000        220.4196          0.0000

INFO:      57000        114.0000          6.6163         -5.1171         11.7334         14.4953          1.9056          5.1159          0.6013          4.5959          1.1934         -2.8345         -0.3485        -17.2693          1.9231          1.9231          0.0000        218.6849          0.0000

INFO:      60000        120.0000         13.1106          0.4594         12.6512         18.6845          2.1480          9.0786          0.4681          5.5703          1.6241         -1.9855          0.9432        -20.0851          2.6978          2.6978          0.0000        235.7923          0.0000

INFO:      63000        126.0000         15.8350          3.4859         12.3491         21.2809          4.9259          9.9831          0.8211          4.8140          1.4268         -0.2630          0.2022        -21.6966          3.2725          3.2725          0.0000        230.1618          0.0000

INFO:      66000        132.0000         12.4592         -2.6587         15.1179         11.8992          1.8553          8.3561          0.5560          4.6577          0.9853         -1.3366         -0.2103        -19.3222          1.8000          1.8000          0.0000        281.7652          0.0000

INFO:      69000        138.0000         11.7087         -0.7489         12.4576         13.9414          4.3117          7.3966          0.4238          4.8646          1.3553         -0.7439          0.2617        -22.1844          3.5657          3.5657          0.0000        232.1842          0.0000

INFO:      72000        144.0000         11.4486         -0.4120         11.8606         15.7849          3.0759         10.5974          0.3351          5.0392          0.5908         -2.8207         -1.6190        -17.5740          1.9634          1.9634          0.0000        221.0562          0.0000

INFO:      75000        150.0000         14.4778          2.4015         12.0763         21.1527          7.0935          7.8930          0.6167          5.2857          1.3753         -1.5110         -0.0974        -20.0202          1.7660          1.7660          0.0000        225.0764          0.0000

INFO:      78000        156.0000         16.0487         -1.6880         17.7367         14.9549          5.0484          6.1137          0.9748          5.1840          0.2615         -2.4519          1.2798        -19.6086          1.5104          1.5104          0.0000        330.5741          0.0000

INFO:      81000        162.0000         19.0954          3.2105         15.8849         19.4438          4.2782          8.8400          1.0386          6.0096          1.0876         -2.7255         -0.5446        -16.3603          1.5870          1.5870          0.0000        296.0607          0.0000

INFO:      84000        168.0000         21.6774          0.3269         21.3505         17.4660          4.3595          9.4348          0.9642          4.7936          0.2409         -1.1467          1.2573        -21.3629          1.7862          1.7862          0.0000        397.9273          0.0000

INFO:      87000        174.0000         23.1980          2.3804         20.8176         14.0937          1.4071         13.8584          0.5422          6.4168          0.4937         -0.7831          0.1446        -22.6533          2.9540          2.9540          0.0000        387.9957          0.0000

INFO:      90000        180.0000         22.4464          4.8146         17.6318         17.7521          1.7920         12.0388          1.2862          5.5139          0.6074         -1.3792         -0.5350        -17.7035          3.1940          3.1940          0.0000        328.6197          0.0000

INFO:      93000        186.0000         18.6637          0.1042         18.5594         12.7689          2.0016          9.6848          0.6216          5.9853          1.2918         -2.7557          0.3188        -19.3681          2.3241          2.3241          0.0000        345.9088          0.0000

INFO:      96000        192.0000         14.2628          2.3974         11.8654         17.6574          4.3497          9.2174          0.8856          5.4637          0.2103         -1.5247          0.6192        -20.0991          3.2753          3.2753          0.0000        221.1451          0.0000

INFO:      99000        198.0000         17.9997          1.0715         16.9282         13.2843          2.6054         11.4629          0.8326          6.0822          0.1265         -1.6423         -0.4991        -21.7858          3.8891          3.8891          0.0000        315.5059          0.0000

INFO:     102000        204.0000         22.6596          2.5646         20.0950         13.9529          3.2349         13.2921          1.1465          7.9955          1.0161         -2.2995         -0.8825        -22.4435          1.5050          1.5050          0.0000        374.5284          0.0000

INFO:     105000        210.0000         29.9837          7.7641         22.2196         24.3448          5.7947         11.1796          0.9591          5.2864          1.0860         -2.7301          0.5956        -19.3943          4.9871          4.9871          0.0000        414.1254          0.0000

INFO:     108000        216.0000         28.2646          4.2636         24.0010         16.8360          3.4503          9.3614          0.6630          4.5311          0.2204         -2.6205          0.5237        -18.2945          6.4289          6.4289          0.0000        447.3275          0.0000

INFO:     111000        222.0000         28.4663          2.3306         26.1356         18.0499          3.2554         10.1793          1.2381          5.1036          1.0421         -2.7058          0.6712        -19.5035          3.0501          3.0501          0.0000        487.1131          0.0000

INFO:     114000        228.0000         29.7736         13.9966         15.7769         16.1329          7.5693         11.3167          0.5825          7.7531          0.4324         -1.2791         -1.5248        -19.2652          8.4116          8.4116          0.0000        294.0488          0.0000

INFO:     117000        234.0000         22.0786          4.3392         17.7394         15.4972          4.8818         13.3181          0.5604          5.9020          0.4721         -2.0407         -1.6723        -21.2639          4.1817          4.1817          0.0000        330.6241          0.0000

INFO:     120000        240.0000         21.7363          2.4510         19.2853         17.3088          1.8071         10.9608          0.5797          6.5769          0.3694         -2.9926         -1.1655        -17.7376          4.0530          4.0530          0.0000        359.4366          0.0000

INFO:     123000        246.0000         22.5343          2.9631         19.5711         14.1215          1.9468         13.0027          0.4318          5.2560          0.6256         -1.1408         -0.4859        -18.8765          2.2034          2.2034          0.0000        364.7647          0.0000

INFO:     126000        252.0000         23.8252          7.7654         16.0598         16.6369          6.3522         10.6366          1.3306          5.1517          1.2505         -2.6661          0.1451        -17.2336          2.7983          2.7983          0.0000        299.3216          0.0000

INFO:     129000        258.0000         25.0416          5.0625         19.9791         16.0537          1.5284         12.6376          0.6121          4.7645          0.7772         -2.2372          0.5780        -17.9494          4.3512          4.3512          0.0000        372.3673          0.0000

INFO:     132000        264.0000         18.8545          0.0697         18.7848         13.9431          3.9005          9.1338          1.4610          5.5832          1.4156         -2.5306         -0.0301        -19.5135          0.6498          0.6498          0.0000        350.1095          0.0000

INFO:     135000        270.0000         20.5540          5.5972         14.9568         20.8929          6.0342         10.8381          0.9344          7.4610          1.3982         -2.9278         -1.0945        -20.1174          3.0710          3.0710          0.0000        278.7624          0.0000

INFO:     138000        276.0000         20.6664          1.8877         18.7787         16.4486          2.4432          7.8708          0.5536          5.3419          0.7969         -1.4576          2.1351        -17.7911          1.9949          1.9949          0.0000        349.9960          0.0000

INFO:     141000        282.0000         17.6728          1.6825         15.9903         15.5084          4.0820         11.1199          0.6626          4.5264          0.7232         -0.5965          0.0136        -20.0225          1.1740          1.1740          0.0000        298.0258          0.0000

INFO:     144000        288.0000         24.3029          3.2359         21.0670         21.8959          7.3804         12.1705          0.4269          4.1317          0.3195         -1.0025         -1.2354        -19.9077          0.9524          0.9524          0.0000        392.6440          0.0000

INFO:     147000        294.0000         27.3666          2.5223         24.8443         13.6545          2.4281         10.0917          1.4992          4.5873          0.0851         -1.7943          1.2232        -18.5248          2.9268          2.9268          0.0000        463.0453          0.0000

INFO:     150000        300.0000         20.4823          5.3248         15.1575         17.1490          5.1476         11.7593          1.1314          7.2094          2.5333         -2.5898         -1.0670        -21.6961          2.8968          2.8968          0.0000        282.5044          0.0000

INFO:     153000        306.0000         20.5599          4.5431         16.0167         22.6962          8.2905          8.8132          0.4674          5.8413          1.2479         -2.1614          0.9064        -21.2630          2.4006          2.4006          0.0000        298.5181          0.0000

INFO:     156000        312.0000         19.3058          4.4938         14.8120         16.1426          3.5929         10.2058          1.5301          5.5129          0.8393         -0.7903         -0.6384        -20.0582          4.2996          4.2996          0.0000        276.0651          0.0000

INFO:     159000        318.0000         16.7932          1.4898         15.3034         17.6841          4.6481          9.7886          0.6878          5.3695          0.7738         -2.0396         -0.6747        -19.8643          2.8007          2.8007          0.0000        285.2226          0.0000

INFO:     162000        324.0000         19.0931          4.4837         14.6094         16.5260          3.1855         11.4260          1.1996          5.2066          0.9162         -1.4710         -0.0175        -21.7165          5.7548          5.7548          0.0000        272.2888          0.0000

INFO:     165000        330.0000         16.7754         -1.5015         18.2769         13.0153          2.6990          7.8441          0.6729          5.6252          1.4226         -2.5693         -0.2097        -19.2898          2.3035          2.3035          0.0000        340.6433          0.0000

INFO:     168000        336.0000         16.2422          2.9485         13.2937         15.9379          5.5016         10.9049          0.5979          6.7277          0.5725         -2.6915         -0.2612        -20.7720          2.3687          2.3687          0.0000        247.7656          0.0000

INFO:     171000        342.0000         19.8264          1.6820         18.1444         19.2384          3.5431         10.2020          0.5227          4.6860          1.4522         -1.9461         -0.3946        -19.1622          2.7789          2.7789          0.0000        338.1729          0.0000

INFO:     174000        348.0000         15.7035          0.9610         14.7425         14.4839          3.0936          3.8877          0.3522          7.1183          0.1672         -2.6836          0.0109        -16.7896          5.8044          5.8044          0.0000        274.7692          0.0000

INFO:     177000        354.0000         20.7972          5.2417         15.5555         18.1380          4.3952          8.9416          1.2437          6.8355          1.7655         -1.0079          2.4679        -22.1162          2.7163          2.7163          0.0000        289.9216          0.0000

INFO:     180000        360.0000         17.1110          0.9830         16.1280         17.3901          5.1120          8.1147          1.0512          4.2112          0.7054         -1.9543         -0.8730        -18.7541          3.3699          3.3699          0.0000        300.5917          0.0000

INFO:     183000        366.0000          8.9495         -1.5909         10.5404         15.1938          4.7988          8.8079          0.6562          3.8074          0.0792         -1.4117         -1.0582        -19.2964          2.0260          2.0260          0.0000        196.4510          0.0000

INFO:     186000        372.0000          7.3116         -4.0637         11.3753         13.8181          2.8375          6.1213          0.4535          5.6144          0.6731         -0.9990          0.3496        -21.3605          2.2464          2.2464          0.0000        212.0122          0.0000

INFO:     189000        378.0000         14.4256         -2.4526         16.8782         14.3598          3.9857          8.2921          0.6320          4.9347          1.0669         -2.1752         -0.7669        -19.8509          1.4289          1.4289          0.0000        314.5743          0.0000

INFO:     192000        384.0000         16.5938          3.2900         13.3038         12.1044          2.5178         14.0914          0.8935          4.7030          0.1355         -0.9487          0.4735        -20.0276          1.4516          1.4516          0.0000        247.9538          0.0000

INFO:     195000        390.0000         13.9355         -0.4812         14.4167         14.0562          2.0615          8.8499          0.5621          7.9228          1.0613         -2.5800         -0.3358        -19.4827          1.4598          1.4598          0.0000        268.6971          0.0000

INFO:     198000        396.0000         15.0962         -1.8251         16.9214         11.4730          2.8120          5.8139          0.6946          3.6964          0.4762         -1.3247          1.3732        -17.9070          2.5401          2.5401          0.0000        315.3788          0.0000

INFO:     201000        402.0000         14.1999         -0.0836         14.2835         14.8262          5.0905         11.1668          0.7366          5.4296          0.7751         -0.7501         -0.9447        -22.8094          1.2220          1.2220          0.0000        266.2147          0.0000

INFO:     204000        408.0000         19.4401          2.0330         17.4071         18.3142          3.5307          9.7373          1.1808          4.4159          0.1423         -1.0621          1.0047        -20.4157          3.4991          3.4991          0.0000        324.4316          0.0000

INFO:     207000        414.0000         13.5567          0.4166         13.1401         14.6289          3.2697         10.0364          0.5513          6.6167          2.1083         -2.4461         -0.5547        -20.9922          1.8273          1.8273          0.0000        244.9039          0.0000

INFO:     210000        420.0000         10.8713         -1.5011         12.3724         14.6319          3.1212          7.2167          0.4153          4.8487          1.2756         -1.7308         -0.9236        -18.0198          2.2957          2.2957          0.0000        230.5954          0.0000

INFO:     213000        426.0000         13.6116          0.4499         13.1617         15.6315          4.5111          8.8610          0.8352          4.9436          1.1433         -0.8348          0.3529        -20.9614          1.5991          1.5991          0.0000        245.3068          0.0000

INFO:     216000        432.0000         14.7212         -0.0990         14.8202         14.4389          2.8449          9.4477          1.4708          4.6772          0.2561         -1.2587         -1.0223        -18.5256          2.0108          2.0108          0.0000        276.2179          0.0000

INFO:     219000        438.0000         17.6537          0.7359         16.9178         12.3834          3.1043          9.5810          0.4919          5.8909          0.2278         -2.9095         -1.2225        -18.8483          4.4204          4.4204          0.0000        315.3116          0.0000

INFO:     222000        444.0000         19.2825          2.7148         16.5677         15.3364          5.0103          9.5216          1.4301          4.3613          0.2071         -1.1299         -0.6342        -19.1325          3.0810          3.0810          0.0000        308.7867          0.0000

INFO:     225000        450.0000         22.8702          2.1983         20.6719         14.2307          1.6323         16.3523          0.7085          4.9032          0.3942         -1.9984         -1.1266        -21.1688          2.5016          2.5016          0.0000        385.2800          0.0000

INFO:     228000        456.0000         18.5850         -0.0447         18.6296         13.7974          2.5272         12.0034          1.0364          4.6483          1.4453         -2.1672          0.1592        -22.2192          2.5217          2.5217          0.0000        347.2167          0.0000

INFO:     231000        462.0000         18.2412          1.4362         16.8050         12.5251          2.7256          8.0724          1.2864          6.3440          1.4179         -1.4145          2.2004        -22.1028          2.9069          2.9069          0.0000        313.2102          0.0000

INFO:     234000        468.0000         22.2899          1.6304         20.6595         15.2205          1.4428         13.5426          1.5747          4.9328          0.6636         -2.7524         -0.2612        -19.2962          1.7837          1.7837          0.0000        385.0493          0.0000

INFO:     237000        474.0000         24.5080          2.2196         22.2884         20.9334          5.0542         10.4277          1.3225          4.8283          0.7795         -1.8233         -0.9191        -20.7987          3.3486          3.3486          0.0000        415.4087          0.0000

INFO:     240000        480.0000         24.1113          3.0080         21.1033         13.6548          4.6710         14.1770          0.8559          5.0627          1.4846         -2.8769         -1.2676        -21.5395          2.4409          2.4409          0.0000        393.3200          0.0000

INFO:     243000        486.0000         22.4355          3.4163         19.0192         17.1385          3.0498         10.8203          0.4473          5.0438          1.4664         -2.8184         -0.4145        -17.4728          3.2946          3.2946          0.0000        354.4776          0.0000

INFO:     246000        492.0000         17.5675         -1.3422         18.9097         15.1869          4.2403          7.5251          1.3782          5.0226          0.4666         -2.8010         -0.8220        -18.0744          1.7223          1.7223          0.0000        352.4370          0.0000

INFO:     249000        498.0000         20.6381          3.5335         17.1047         17.8206          4.3546         12.1533          0.8671          4.2882          0.3097         -1.5664         -0.7222        -19.7782          3.6275          3.6275          0.0000        318.7946          0.0000

INFO:     252000        504.0000         17.5876          4.2474         13.3402         21.5443          5.8424          8.7431          0.9635          5.2712          1.2112         -1.5639         -0.2593        -18.5998          2.6390          2.6390          0.0000        248.6328          0.0000

INFO:     255000        510.0000         15.8336          2.0482         13.7854         11.6572          3.5459          8.6169          1.0616          4.5091          0.9197         -1.4817          0.8868        -18.9667          2.9567          2.9567          0.0000        256.9309          0.0000

INFO:     258000        516.0000         15.2593          3.4553         11.8040         14.0562          3.8938          7.2400          1.4805          6.4277          2.1992         -2.8217          0.9311        -19.8061          3.9109          3.9109          0.0000        220.0023          0.0000

INFO:     261000        522.0000         16.8028          0.5212         16.2816         15.6865          4.4979          9.0298          0.9409          5.1901          0.0963         -2.6789          0.0069        -18.7010          2.1391          2.1391          0.0000        303.4540          0.0000

INFO:     264000        528.0000         14.9500          0.4705         14.4795         17.4826          5.5826          6.4439          0.4177          5.6223          1.1423         -2.4992         -0.3039        -19.4483          3.5132          3.5132          0.0000        269.8673          0.0000

INFO:     267000        534.0000         13.6929          0.8836         12.8093         19.9934          3.3880         10.6146          0.6523          4.3011          0.2883         -0.9474          1.4276        -20.7904          1.9496          1.9496          0.0000        238.7389          0.0000

INFO:     270000        540.0000         18.9068          4.1246         14.7822         16.4560          5.2601         10.5229          1.1114          4.5388          0.6984         -0.6365          0.6240        -21.6856          3.6913          3.6913          0.0000        275.5092          0.0000

INFO:     273000        546.0000         14.0014         -3.1593         17.1607         12.3793          3.0548          7.4011          0.8009          5.4424          1.4965         -1.4802          0.4309        -21.5374          1.2318          1.2318          0.0000        319.8392          0.0000

INFO:     276000        552.0000         15.4838          3.7086         11.7752         15.0057          6.2845          8.0242          0.4596          5.1819          0.8245         -2.9828         -0.7910        -17.9993          4.7070          4.7070          0.0000        219.4648          0.0000

INFO:     279000        558.0000         14.8420         -3.4945         18.3365         13.4645          4.0437          8.0584          0.2568          5.1821          0.5259         -2.2562         -0.3808        -20.9837          2.0593          2.0593          0.0000        341.7531          0.0000

INFO:     282000        564.0000         18.2097          4.1799         14.0299         14.4057          2.6305         10.3510          0.5419          7.4317          2.9623         -2.7452          0.4584        -19.6755          2.2249          2.2249          0.0000        261.4868          0.0000

INFO:     285000        570.0000         22.2902          2.3533         19.9369         14.8653          4.4209          7.5277          0.4453          6.8463          2.4047         -2.8042         -0.8403        -18.1672          2.5201          2.5201          0.0000        371.5814          0.0000

INFO:     288000        576.0000         20.0775          0.5297         19.5478         14.1474          2.9457          6.3951          0.2058          4.4610          0.9195         -1.2347          2.6988        -20.2177          4.3561          4.3561          0.0000        364.3297          0.0000

INFO:     291000        582.0000         16.8376         -0.1400         16.9777         18.8213          4.2168          6.8172          0.4115          6.5795          0.7220         -1.9172          0.3016        -19.6953          2.4239          2.4239          0.0000        316.4283          0.0000

INFO:     294000        588.0000         15.9001          2.7992         13.1009         13.0314          5.5339          9.5327          0.6187          4.6455          1.1592         -1.7771          0.3030        -21.3607          4.1439          4.1439          0.0000        244.1728          0.0000

INFO:     297000        594.0000         19.5640          2.6464         16.9175         14.5534          4.9422         12.9853          1.2459          4.5407          0.4188         -1.8984         -0.4414        -22.2510          3.1043          3.1043          0.0000        315.3069          0.0000

INFO:     300000        600.0000         23.1189          4.3187         18.8002         15.3169          3.7900          8.4342          0.9975          5.2553          3.1500         -2.4157          0.3170        -18.5118          3.3022          3.3022          0.0000        350.3952          0.0000

INFO:     303000        606.0000         24.4941          7.3729         17.1213         14.8288          1.7457         15.1797          0.6542          6.8862          1.7494         -1.5655          0.2610        -21.6230          4.0852          4.0852          0.0000        319.1041          0.0000

INFO:     306000        612.0000         17.8080         -2.5427         20.3507         10.8244          1.3086          5.6441          0.4525          5.2822          0.7149         -1.5924          0.3790        -18.6429          3.9113          3.9113          0.0000        379.2935          0.0000

INFO:     309000        618.0000         16.3944          2.5419         13.8524         11.9514          3.4186         12.1927          0.8054          5.1154          0.2995         -1.4249         -0.2142        -21.2882          3.6377          3.6377          0.0000        258.1800          0.0000

INFO:     312000        624.0000         19.1867          5.6900         13.4966         17.3779          2.8060         13.9714          0.5092          5.0733          0.4940         -2.9381          0.2780        -18.5229          4.0192          4.0192          0.0000        251.5488          0.0000

INFO:     315000        630.0000         19.2091          1.5200         17.6891         11.8310          1.7496         12.0964          0.3199          5.6656          0.4926         -1.1258         -0.1211        -20.7518          3.1944          3.1944          0.0000        329.6877          0.0000

INFO:     318000        636.0000         20.3194          1.9334         18.3859         14.5310          3.5860          9.8168          0.5631          4.5429          0.3403         -1.6367         -1.3850        -17.3429          3.4489          3.4489          0.0000        342.6751          0.0000

INFO:     321000        642.0000         23.7226          6.6839         17.0387         15.7628          5.0985         11.2295          1.4811          2.9640          0.3315         -0.9118         -0.7669        -15.6224          2.8804          2.8804          0.0000        317.5660          0.0000

INFO:     324000        648.0000         19.3766          5.8055         13.5712         16.7204          2.8069          9.8739          0.8376          4.7236          0.0938         -1.3065          0.7226        -14.3378          2.3914          2.3914          0.0000        252.9376          0.0000

INFO:     327000        654.0000         20.1191          1.5678         18.5513         12.4870          3.8973         11.8584          0.6712          5.5668          0.3797         -0.9208         -0.6552        -22.1686          2.9388          2.9388          0.0000        345.7575          0.0000

INFO:     330000        660.0000         16.3874         -2.7932         19.1806         11.8018          1.5967          4.8143          0.5801          6.0621          0.6627         -2.6736          0.0790        -17.9207          4.0061          4.0061          0.0000        357.4856          0.0000

INFO:     333000        666.0000         24.2554          9.9477         14.3076         21.4949          4.2001         12.8427          0.6025          7.1647          0.5595         -2.3604          0.2873        -17.8432          4.4946          4.4946          0.0000        266.6643          0.0000

INFO:     336000        672.0000         19.5757          4.5705         15.0052         16.1105          4.1746          9.0453          2.0424          5.8614          2.1668         -2.2589         -0.4527        -19.5147          3.5063          3.5063          0.0000        279.6653          0.0000

INFO:     339000        678.0000         22.3833          1.1558         21.2275         17.8991          2.7857         11.6008          0.4485          7.3371          1.0827         -1.8234         -0.2347        -22.5524          2.5114          2.5114          0.0000        395.6358          0.0000

INFO:     342000        684.0000         14.2716         -0.9111         15.1827         15.9128          7.0470          5.6933          0.5014          5.7958          0.5835         -2.5627         -1.0276        -20.8743          3.9325          3.9325          0.0000        282.9739          0.0000

INFO:     345000        690.0000         23.3789          3.2998         20.0791         12.9261          1.7409         11.0871          0.6981          5.9252          1.5812         -1.9795          0.9263        -20.2979          3.6184          3.6184          0.0000        374.2325          0.0000

INFO:     348000        696.0000         11.2451          0.8166         10.4285         10.3160          0.9093         10.6003          0.8395          6.7906          0.7544         -2.8315         -0.9326        -19.3782          4.0647          4.0647          0.0000        194.3649          0.0000

INFO:     351000        702.0000         11.1121         -6.4479         17.5600          8.6675          2.9335          3.9041          0.2242          4.9933          0.5900         -2.8126         -0.2861        -17.9794          1.9850          1.9850          0.0000        327.2817          0.0000

INFO:     354000        708.0000         13.9104         -0.3407         14.2511         13.4241          0.9842          7.3347          0.5725          4.7629          0.2365         -2.0862          1.6398        -16.7651          2.9801          2.9801          0.0000        265.6105          0.0000

INFO:     357000        714.0000         20.2636          1.8065         18.4571         14.0490          1.9689          9.1741          0.7908          5.3139          0.9584         -0.3535          0.8696        -22.5420          5.6263          5.6263          0.0000        344.0017          0.0000

INFO:     360000        720.0000         19.9653          2.6664         17.2989         11.5964          5.0936         12.0650          0.9156          5.8774          0.3927         -1.5330         -0.7581        -23.4012          4.0145          4.0145          0.0000        322.4155          0.0000

INFO:     363000        726.0000         11.8399         -6.5987         18.4386         10.7748          3.2629          5.6279          1.0024          4.9880          0.2652         -2.2032         -0.7405        -20.5367          1.7353          1.7353          0.0000        343.6561          0.0000

INFO:     366000        732.0000         13.9548          2.2999         11.6549         12.1954          0.8285          9.1999          0.7575          4.8568          0.5704         -2.6773          1.8370        -18.3434          5.2706          5.2706          0.0000        217.2221          0.0000

INFO:     369000        738.0000         16.7529          4.7882         11.9648         15.3424          2.3304         11.8527          0.9203          5.5312          0.1601         -1.9791          0.3142        -21.6900          7.3484          7.3484          0.0000        222.9979          0.0000

INFO:     372000        744.0000         17.5972         -3.5221         21.1192         12.4990          1.6700          8.0756          0.5995          5.4705          0.6932         -2.7670          0.4655        -20.0411          2.3116          2.3116          0.0000        393.6181          0.0000

INFO:     375000        750.0000         10.6761         -0.6166         11.2927         14.5370          2.9601          8.1158          0.8055          5.1036          1.9143         -2.7692         -0.0359        -19.2736          2.5627          2.5627          0.0000        210.4721          0.0000

INFO:     378000        756.0000         10.7469         -1.4098         12.1567         12.9713          1.0357          6.8235          0.2717          6.7777          0.9220         -2.4597          1.0377        -19.8131          3.9946          3.9946          0.0000        226.5749          0.0000

INFO:     381000        762.0000         15.4630          3.5483         11.9148         13.6588          4.6777         12.6564          0.5465          5.5295          0.3598         -0.5046          1.0946        -26.1555          5.3439          5.3439          0.0000        222.0664          0.0000

INFO:     384000        768.0000         19.5723          4.8851         14.6872         22.0173          6.8186          9.2914          0.6632          4.9714          1.2768         -1.0456          0.3269        -20.4962          3.0786          3.0786          0.0000        273.7390          0.0000

INFO:     387000        774.0000         15.7797         -2.2829         18.0625         15.0779          2.0776          8.3089          0.2420          4.6236          0.4518         -2.7317         -1.0803        -16.4674          2.2927          2.2927          0.0000        336.6474          0.0000

INFO:     390000        780.0000         17.6306          3.7024         13.9282         14.9407          3.3064          7.5208          0.7230          5.5882          0.6006          0.0406          2.8782        -23.7646          6.8092          6.8092          0.0000        259.5926          0.0000

INFO:     393000        786.0000         23.7448          6.4909         17.2540         19.7270          3.3837         12.9613          1.0237          6.5498          0.8261         -2.3518         -1.0459        -19.3106          4.4545          4.4545          0.0000        321.5774          0.0000

INFO:     396000        792.0000         16.4580         -2.7592         19.2172         12.6463          2.5400          7.8871          0.4327          5.3594          0.8394         -2.2147          0.4009        -20.1900          2.1860          2.1860          0.0000        358.1676          0.0000

INFO:     399000        798.0000         12.4288         -0.9220         13.3508         11.6413          3.1148          8.6037          1.0642          6.6768          1.1692         -2.4355         -0.1060        -21.0773          2.0681          2.0681          0.0000        248.8312          0.0000

INFO:     402000        804.0000         20.8059          5.2084         15.5975         13.5009          1.6639         11.9815          1.1636          6.5070          1.2620         -1.5234         -0.0644        -19.2202          3.4384          3.4384          0.0000        290.7050          0.0000

INFO:     405000        810.0000         21.8954          6.1962         15.6992         19.0122          2.8385         11.6404          0.4732          5.2817          2.2628         -2.4512          1.2296        -17.9347          2.8558          2.8558          0.0000        292.5998          0.0000

INFO:     408000        816.0000         25.0850          2.9582         22.1268         15.2743          1.4573         11.3237          1.0744          5.8071          1.3706         -2.3318         -0.4229        -18.9444          3.6243          3.6243          0.0000        412.3963          0.0000

INFO:     411000        822.0000         24.4365          8.7481         15.6884         17.8831          4.9711         11.2523          0.8388          7.7728          1.3992         -2.0570          2.5260        -21.9880          4.0330          4.0330          0.0000        292.3989          0.0000

INFO:     414000        828.0000         19.9444          1.1131         18.8312         12.5284          1.3759          9.8251          0.3053          4.5570          0.3385         -1.1027          3.3384        -21.6213          4.0969          4.0969          0.0000        350.9745          0.0000

INFO:     417000        834.0000         14.4086          0.2941         14.1145         12.7610          2.6725          7.5847          0.8137          4.8019          0.2342         -2.0564          0.9691        -19.6459          4.9203          4.9203          0.0000        263.0650          0.0000

INFO:     420000        840.0000         16.1495          2.8602         13.2893         15.1456          3.7922          7.0837          0.3615          5.3422          1.4483         -1.2531          0.3129        -17.5857          3.3584          3.3584          0.0000        247.6850          0.0000

INFO:     423000        846.0000         21.4838          9.7084         11.7754         20.4815          6.9446         12.0375          0.9025          6.9336          0.8112         -0.8463         -0.5185        -19.2061          2.6500          2.6500          0.0000        219.4684          0.0000

INFO:     426000        852.0000         16.5520          1.7624         14.7897         14.9566          4.1145          4.1256          0.9236          4.9122          1.1207         -1.6713          1.3521        -16.8453          3.7303          3.7303          0.0000        275.6479          0.0000

INFO:     429000        858.0000         20.1721          2.3589         17.8132         15.0710          3.8372          9.0342          0.5756          5.8971          0.6789         -2.0293         -1.1985        -19.1022          4.6659          4.6659          0.0000        331.9995          0.0000

INFO:     432000        864.0000         22.1414          6.3626         15.7788         17.5697          3.6975         10.7449          0.6533          5.5354          1.4998         -0.4082          0.2051        -21.9552          6.3899          6.3899          0.0000        294.0842          0.0000

INFO:     435000        870.0000         28.0524          7.2691         20.7833         18.1815          3.5955         10.4688          0.7062          5.5684          3.0863         -1.5606          0.0066        -19.9342          5.3321          5.3321          0.0000        387.3569          0.0000

INFO:     438000        876.0000         28.0633          5.8280         22.2353         16.9846          2.9160         10.3271          0.5807          5.2743          3.3731         -2.7963          0.2327        -18.0019          3.9222          3.9222          0.0000        414.4195          0.0000

INFO:     441000        882.0000         23.7137          8.5247         15.1890         19.4573          5.1634         10.5526          0.7827          4.9537          2.4440         -2.3795         -0.0735        -18.7112          5.7925          5.7925          0.0000        283.0913          0.0000

INFO:     444000        888.0000         20.4303          5.7539         14.6764         18.8828          1.2333         16.4631          1.3401          5.3844          0.8232         -1.8332          0.2899        -20.0446          2.0977          2.0977          0.0000        273.5364          0.0000

INFO:     447000        894.0000         22.0442          4.0108         18.0334         19.0702          5.0795         10.3535          0.4100          5.9334          1.2216         -1.0557          2.3511        -23.9684          3.6858          3.6858          0.0000        336.1051          0.0000

INFO:     450000        900.0000         19.4677          1.6474         17.8202         13.5926          1.8745         11.7569          0.4975          5.7103          0.6805         -3.0257         -1.1688        -19.4918          4.8141          4.8141          0.0000        332.1315          0.0000

