Generate_Velocity> Generate initial velocities
  iseed           =        999
  temperature     =    300.000
 
INFO:       STEP            TIME       TOTAL_ENE   POTENTIAL_ENE     KINETIC_ENE            RMSG            BOND           ANGLE    UREY-BRADLEY        DIHEDRAL        IMPROPER            CMAP         VDWAALS           ELECT RESTRAINT_TOTAL    RESTRAINT001    RESTR_CVS001     TEMPERATURE          VOLUME
 --------------- --------------- --------------- --------------- ---------------
INFO:          0          0.0000         89.3439         70.3006         19.0433         12.3004          2.4419          5.5116          0.3744          4.8353          0.2069         -0.5774          1.1232        -21.7761         78.1608         78.1608          0.0000        354.9273          0.0000

INFO:       3000          6.0000         57.6614         28.0053         29.6561         22.9827          7.1633         24.2760          1.5848          4.0622          0.6374          0.4772         -0.1811        -23.9097         13.8953         13.8953          0.0000        552.7270          0.0000

INFO:       6000         12.0000         32.8803          3.0888         29.7916         14.3362          4.2877         12.7144          0.9316          4.5654          0.2585          0.8296         -0.5647        -24.4621          4.5284          4.5284          0.0000        555.2518          0.0000

INFO:       9000         18.0000         30.0848          8.9301         21.1547         18.1217          6.5737         16.6088          0.8116          4.6900          0.3078          0.0016          0.5011        -25.4947          4.9303          4.9303          0.0000        394.2794          0.0000

INFO:      12000         24.0000         19.8738          4.9437         14.9302         17.0377          2.1343         12.9120          1.1010          7.3060          1.0016         -2.0946         -1.2620        -20.7627          4.6080          4.6080          0.0000        278.2665          0.0000

INFO:      15000         30.0000         19.3452          1.6418         17.7034         15.3498          3.5262          9.2069          0.7464          5.7815          1.7067          0.4704         -0.8163        -21.9013          2.9213          2.9213          0.0000        329.9534          0.0000

INFO:      18000         36.0000         11.0958         -1.2547         12.3504         14.2141          2.2941          7.5694          1.1628          4.7121          0.6912          0.2714          1.5677        -23.5214          3.9981          3.9981          0.0000        230.1861          0.0000

INFO:      21000         42.0000         10.7366         -3.8249         14.5616         12.9957          2.9590          8.1519          0.4527          4.7972          0.7328         -0.6810         -0.3870        -22.6050          2.7544          2.7544          0.0000        271.3974          0.0000

INFO:      24000         48.0000         14.2946         -2.7759         17.0705          8.3295          1.2163          6.8469          0.3469          5.1760          0.3057          0.2620          2.3638        -24.6060          5.3127          5.3127          0.0000        318.1581          0.0000

INFO:      27000         54.0000         10.3792         -3.4647         13.8440         12.7499          1.4854          6.7972          0.6535          4.7929          0.1945          0.7294          0.4920        -22.3090          3.6994          3.6994          0.0000        258.0224          0.0000

INFO:      30000         60.0000         15.1167          3.6251         11.4917         16.6385          2.7023         12.1521          0.6817          4.8550          0.4935         -0.0952          0.5653        -20.3644          2.6346          2.6346          0.0000        214.1804          0.0000

INFO:      33000         66.0000         17.8609          2.7666         15.0943         14.4447          1.3022          8.3528          0.4802          5.4018          0.7115         -0.0909          0.7728        -18.8522          4.6884          4.6884          0.0000        281.3257          0.0000

INFO:      36000         72.0000         17.8959          3.6744         14.2215         13.8932          2.9780         14.2144          1.2546          5.3878          0.7617         -0.9401         -0.1483        -25.2191          5.3854          5.3854          0.0000        265.0592          0.0000

INFO:      39000         78.0000         16.5583         -1.6580         18.2163         14.6963          6.1424          7.1201          0.4473          5.5099          0.5967         -1.0505          0.8968        -23.7267          2.4059          2.4059          0.0000        339.5133          0.0000

INFO:      42000         84.0000         11.5672          0.0891         11.4781         10.2166          2.2732         10.6794          0.3528          5.5618          0.3867         -1.7632         -1.2251        -20.2342          4.0578          4.0578          0.0000        213.9275          0.0000

INFO:      45000         90.0000         12.1855         -1.4733         13.6588         14.2857          2.3703          9.3195          0.6098          4.5973          1.0395          0.7078          0.3762        -22.3456          1.8519          1.8519          0.0000        254.5712          0.0000

INFO:      48000         96.0000         19.4510          3.7046         15.7464         18.6484          3.3881         14.3194          0.4967          4.6505          0.2770         -0.1351          1.4996        -23.5423          2.7506          2.7506          0.0000        293.4795          0.0000

INFO:      51000        102.0000         16.3350          0.1487         16.1863         11.6099          2.4957          5.6476          0.7631          5.7457          0.9751         -0.2413          1.4487        -21.0493          4.3634          4.3634          0.0000        301.6779          0.0000

INFO:      54000        108.0000         23.5367          7.0265         16.5103         19.1828          4.8351          7.0568          0.3301          4.9311          1.3484         -0.2358          1.2236        -20.7197          8.2570          8.2570          0.0000        307.7164          0.0000

INFO:      57000        114.0000         23.9744          7.4991         16.4753         19.6211          3.3912          8.0678          0.7015          6.4494          0.5132         -2.6817         -0.4250        -16.7291          8.2119          8.2119          0.0000        307.0656          0.0000

INFO:      60000        120.0000         14.9434         -3.9741         18.9176         11.6787          2.2810          4.9992          0.3436          4.3846          0.3441          0.4339          0.1582        -20.0896          3.1708          3.1708          0.0000        352.5832          0.0000

INFO:      63000        126.0000         12.2512         -1.2043         13.4554         13.5715          2.8896         10.2715          1.5000          4.7691          0.2273         -0.5248         -0.3913        -22.2000          2.2543          2.2543          0.0000        250.7810          0.0000

INFO:      66000        132.0000         16.0848          1.9032         14.1816         14.4927          1.0851         11.9038          0.3490          5.3593          1.6298         -0.0220          2.5444        -24.1392          3.1931          3.1931          0.0000        264.3147          0.0000

INFO:      69000        138.0000         14.3379         -0.5751         14.9130         12.0839          2.6747          6.6099          0.7018          6.5236          1.4723         -0.1358         -0.7139        -21.0002          3.2926          3.2926          0.0000        277.9460          0.0000

INFO:      72000        144.0000         12.2604          0.6059         11.6545         12.5617          2.0496          9.6571          0.5131          5.6541          1.0841         -1.5035          0.2611        -20.3991          3.2893          3.2893          0.0000        217.2158          0.0000

INFO:      75000        150.0000         20.9339          6.9368         13.9971         18.6637          6.2917         11.1933          0.3421          7.0552          0.7043         -2.0312          0.9195        -21.0646          3.5264          3.5264          0.0000        260.8769          0.0000

INFO:      78000        156.0000         22.5191          6.5352         15.9839         16.5836          3.0300         15.1816          1.0932          5.7988          0.3639          0.0667          0.9748        -23.4823          3.5086          3.5086          0.0000        297.9063          0.0000

INFO:      81000        162.0000         14.4872          1.6444         12.8428         16.9696          4.7587         10.4094          1.0999          4.6708          0.3616          0.0732          3.4332        -25.7819          2.6196          2.6196          0.0000        239.3630          0.0000

INFO:      84000        168.0000          6.8632         -4.2012         11.0644         12.2499          1.9450          8.0896          0.8701          4.3601          0.1413         -1.0980         -0.6254        -20.3505          2.4667          2.4667          0.0000        206.2173          0.0000

INFO:      87000        174.0000         12.6795         -0.1815         12.8609         14.7332          2.4468         12.7289          1.2583          4.7659          0.2599         -0.3892          0.2056        -24.7898          3.3322          3.3322          0.0000        239.7006          0.0000

INFO:      90000        180.0000         13.5419          1.6826         11.8593         13.3434          2.5206         10.9797          1.7431          6.7838          0.7189         -0.9403         -0.4036        -22.0691          2.3496          2.3496          0.0000        221.0323          0.0000

INFO:      93000        186.0000         15.6338         -1.2895         16.9233         14.7145          3.5593         11.3205          0.7809          5.0316          1.3578         -0.7559          0.0674        -23.7021          1.0509          1.0509          0.0000        315.4147          0.0000

INFO:      96000        192.0000         11.5481         -0.4450         11.9930         15.8738          2.2176         11.8209          0.4504          6.1232          0.2586         -0.0543         -0.9125        -21.8997          1.5507          1.5507          0.0000        223.5251          0.0000

INFO:      99000        198.0000         21.3022         -4.3129         25.6151         11.2927          0.7898          6.0694          0.3432          5.6679          0.8216         -0.1119          3.5811        -22.8164          1.3425          1.3425          0.0000        477.4117          0.0000

INFO:     102000        204.0000         26.2684          2.6420         23.6264         16.4206          4.0816          6.8711          0.4704          6.2627          2.0013          0.2937          0.0378        -21.3152          3.9386          3.9386          0.0000        440.3458          0.0000

INFO:     105000        210.0000         24.5972          3.6041         20.9931         16.2683          5.1570         11.2029          0.4082          6.0650          0.6889         -0.0112          2.2027        -23.5073          1.3978          1.3978          0.0000        391.2670          0.0000

INFO:     108000        216.0000         31.3104          3.6536         27.6568         16.4337          4.8311         15.5992          0.4767          5.6980          0.7693         -1.0759          0.2560        -24.7879          1.8871          1.8871          0.0000        515.4648          0.0000

INFO:     111000        222.0000         21.5990          3.3820         18.2170         13.7421          2.2754         10.2530          1.1683          5.0535          0.4789          0.6265          0.9189        -23.5723          6.1799          6.1799          0.0000        339.5260          0.0000

INFO:     114000        228.0000         17.0126          1.2870         15.7257         17.9903          6.6369         10.2942          0.8382          4.3080          1.0760         -0.9407          0.4020        -23.7927          2.4651          2.4651          0.0000        293.0932          0.0000

INFO:     117000        234.0000         14.5510          0.8570         13.6940         20.9578          3.8939          8.4347          1.1393          6.8243          0.0665         -0.0170          0.6665        -23.5314          3.3801          3.3801          0.0000        255.2270          0.0000

INFO:     120000        240.0000         14.8194         -0.6161         15.4355         10.9047          2.4259          9.8520          0.8662          4.8051          0.4961         -0.3384          0.4072        -21.9061          2.7759          2.7759          0.0000        287.6850          0.0000

INFO:     123000        246.0000         11.5807         -1.6367         13.2174         14.5084          5.1367          9.7906          0.3538          4.5862          0.2842          0.3589         -0.4966        -23.2675          1.6170          1.6170          0.0000        246.3449          0.0000

INFO:     126000        252.0000         19.5257          2.4004         17.1253         17.1246          3.8857          8.5960          0.9142          4.7861          0.9828          0.9067          0.3629        -21.0365          3.0025          3.0025          0.0000        319.1786          0.0000

INFO:     129000        258.0000         10.3579         -2.8400         13.1980         14.6836          3.0644          6.6090          1.2726          5.3705          1.0365         -0.3972          1.0052        -22.2088          1.4079          1.4079          0.0000        245.9824          0.0000

INFO:     132000        264.0000          8.9507         -1.3483         10.2990         15.6606          4.8466          7.6396          1.1247          5.0469          0.4385         -0.4440         -0.4605        -21.1228          1.5827          1.5827          0.0000        191.9520          0.0000

INFO:     135000        270.0000         10.0789         -2.6503         12.7292         12.3259          3.2988          6.2695          0.3135          4.7222          0.3080         -0.1792          0.2659        -19.8067          2.1577          2.1577          0.0000        237.2454          0.0000

INFO:     138000        276.0000         17.1672         -0.3219         17.4890         14.3716          2.4618          6.9749          0.9235          5.6926          0.4661          0.2740          2.7764        -21.0139          1.1228          1.1228          0.0000        325.9583          0.0000

INFO:     141000        282.0000         18.7525          5.4395         13.3130         17.5161          3.6106         16.8618          0.6310          4.7634          0.6980          0.1490          0.8672        -24.6235          2.4820          2.4820          0.0000        248.1269          0.0000

INFO:     144000        288.0000         20.6279          4.9202         15.7077         16.8545          5.2035         14.1738          0.7268          5.5997          0.4173         -0.6861         -1.2406        -22.7741          3.4998          3.4998          0.0000        292.7576          0.0000

INFO:     147000        294.0000         12.3490         -5.8211         18.1700         11.7579          3.3370          6.1330          0.3719          5.7002          0.9766         -0.4140          0.1318        -23.7991          1.7416          1.7416          0.0000        338.6510          0.0000

INFO:     150000        300.0000         16.0701          1.6067         14.4633         14.4130          4.4005          7.3654          2.1456          4.6736          0.6932          0.0984          4.1283        -24.2908          2.3925          2.3925          0.0000        269.5659          0.0000

INFO:     153000        306.0000         13.6695         -1.4638         15.1333         21.1321          6.4846          4.9626          0.5378          4.7180          0.8610          0.7590          2.0126        -23.0579          1.2586          1.2586          0.0000        282.0530          0.0000

INFO:     156000        312.0000         12.1236         -2.3381         14.4617         14.7056          4.4229          5.7570          0.7466          5.2596          0.8283         -0.0045          1.4698        -22.7350          1.9170          1.9170          0.0000        269.5361          0.0000

INFO:     159000        318.0000         17.9523          3.4393         14.5129         13.8026          1.9701         10.3226          0.5659          6.0122          1.7248         -0.3285          2.3277        -22.1034          2.9478          2.9478          0.0000        270.4904          0.0000

INFO:     162000        324.0000         23.5406          2.0781         21.4625         13.1305          4.0631         14.2597          1.4052          4.2950          0.1406         -0.0363          0.0445        -24.4833          2.3896          2.3896          0.0000        400.0163          0.0000

INFO:     165000        330.0000         17.6051          3.1584         14.4467         23.4109          5.1423         10.1624          1.0568          4.1904          0.2853          0.8253         -0.9632        -20.4249          2.8839          2.8839          0.0000        269.2551          0.0000

INFO:     168000        336.0000         11.8869         -3.6796         15.5665         14.3016          2.7160          7.0032          0.3790          4.3846          1.3580          0.1042          1.9909        -23.6936          2.0783          2.0783          0.0000        290.1269          0.0000

INFO:     171000        342.0000         11.6839         -2.0010         13.6849         13.5694          3.2142          8.3196          1.6867          4.9691          0.2653          0.5150          0.6905        -24.3069          2.6454          2.6454          0.0000        255.0582          0.0000

INFO:     174000        348.0000          9.1066         -3.9871         13.0937         13.4329          5.4629          4.9909          1.2914          4.3766          0.2201         -0.2120          0.4691        -23.3022          2.7161          2.7161          0.0000        244.0388          0.0000

INFO:     177000        354.0000         12.1290         -2.7756         14.9046         16.0477          3.1393          8.2097          0.4760          5.8412          0.1142         -2.0664         -1.0653        -19.9456          2.5212          2.5212          0.0000        277.7900          0.0000

INFO:     180000        360.0000         18.9603          2.9820         15.9784         17.1241          4.5584         13.1260          0.7800          4.5326          0.7397          0.0244          1.0841        -25.4373          3.5742          3.5742          0.0000        297.8032          0.0000

INFO:     183000        366.0000         17.4693          3.0675         14.4018         14.8965          6.0138         11.7845          0.4311          5.2904          2.1700          0.2143         -0.2210        -24.3223          1.7067          1.7067          0.0000        268.4192          0.0000

INFO:     186000        372.0000         14.9520         -0.9104         15.8624         13.3764          2.1314          7.8276          1.0015          4.6825          1.4921         -0.0056          0.0173        -21.6166          3.5593          3.5593          0.0000        295.6423          0.0000

INFO:     189000        378.0000         14.8470          0.4448         14.4022         14.2642          1.2761         12.5641          0.8574          5.2172          1.2658         -0.1191          1.3348        -23.2987          1.3472          1.3472          0.0000        268.4263          0.0000

INFO:     192000        384.0000         14.3575          0.3844         13.9731         14.5970          1.8466         12.7434          0.4957          5.7185          0.3800         -0.2515         -0.4702        -21.6897          1.6116          1.6116          0.0000        260.4285          0.0000

INFO:     195000        390.0000         16.2090          4.0169         12.1921         16.1570          5.0661         11.1189          0.7589          5.4607          1.1532          0.1884          1.6702        -24.4368          3.0374          3.0374          0.0000        227.2355          0.0000

INFO:     198000        396.0000         13.0060          0.1371         12.8690         14.7646          1.7938          8.7883          0.5079          4.1302          0.3668         -1.9403          0.6540        -16.8878          2.7240          2.7240          0.0000        239.8502          0.0000

INFO:     201000        402.0000         10.5350         -0.0880         10.6231         12.8669          4.1749          9.9265          1.0406          4.8823          0.7552         -1.3503         -0.0421        -22.4151          2.9399          2.9399          0.0000        197.9912          0.0000

INFO:     204000        408.0000         13.5159         -0.6623         14.1782         13.0029          2.1633          9.0372          0.2469          5.4864          0.1128          0.8703          1.1903        -22.3419          2.5725          2.5725          0.0000        264.2523          0.0000

INFO:     207000        414.0000         19.5522          6.1584         13.3938         18.5530          5.3892         10.9780          1.4367          6.1817          1.5258         -0.8897          2.8561        -24.5161          3.1966          3.1966          0.0000        249.6314          0.0000

INFO:     210000        420.0000         17.2707         -2.4318         19.7025         14.7193          4.0082         10.6002          0.8089          5.2994          0.4125         -1.0824         -0.5031        -23.4720          1.4966          1.4966          0.0000        367.2124          0.0000

INFO:     213000        426.0000         20.0992          5.7466         14.3526         18.0601          3.8226         17.4539          0.6264          3.9904          0.2140          0.2290          0.8019        -25.9570          4.5655          4.5655          0.0000        267.5027          0.0000

INFO:     216000        432.0000         18.0669         -0.1135         18.1804         14.6551          1.6926          9.9393          0.6236          5.1301          0.8388          0.7613          1.6738        -22.2858          1.5128          1.5128          0.0000        338.8439          0.0000

INFO:     219000        438.0000         25.4290          3.7802         21.6488         15.4008          1.9554         13.7829          0.4451          7.1070          0.9675         -0.6006          1.5955        -24.7212          3.2487          3.2487          0.0000        403.4873          0.0000

INFO:     222000        444.0000         26.3604          2.6435         23.7168         22.2990          5.8358         12.9289          0.7627          5.8380          0.6233         -0.2754          0.9373        -25.2005          1.1934          1.1934          0.0000        442.0318          0.0000

INFO:     225000        450.0000         18.5284          5.3730         13.1554         16.1212          5.6370          8.8086          1.0662          5.1557          0.5711          0.1590          2.3286        -22.5836          4.2303          4.2303          0.0000        245.1892          0.0000

INFO:     228000        456.0000         10.5780          1.3906          9.1874         15.6089          4.1675         14.2594          0.6651          4.9068          1.3165         -0.0885          0.0610        -25.5657          1.6685          1.6685          0.0000        171.2336          0.0000

INFO:     231000        462.0000         13.2769         -1.4551         14.7320         11.9436          3.6179          7.1675          0.8528          5.5414          0.8799         -0.7120          2.7053        -23.5921          2.0843          2.0843          0.0000        274.5727          0.0000

INFO:     234000        468.0000         13.7997          0.3996         13.4001         14.4791          1.6745         11.7775          0.4349          5.3588          1.3998         -0.0300          0.9738        -22.2480          1.0583          1.0583          0.0000        249.7498          0.0000

INFO:     237000        474.0000         10.7065         -2.6047         13.3111         16.0506          3.7308          5.6139          0.3285          4.7244          0.3942          0.8325          0.6265        -21.0174          2.1619          2.1619          0.0000        248.0914          0.0000

INFO:     240000        480.0000         12.8715         -3.6984         16.5700         11.3174          2.1878         10.6445          0.2802          4.5590          0.3641         -0.4249          0.2506        -23.6666          2.1069          2.1069          0.0000        308.8290          0.0000

INFO:     243000        486.0000         22.5974          6.9591         15.6383         17.9006          6.0053         14.5498          1.2223          5.5091          1.4590          0.4218         -1.8514        -23.7165          3.3598          3.3598          0.0000        291.4649          0.0000

INFO:     246000        492.0000         18.9306          2.7951         16.1355         13.5404          1.1368         14.1736          1.5827          5.5564          1.6439         -0.8953         -0.6576        -22.3927          2.6471          2.6471          0.0000        300.7318          0.0000

INFO:     249000        498.0000         17.5040          1.4667         16.0373         18.2601          4.4352          9.8090          0.4010          6.1632          1.7629         -0.3809          0.6122        -23.1369          1.8011          1.8011          0.0000        298.9011          0.0000

INFO:     252000        504.0000         16.9651         -1.3526         18.3177         14.4334          2.7516          6.6376          0.7399          6.0154          1.0017         -0.0492          0.8208        -21.0767          1.8063          1.8063          0.0000        341.4031          0.0000

INFO:     255000        510.0000         18.7365          1.8723         16.8642         17.3759          3.3607          9.8038          0.9570          6.1403          0.5312         -0.9589          4.0631        -22.9279          0.9031          0.9031          0.0000        314.3121          0.0000

INFO:     258000        516.0000         14.6411          0.4739         14.1673         18.1168          5.5952         10.5650          0.6252          4.2805          0.2154         -0.1778          0.4136        -23.6187          2.5754          2.5754          0.0000        264.0478          0.0000

INFO:     261000        522.0000         13.9187         -1.4414         15.3601         15.5311          2.5799         12.4074          0.8420          4.5790          0.2911          0.2625         -0.1846        -23.8990          1.6802          1.6802          0.0000        286.2797          0.0000

INFO:     264000        528.0000         13.9460          2.6520         11.2940         16.7352          4.0617         12.0122          0.7423          4.6365          0.2796          0.4984          0.7913        -23.3896          3.0194          3.0194          0.0000        210.4959          0.0000

INFO:     267000        534.0000         18.5930          2.7546         15.8384         15.6032          3.2187         15.4043          0.7995          4.7936          0.5142         -0.3883          1.6290        -24.2052          0.9887          0.9887          0.0000        295.1948          0.0000

INFO:     270000        540.0000         24.3102         -0.3965         24.7067         16.8926          2.3161         10.6735          0.5503          5.0632          0.2108          0.0024          1.4966        -22.2738          1.5644          1.5644          0.0000        460.4815          0.0000

INFO:     273000        546.0000         20.9281          3.2102         17.7179         16.5287          2.5146          9.7895          0.7818          8.6046          0.6166         -1.7149          0.4096        -20.7855          2.9940          2.9940          0.0000        330.2241          0.0000

INFO:     276000        552.0000         21.4133          0.0226         21.3907         14.8595          2.6289          9.8832          1.2187          4.5792          0.5613          0.0848          1.7862        -24.1042          3.3845          3.3845          0.0000        398.6778          0.0000

INFO:     279000        558.0000         20.3197         -0.2186         20.5383         16.7416          3.0597          9.7590          0.9979          5.5099          1.4071         -0.2199          1.7727        -23.6694          1.1643          1.1643          0.0000        382.7903          0.0000

INFO:     282000        564.0000         17.0680          3.3597         13.7082         16.5350          2.6095         11.2600          0.6514          6.0854          1.6189         -0.5194          1.7237        -20.7977          0.7278          0.7278          0.0000        255.4926          0.0000

INFO:     285000        570.0000         15.7735         -0.2934         16.0669         11.1463          4.9877          9.5411          1.4977          7.4028          0.4580         -0.7130          0.2154        -24.6052          0.9220          0.9220          0.0000        299.4531          0.0000

INFO:     288000        576.0000         17.3514          1.4888         15.8626         14.6444          2.7149          9.5791          2.1629          4.6792          0.6666          0.1233          0.5117        -21.6518          2.7029          2.7029          0.0000        295.6448          0.0000

INFO:     291000        582.0000         16.4508          5.1530         11.2978         14.5873          2.8388         16.5446          2.9975          6.1438          1.4396         -0.4979         -0.5392        -24.5890          0.8148          0.8148          0.0000        210.5670          0.0000

INFO:     294000        588.0000         15.0522          0.1954         14.8567         11.7466          2.1770         14.6956          0.8786          5.5363          1.9246         -0.8812         -1.5887        -23.8108          1.2639          1.2639          0.0000        276.8981          0.0000

INFO:     297000        594.0000         12.7967         -4.5154         17.3121         10.6306          0.6267         10.8137          1.1179          4.2520          0.1148          0.1683         -0.2265        -22.7191          1.3366          1.3366          0.0000        322.6607          0.0000

INFO:     300000        600.0000         11.3264         -1.3530         12.6794         17.7174          8.8372          6.6288          0.8185          4.4898          0.2913          0.1640         -0.8697        -24.2503          2.5375          2.5375          0.0000        236.3176          0.0000

INFO:     303000        606.0000         12.4185          1.3006         11.1179         17.5601          4.7015         12.6069          0.5915          5.2538          0.7740         -2.0530         -1.4112        -21.5409          2.3778          2.3778          0.0000        207.2147          0.0000

INFO:     306000        612.0000         13.4217          0.4372         12.9846         15.4001          4.6530          9.6035          0.4590          6.6713          0.8812         -0.5504          0.8264        -23.3263          1.2196          1.2196          0.0000        242.0051          0.0000

INFO:     309000        618.0000         16.4438          0.4541         15.9898         17.0366          3.6595          8.4895          0.9238          5.7637          1.1361         -0.2875          0.9071        -21.9191          1.7809          1.7809          0.0000        298.0155          0.0000

INFO:     312000        624.0000         14.9423         -0.3272         15.2695         18.2514          4.3844          7.8336          1.0338          5.3540          1.1116         -0.1407          0.3565        -21.6049          1.3445          1.3445          0.0000        284.5917          0.0000

INFO:     315000        630.0000         16.0901          1.6190         14.4711         15.9448          2.5378         11.7376          0.6733          5.2919          0.7624          0.0143          0.0752        -23.2951          3.8215          3.8215          0.0000        269.7101          0.0000

INFO:     318000        636.0000         15.0216          4.5203         10.5013         18.9895          5.6825          8.5192          1.6024          4.4214          1.0036          0.4662          0.4704        -22.3922          4.7469          4.7469          0.0000        195.7213          0.0000

INFO:     321000        642.0000          9.7768         -4.6970         14.4737         13.7050          0.6825          7.6876          0.4864          5.0125          1.7389          0.1032         -0.4112        -22.7231          2.7261          2.7261          0.0000        269.7600          0.0000

INFO:     324000        648.0000         14.1762         -2.8426         17.0188         14.5567          3.4465          8.7879          0.5645          5.1207          0.2843         -0.1739         -0.6383        -21.9209          1.6865          1.6865          0.0000        317.1936          0.0000

INFO:     327000        654.0000         16.1915         -2.3152         18.5067         14.5278          3.5178          9.3382          0.3537          4.3256          1.3610          0.0016          0.3189        -23.7489          2.2170          2.2170          0.0000        344.9261          0.0000

INFO:     330000        660.0000         14.8109         -2.7980         17.6089         12.1723          2.7043          9.4349          0.9713          4.8762          0.3189         -0.2360          1.6975        -24.9393          2.3742          2.3742          0.0000        328.1926          0.0000

INFO:     333000        666.0000         12.8054         -3.4585         16.2639         15.8754          3.2624          7.5579          0.4601          5.1125          1.3079          0.2225          0.8552        -25.4665          3.2295          3.2295          0.0000        303.1245          0.0000

INFO:     336000        672.0000         12.3729         -0.6509         13.0238         12.0052          3.6798         11.0239          1.1397          5.8808          0.6546         -1.3974         -0.8410        -22.6663          1.8750          1.8750          0.0000        242.7355          0.0000

INFO:     339000        678.0000         15.2754          2.3405         12.9348         16.2548          5.0242          8.4116          1.2039          6.6252          0.2264          0.0899          2.6290        -24.0294          2.1598          2.1598          0.0000        241.0781          0.0000

INFO:     342000        684.0000         15.8498          0.0932         15.7566         16.5424          2.6164          6.4649          0.7132          6.7180          2.0928          0.0207          1.9647        -23.2157          2.7182          2.7182          0.0000        293.6703          0.0000

INFO:     345000        690.0000         13.2105         -0.3544         13.5648         16.2756          3.5448         11.8603          0.9115          4.6037          1.1374          0.0509          1.5533        -25.1772          1.1610          1.1610          0.0000        252.8200          0.0000

INFO:     348000        696.0000         14.2795         -1.6172         15.8967         14.2494          1.8142          7.6179          0.6676          5.2443          1.9151         -1.0852          0.0040        -19.7618          1.9668          1.9668          0.0000        296.2810          0.0000

INFO:     351000        702.0000         15.3694          4.0409         11.3284         14.3434          1.8200         16.5567          1.4481          4.9251          0.3012         -0.5993          1.1731        -23.8170          2.2330          2.2330          0.0000        211.1382          0.0000

INFO:     354000        708.0000         18.4713          1.3608         17.1105         19.1413          6.8036          8.1655          0.7566          4.6809          1.4301          0.2755          0.5287        -23.7333          2.4532          2.4532          0.0000        318.9032          0.0000

INFO:     357000        714.0000         20.8249         -2.5255         23.3504         13.9392          2.6590          9.1825          1.3900          4.7260          0.6483          0.2475         -0.1119        -24.0334          2.7665          2.7665          0.0000        435.2021          0.0000

INFO:     360000        720.0000         26.4279          6.6829         19.7450         20.4862          7.1714         10.3847          0.3473          5.1370          1.1768         -0.0132          3.3651        -23.7981          2.9119          2.9119          0.0000        368.0042          0.0000

INFO:     363000        726.0000         24.3563          4.7880         19.5683         15.2750          3.1483         13.1141          0.6163          5.9349          1.4377         -0.7659          1.6150        -23.7795          3.4671          3.4671          0.0000        364.7109          0.0000

INFO:     366000        732.0000         20.5391          2.0674         18.4717         14.8717          3.5875         11.5321          0.5570          4.8978          2.3958          0.0662          0.4476        -23.9278          2.5113          2.5113          0.0000        344.2729          0.0000

INFO:     369000        738.0000         14.1315          2.3768         11.7547         15.7749          3.9638         10.6290          0.9486          6.9746          1.0712         -1.3630         -1.2929        -19.6040          1.0496          1.0496          0.0000        219.0824          0.0000

INFO:     372000        744.0000         15.0149          1.0116         14.0033         17.3182          2.5543          7.7778          0.7335          6.4152          2.0956         -1.4322          1.8483        -20.3955          1.4146          1.4146          0.0000        260.9916          0.0000

INFO:     375000        750.0000         16.3504          1.4787         14.8718         20.1214          5.5939          9.4550          1.2298          6.5703          0.4960         -0.0415          0.1097        -23.0872          1.1528          1.1528          0.0000        277.1786          0.0000

INFO:     378000        756.0000         16.8675         -0.6882         17.5557         15.4381          2.7148          7.2362          0.8004          6.0014          1.3215          0.1561          1.2856        -21.8741          1.6699          1.6699          0.0000        327.2002          0.0000

INFO:     381000        762.0000         21.6597          3.9011         17.7587         13.4426          4.9759         12.1487          0.8609          6.3868          1.0290         -1.8265         -1.5382        -20.1689          2.0334          2.0334          0.0000        330.9837          0.0000

INFO:     384000        768.0000         17.7814         -0.8891         18.6704         22.6521          5.4860         10.4937          0.9073          5.3307          0.1394         -1.5756         -1.2473        -22.0968          1.6735          1.6735          0.0000        347.9771          0.0000

INFO:     387000        774.0000         11.9405          0.7402         11.2002         17.1110          5.8576          9.4864          1.7066          4.3065          1.0520          0.0513         -0.7818        -23.6067          2.6683          2.6683          0.0000        208.7486          0.0000

INFO:     390000        780.0000         12.7263         -2.2444         14.9706         16.0857          2.9836         10.5000          0.4519          5.2276          0.3557         -2.0550         -1.6648        -20.2309          2.1875          2.1875          0.0000        279.0205          0.0000

INFO:     393000        786.0000         21.2628          0.4976         20.7651         13.4845          3.7534         11.5940          0.5866          4.7403          0.8889         -0.6513          0.7784        -23.3370          2.1444          2.1444          0.0000        387.0182          0.0000

INFO:     396000        792.0000         22.2362          2.5328         19.7034         15.0610          1.9578          9.7393          0.6749          8.7213          0.0712          0.2690         -0.2305        -20.5680          1.8979          1.8979          0.0000        367.2292          0.0000

INFO:     399000        798.0000         19.4011          1.9007         17.5004         16.6548          4.1498         13.7144          0.2390          5.3792          1.1666         -0.5028         -0.2077        -24.8075          2.7696          2.7696          0.0000        326.1712          0.0000

INFO:     402000        804.0000         20.3391          3.6418         16.6972         17.5797          6.1356          8.2177          0.4333          5.5248          2.6019         -0.9045          1.6943        -23.7371          3.6758          3.6758          0.0000        311.2012          0.0000

INFO:     405000        810.0000         18.6377          0.1367         18.5010         14.7949          4.2329          8.8106          0.5142          6.2189          0.2451         -0.3320          2.4381        -23.4668          1.4758          1.4758          0.0000        344.8201          0.0000

INFO:     408000        816.0000         16.1771          2.4135         13.7635         17.9180          4.9533          9.8204          0.4536          4.7115          1.1259         -0.0670          2.6377        -24.0462          2.8245          2.8245          0.0000        256.5233          0.0000

INFO:     411000        822.0000         18.5908          1.5174         17.0734         15.8374          5.5614          8.4995          0.5768          4.9525          0.2752          0.3160          2.4989        -22.1901          1.0273          1.0273          0.0000        318.2112          0.0000

INFO:     414000        828.0000         21.8028          3.1619         18.6409         17.5037          4.0781          6.3474          0.5924          6.5960          0.6041          0.4864          1.4584        -21.8882          4.8874          4.8874          0.0000        347.4269          0.0000

INFO:     417000        834.0000         18.6688         -1.9583         20.6271         12.7752          1.6356         11.3353          0.8654          4.9908          0.1488         -0.4321          0.2794        -22.5931          1.8115          1.8115          0.0000        384.4454          0.0000

INFO:     420000        840.0000         14.0014          2.8310         11.1704         14.8936          4.4728          8.2673          0.8725          6.3557          0.4904          0.7109         -1.3602        -21.2017          4.2232          4.2232          0.0000        208.1923          0.0000

INFO:     423000        846.0000         17.7953          2.1270         15.6683         14.1444          0.9892         13.5081          0.5904          5.0196          0.9256          0.4231         -1.2873        -20.5984          2.5566          2.5566          0.0000        292.0239          0.0000

INFO:     426000        852.0000         19.9888         -0.4774         20.4663         11.8183          3.9059         11.1986          0.4897          5.5394          0.1584         -0.8526          0.0396        -23.4168          2.4603          2.4603          0.0000        381.4481          0.0000

INFO:     429000        858.0000         26.8083          6.6593         20.1490         17.1454          6.2609         14.7567          1.0771          6.5987          1.0583          0.1381          1.1085        -26.6233          2.2843          2.2843          0.0000        375.5356          0.0000

INFO:     432000        864.0000         26.6900          3.0120         23.6780         15.4025          4.0877         11.3628          1.2682          5.0917          0.5884          0.1108          1.2233        -23.3419          2.6210          2.6210          0.0000        441.3071          0.0000

INFO:     435000        870.0000         25.6953          8.5401         17.1552         18.1033          3.7155         14.4094          1.3509          5.5484          2.0710          0.6566          2.4987        -23.7969          2.0866          2.0866          0.0000        319.7371          0.0000

INFO:     438000        876.0000         15.4770          5.2441         10.2328         18.3359          8.8377         10.7872          0.7544          6.5568          0.4561         -1.1198         -1.1890        -22.7916          2.9524          2.9524          0.0000        190.7184          0.0000

INFO:     441000        882.0000         15.6464         -1.6864         17.3328         12.6346          4.2086          8.1247          0.9410          4.9185          0.5473         -0.6256         -0.1133        -22.9700          3.2823          3.2823          0.0000        323.0474          0.0000

INFO:     444000        888.0000         13.5526          0.0185         13.5341         13.6599          3.2338          8.5119          0.8625          5.1231          0.5769          0.0351          0.9198        -21.3563          2.1117          2.1117          0.0000        252.2470          0.0000

INFO:     447000        894.0000         19.6883          3.2724         16.4158         20.4207          5.7362          7.6863          1.2454          5.0537          0.3454          0.3145         -0.4297        -20.4770          3.7978          3.7978          0.0000        305.9565          0.0000

INFO:     450000        900.0000         20.4339          1.4444         18.9895         24.7720          6.5915          7.5258          0.3786          5.6198          1.1943         -0.4917          0.2334        -21.1743          1.5669          1.5669          0.0000        353.9247          0.0000

