Generate_Velocity> Generate initial velocities
  iseed           =       9999
  temperature     =    300.000
 
INFO:       STEP            TIME       TOTAL_ENE   POTENTIAL_ENE     KINETIC_ENE            RMSG            BOND           ANGLE    UREY-BRADLEY        DIHEDRAL        IMPROPER            CMAP         VDWAALS           ELECT RESTRAINT_TOTAL    RESTRAINT001    RESTR_CVS001     TEMPERATURE          VOLUME
 --------------- --------------- --------------- --------------- ---------------
INFO:          0          0.0000         98.3801         80.5928         17.7874         17.4338          2.4304         12.6491          2.0295          4.0431          0.0875         -0.3682         -0.1009        -19.1549         78.9772         78.9772          0.0000        331.5193          0.0000

INFO:       3000          6.0000         62.6834         25.9697         36.7138         20.9672          4.1209         15.6138          2.1521          6.3309          0.9097          0.2584          7.1636        -19.7780          9.1984          9.1984          0.0000        684.2673          0.0000

INFO:       6000         12.0000         47.6526         15.3438         32.3087         17.0430          2.7402         16.0447          1.1640          5.5479          0.6390          0.7587          0.8712        -19.5515          7.1298          7.1298          0.0000        602.1663          0.0000

INFO:       9000         18.0000         30.7965          7.6997         23.0969         17.7100          3.6442          8.1742          1.0517          4.7267          0.8686         -1.5753          1.1423        -14.4208          4.0880          4.0880          0.0000        430.4764          0.0000

INFO:      12000         24.0000         26.9581         10.1582         16.7999         13.4186          3.1653         12.2952          0.9672          6.2575          0.1573         -1.2714          0.4725        -18.6999          6.8144          6.8144          0.0000        313.1145          0.0000

INFO:      15000         30.0000         19.1408          4.7014         14.4395         14.9847          3.5440         12.1520          0.2459          3.4955          1.7365         -1.5787          0.8197        -18.8514          3.1378          3.1378          0.0000        269.1209          0.0000

INFO:      18000         36.0000         15.7650          0.1140         15.6509          9.9832          1.7215          9.0162          0.4108          3.9162          0.6982          0.0006          0.1622        -19.3859          3.5744          3.5744          0.0000        291.6998          0.0000

INFO:      21000         42.0000         10.0290          0.4493          9.5797         13.0815          2.2088         10.4393          0.5407          3.1779          0.1516         -0.9804         -1.2698        -16.6684          2.8496          2.8496          0.0000        178.5445          0.0000

INFO:      24000         48.0000         11.2451         -0.2355         11.4805         10.6723          1.3354          8.3785          1.0181          4.3098          0.6788         -1.1909          0.6231        -17.4249          2.0366          2.0366          0.0000        213.9730          0.0000

INFO:      27000         54.0000         18.6515          5.1241         13.5274         15.9284          1.0984         12.9734          0.4572          3.8590          0.7148         -0.1136          0.8947        -17.6224          2.8626          2.8626          0.0000        252.1218          0.0000

INFO:      30000         60.0000         22.1714          3.6173         18.5540         16.1694          2.5577         12.3493          0.2803          4.6609          0.5109          0.7221         -0.3727        -19.8428          2.7516          2.7516          0.0000        345.8074          0.0000

INFO:      33000         66.0000         21.2435          6.0619         15.1816         16.4891          4.3985         10.2197          0.9857          4.9181          1.5228          0.7306          0.6230        -22.6444          5.3079          5.3079          0.0000        282.9522          0.0000

INFO:      36000         72.0000         25.0097          4.1408         20.8689         17.4949          3.4979         10.6884          0.4062          5.8306          0.7551         -0.1856         -0.4132        -18.1949          1.7563          1.7563          0.0000        388.9523          0.0000

INFO:      39000         78.0000         21.9329          2.0692         19.8638         17.9392          5.0850          8.5256          0.3719          4.4798          0.4014         -0.9991          0.5473        -17.6027          1.2598          1.2598          0.0000        370.2188          0.0000

INFO:      42000         84.0000         31.5532         10.3280         21.2252         20.0496          5.5885         18.2679          1.6502          4.0695          0.5588          0.2857         -0.6295        -21.6393          2.1762          2.1762          0.0000        395.5922          0.0000

INFO:      45000         90.0000         31.1497          8.2284         22.9213         15.6894          3.5483         10.4548          0.9594          6.4236          1.5977         -2.3080          0.6315        -15.6331          2.5542          2.5542          0.0000        427.2039          0.0000

INFO:      48000         96.0000         19.0072          3.3761         15.6311         15.8923          3.5346          8.5062          0.3809          4.7367          0.1041         -0.8000         -0.1360        -16.4414          3.4912          3.4912          0.0000        291.3303          0.0000

INFO:      51000        102.0000         22.8121          5.5367         17.2754         14.6004          4.8326          6.6760          0.8429          4.3523          0.5941          0.8116          0.6329        -18.9918          5.7861          5.7861          0.0000        321.9775          0.0000

INFO:      54000        108.0000         15.4885          3.1733         12.3152         14.1411          1.7004         11.0539          0.4945          5.7179          0.3734          0.5660         -0.3530        -20.7140          4.3341          4.3341          0.0000        229.5293          0.0000

INFO:      57000        114.0000         17.9014          4.5236         13.3777         14.8395          2.6601         11.0612          0.1804          5.7759          3.2430          0.2578         -1.0608        -19.2521          1.6580          1.6580          0.0000        249.3328          0.0000

INFO:      60000        120.0000         16.5206          0.7201         15.8005         14.6113          3.4462          8.8539          0.8277          3.8800          0.4109          0.4552         -0.3661        -18.9212          2.1335          2.1335          0.0000        294.4870          0.0000

INFO:      63000        126.0000         12.0294         -0.2491         12.2785          7.9258          1.0390          9.5909          0.3872          3.7698          0.2600         -0.3265         -1.1708        -16.3485          2.5497          2.5497          0.0000        228.8444          0.0000

INFO:      66000        132.0000         11.5220          0.2440         11.2780         10.1965          1.5928          6.7190          0.8742          4.6523          0.5437          0.8466          0.1831        -18.1562          2.9884          2.9884          0.0000        210.1985          0.0000

INFO:      69000        138.0000         11.5295          1.5678          9.9617         14.1800          4.4428          7.9708          0.4452          3.5240          0.5570          0.5488         -0.1777        -18.8674          3.1244          3.1244          0.0000        185.6659          0.0000

INFO:      72000        144.0000         13.8913          0.1726         13.7187         10.1328          1.5398          8.4046          0.7712          3.7041          0.8064         -0.3194          1.3236        -18.3187          2.2611          2.2611          0.0000        255.6874          0.0000

INFO:      75000        150.0000         19.9557          1.7521         18.2036         14.2190          2.5132          9.2429          0.7181          5.8285          0.4832          0.1860         -0.5157        -21.4330          4.7289          4.7289          0.0000        339.2762          0.0000

INFO:      78000        156.0000         18.7309          3.1964         15.5345         11.2089          0.9931         10.5516          1.0987          5.5523          1.0806          0.2347          0.2725        -18.1749          1.5880          1.5880          0.0000        289.5302          0.0000

INFO:      81000        162.0000         18.5016          1.5332         16.9685         12.6836          4.3049          8.0793          0.4344          3.9596          0.0366          0.4433          1.1033        -19.3808          2.5526          2.5526          0.0000        316.2562          0.0000

INFO:      84000        168.0000         19.8130          2.0086         17.8043         12.3426          0.8279          7.6326          0.3111          3.8346          2.3919         -0.2794          3.0925        -17.6103          1.8077          1.8077          0.0000        331.8350          0.0000

INFO:      87000        174.0000         16.7842          4.6252         12.1589         16.5990          1.7946         14.4049          0.6090          3.0834          0.8078         -2.5177          0.9333        -16.7095          2.2194          2.2194          0.0000        226.6167          0.0000

INFO:      90000        180.0000         25.4398         10.8493         14.5905         21.3310          3.0746         13.7861          1.0943          3.6141          1.6198          0.1417          0.4180        -16.2566          3.3574          3.3574          0.0000        271.9370          0.0000

INFO:      93000        186.0000         17.8287          6.6922         11.1365         19.4167          9.4771          9.3509          1.5518          4.0464          0.6783          0.0232          0.0771        -19.7081          1.1956          1.1956          0.0000        207.5612          0.0000

INFO:      96000        192.0000         23.9533          6.0112         17.9421         17.2505          3.5873          9.7134          1.1828          4.2978          1.1779         -1.2348          2.5364        -17.0746          1.8250          1.8250          0.0000        334.4031          0.0000

INFO:      99000        198.0000         17.6770          1.1403         16.5367         12.1312          3.7093         11.0331          0.5602          2.8762          1.1350         -1.8466          0.0371        -18.5199          2.1559          2.1559          0.0000        308.2091          0.0000

INFO:     102000        204.0000         21.8754          4.6025         17.2729         15.9547          1.7378         11.6810          0.7295          3.4690          1.7263         -0.2893          2.0977        -19.0066          2.4571          2.4571          0.0000        321.9305          0.0000

INFO:     105000        210.0000         25.8914          7.7376         18.1538         18.5717          2.8956         12.3137          0.6921          4.6841          1.5851          0.6672         -1.6052        -19.8557          6.3607          6.3607          0.0000        338.3486          0.0000

INFO:     108000        216.0000         26.4022          8.4699         17.9323         17.1577          4.3619         12.7337          0.8910          3.9914          0.3214          0.8333         -0.2141        -20.4762          6.0274          6.0274          0.0000        334.2206          0.0000

INFO:     111000        222.0000         22.3404          6.3582         15.9822         19.7348          6.3388         10.1940          0.5442          5.2413          2.0902          0.3951         -0.7263        -19.7419          2.0229          2.0229          0.0000        297.8737          0.0000

INFO:     114000        228.0000         21.2534          0.3945         20.8589         16.9893          5.4807          7.1076          0.3116          3.4970          0.9574         -2.4853          0.1686        -16.9683          2.3253          2.3253          0.0000        388.7655          0.0000

INFO:     117000        234.0000         19.8256          0.3451         19.4805          9.9523          1.2350          7.3809          0.8821          3.5484          0.4712         -0.5892          1.6778        -17.3866          3.1257          3.1257          0.0000        363.0754          0.0000

INFO:     120000        240.0000         27.5807          4.1954         23.3853         16.6060          3.2056         12.4395          0.6144          3.3620          1.7736         -1.1234          1.0867        -17.7765          0.6135          0.6135          0.0000        435.8530          0.0000

INFO:     123000        246.0000         20.7483          5.9001         14.8482         19.8437          4.7011         12.4583          0.4993          3.7185          1.3468         -1.6593         -0.3437        -17.5293          2.7083          2.7083          0.0000        276.7395          0.0000

INFO:     126000        252.0000         18.0433          1.8392         16.2041         13.6353          4.0301          8.2676          0.6643          5.1485          0.8423          0.4055         -0.8595        -18.8692          2.2095          2.2095          0.0000        302.0102          0.0000

INFO:     129000        258.0000         15.9885          3.4622         12.5263         17.0315          4.5829         11.2585          1.0578          4.4060          1.1909          0.6068         -0.6830        -20.1687          1.2110          1.2110          0.0000        233.4641          0.0000

INFO:     132000        264.0000         17.1370          1.7719         15.3650         14.0534          3.4430         11.7554          0.9428          4.4114          0.4126         -0.2749         -0.4564        -20.1509          1.6889          1.6889          0.0000        286.3719          0.0000

INFO:     135000        270.0000         17.3004          5.7221         11.5783         16.8367          2.6558         14.0932          0.9424          4.7896          1.4841          0.3451         -0.4352        -20.3526          2.1997          2.1997          0.0000        215.7954          0.0000

INFO:     138000        276.0000         18.0228          5.9353         12.0875         20.8834          4.5347         14.4218          0.5254          4.5050          0.1385         -0.3850         -0.1853        -18.3028          0.6829          0.6829          0.0000        225.2846          0.0000

INFO:     141000        282.0000         15.9853          4.3872         11.5981         18.5004          2.3452         11.9894          0.9614          4.1668          0.6852         -0.5953          0.7624        -16.9572          1.0292          1.0292          0.0000        216.1643          0.0000

INFO:     144000        288.0000         14.1759         -0.3500         14.5258         14.6180          1.4617          9.2039          1.1635          3.4564          1.0879         -1.2183         -0.1007        -17.9999          2.5955          2.5955          0.0000        270.7308          0.0000

INFO:     147000        294.0000         13.7953         -2.5301         16.3254         14.2401          3.7648          6.1840          0.1519          5.2720          0.1871         -0.4553          0.2668        -18.5490          0.6477          0.6477          0.0000        304.2714          0.0000

INFO:     150000        300.0000         19.1632          0.8711         18.2920         14.4047          1.6704          8.0921          0.7648          4.3567          1.0025          0.8335          0.9404        -18.8773          2.0882          2.0882          0.0000        340.9251          0.0000

INFO:     153000        306.0000         23.3653          0.1801         23.1852          9.3548          1.6483          8.4573          0.5418          4.1296          0.3102         -0.0217          0.9244        -17.9635          2.1538          2.1538          0.0000        432.1226          0.0000

INFO:     156000        312.0000         16.3121          1.3468         14.9653         15.3945          2.5710         12.3720          1.0816          3.5643          0.7185         -1.3503         -0.5075        -17.9169          0.8142          0.8142          0.0000        278.9223          0.0000

INFO:     159000        318.0000         21.7950          7.6086         14.1865         14.7637          4.2249         13.2683          1.2381          3.6339          0.4213         -0.3184         -1.0860        -16.4520          2.6784          2.6784          0.0000        264.4061          0.0000

INFO:     162000        324.0000         22.4310          7.1461         15.2849         17.8471          5.9644          7.1383          0.3865          5.2424          0.8724         -1.7310          2.4008        -16.2290          3.1013          3.1013          0.0000        284.8791          0.0000

INFO:     165000        330.0000         21.4636          5.9202         15.5433         14.4892          1.7639         10.9822          0.3891          4.6092          1.8601         -1.4092         -0.0216        -16.9555          4.7022          4.7022          0.0000        289.6948          0.0000

INFO:     168000        336.0000         19.8687          0.8088         19.0598         13.9768          2.5310          9.2224          0.8148          2.8929          0.2021         -1.3455          0.4382        -15.6166          1.6695          1.6695          0.0000        355.2351          0.0000

INFO:     171000        342.0000         24.7536          8.1174         16.6361         15.3233          2.3203         13.1417          1.4272          4.3001          1.6576          0.8163         -0.3436        -19.0877          3.8855          3.8855          0.0000        310.0626          0.0000

INFO:     174000        348.0000         17.0638          3.8137         13.2501         14.3623          4.9935          8.7163          0.7905          6.5088          1.0484         -0.3230          0.4366        -23.7150          5.3576          5.3576          0.0000        246.9547          0.0000

INFO:     177000        354.0000         22.5319          6.2054         16.3265         16.9773          3.0044         14.2480          0.7034          3.8053          2.0868         -2.9024         -0.9577        -16.6732          2.8908          2.8908          0.0000        304.2911          0.0000

INFO:     180000        360.0000         20.8324          6.3797         14.4527         15.3303          2.2861         11.2181          0.7279          2.7876          1.9387         -0.6726          1.0775        -16.7634          3.7798          3.7798          0.0000        269.3676          0.0000

INFO:     183000        366.0000         22.7401          7.0853         15.6547         17.7715          5.0414         13.5840          0.6911          4.6576          0.0734         -1.5837          0.1009        -17.3308          1.8517          1.8517          0.0000        291.7710          0.0000

INFO:     186000        372.0000         25.6666          7.1102         18.5565         18.2391          6.1744          9.1597          0.9305          3.3629          0.2858         -1.8849          0.9414        -15.0712          3.2116          3.2116          0.0000        345.8530          0.0000

INFO:     189000        378.0000         15.3974          4.8414         10.5560         19.9440          3.8263         11.5102          0.6504          3.4339          1.5550         -0.6328          0.9008        -19.0166          2.6142          2.6142          0.0000        196.7414          0.0000

INFO:     192000        384.0000         18.5408          2.4634         16.0774         15.4182          2.0529          8.7351          0.6495          3.7230          0.8006          0.5955         -0.7358        -16.2518          2.8944          2.8944          0.0000        299.6488          0.0000

INFO:     195000        390.0000         16.6040          3.7941         12.8099         19.0695          3.8006         10.5400          0.7696          4.3049          0.5765         -1.7294          1.6871        -17.8592          1.7039          1.7039          0.0000        238.7491          0.0000

INFO:     198000        396.0000         21.7089          5.7890         15.9199         17.4311          4.9931         10.9206          0.7165          4.7124          1.2215         -0.5064         -0.2811        -18.2035          2.2158          2.2158          0.0000        296.7129          0.0000

INFO:     201000        402.0000         20.1550          4.9454         15.2097         16.0907          0.7407         10.8195          1.4013          4.0669          1.9202         -1.1657          0.6299        -15.7894          2.3220          2.3220          0.0000        283.4760          0.0000

INFO:     204000        408.0000         24.2150         12.5571         11.6579         15.8721          1.5631         21.7716          2.0738          3.8749          0.4747         -2.0819          1.8471        -19.7116          2.7454          2.7454          0.0000        217.2787          0.0000

INFO:     207000        414.0000         24.0902          3.7168         20.3734         15.3134          5.7040          7.3993          1.1711          3.4907          1.7773         -1.1503         -0.5180        -17.1242          2.9669          2.9669          0.0000        379.7173          0.0000

INFO:     210000        420.0000         28.0512          8.5339         19.5172         21.8602          2.4042         16.9505          0.4158          3.5794          0.4583         -1.7870          1.4556        -17.5980          2.6551          2.6551          0.0000        363.7598          0.0000

INFO:     213000        426.0000         25.2612          5.0654         20.1958         13.4339          2.6480         11.0999          0.8645          4.1373          2.3881         -2.2482          1.4378        -17.1983          1.9362          1.9362          0.0000        376.4076          0.0000

INFO:     216000        432.0000         28.8680         10.4254         18.4426         13.6727          2.0005         12.6931          0.5893          7.3178          4.1026          0.6180          1.4380        -22.6460          4.3121          4.3121          0.0000        343.7306          0.0000

INFO:     219000        438.0000         35.9737          8.7624         27.2113         20.0162          6.0682         16.9951          1.6516          4.0809          1.5038         -2.0659         -1.0974        -19.6031          1.2293          1.2293          0.0000        507.1610          0.0000

INFO:     222000        444.0000         24.5873          3.7503         20.8370         17.3351          6.2618          9.6048          0.8144          3.8825          0.3348          0.5991          0.2486        -20.2535          2.2578          2.2578          0.0000        388.3585          0.0000

INFO:     225000        450.0000         25.2533          7.9593         17.2940         15.0399          3.8538         13.1871          0.6841          3.8231          1.3094         -0.1824          0.5462        -17.7323          2.4701          2.4701          0.0000        322.3236          0.0000

INFO:     228000        456.0000         25.1901          9.3972         15.7929         17.4022          2.3655         15.9395          0.8804          3.4659          1.1528         -1.3809          0.0161        -16.0357          2.9937          2.9937          0.0000        294.3462          0.0000

INFO:     231000        462.0000         17.7736          3.3299         14.4437         17.6423          2.6720         11.2771          1.2900          4.9560          0.5030          0.6379          0.1523        -21.2722          3.1138          3.1138          0.0000        269.2000          0.0000

INFO:     234000        468.0000         15.4909          0.7771         14.7138         14.5806          2.3637         11.8569          0.4678          3.1890          0.7414         -2.3661          0.5900        -18.6106          2.5450          2.5450          0.0000        274.2347          0.0000

INFO:     237000        474.0000         18.7531          4.8401         13.9130         16.7526          3.6320          7.6972          0.5399          3.4974          1.7894         -1.8773          3.7998        -16.9775          2.7392          2.7392          0.0000        259.3084          0.0000

INFO:     240000        480.0000         18.9324          2.9653         15.9670         14.3648          2.7594         11.0123          0.7874          4.2643          0.6980          0.8200         -0.9464        -19.4548          3.0252          3.0252          0.0000        297.5920          0.0000

INFO:     243000        486.0000         22.4800          5.4905         16.9896         13.4697          2.2905          8.7052          0.7623          4.6451          1.5124         -0.8649          1.6107        -16.4876          3.3168          3.3168          0.0000        316.6494          0.0000

INFO:     246000        492.0000         28.6509         12.9204         15.7305         18.4346          2.6894         21.3186          0.9380          3.2041          1.6321         -1.4333          0.5029        -17.5008          1.5694          1.5694          0.0000        293.1840          0.0000

INFO:     249000        498.0000         21.1287          4.5163         16.6123         16.1172          3.3644         11.3585          1.9480          3.6086          0.1003         -0.1101          1.7600        -18.7530          1.2396          1.2396          0.0000        309.6188          0.0000

INFO:     252000        504.0000         25.4171          3.3771         22.0400         13.5169          3.8909         10.3505          0.6137          3.7438          1.0464         -0.5651          0.3015        -18.5055          2.5009          2.5009          0.0000        410.7786          0.0000

INFO:     255000        510.0000         24.7798          6.5417         18.2381         17.1761          3.8113         11.6750          0.6141          2.9077          1.7934         -2.4520          1.4029        -15.9491          2.7385          2.7385          0.0000        339.9189          0.0000

INFO:     258000        516.0000         18.6379          2.3215         16.3165         18.3659          2.4493          9.6929          0.5164          2.6956          0.6399         -3.0145          2.7819        -14.9200          1.4800          1.4800          0.0000        304.1045          0.0000

INFO:     261000        522.0000         15.1407         -2.2935         17.4341         13.6987          1.6234          7.7438          0.5082          3.4699          0.4039         -0.2369         -0.1430        -16.4455          0.7827          0.7827          0.0000        324.9354          0.0000

INFO:     264000        528.0000         18.6505          6.8402         11.8103         19.4179          4.4882         15.2170          1.4543          3.3435          0.0774         -0.1481         -0.3300        -20.4010          3.1389          3.1389          0.0000        220.1183          0.0000

INFO:     267000        534.0000         18.7812          6.5476         12.2336         14.3163          0.9077         10.6960          1.0661          4.5119          1.1869         -0.9782          3.0923        -16.8920          2.9567          2.9567          0.0000        228.0090          0.0000

INFO:     270000        540.0000         23.3406          7.8936         15.4470         19.7199          5.7886         13.7781          1.5333          3.1643          0.4559         -0.6202          3.8249        -21.2134          1.1820          1.1820          0.0000        287.8993          0.0000

INFO:     273000        546.0000         13.1863          1.4456         11.7407         17.6642          4.3061         10.1988          0.6430          3.0369          0.0947         -0.1659         -0.8435        -16.7724          0.9479          0.9479          0.0000        218.8225          0.0000

INFO:     276000        552.0000         14.9034         -0.5871         15.4905         12.5028          2.4407          9.3052          0.3858          3.3268          0.3591         -1.1169         -0.5233        -16.9574          2.1930          2.1930          0.0000        288.7093          0.0000

INFO:     279000        558.0000         21.9283         12.8391          9.0892         22.3148          4.8145         17.4454          0.9667          5.0727          0.6649          0.6278         -1.1058        -20.2227          4.5755          4.5755          0.0000        169.4038          0.0000

INFO:     282000        564.0000         29.0121         12.1425         16.8696         17.9567          2.0974         13.5298          0.7237          6.8829          2.4843         -0.2847          2.8670        -18.4869          2.3291          2.3291          0.0000        314.4143          0.0000

INFO:     285000        570.0000         24.4070          8.2223         16.1846         17.2159          2.5918         14.8755          0.7027          3.8836          1.0154          0.8579         -0.4635        -20.5406          5.2996          5.2996          0.0000        301.6473          0.0000

INFO:     288000        576.0000         21.0173          5.6201         15.3972         14.3307          5.0559          9.0848          1.0403          2.6818          0.5586         -2.2034          2.7232        -15.8823          2.5611          2.5611          0.0000        286.9706          0.0000

INFO:     291000        582.0000         26.0077          0.2541         25.7536         15.8474          2.8658          8.7199          0.2608          4.5149          0.0793         -0.3567         -0.1001        -17.2574          1.5276          1.5276          0.0000        479.9926          0.0000

INFO:     294000        588.0000         19.4089          2.3901         17.0189         11.7159          3.6171         10.3442          0.6287          3.6069          1.3570         -1.0342         -0.1980        -20.4656          4.5340          4.5340          0.0000        317.1955          0.0000

INFO:     297000        594.0000         20.4704          5.3850         15.0854         17.3303          2.0169          9.5826          0.3410          3.9039          0.1242          0.7169          1.5124        -17.4987          4.6857          4.6857          0.0000        281.1609          0.0000

INFO:     300000        600.0000         23.3275          7.9814         15.3461         17.4492          6.8924         10.4826          0.5155          4.0824          0.6612          0.5815          0.5077        -18.9757          3.2338          3.2338          0.0000        286.0183          0.0000

INFO:     303000        606.0000         24.6238          7.6813         16.9425         17.9790          5.6642         11.4900          0.9618          5.5343          0.2497         -0.3596         -0.4709        -18.9300          3.5418          3.5418          0.0000        315.7731          0.0000

INFO:     306000        612.0000         20.7264          1.0288         19.6976         13.5263          2.1874          7.1905          0.3976          3.6186          1.9751         -1.8575          1.4996        -17.1734          3.1908          3.1908          0.0000        367.1224          0.0000

INFO:     309000        618.0000         24.1896          6.2817         17.9079         18.4853          4.0961         11.7524          0.4087          3.9554          0.4033          0.8232         -0.4959        -16.8327          2.1712          2.1712          0.0000        333.7647          0.0000

INFO:     312000        624.0000         21.1040          5.5113         15.5927         12.9454          2.7251         11.0849          0.3524          4.2215          1.1961          0.4228          1.2560        -18.8026          3.0552          3.0552          0.0000        290.6146          0.0000

INFO:     315000        630.0000         22.7094          1.9594         20.7500         19.1581          6.4082          9.7532          0.9236          3.9071          0.0370          0.2822         -0.8250        -19.5226          0.9957          0.9957          0.0000        386.7366          0.0000

INFO:     318000        636.0000         15.7612          2.6819         13.0793         14.4341          3.6739         11.1294          0.7280          3.8893          0.5468         -1.0138         -0.2260        -17.0422          0.9965          0.9965          0.0000        243.7700          0.0000

INFO:     321000        642.0000         17.5804          0.5448         17.0356         11.7175          1.6971          9.1797          0.6320          4.3976          0.6684         -0.9015          0.3172        -16.6241          1.1784          1.1784          0.0000        317.5078          0.0000

INFO:     324000        648.0000         20.3929          2.5087         17.8841         18.1714          6.2882         10.6273          0.4560          3.3761          0.1708         -2.2218          0.4663        -18.1138          1.4596          1.4596          0.0000        333.3223          0.0000

INFO:     327000        654.0000         21.9305          7.6736         14.2569         24.0720          5.4628         13.0992          0.7968          2.9133          1.0168         -1.7347          0.4282        -16.2405          1.9316          1.9316          0.0000        265.7189          0.0000

INFO:     330000        660.0000         21.0078          4.1303         16.8774         18.6597          4.7547         11.6171          0.4850          3.1570          0.7091         -1.7770         -0.0108        -16.2430          1.4383          1.4383          0.0000        314.5591          0.0000

INFO:     333000        666.0000         23.3648          4.4379         18.9269         19.9530          4.2506         11.5323          0.4055          3.4243          0.7490         -1.8196          1.9315        -16.9583          0.9226          0.9226          0.0000        352.7582          0.0000

INFO:     336000        672.0000         18.2969          3.0954         15.2015         15.0532          4.3593         10.6366          1.3119          3.8940          0.5058         -1.0915          1.2771        -19.5787          1.7809          1.7809          0.0000        283.3239          0.0000

INFO:     339000        678.0000         17.7779          4.5720         13.2059         13.8593          2.4813         14.0972          0.7518          3.3693          0.4532         -1.1969         -0.9387        -15.4062          0.9610          0.9610          0.0000        246.1306          0.0000

INFO:     342000        684.0000         17.6762          1.7905         15.8857         16.6753          2.6558          9.9284          0.2822          4.2782          0.9748          0.2999          0.3382        -21.8330          4.8661          4.8661          0.0000        296.0765          0.0000

INFO:     345000        690.0000         15.9564          5.0428         10.9136         18.5616          2.6692         10.2440          1.2801          5.3048          2.1647          0.2094         -0.2926        -20.6998          4.1629          4.1629          0.0000        203.4064          0.0000

INFO:     348000        696.0000         19.0413          2.3325         16.7088         14.9634          3.4216          9.0477          0.6280          5.1323          1.3097          0.3719         -0.6016        -19.8107          2.8336          2.8336          0.0000        311.4162          0.0000

INFO:     351000        702.0000         18.4689          0.8656         17.6033         13.2069          1.4390         11.5376          0.6395          3.7938          0.4351          0.8274         -1.3205        -20.1696          3.6835          3.6835          0.0000        328.0877          0.0000

INFO:     354000        708.0000         21.5753          0.0151         21.5602         11.9378          4.2949          7.1270          0.8691          3.1304          1.1072         -2.8976          0.3807        -16.2599          2.2633          2.2633          0.0000        401.8370          0.0000

INFO:     357000        714.0000         14.5254         -0.4901         15.0156         12.6753          2.9703          5.2512          0.6771          4.3575          0.5547         -0.6754          1.1470        -17.6825          2.9100          2.9100          0.0000        279.8585          0.0000

INFO:     360000        720.0000         16.3431          6.3772          9.9659         17.1099          3.5426          7.9325          1.3284          3.4767          0.6213         -1.7392          3.1344        -16.1010          4.1815          4.1815          0.0000        185.7431          0.0000

INFO:     363000        726.0000         18.2937          5.3106         12.9831         14.9017          3.2268         10.4304          0.6278          3.6438          1.2160          0.2411          0.4438        -17.0889          2.5698          2.5698          0.0000        241.9777          0.0000

INFO:     366000        732.0000         20.3418          4.8500         15.4918         11.6884          2.5545         11.6019          0.7645          5.4834          0.2749         -0.7464          1.0345        -16.7508          0.6335          0.6335          0.0000        288.7340          0.0000

INFO:     369000        738.0000         26.4946          5.4917         21.0029         12.7828          4.4649         16.4481          0.6138          4.1234          0.9191          0.4619         -1.3591        -22.1802          1.9997          1.9997          0.0000        391.4502          0.0000

INFO:     372000        744.0000         27.5383          8.5808         18.9575         16.1768          0.8509         12.5751          1.0564          5.3248          0.7737          0.6846          2.5974        -19.2381          3.9561          3.9561          0.0000        353.3282          0.0000

INFO:     375000        750.0000         25.2886          1.9860         23.3026         17.1992          5.2025          6.9703          0.5709          3.8450          0.2754         -1.0197          0.7638        -16.3285          1.7063          1.7063          0.0000        434.3107          0.0000

INFO:     378000        756.0000         24.2487          9.4647         14.7840         20.1356          2.6988         15.9052          0.4876          4.6874          0.9774          0.7372          0.7589        -22.9527          6.1649          6.1649          0.0000        275.5424          0.0000

INFO:     381000        762.0000         25.4938          8.4363         17.0575         15.8303          3.3879         11.2807          1.0592          5.2036          0.8001          0.3341          2.6944        -20.3062          3.9823          3.9823          0.0000        317.9164          0.0000

INFO:     384000        768.0000         19.3613          3.5658         15.7954         14.0657          1.1868         11.6346          0.5534          3.8167          2.1900         -2.8187          2.3148        -17.9535          2.6417          2.6417          0.0000        294.3937          0.0000

INFO:     387000        774.0000         17.0246          3.7216         13.3029         15.3348          5.0607         11.4774          0.9910          4.0132          0.4902         -2.0134          0.6909        -18.1103          1.1218          1.1218          0.0000        247.9388          0.0000

INFO:     390000        780.0000         14.4679          2.7246         11.7433         14.7127          3.8977          9.5824          0.8264          3.7378          0.7149         -1.4118          0.2935        -16.0507          1.1345          1.1345          0.0000        218.8702          0.0000

INFO:     393000        786.0000         15.0354          3.1662         11.8692         12.7404          2.4184          8.4750          0.3597          3.2249          0.7649         -1.5693          2.4813        -15.3102          2.3214          2.3214          0.0000        221.2160          0.0000

INFO:     396000        792.0000         20.9524          4.8477         16.1047         21.6489          6.9090         10.1348          0.5382          3.3161          0.7096         -0.7096          0.5880        -17.8788          1.2405          1.2405          0.0000        300.1572          0.0000

INFO:     399000        798.0000         28.0824         10.9849         17.0974         16.5619          4.3830         11.0751          1.0022          4.7357          0.5897         -2.0257          3.0891        -15.6716          3.8074          3.8074          0.0000        318.6596          0.0000

INFO:     402000        804.0000         22.9938          2.6544         20.3394         13.0891          0.8161         11.4714          0.7950          3.9069          2.6475         -2.4921          0.7374        -18.4225          3.1949          3.1949          0.0000        379.0837          0.0000

INFO:     405000        810.0000         18.8050          2.0369         16.7681         15.0214          3.5100          8.0365          0.5883          3.7451          0.4888          0.3449          1.5903        -17.2619          0.9949          0.9949          0.0000        312.5217          0.0000

INFO:     408000        816.0000         24.1264          6.3942         17.7322         17.8212          5.0477         11.1860          0.8875          4.7271          1.2141          0.7697         -0.0382        -20.6224          3.2226          3.2226          0.0000        330.4906          0.0000

INFO:     411000        822.0000         25.0556          7.0616         17.9940         23.4626          4.8718         13.5334          0.6231          4.7517          0.7386          0.4733          0.7926        -20.3817          1.6588          1.6588          0.0000        335.3707          0.0000

INFO:     414000        828.0000         24.6330          8.4039         16.2291         16.8583          5.3180         11.3588          0.7854          5.8151          2.4251         -1.8919          0.9290        -18.4938          2.1581          2.1581          0.0000        302.4762          0.0000

INFO:     417000        834.0000         17.0714          0.8568         16.2146         13.9463          3.2715          9.2916          0.9930          3.3623          0.3283         -0.2909          1.0396        -18.8522          1.7135          1.7135          0.0000        302.2061          0.0000

INFO:     420000        840.0000         17.7325          5.8832         11.8493         19.7064          3.8259         13.7637          1.2095          4.2118          1.1751         -0.7024          1.1834        -19.4376          0.6537          0.6537          0.0000        220.8466          0.0000

INFO:     423000        846.0000         19.3927          0.3136         19.0792         14.2778          5.5340          7.2647          0.5767          4.0062          0.1065         -2.1513         -0.4609        -16.3036          1.7413          1.7413          0.0000        355.5956          0.0000

INFO:     426000        852.0000         21.9255          4.9769         16.9485         19.4747          3.2121         12.9136          0.6904          3.6228          3.1139         -2.5116          0.8072        -18.2268          1.3553          1.3553          0.0000        315.8850          0.0000

INFO:     429000        858.0000         17.2543          7.8897          9.3646         18.0783          6.8196         10.4895          2.2843          4.1099          0.9826          0.1854          1.5804        -22.7559          4.1938          4.1938          0.0000        174.5366          0.0000

INFO:     432000        864.0000         19.8027          6.8290         12.9737         22.7913          7.8487         10.2039          1.1487          5.4542          0.3011          0.3573         -0.1607        -22.0334          3.7092          3.7092          0.0000        241.8032          0.0000

INFO:     435000        870.0000         19.9348          7.8734         12.0614         16.3185          2.1058         11.2695          1.0296          4.1276          1.6234         -0.4883          4.4467        -19.0844          2.8435          2.8435          0.0000        224.7990          0.0000

INFO:     438000        876.0000         19.9138          4.6334         15.2803         16.5830          5.7742         10.1577          0.7363          4.4689          0.4915          0.4381          0.5276        -22.0409          4.0800          4.0800          0.0000        284.7929          0.0000

INFO:     441000        882.0000         21.4544          2.0228         19.4317         18.0265          6.2305         11.0895          0.4503          3.6035          1.1048         -1.7544         -0.4834        -19.4578          1.2396          1.2396          0.0000        362.1654          0.0000

INFO:     444000        888.0000         20.1060          5.2473         14.8587         17.4238          6.7665          7.1965          1.0497          4.2737          0.6082         -0.9050          0.8596        -18.5043          3.9023          3.9023          0.0000        276.9345          0.0000

INFO:     447000        894.0000         25.7702         10.6531         15.1171         16.5033          4.3187          8.7692          0.3006          5.4648          1.0380          0.1507          1.7454        -16.7656          5.6314          5.6314          0.0000        281.7500          0.0000

INFO:     450000        900.0000         32.6347         15.0406         17.5941         16.7019          3.4305         13.2543          0.9573          6.2233          2.2275          0.8782         -0.2654        -18.6771          7.0119          7.0119          0.0000        327.9172          0.0000

