Generate_Velocity> Generate initial velocities
  iseed           =       1999
  temperature     =    300.000
 
INFO:       STEP            TIME       TOTAL_ENE   POTENTIAL_ENE     KINETIC_ENE            RMSG            BOND           ANGLE    UREY-BRADLEY        DIHEDRAL        IMPROPER            CMAP         VDWAALS           ELECT RESTRAINT_TOTAL    RESTRAINT001    RESTR_CVS001     TEMPERATURE          VOLUME
 --------------- --------------- --------------- --------------- ---------------
INFO:          0          0.0000         96.4098         76.6291         19.7808         11.8664          2.1648         10.7125          1.0097          4.7150          0.5122         -1.2589         -0.6186        -22.4283         81.8207         81.8207          0.0000        368.6714          0.0000

INFO:       3000          6.0000         54.7375         23.1374         31.6000         20.3192          6.6056         18.2861          1.9111          5.8486          1.0778         -1.9365          1.5029        -18.2717          8.1134          8.1134          0.0000        588.9576          0.0000

INFO:       6000         12.0000         43.8148         15.6194         28.1954         16.4235          1.9242         24.0275          1.3278          5.2617          0.5057          0.0093         -1.0048        -22.9491          6.5172          6.5172          0.0000        525.5018          0.0000

INFO:       9000         18.0000         33.4297          7.6162         25.8135         18.8079          4.6137         11.9223          1.2656          4.8461          2.1702         -2.0406         -0.1615        -18.0876          3.0881          3.0881          0.0000        481.1094          0.0000

INFO:      12000         24.0000         28.9196          5.1767         23.7429         20.2752          3.9278         15.1746          1.2281          4.7621          1.5335         -0.0478          1.9525        -27.2337          3.8796          3.8796          0.0000        442.5183          0.0000

INFO:      15000         30.0000         25.0770          8.8561         16.2210         20.0975          4.4977          8.8248          0.8375          6.3526          0.5622         -3.0088          1.5143        -16.4886          5.7644          5.7644          0.0000        302.3242          0.0000

INFO:      18000         36.0000         17.1778          0.9121         16.2657         15.3926          3.8904          5.6548          0.1725          5.1639          2.1542         -1.8899          0.2908        -19.6194          5.0948          5.0948          0.0000        303.1579          0.0000

INFO:      21000         42.0000         18.3800          1.9791         16.4009         13.9474          1.7111         11.3414          1.1325          5.7791          1.2083         -2.6247         -1.0619        -19.9759          4.4691          4.4691          0.0000        305.6781          0.0000

INFO:      24000         48.0000         17.5941          0.1436         17.4505         11.9947          3.2408         10.0048          0.7914          4.6300          0.4049         -0.9584          0.9795        -21.9796          3.0303          3.0303          0.0000        325.2403          0.0000

INFO:      27000         54.0000         20.2224          6.5312         13.6912         16.4457          4.2113         13.3175          0.7613          7.1417          1.0826         -1.7804         -0.3559        -22.2754          4.4285          4.4285          0.0000        255.1749          0.0000

INFO:      30000         60.0000         18.9423          0.8378         18.1045         17.8690          3.4063         10.4608          0.7754          5.9180          0.6840         -0.6019         -0.3558        -22.1057          2.6565          2.6565          0.0000        337.4287          0.0000

INFO:      33000         66.0000         17.8807          0.6410         17.2397         12.4718          2.9740          6.9142          1.1054          5.3056          0.5074         -0.0023          4.2977        -23.1170          2.6558          2.6558          0.0000        321.3121          0.0000

INFO:      36000         72.0000         17.5156         -0.1867         17.7023         13.2347          2.1263          8.9185          0.9672          6.4606          0.7260         -2.6366          0.7643        -19.7912          2.2781          2.2781          0.0000        329.9331          0.0000

INFO:      39000         78.0000         12.0416         -0.8378         12.8794         14.5989          2.4821          9.4464          0.3815          5.4415          0.6564         -1.4447          0.7035        -21.2394          2.7348          2.7348          0.0000        240.0457          0.0000

INFO:      42000         84.0000         13.1928         -0.6474         13.8402         16.7756          2.4733          7.7385          1.0355          6.2704          1.8477         -2.0689         -0.1416        -19.0787          1.2763          1.2763          0.0000        257.9524          0.0000

INFO:      45000         90.0000         10.3965         -3.9684         14.3650          9.2039          2.8041          6.5755          0.8440          5.0115          0.5311         -0.6031         -0.2305        -22.4911          3.5901          3.5901          0.0000        267.7329          0.0000

INFO:      48000         96.0000         16.1952          0.3240         15.8712         11.9753          2.8742          7.7963          1.0110          6.1565          1.3260         -3.1077         -0.0681        -18.7076          3.0434          3.0434          0.0000        295.8060          0.0000

INFO:      51000        102.0000         22.6112          5.6373         16.9739         17.8966          3.0690         11.7302          0.4593          5.8637          1.1192         -1.0305          1.9370        -21.7919          4.2815          4.2815          0.0000        316.3579          0.0000

INFO:      54000        108.0000         22.5195          2.1582         20.3613         13.8137          3.5297         10.2815          0.5622          5.5895          0.2174         -2.6309         -1.5369        -18.4672          4.6129          4.6129          0.0000        379.4917          0.0000

INFO:      57000        114.0000         26.0424          6.8209         19.2214         16.4749          3.6067         14.8810          1.1262          5.6775          0.9646         -0.9425          0.4470        -21.7385          2.7989          2.7989          0.0000        358.2470          0.0000

INFO:      60000        120.0000         32.8277         15.0685         17.7592         17.7960          7.8672         13.4713          0.9612          6.6694          1.1058          0.5738          2.1329        -25.8996          8.1866          8.1866          0.0000        330.9935          0.0000

INFO:      63000        126.0000         30.1950          3.5444         26.6506         20.2006          2.7666         11.2560          0.4165          4.2359          1.4536         -2.2277          0.8473        -18.8815          3.6777          3.6777          0.0000        496.7103          0.0000

INFO:      66000        132.0000         25.7064          4.1255         21.5809         15.9155          2.6264         13.3917          0.5371          4.8943          0.3807         -0.0746          3.4529        -23.8953          2.8124          2.8124          0.0000        402.2230          0.0000

INFO:      69000        138.0000         21.3034          3.6556         17.6479         24.9526          8.8870          8.9804          0.9790          5.2383          0.7273         -0.2331          0.5042        -24.4722          3.0446          3.0446          0.0000        328.9195          0.0000

INFO:      72000        144.0000         17.8672         -1.3939         19.2611         14.2882          3.0993          9.3872          1.1671          5.7569          0.9206         -1.0633          0.4159        -24.1426          3.0650          3.0650          0.0000        358.9857          0.0000

INFO:      75000        150.0000         16.6138         -2.0201         18.6338         12.4586          2.3076          8.7717          1.0777          5.9719          0.3794         -0.9638          0.1247        -22.4066          2.7174          2.7174          0.0000        347.2954          0.0000

INFO:      78000        156.0000         26.7974          8.6462         18.1512         15.1457          3.9734         10.3008          0.5035          5.5798          0.1903          0.1853          0.0986        -19.5793          7.3937          7.3937          0.0000        338.3005          0.0000

INFO:      81000        162.0000         20.1596          1.4995         18.6601         13.9978          1.0860         11.6917          0.3426          5.2880          0.6702         -1.0929         -0.2762        -18.8288          2.6189          2.6189          0.0000        347.7855          0.0000

INFO:      84000        168.0000         19.3741          1.1956         18.1785         12.8203          1.4720          9.2082          0.9803          5.6121          1.0832         -2.2219          0.9602        -21.0980          5.1995          5.1995          0.0000        338.8087          0.0000

INFO:      87000        174.0000         14.8542         -2.1573         17.0116         10.6275          2.2879          6.8316          0.7988          4.6108          0.6752         -2.5429          0.2027        -17.6168          2.5954          2.5954          0.0000        317.0596          0.0000

INFO:      90000        180.0000         19.5289          0.6234         18.9055         15.2317          3.6357          7.8014          1.1948          5.6444          0.1493         -0.6928          1.3229        -21.4456          3.0132          3.0132          0.0000        352.3587          0.0000

INFO:      93000        186.0000         19.9439          4.7142         15.2296         15.5562          2.1187          9.4329          1.1943          5.4833          1.5914         -2.1683          2.6130        -18.0066          2.4556          2.4556          0.0000        283.8481          0.0000

INFO:      96000        192.0000         20.9370          5.0651         15.8719         16.6182          3.8629         14.2636          1.4050          5.2752          0.0920         -0.0794         -1.0223        -22.3434          3.6114          3.6114          0.0000        295.8183          0.0000

INFO:      99000        198.0000         28.7073          5.7744         22.9329         14.5077          2.6688         11.6741          1.6440          6.0752          0.6555         -0.8382          0.3227        -21.9989          5.5711          5.5711          0.0000        427.4214          0.0000

INFO:     102000        204.0000         27.5648          5.8767         21.6880         19.7781          3.8518         15.2972          1.1169          7.2692          0.5006         -1.0404          0.6181        -23.1833          1.4466          1.4466          0.0000        404.2190          0.0000

INFO:     105000        210.0000         17.9220          2.9153         15.0067         14.9382          1.5347         12.2698          0.8235          5.9338          1.4012          0.2039         -0.6462        -23.4089          4.8035          4.8035          0.0000        279.6930          0.0000

INFO:     108000        216.0000         15.0804          2.0098         13.0706         16.1746          4.5902          9.7085          1.4909          5.6607          1.5694         -2.0924         -0.7339        -20.8165          2.6328          2.6328          0.0000        243.6085          0.0000

INFO:     111000        222.0000         15.0560          0.8541         14.2019         18.2365          5.1104          8.2925          0.3984          5.3402          0.9047         -1.5697         -1.0159        -20.3372          3.7307          3.7307          0.0000        264.6926          0.0000

INFO:     114000        228.0000         14.6464         -0.1770         14.8234         14.1684          2.7492          8.4745          0.3549          6.3279          2.9944         -0.2961         -1.0877        -21.3551          1.6609          1.6609          0.0000        276.2770          0.0000

INFO:     117000        234.0000         10.3929          0.8279          9.5650         16.9137          2.3373         12.4843          0.5945          4.8782          0.8710          0.1776          0.1996        -23.6547          2.9401          2.9401          0.0000        178.2722          0.0000

INFO:     120000        240.0000         13.6039         -1.0606         14.6646         18.2827          4.2736          6.5107          0.6444          7.4301          0.4194         -1.1451          1.0030        -21.7743          1.5775          1.5775          0.0000        273.3167          0.0000

INFO:     123000        246.0000         13.3872          1.6884         11.6988         14.0642          2.9507         12.9629          1.1589          4.8507          0.2847         -2.6037         -1.4075        -19.2205          2.7122          2.7122          0.0000        218.0415          0.0000

INFO:     126000        252.0000          8.4736         -2.1917         10.6652         15.4631          3.1323          8.4313          0.7738          4.7686          0.5230         -1.2710         -0.3280        -21.1134          2.8918          2.8918          0.0000        198.7771          0.0000

INFO:     129000        258.0000          9.7584         -4.5125         14.2709         12.3332          1.9688          6.6177          0.2562          5.2527          0.8693         -0.9803         -1.1766        -20.0091          2.6886          2.6886          0.0000        265.9795          0.0000

INFO:     132000        264.0000         10.4302         -2.5318         12.9620         14.8675          2.3698          9.6994          0.5440          5.4771          0.3822         -1.5730         -0.5871        -20.9069          2.0627          2.0627          0.0000        241.5846          0.0000

INFO:     135000        270.0000         11.5195         -0.9043         12.4237         11.2416          1.9990          7.4343          0.6118          4.6666          0.5369          0.1633          0.8944        -21.4158          4.2052          4.2052          0.0000        231.5522          0.0000

INFO:     138000        276.0000         17.5828          4.1578         13.4251         15.5881          3.7209         14.3665          1.1862          4.8183          0.2660         -1.8528         -1.0414        -19.9330          2.6270          2.6270          0.0000        250.2149          0.0000

INFO:     141000        282.0000         13.9929          0.1945         13.7984         11.9622          0.8399          7.9085          0.3321          5.1401          0.1300         -0.0762          1.4445        -19.6563          4.1318          4.1318          0.0000        257.1737          0.0000

INFO:     144000        288.0000         13.6937         -1.3456         15.0393         13.8236          4.4455          6.7186          0.4914          7.0044          0.6843          0.0251          2.6243        -25.9913          2.6522          2.6522          0.0000        280.3012          0.0000

INFO:     147000        294.0000         15.4481          0.0897         15.3584         17.9905          3.8962          5.9136          0.6748          5.0417          1.0699         -0.7791          0.4985        -20.5411          4.3153          4.3153          0.0000        286.2477          0.0000

INFO:     150000        300.0000         17.2183          4.0848         13.1335         15.4673          3.3468         11.6372          0.3157          5.6609          1.3623         -0.0501         -0.5241        -22.4385          4.7746          4.7746          0.0000        244.7803          0.0000

INFO:     153000        306.0000         16.0844          1.4967         14.5877         20.1632          4.8995         10.0896          0.4862          5.1165          0.3685         -0.1296          1.3427        -23.3533          2.6767          2.6767          0.0000        271.8840          0.0000

INFO:     156000        312.0000         12.3787         -2.9659         15.3446         13.5157          3.7993          6.4500          0.4389          4.8453          0.2272         -0.0132          0.2116        -22.4355          3.5106          3.5106          0.0000        285.9908          0.0000

INFO:     159000        318.0000         15.4891          1.4375         14.0516         14.5254          2.3752          6.8886          1.6243          5.8812          1.1840         -0.5417          0.7480        -19.9934          3.2714          3.2714          0.0000        261.8915          0.0000

INFO:     162000        324.0000         14.2895          3.2415         11.0481         17.7221          4.8289          8.8785          0.2086          4.7567          0.9147         -1.1280         -0.2163        -18.4965          3.4949          3.4949          0.0000        205.9127          0.0000

INFO:     165000        330.0000         17.7047         -0.4954         18.2001         13.2258          5.1141          7.9060          0.4680          4.4095          0.5821          0.7624          0.6687        -23.7853          3.3791          3.3791          0.0000        339.2114          0.0000

INFO:     168000        336.0000         14.5262         -1.6010         16.1272         13.0591          3.1825          7.1499          0.3811          4.5381          0.7279         -0.8373          0.5823        -20.6453          3.3198          3.3198          0.0000        300.5761          0.0000

INFO:     171000        342.0000         18.2245         -1.0777         19.3023         16.7004          4.0208         10.2983          0.5605          5.0796          0.6173         -2.4583         -1.6421        -20.1020          2.5480          2.5480          0.0000        359.7533          0.0000

INFO:     174000        348.0000         19.0069          3.1777         15.8292         12.8261          2.6776         11.9147          0.9906          5.9713          0.7015         -2.8737          0.1595        -19.8497          3.4858          3.4858          0.0000        295.0220          0.0000

INFO:     177000        354.0000         25.7851          6.5281         19.2570         18.8569          4.3330         11.9209          0.5344          6.0349          1.2023         -2.6243         -0.0225        -18.3343          3.4837          3.4837          0.0000        358.9105          0.0000

INFO:     180000        360.0000         17.5785          1.1588         16.4197         14.0957          4.3896         11.8363          0.9967          4.9522          0.4175         -2.1814         -1.1742        -20.5839          2.5059          2.5059          0.0000        306.0287          0.0000

INFO:     183000        366.0000         16.7198          3.9056         12.8143         13.8063          3.1013         13.0468          0.5837          5.8786          1.6251         -2.5849         -1.9048        -18.8603          3.0201          3.0201          0.0000        238.8307          0.0000

INFO:     186000        372.0000         16.9521          1.4645         15.4876         13.4324          2.9238          6.2506          0.9051          7.1503          1.4977         -2.4356          0.4679        -18.5720          3.2767          3.2767          0.0000        288.6559          0.0000

INFO:     189000        378.0000         25.4608          4.0938         21.3670         19.3341          2.6654         13.5069          1.3303          6.2024          0.7817         -0.1704         -0.3379        -21.9694          2.0847          2.0847          0.0000        398.2361          0.0000

INFO:     192000        384.0000         27.6261         15.6297         11.9964         17.6036          4.0769         11.7528          1.4470          7.5658          0.6483          0.8226          1.5638        -20.7972          8.5497          8.5497          0.0000        223.5869          0.0000

INFO:     195000        390.0000         25.4051          4.6431         20.7620         20.4957          3.4741         13.6897          0.7172          6.2313          0.1531         -2.0903          1.0938        -20.5464          1.9207          1.9207          0.0000        386.9598          0.0000

INFO:     198000        396.0000         21.1627          2.9218         18.2409         17.2065          6.6166          8.2309          0.9877          6.2143          2.0094         -1.3151         -0.2557        -21.5478          1.9815          1.9815          0.0000        339.9720          0.0000

INFO:     201000        402.0000         17.2454         -1.4246         18.6700         12.1015          0.9533          9.6062          0.7019          5.2009          1.4655         -2.1907         -0.4524        -19.2207          2.5114          2.5114          0.0000        347.9702          0.0000

INFO:     204000        408.0000         15.5063          2.6613         12.8449         13.4447          1.7657         11.9697          0.4957          6.2694          0.1898         -1.7349         -0.4536        -19.0134          3.1730          3.1730          0.0000        239.4027          0.0000

INFO:     207000        414.0000         14.9401          3.9754         10.9647         14.6544          1.6178         11.4476          1.5166          5.2267          0.2786         -0.6681         -0.0238        -18.6951          3.2749          3.2749          0.0000        204.3590          0.0000

INFO:     210000        420.0000         11.1088         -2.2596         13.3684         13.2817          3.3861          7.3948          0.8874          4.5783          0.9801          0.0584          0.2743        -23.5490          3.7300          3.7300          0.0000        249.1582          0.0000

INFO:     213000        426.0000         13.2085         -0.7424         13.9509         15.3255          3.0662         10.5749          0.5713          4.9843          0.8845          0.0519          2.2068        -26.1004          3.0181          3.0181          0.0000        260.0152          0.0000

INFO:     216000        432.0000         15.4850          0.4471         15.0379         16.2637          3.3900          7.3443          0.5859          5.3253          0.5647         -0.5959          0.5136        -21.1594          4.4786          4.4786          0.0000        280.2756          0.0000

INFO:     219000        438.0000         20.8280          6.7608         14.0672         19.2245          4.0089         14.5332          1.3221          4.9931          1.3573          0.0656          1.8220        -25.6621          4.3206          4.3206          0.0000        262.1826          0.0000

INFO:     222000        444.0000         20.6307          1.3723         19.2584         19.1262          5.9619          6.5280          0.7483          4.7945          0.4988         -1.9223          2.1864        -19.8959          2.4727          2.4727          0.0000        358.9358          0.0000

INFO:     225000        450.0000         15.9716          0.9108         15.0608         14.6697          2.9724         14.2726          2.1014          4.8082          0.4723         -0.2369         -0.7026        -25.1874          2.4108          2.4108          0.0000        280.7008          0.0000

INFO:     228000        456.0000         16.9311          3.9671         12.9640         13.7305          4.1060         10.3915          2.0401          6.3027          0.3173         -1.3510         -1.4592        -19.6409          3.2606          3.2606          0.0000        241.6213          0.0000

INFO:     231000        462.0000         18.0805         -2.1541         20.2346         16.8091          1.9908          8.6676          0.8433          4.9599          0.7486         -2.5637         -0.6252        -18.9128          2.7374          2.7374          0.0000        377.1295          0.0000

INFO:     234000        468.0000         23.9426          6.1156         17.8271         17.5353          2.7601         11.4204          0.3911          6.9843          0.9895         -0.1385          1.8876        -21.5768          3.3979          3.3979          0.0000        332.2590          0.0000

INFO:     237000        474.0000         22.4680          1.8610         20.6070         18.0048          4.6272         10.4437          0.6708          5.0937          1.5185         -1.0362          1.3581        -21.7505          0.9357          0.9357          0.0000        384.0718          0.0000

INFO:     240000        480.0000         18.4383          1.4073         17.0310         15.3316          1.8086         13.4475          0.4601          4.7343          0.5870         -0.1310          0.7658        -21.9390          1.6740          1.6740          0.0000        317.4222          0.0000

INFO:     243000        486.0000         20.1366          4.8784         15.2582         18.3079          6.6288         11.8016          0.8680          4.8080          1.2218         -2.3785          0.5187        -21.3357          2.7456          2.7456          0.0000        284.3806          0.0000

INFO:     246000        492.0000         25.3868          3.1509         22.2359         17.8616          3.6329         11.9135          1.1768          5.5025          0.8043         -1.5084         -0.2180        -19.3021          1.1492          1.1492          0.0000        414.4305          0.0000

INFO:     249000        498.0000         24.5756         11.9524         12.6232         24.5422          6.9388         14.6925          0.9677          6.1100          0.4175         -1.2556          1.4757        -20.4641          3.0698          3.0698          0.0000        235.2702          0.0000

INFO:     252000        504.0000         17.1559          3.5474         13.6085         17.5182          2.1645         16.3660          0.8273          6.6612          0.7395         -1.8954          0.1391        -22.6989          1.2440          1.2440          0.0000        253.6338          0.0000

INFO:     255000        510.0000         18.4914          2.9096         15.5819         18.3878          3.8286         13.3132          1.0285          4.9087          1.5052         -0.2535          2.2042        -26.1973          2.5719          2.5719          0.0000        290.4128          0.0000

INFO:     258000        516.0000         21.4085          4.6311         16.7774         18.7176          4.9716         11.6393          1.0197          5.4582          0.9716         -1.1916          1.1130        -21.9504          2.5996          2.5996          0.0000        312.6959          0.0000

INFO:     261000        522.0000         18.3379          5.1472         13.1907         18.6029          5.1627         12.6013          0.7168          5.3050          0.4093         -1.4075         -0.7750        -19.9474          3.0821          3.0821          0.0000        245.8474          0.0000

INFO:     264000        528.0000         21.7583          4.7329         17.0254         17.1491          4.9645          8.3782          0.9558          6.9134          0.8089         -2.4050          0.9992        -19.5161          3.6339          3.6339          0.0000        317.3180          0.0000

INFO:     267000        534.0000         22.8195          8.0209         14.7985         18.6293          2.9575         14.0283          1.0919          6.3846          1.6909         -1.9734          1.9563        -22.1057          3.9906          3.9906          0.0000        275.8130          0.0000

INFO:     270000        540.0000         24.5891          6.5175         18.0716         17.2578          2.8134         13.2695          0.9047          4.9130          1.9890         -1.9085          1.2221        -18.2228          1.5372          1.5372          0.0000        336.8164          0.0000

INFO:     273000        546.0000         25.3622          8.0058         17.3564         21.3913          5.1041         11.6481          0.5141          5.3153          2.3186         -1.3063          1.6775        -19.6885          2.4228          2.4228          0.0000        323.4871          0.0000

INFO:     276000        552.0000         26.6348          8.9864         17.6484         20.3252          5.8500         13.5248          0.4886          4.8945          0.1516          0.3155          2.1229        -21.4660          3.1044          3.1044          0.0000        328.9283          0.0000

INFO:     279000        558.0000         22.6550          5.0689         17.5860         19.7398          4.6703         12.0015          0.7555          6.9612          0.5016         -1.0980         -0.3457        -21.0302          2.6526          2.6526          0.0000        327.7662          0.0000

INFO:     282000        564.0000         27.5498          6.7479         20.8019         15.9434          1.5771         12.3800          0.5727          8.1553          2.4146          0.0209          2.5590        -23.3907          2.4589          2.4589          0.0000        387.7040          0.0000

INFO:     285000        570.0000         21.9685          2.2396         19.7289         16.5621          3.5737         11.3350          0.8851          5.1310          1.9537         -0.9494          0.5184        -21.3989          1.1910          1.1910          0.0000        367.7051          0.0000

INFO:     288000        576.0000         20.0115          2.7562         17.2553         15.7824          2.9728         13.9415          1.8824          4.3924          0.1903         -0.9381          0.7617        -22.4210          1.9741          1.9741          0.0000        321.6029          0.0000

INFO:     291000        582.0000         12.0143          0.6163         11.3980         15.5129          2.8133          8.5682          1.3691          6.9956          1.9821         -1.0247          0.8278        -23.0077          2.0926          2.0926          0.0000        212.4342          0.0000

INFO:     294000        588.0000         12.0186         -0.0238         12.0424         11.0991          4.9189         10.0455          0.8455          6.3806          0.9893         -0.1108          0.7544        -25.7933          1.9462          1.9462          0.0000        224.4441          0.0000

INFO:     297000        594.0000         17.8924          0.9461         16.9463         13.0077          2.1339         10.3489          0.3544          5.1313          1.1389         -0.5961          0.6096        -19.6615          1.4868          1.4868          0.0000        315.8436          0.0000

INFO:     300000        600.0000         20.1006          1.4453         18.6553         14.1839          3.5297          7.1120          0.6933          6.1059          0.8392         -0.9171          2.7639        -22.0095          3.3280          3.3280          0.0000        347.6947          0.0000

INFO:     303000        606.0000         14.6993         -0.7987         15.4979         12.7643          2.3241          9.9295          0.6790          4.6390          0.7050         -0.1188          2.4601        -23.6007          2.1842          2.1842          0.0000        288.8483          0.0000

INFO:     306000        612.0000         19.3776          3.9024         15.4752         19.2401          5.3401         12.0348          0.6399          4.7821          1.2834         -0.8759         -1.1745        -20.3748          2.2473          2.2473          0.0000        288.4244          0.0000

INFO:     309000        618.0000         19.1453          0.9405         18.2049         14.0475          2.4446          9.8045          0.6064          5.8660          0.4852         -2.7291         -1.2309        -18.1031          3.7968          3.7968          0.0000        339.3000          0.0000

INFO:     312000        624.0000         21.8215          5.2711         16.5504         15.8961          2.0380         11.8952          0.8737          6.3796          1.5096         -2.6494         -1.3819        -18.5354          5.1416          5.1416          0.0000        308.4654          0.0000

INFO:     315000        630.0000         22.9945         -0.7164         23.7109         17.0391          3.6328          8.5055          0.5809          4.1278          0.3384         -2.3173         -0.3858        -17.5045          2.3059          2.3059          0.0000        441.9204          0.0000

INFO:     318000        636.0000         16.2191          3.5970         12.6221         16.9416          4.7165          9.7980          0.7602          5.9645          1.6009         -2.4483          3.3928        -22.1448          1.9573          1.9573          0.0000        235.2497          0.0000

INFO:     321000        642.0000         15.5543         -0.8656         16.4199         12.7222          1.7396          9.6177          0.9828          5.3406          0.0831         -0.2141          2.5562        -22.6160          1.6445          1.6445          0.0000        306.0327          0.0000

INFO:     324000        648.0000         16.0899         -0.8895         16.9794         12.8873          2.2411         11.4440          0.5788          5.7383          0.1162         -0.6431          1.6078        -24.6468          2.6743          2.6743          0.0000        316.4603          0.0000

INFO:     327000        654.0000         14.6409         -1.7238         16.3646         14.7093          2.2419         11.9904          0.5906          4.5508          0.3358         -1.6284         -0.8109        -20.9940          2.0001          2.0001          0.0000        305.0023          0.0000

INFO:     330000        660.0000         19.5236         -0.2120         19.7356         13.5833          1.8238         10.4094          1.3468          5.1182          0.0078         -0.7795         -0.4109        -19.1738          1.4461          1.4461          0.0000        367.8302          0.0000

INFO:     333000        666.0000         21.3532          3.2971         18.0560         17.7847          4.8829         13.0549          0.4107          5.9389          0.0840         -0.7424         -0.7813        -22.6402          3.0896          3.0896          0.0000        336.5262          0.0000

INFO:     336000        672.0000         21.1352          2.8593         18.2760         14.9223          3.2018         13.0163          0.6235          5.3917          1.2088          0.4553         -0.1708        -23.3582          2.4909          2.4909          0.0000        340.6257          0.0000

INFO:     339000        678.0000         20.3181          3.5961         16.7220         19.8108          5.0468         11.5510          0.6950          5.6064          0.5088         -1.1700          0.2922        -21.6885          2.7543          2.7543          0.0000        311.6627          0.0000

INFO:     342000        684.0000         14.0035          0.9227         13.0808         13.7169          3.5590          7.7453          0.5821          5.3104          0.9801         -0.5993          1.5895        -21.3954          3.1511          3.1511          0.0000        243.7981          0.0000

INFO:     345000        690.0000          9.6669         -1.3572         11.0241         21.2510          3.8504          8.6987          0.9461          4.8600          0.7317         -1.3701          1.2747        -21.2131          0.8643          0.8643          0.0000        205.4661          0.0000

INFO:     348000        696.0000         11.6514         -0.1593         11.8107         16.1806          4.4499          8.5126          0.6247          4.8155          1.2520          0.0074          1.5730        -24.2472          2.8527          2.8527          0.0000        220.1268          0.0000

INFO:     351000        702.0000          8.9139         -3.4620         12.3759         15.2075          3.0871          8.8116          0.3345          4.7303          0.6651         -0.7228          2.3157        -23.6722          0.9888          0.9888          0.0000        230.6615          0.0000

INFO:     354000        708.0000         17.4770         -0.2266         17.7036         13.1527          1.9656          8.3002          0.9142          5.2839          1.2242         -2.6613          0.7421        -18.6135          2.6179          2.6179          0.0000        329.9572          0.0000

INFO:     357000        714.0000         18.8671         -0.3254         19.1925         15.3337          4.0886          9.6852          0.7791          4.5316          0.5785         -0.9560          0.2170        -21.2901          2.0406          2.0406          0.0000        357.7074          0.0000

INFO:     360000        720.0000         24.4472          3.3219         21.1253         12.4753          1.9795          9.7970          0.9871          4.7351          1.7024         -0.2871         -0.7341        -18.4978          3.6397          3.6397          0.0000        393.7311          0.0000

INFO:     363000        726.0000         21.3776          5.0920         16.2857         14.2184          1.9931         15.8369          1.0257          6.3562          0.5590         -0.1171          0.4837        -24.9302          3.8847          3.8847          0.0000        303.5302          0.0000

INFO:     366000        732.0000         19.4724          0.7713         18.7011         16.0358          1.6014          6.9326          0.4138          7.2413          0.1982         -2.4120          1.1918        -17.9999          3.6041          3.6041          0.0000        348.5498          0.0000

INFO:     369000        738.0000         15.2616          2.5449         12.7167         15.5045          4.1170          7.0502          2.2022          6.3254          1.3072         -2.0252          0.8212        -20.4653          3.2122          3.2122          0.0000        237.0128          0.0000

INFO:     372000        744.0000         22.7784          6.1768         16.6016         14.1790          4.5201         12.2450          0.5259          8.7599          0.9567         -0.6501          1.7824        -25.9533          3.9902          3.9902          0.0000        309.4184          0.0000

INFO:     375000        750.0000         14.2791          2.6763         11.6028         15.6058          4.2880          8.0431          0.5394          5.9776          2.6437         -0.6669          0.0724        -22.0430          3.8222          3.8222          0.0000        216.2516          0.0000

INFO:     378000        756.0000         15.3920         -1.0649         16.4568         15.4482          2.3583          8.7313          0.3799          5.4505          1.0818         -0.5221          1.4481        -22.4158          2.4231          2.4231          0.0000        306.7204          0.0000

INFO:     381000        762.0000         20.4090          4.7951         15.6139         15.6828          3.6633         15.0304          2.0015          5.1902          0.3696         -2.0102          0.4016        -21.8202          1.9691          1.9691          0.0000        291.0101          0.0000

INFO:     384000        768.0000         14.3976         -0.2709         14.6685         14.6940          3.5101         10.6883          0.8911          4.9721          0.1460         -1.2546          0.7385        -22.0530          2.0906          2.0906          0.0000        273.3902          0.0000

INFO:     387000        774.0000         20.2533          0.0611         20.1922         13.3682          4.3246         11.7045          0.5135          4.9749          1.0259          0.1395          0.7876        -26.8526          3.4432          3.4432          0.0000        376.3405          0.0000

INFO:     390000        780.0000         16.3709          2.3971         13.9739         14.6297          1.1728         14.7212          0.7085          4.7334          1.9088         -0.9415          1.5370        -22.8933          1.4501          1.4501          0.0000        260.4433          0.0000

INFO:     393000        786.0000         21.2591          2.1373         19.1217         13.6343          5.0070          9.5697          1.2138          5.3970          2.1542         -1.8743         -0.3765        -20.3639          1.4104          1.4104          0.0000        356.3886          0.0000

INFO:     396000        792.0000         20.0561          2.0839         17.9722         15.1987          3.6722         11.9243          1.7105          4.7294          0.4602         -0.4363          2.5057        -24.0357          1.5534          1.5534          0.0000        334.9647          0.0000

INFO:     399000        798.0000         17.5234         -2.2525         19.7759         17.7063          5.6731          6.9420          0.8106          5.6293          0.7563         -0.5333          0.2721        -22.6719          0.8693          0.8693          0.0000        368.5805          0.0000

INFO:     402000        804.0000         26.0727          9.6118         16.4609         23.6891          5.1603         16.1088          1.4184          6.4242          1.9050         -0.6021          1.1526        -24.1115          2.1561          2.1561          0.0000        306.7968          0.0000

INFO:     405000        810.0000         20.7099          3.0026         17.7073         17.2466          3.2824         13.7348          0.9003          4.9424          0.3960         -0.6437          1.3045        -21.9386          1.0244          1.0244          0.0000        330.0264          0.0000

INFO:     408000        816.0000         22.0378          4.1171         17.9207         16.6269          3.6944         11.6146          0.7138          7.1296          1.4388         -0.8500         -0.1756        -21.0730          1.6246          1.6246          0.0000        334.0036          0.0000

INFO:     411000        822.0000         28.7278          6.5338         22.1941         16.4884          4.5113         13.4082          0.6825          6.9910          1.1913         -0.6315          2.8933        -24.0998          1.5874          1.5874          0.0000        413.6502          0.0000

INFO:     414000        828.0000         20.3590          1.6425         18.7164         16.1072          2.5707         10.0751          1.2284          5.9100          0.9866         -1.7626          0.4099        -18.9656          1.1900          1.1900          0.0000        348.8345          0.0000

INFO:     417000        834.0000         21.6837          4.3527         17.3310         20.0999          5.8497         14.6478          0.6599          4.7555          0.4202         -1.2135          0.4798        -22.6073          1.3604          1.3604          0.0000        323.0136          0.0000

INFO:     420000        840.0000         21.7883          5.5507         16.2376         15.6256          3.6285         11.2658          0.8242          6.6248          2.8359         -1.1522         -1.8154        -19.5212          2.8604          2.8604          0.0000        302.6340          0.0000

INFO:     423000        846.0000         24.6722          6.4487         18.2235         19.1311          6.8534         11.4458          2.0070          5.9470          1.1000         -2.1698          0.1525        -21.5396          2.6524          2.6524          0.0000        339.6473          0.0000

INFO:     426000        852.0000         20.3871          1.9472         18.4399         15.7405          3.3362          8.1779          0.4008          5.4341          1.0679         -2.7558         -0.1280        -16.9767          3.3907          3.3907          0.0000        343.6805          0.0000

INFO:     429000        858.0000         23.7054          3.6303         20.0751         12.7374          1.3159         11.7273          0.9609          6.3410          0.5696         -0.7858          1.3317        -22.9366          5.1063          5.1063          0.0000        374.1575          0.0000

INFO:     432000        864.0000         28.5410          6.8599         21.6810         13.0097          3.2466         12.1356          1.6484          5.4738          0.0964         -2.7384          4.1971        -19.9782          2.7786          2.7786          0.0000        404.0887          0.0000

INFO:     435000        870.0000         34.4921          7.9396         26.5525         17.2137          5.4945         13.8719          1.3147          5.4337          0.2276         -2.1527          0.2871        -19.4818          2.9447          2.9447          0.0000        494.8829          0.0000

INFO:     438000        876.0000         24.3950          3.9731         20.4219         16.8641          2.2226          9.3749          0.8732          6.8902          3.7330         -2.8841         -0.1259        -19.3663          3.2556          3.2556          0.0000        380.6211          0.0000

INFO:     441000        882.0000         25.6506          2.4542         23.1964         19.5304          3.2594         12.5317          0.6791          6.0913          0.1796         -2.7765          0.0861        -19.6709          2.0743          2.0743          0.0000        432.3312          0.0000

INFO:     444000        888.0000         20.7622          4.8882         15.8740         16.4497          3.0787          7.5059          0.9184          5.4949          0.5024         -0.5025          2.8287        -21.4483          6.5100          6.5100          0.0000        295.8572          0.0000

INFO:     447000        894.0000         22.7923          5.6602         17.1321         16.2318          3.7205         10.6222          1.3503          7.4683          0.7946         -1.7404         -0.5892        -18.9293          2.9631          2.9631          0.0000        319.3069          0.0000

INFO:     450000        900.0000         17.3700          1.7875         15.5825         17.5207          3.9837          7.3889          0.6679          4.7600          0.9970         -0.9437          0.7997        -19.0781          3.2121          3.2121          0.0000        290.4255          0.0000

