Generate_Velocity> Generate initial velocities
  iseed           =     845318
  temperature     =    300.000
 
INFO:       STEP            TIME       TOTAL_ENE   POTENTIAL_ENE     KINETIC_ENE            RMSG            BOND           ANGLE    UREY-BRADLEY        DIHEDRAL        IMPROPER            CMAP         VDWAALS           ELECT RESTRAINT_TOTAL    RESTRAINT001    RESTR_CVS001     TEMPERATURE          VOLUME
 --------------- --------------- --------------- --------------- ---------------
INFO:          0          0.0000        125.4461        109.5958         15.8502         15.0816          3.7915          9.6141          0.3881          4.5830          2.0407          0.1045          1.0791        -24.4543        112.4492        112.4492          0.0000        295.4146          0.0000

INFO:       3000          6.0000         84.7719         26.7599         58.0121         24.2188          5.7908         16.5075          0.9860          5.7580          1.5466          0.4237          2.4390        -20.7552         14.0635         14.0635          0.0000       1081.2225          0.0000

INFO:       6000         12.0000         52.7979         14.3142         38.4837         17.7223          3.4017         13.9395          1.1251          7.4776          1.9204          0.3625         -1.0581        -20.1888          7.3345          7.3345          0.0000        717.2544          0.0000

INFO:       9000         18.0000         38.2916         14.1174         24.1742         19.3722          5.3349         14.5008          1.0660          4.8218          1.0875         -0.0136         10.0244        -25.4942          2.7897          2.7897          0.0000        450.5569          0.0000

INFO:      12000         24.0000         26.8660          7.3889         19.4771         18.1277          4.3689         12.3547          0.5868          5.8286          0.6227         -0.0347         -0.7513        -19.4363          3.8494          3.8494          0.0000        363.0120          0.0000

INFO:      15000         30.0000         20.2752          0.7008         19.5744         15.6265          2.4855          7.8291          0.6457          5.2481          0.7816          0.6704          2.0910        -21.9151          2.8645          2.8645          0.0000        364.8260          0.0000

INFO:      18000         36.0000         15.2489         -0.0627         15.3116         14.4742          2.4432         10.2910          1.1959          5.9134          1.6727         -0.2271         -0.2704        -23.8014          2.7200          2.7200          0.0000        285.3764          0.0000

INFO:      21000         42.0000         13.3556         -0.0893         13.4449         17.1361          4.4271         11.3044          1.0911          5.5714          0.9909          0.1254          1.4185        -26.3584          1.3404          1.3404          0.0000        250.5845          0.0000

INFO:      24000         48.0000         11.9671         -1.3978         13.3649         13.2482          2.2084          8.3035          0.9653          5.6944          2.3597          0.1695          1.9601        -24.3578          1.2990          1.2990          0.0000        249.0939          0.0000

INFO:      27000         54.0000         15.6375         -1.8939         17.5314         17.3610          3.9458          6.2646          0.7496          4.4994          0.8651          0.5680          0.8280        -21.0387          1.4243          1.4243          0.0000        326.7480          0.0000

INFO:      30000         60.0000         12.9142         -3.5935         16.5076         10.5603          1.6147          8.8033          1.2184          5.2315          0.5730         -0.3547         -0.4223        -22.0269          1.7697          1.7697          0.0000        307.6671          0.0000

INFO:      33000         66.0000         17.9735          3.1085         14.8650         17.0943          2.7305         13.6970          1.3256          4.3583          0.9326          0.0845          2.3608        -23.6583          1.2774          1.2774          0.0000        277.0524          0.0000

INFO:      36000         72.0000         20.8932          4.7664         16.1268         17.9960          5.4892         10.3474          0.7193          5.8764          0.4927         -0.3697          0.4414        -20.3156          2.0853          2.0853          0.0000        300.5698          0.0000

INFO:      39000         78.0000         18.3310          1.2999         17.0311         16.5968          6.1724         11.0992          0.7433          4.6831          0.7782          0.0798          0.5306        -23.9578          1.1710          1.1710          0.0000        317.4242          0.0000

INFO:      42000         84.0000         24.0883          4.2636         19.8247         19.1728          3.6603         11.0870          0.8292          5.3166          0.6238         -2.3121          0.1878        -20.0388          4.9098          4.9098          0.0000        369.4910          0.0000

INFO:      45000         90.0000         20.9685          3.0536         17.9149         15.8912          4.6679         15.0550          0.7224          4.4227          0.8113          0.0918         -0.0901        -24.8673          2.2399          2.2399          0.0000        333.8967          0.0000

INFO:      48000         96.0000         12.5717         -1.5158         14.0875         15.7373          2.1414         12.9717          0.6978          4.7914          0.2900         -0.0887         -0.4023        -24.2368          2.3196          2.3196          0.0000        262.5618          0.0000

INFO:      51000        102.0000         11.9395         -1.3589         13.2983         11.3874          4.2507          8.9974          0.2747          5.4781          0.6308          0.2081          1.7391        -24.5429          1.6052          1.6052          0.0000        247.8527          0.0000

INFO:      54000        108.0000         12.1678         -4.1072         16.2750         10.6933          2.4117          6.8806          0.2303          4.0201          0.3326          0.3366          0.5538        -21.5891          2.7161          2.7161          0.0000        303.3307          0.0000

INFO:      57000        114.0000         10.6623         -0.7176         11.3799         13.4399          0.3102         12.1808          0.6810          5.3257          0.3759          0.2241          0.3835        -22.2992          2.1003          2.1003          0.0000        212.0964          0.0000

INFO:      60000        120.0000         18.1071          1.8883         16.2189         15.8720          2.2209         12.2770          1.1865          4.7250          0.4673          0.5159          0.2405        -21.9448          2.2000          2.2000          0.0000        302.2852          0.0000

INFO:      63000        126.0000         17.1135         -0.1071         17.2206         16.1541          2.7457          9.7764          1.0489          4.6229          0.2799          0.8920         -0.2632        -21.7868          2.5772          2.5772          0.0000        320.9554          0.0000

INFO:      66000        132.0000         15.0638          0.4578         14.6060         16.3044          1.9805          9.3008          0.5259          4.4658          0.1846          0.0181          2.8310        -20.8437          1.9947          1.9947          0.0000        272.2258          0.0000

INFO:      69000        138.0000         20.7002         -1.3361         22.0363         12.6557          3.1550          9.0605          0.9638          5.1801          0.3686         -0.1937          0.7587        -23.2078          2.5787          2.5787          0.0000        410.7100          0.0000

INFO:      72000        144.0000         25.9173         11.6819         14.2354         15.1692          4.5154         15.2806          2.2887          7.3961          0.8336          0.3737         -2.3258        -20.7139          4.0336          4.0336          0.0000        265.3185          0.0000

INFO:      75000        150.0000         11.4992         -5.4290         16.9282         13.6782          1.6819          7.3972          0.7661          4.5982          0.9660          0.0904          0.1342        -22.3001          1.2370          1.2370          0.0000        315.5060          0.0000

INFO:      78000        156.0000         12.8564         -1.6165         14.4729         15.0926          5.1163          9.9598          0.4404          4.7443          0.2733          0.1460          0.2325        -24.1173          1.5883          1.5883          0.0000        269.7447          0.0000

INFO:      81000        162.0000         17.3550          0.6898         16.6652         13.4533          1.3507         10.7130          0.8215          5.0556          0.4844          0.2488          2.1516        -22.2498          2.1138          2.1138          0.0000        310.6041          0.0000

INFO:      84000        168.0000         21.6198          2.7670         18.8528         16.9772          1.9416         11.9694          0.7176          4.5238          0.3984          0.8633          1.2767        -20.3475          1.4235          1.4235          0.0000        351.3768          0.0000

INFO:      87000        174.0000         16.3811         -1.7629         18.1440         14.0049          3.3199          5.6496          0.4185          4.5254          0.5056          0.4053          1.6437        -21.6034          3.3724          3.3724          0.0000        338.1660          0.0000

INFO:      90000        180.0000         14.1711          2.3343         11.8368         15.0674          2.4975          9.7965          0.4425          4.9194          0.2798          0.4238          4.2674        -24.5652          4.2726          4.2726          0.0000        220.6126          0.0000

INFO:      93000        186.0000         17.3903          1.4484         15.9419         17.3243          3.6987          9.1346          0.7196          4.9796          0.8334          0.0798          1.0461        -22.6717          3.6284          3.6284          0.0000        297.1236          0.0000

INFO:      96000        192.0000         22.5629          3.8898         18.6732         11.9860          2.4241          9.7441          1.0771          5.4249          1.0564          0.3864          2.5130        -24.2632          5.5269          5.5269          0.0000        348.0282          0.0000

INFO:      99000        198.0000         13.5977          1.0875         12.5102         13.3074          2.4391          6.2377          0.4499          6.1086          0.6142          0.0184          1.3371        -18.2246          2.1070          2.1070          0.0000        233.1632          0.0000

INFO:     102000        204.0000         14.6080          0.4482         14.1598         12.4179          2.3334          9.7690          0.6739          6.1439          0.2415          0.3403          2.8884        -22.4680          0.5257          0.5257          0.0000        263.9084          0.0000

INFO:     105000        210.0000         16.5960          0.7092         15.8868         14.5220          3.8961          8.1159          0.6700          6.6547          0.6845         -0.1114         -0.3125        -20.4590          1.5710          1.5710          0.0000        296.0962          0.0000

INFO:     108000        216.0000         20.2555          3.1388         17.1167         16.6505          3.1015         10.0614          0.6225          5.7073          1.9795         -0.1090          0.4465        -20.3154          1.6445          1.6445          0.0000        319.0187          0.0000

INFO:     111000        222.0000         20.5748          3.5551         17.0197         17.0710          4.0332         10.0173          0.7043          6.9924          0.9177          0.1392          0.4476        -20.8256          1.1290          1.1290          0.0000        317.2104          0.0000

INFO:     114000        228.0000         17.7712          4.3649         13.4063         23.6070          7.8142          9.8351          1.0743          6.4941          0.5076          0.6695          1.0675        -24.2938          1.1964          1.1964          0.0000        249.8654          0.0000

INFO:     117000        234.0000         13.0156         -1.4077         14.4232         17.9311          5.1849         10.4244          1.1837          4.4149          0.5680          0.0613          1.2639        -25.8917          1.3830          1.3830          0.0000        268.8188          0.0000

INFO:     120000        240.0000         11.6748          0.0276         11.6472         14.4621          3.2018          7.8908          1.2840          5.0920          0.4464          0.8311          1.2437        -22.3120          2.3497          2.3497          0.0000        217.0792          0.0000

INFO:     123000        246.0000         12.0652         -3.1843         15.2495         16.5948          2.9642          9.0306          0.4148          5.4118          1.0413         -0.8022         -1.0087        -21.9113          1.6752          1.6752          0.0000        284.2183          0.0000

INFO:     126000        252.0000          9.7253         -2.3174         12.0428         14.1611          3.6634         11.1551          0.8851          4.4326          0.1306          0.2179          1.7444        -25.7615          1.2149          1.2149          0.0000        224.4518          0.0000

INFO:     129000        258.0000         16.4851          2.0609         14.4242         14.4363          3.9665         12.3289          0.4876          5.0802          0.4946          0.0978          2.0152        -24.5321          2.1223          2.1223          0.0000        268.8357          0.0000

INFO:     132000        264.0000         17.0216          2.8936         14.1281         13.8905          1.5190          9.8059          1.1562          5.7802          2.4701         -0.1679          1.7037        -20.7335          1.3600          1.3600          0.0000        263.3176          0.0000

INFO:     135000        270.0000         18.0185          0.1931         17.8254         13.8980          2.7065         10.1962          0.8704          5.5428          0.3754         -0.2503          0.6470        -22.1289          2.2341          2.2341          0.0000        332.2274          0.0000

INFO:     138000        276.0000         14.5597         -0.2813         14.8409         10.3996          3.6512          8.2440          1.6408          4.5138          0.1669          0.0618          3.4661        -23.7151          1.6892          1.6892          0.0000        276.6035          0.0000

INFO:     141000        282.0000         18.5379         -2.2365         20.7744         13.0877          1.1456          9.3783          0.3474          4.9366          0.7768          0.0652          0.8019        -22.5983          2.9100          2.9100          0.0000        387.1903          0.0000

INFO:     144000        288.0000         23.8874          1.2383         22.6491         14.7281          2.8979         10.1415          1.5965          5.4467          0.2760          0.1342          0.8355        -22.5640          2.4741          2.4741          0.0000        422.1312          0.0000

INFO:     147000        294.0000         19.8985          1.6268         18.2716         19.1479          3.9913         11.9775          1.3592          4.3531          0.2679          0.0950          1.3281        -23.9398          2.1945          2.1945          0.0000        340.5446          0.0000

INFO:     150000        300.0000         16.8048         -0.2433         17.0481         12.5778          2.3021          8.0491          0.2651          5.1351          0.9009         -0.5868         -0.4713        -21.4070          5.5696          5.5696          0.0000        317.7397          0.0000

INFO:     153000        306.0000         12.7043         -4.7062         17.4105          9.7967          2.1185          8.6682          0.3973          4.4669          0.3605         -0.0136          0.1660        -24.1017          3.2317          3.2317          0.0000        324.4950          0.0000

INFO:     156000        312.0000          8.5214         -3.4308         11.9522         14.9304          5.1241          7.0681          0.7524          4.5763          0.5382          0.1032          0.1967        -23.5702          1.7804          1.7804          0.0000        222.7631          0.0000

INFO:     159000        318.0000         12.1017         -1.9919         14.0936         15.5085          2.5613          8.4149          0.3811          4.5959          0.6345          0.0977          0.6564        -21.2755          1.9419          1.9419          0.0000        262.6751          0.0000

INFO:     162000        324.0000         12.4299         -3.3425         15.7724         12.7424          3.2443          6.6651          0.4725          4.4127          0.1004          0.0808          2.6489        -24.0392          3.0719          3.0719          0.0000        293.9649          0.0000

INFO:     165000        330.0000         15.2743          0.6475         14.6268         16.0868          4.1790          8.8073          1.4485          6.0512          1.1485          0.0580          2.1719        -25.1919          1.9749          1.9749          0.0000        272.6135          0.0000

INFO:     168000        336.0000         20.9146         -2.4699         23.3845         15.9850          2.3773          9.9397          0.8813          5.6795          0.3918         -0.2121          0.8340        -23.9082          1.5468          1.5468          0.0000        435.8368          0.0000

INFO:     171000        342.0000         15.5507          1.0018         14.5490         16.5899          3.2944          8.5025          0.7823          4.9551          1.5702         -0.2670          0.9312        -20.7879          2.0208          2.0208          0.0000        271.1621          0.0000

INFO:     174000        348.0000         11.6127         -0.7705         12.3832         13.9269          2.2291          9.4232          0.6747          4.7193          0.2795          0.2270          0.0176        -21.2818          2.9409          2.9409          0.0000        230.7968          0.0000

INFO:     177000        354.0000         20.2993          3.4049         16.8944         18.4014          5.4312          6.6187          0.8877          6.9600          0.4860         -1.4843          0.3915        -19.6060          3.7200          3.7200          0.0000        314.8752          0.0000

INFO:     180000        360.0000         21.8588          1.5098         20.3490         18.0941          5.0171         11.6307          1.4575          5.5369          1.4240         -0.2990          0.0584        -24.1796          0.8639          0.8639          0.0000        379.2630          0.0000

INFO:     183000        366.0000         30.4188          6.9577         23.4610         16.3794          2.6987         13.8612          1.1883          5.6317          1.5642          0.1101          0.4355        -22.7701          4.2382          4.2382          0.0000        437.2638          0.0000

INFO:     186000        372.0000         25.5479          6.1704         19.3775         17.9689          4.3103          9.8985          1.0758          6.2434          1.1760          0.5618          1.3873        -21.8925          3.4098          3.4098          0.0000        361.1562          0.0000

INFO:     189000        378.0000         24.2576          4.1145         20.1432         15.0838          2.3334          8.1272          0.7059          3.7289          0.3555          0.3853          1.5235        -17.4392          4.3939          4.3939          0.0000        375.4261          0.0000

INFO:     192000        384.0000         22.3109          5.7538         16.5570         14.7296          3.9398          8.1348          0.5302          6.7432          1.9144         -0.8513          2.8019        -21.8773          4.4180          4.4180          0.0000        308.5877          0.0000

INFO:     195000        390.0000         16.3392          2.0340         14.3051         16.4147          6.3195         11.6590          0.9686          6.0428          0.5548         -0.3967         -0.6103        -24.5647          2.0611          2.0611          0.0000        266.6174          0.0000

INFO:     198000        396.0000         16.2844         -0.9404         17.2248         12.9152          2.3860         10.3297          0.4079          6.2691          0.8523         -0.0482         -0.8213        -21.5126          1.1968          1.1968          0.0000        321.0340          0.0000

INFO:     201000        402.0000         20.1045          2.3950         17.7095         20.5493          4.9031         11.3330          0.2616          5.8342          0.8443         -0.2735          1.3682        -22.9625          1.0867          1.0867          0.0000        330.0678          0.0000

INFO:     204000        408.0000         22.8368          5.3898         17.4470         13.7752          2.7430         13.4923          2.1829          5.2496          0.1055         -0.1902          0.0766        -20.4674          2.1975          2.1975          0.0000        325.1751          0.0000

INFO:     207000        414.0000         13.3404          0.0803         13.2601         16.4432          3.5750         10.8306          0.7332          4.8013          1.4965          0.8775         -1.0191        -22.8693          1.6547          1.6547          0.0000        247.1406          0.0000

INFO:     210000        420.0000         15.8125          2.2865         13.5260         20.9126          7.9942         11.5164          0.8613          5.4093          0.5512          0.1446          0.8528        -26.2998          1.2565          1.2565          0.0000        252.0962          0.0000

INFO:     213000        426.0000         18.7405          5.0383         13.7022         16.8417          1.9958         17.6577          0.6050          4.9735          1.3653          0.1596          0.8094        -24.5868          2.0587          2.0587          0.0000        255.3807          0.0000

INFO:     216000        432.0000         13.9920         -0.5132         14.5052         13.0749          2.5636         10.0219          1.0572          5.2903          0.1255         -0.0606          0.2788        -21.6880          1.8981          1.8981          0.0000        270.3464          0.0000

INFO:     219000        438.0000         16.3230          0.0714         16.2517         17.2135          3.1407          7.5729          0.9006          5.4829          1.5568          0.0823          1.2704        -21.5853          1.6500          1.6500          0.0000        302.8965          0.0000

INFO:     222000        444.0000         19.0254          4.5565         14.4689         13.7864          2.8655         11.1146          0.5272          6.9290          2.0509          0.6169          0.0572        -21.7239          2.1193          2.1193          0.0000        269.6693          0.0000

INFO:     225000        450.0000         21.1291          4.6938         16.4353         18.0310          3.9858         10.2681          0.6980          6.2212          1.3957         -0.0147          2.1681        -22.3127          2.2844          2.2844          0.0000        306.3189          0.0000

INFO:     228000        456.0000         19.4389          4.6154         14.8236         19.2234          4.9310         15.6840          1.2827          5.2986          1.0537          0.1184         -1.2782        -24.6344          2.1595          2.1595          0.0000        276.2799          0.0000

INFO:     231000        462.0000         11.5240         -2.5849         14.1090         15.4802          2.2235          6.9743          0.6110          5.8274          0.8034          0.3741          0.1059        -20.7889          1.2843          1.2843          0.0000        262.9614          0.0000

INFO:     234000        468.0000         15.5821          1.6842         13.8979         16.6293          4.2744         14.0205          1.4352          4.5841          0.3169          0.1112         -0.5500        -24.1980          1.6898          1.6898          0.0000        259.0282          0.0000

INFO:     237000        474.0000         15.9743          1.3737         14.6006         14.0255          1.9529         11.7601          1.1493          4.6689          0.9150          0.3949          0.9486        -22.9018          2.4858          2.4858          0.0000        272.1243          0.0000

INFO:     240000        480.0000         15.3503          2.5358         12.8144         17.3245          7.9151          5.3507          0.7856          6.2153          1.4956          0.7848         -0.6936        -22.2068          2.8892          2.8892          0.0000        238.8341          0.0000

INFO:     243000        486.0000         15.3643         -1.9355         17.2998         12.9652          1.6413          8.4845          0.5637          4.8547          0.1865         -0.0072          1.1925        -20.9011          2.0497          2.0497          0.0000        322.4314          0.0000

INFO:     246000        492.0000         14.2670          1.0604         13.2066         14.4177          4.9807         11.1913          1.6519          5.7897          0.6118          0.0155         -0.0032        -26.4816          3.3043          3.3043          0.0000        246.1433          0.0000

INFO:     249000        498.0000         15.8078         -0.3958         16.2036         14.6764          3.9393          9.5548          0.9239          5.5915          1.4164         -0.2128          1.0035        -24.4570          1.8445          1.8445          0.0000        302.0011          0.0000

INFO:     252000        504.0000         12.8752         -2.6258         15.5010          9.6831          1.7883          8.1073          0.5420          5.9862          0.5685         -0.0753          2.3651        -24.3793          2.4714          2.4714          0.0000        288.9056          0.0000

INFO:     255000        510.0000         15.4872          0.2749         15.2123         19.5902          3.6722          9.8239          0.5401          5.4968          0.6866         -0.3842          0.1893        -22.4038          2.6539          2.6539          0.0000        283.5250          0.0000

INFO:     258000        516.0000         25.2666          7.5912         17.6754         20.8041          7.0503         13.5185          1.4138          5.1991          1.3313         -0.0676          1.0511        -24.0809          2.1757          2.1757          0.0000        329.4322          0.0000

INFO:     261000        522.0000         18.7441          4.7796         13.9646         17.8818          6.4422         10.1789          0.7175          5.9186          1.9132         -0.4294          1.4840        -24.2469          2.8014          2.8014          0.0000        260.2699          0.0000

INFO:     264000        528.0000         12.0079         -3.1300         15.1379         13.0488          2.5564          8.2271          0.5046          6.3903          0.2117          0.0950         -0.7246        -21.7750          1.3844          1.3844          0.0000        282.1393          0.0000

INFO:     267000        534.0000         16.2611          1.5947         14.6664         15.6792          4.6322          4.7532          0.3755          5.0428          0.8587          0.5121          2.0211        -19.0140          2.4130          2.4130          0.0000        273.3513          0.0000

INFO:     270000        540.0000         16.7239         -2.5798         19.3037         12.0554          1.7991          7.5283          0.6170          6.3460          1.3805         -0.3039          2.7902        -24.5785          1.8416          1.8416          0.0000        359.7799          0.0000

INFO:     273000        546.0000         18.9558          0.4791         18.4767         17.1120          2.1778          9.9712          0.5185          4.5353          0.5426          0.3285          1.9488        -21.5393          1.9957          1.9957          0.0000        344.3675          0.0000

INFO:     276000        552.0000         18.7588          3.6127         15.1461         17.2546          4.7877         11.0231          0.7601          6.4861          0.9997          0.0670          0.0037        -23.3277          2.8131          2.8131          0.0000        282.2906          0.0000

INFO:     279000        558.0000         15.6882         -1.9503         17.6386         12.0404          1.8459          9.8133          0.7928          4.8927          0.7195          0.1981          1.3895        -23.9880          2.3859          2.3859          0.0000        328.7453          0.0000

INFO:     282000        564.0000         15.1494         -0.3568         15.5062         13.7586          3.2790         10.9577          1.8069          5.4455          0.4067         -0.3595         -0.5097        -23.0180          1.6346          1.6346          0.0000        289.0031          0.0000

INFO:     285000        570.0000         14.2456         -1.6900         15.9355         17.4727          3.9212          9.0464          0.1354          5.2041          0.3778          0.0526         -0.6815        -22.1920          2.4460          2.4460          0.0000        297.0049          0.0000

INFO:     288000        576.0000         19.9268          5.2160         14.7108         19.1930          5.7282         10.9024          0.8822          5.3914          0.5667         -0.4755         -0.0491        -20.6467          2.9164          2.9164          0.0000        274.1787          0.0000

INFO:     291000        582.0000         20.3655          1.4893         18.8762         18.2990          4.0781          9.6790          0.2308          6.5301          0.7145         -0.7733          0.8689        -22.6045          2.7658          2.7658          0.0000        351.8124          0.0000

INFO:     294000        588.0000         15.3905         -1.0771         16.4676         14.5823          4.1368          9.1789          0.8831          5.3846          0.5807         -0.1964          0.8005        -23.4837          1.6383          1.6383          0.0000        306.9213          0.0000

INFO:     297000        594.0000         20.7241          6.7574         13.9667         18.7014          6.0085         14.2439          0.4832          6.2849          1.0291          0.4333          0.7913        -24.6720          2.1552          2.1552          0.0000        260.3102          0.0000

INFO:     300000        600.0000         30.0335         10.2601         19.7734         20.0899          6.1475         15.5954          1.7115          5.4582          0.7659          0.4756          0.6784        -24.4134          3.8410          3.8410          0.0000        368.5335          0.0000

INFO:     303000        606.0000         27.3637          2.5802         24.7835         21.3391          6.0483         10.4270          1.2469          5.1724          0.5541          0.2239          0.0871        -23.2473          2.0678          2.0678          0.0000        461.9119          0.0000

INFO:     306000        612.0000         24.1047          3.9412         20.1634         19.8638          3.8580         11.8729          1.0120          4.9195          0.9660          0.0473         -0.4954        -21.9064          3.6673          3.6673          0.0000        375.8039          0.0000

INFO:     309000        618.0000         14.0411         -1.7089         15.7500         15.2382          5.9316          7.5559          0.1307          5.0223          0.4158          0.2332         -0.6012        -22.9604          2.5631          2.5631          0.0000        293.5475          0.0000

INFO:     312000        624.0000         14.1037         -3.9563         18.0600         12.6928          1.9300          4.1401          0.4247          5.4660          1.5400          0.1492          3.5566        -23.1211          1.9584          1.9584          0.0000        336.6006          0.0000

INFO:     315000        630.0000         12.7809         -0.7227         13.5036         14.1917          3.6482          9.2295          1.3440          5.1103          1.0558         -0.8171          0.0136        -21.8283          1.5212          1.5212          0.0000        251.6779          0.0000

INFO:     318000        636.0000         16.6837          3.7442         12.9395         14.6347          2.3017         10.9490          1.6626          5.8806          2.4732          0.1380          3.2747        -24.9627          2.0271          2.0271          0.0000        241.1646          0.0000

INFO:     321000        642.0000         14.0083          1.1005         12.9079         16.0328          1.0655         11.8156          1.1363          4.4582          1.0216          0.3772          0.3675        -22.3995          3.2582          3.2582          0.0000        240.5754          0.0000

INFO:     324000        648.0000          9.9639         -5.0415         15.0054         14.1041          3.1872          4.9355          0.5992          4.5457          0.5743          0.2029          0.5140        -21.4735          1.8733          1.8733          0.0000        279.6693          0.0000

INFO:     327000        654.0000         15.9845         -0.4915         16.4760         16.7071          4.7185          8.4513          0.6753          5.6463          1.7498          0.2518          0.6829        -23.9757          1.3084          1.3084          0.0000        307.0776          0.0000

INFO:     330000        660.0000         19.2799         -0.5385         19.8184         13.1623          2.9960         12.0946          1.6539          4.5298          0.2541          0.1084         -0.5747        -23.1852          1.5847          1.5847          0.0000        369.3723          0.0000

INFO:     333000        666.0000         16.2732         -0.9973         17.2705         14.5788          2.4254          8.4706          0.9156          6.0720          0.8128          0.1971          1.9960        -23.5382          1.6514          1.6514          0.0000        321.8855          0.0000

INFO:     336000        672.0000         23.2161          6.8453         16.3709         18.9376          7.5553         11.6056          0.9026          5.0941          0.5179          0.3874          0.9037        -23.1905          3.0693          3.0693          0.0000        305.1184          0.0000

INFO:     339000        678.0000         15.5669          2.1087         13.4582         17.6996          4.3091          9.7122          0.6106          4.8532          1.5392          0.6309          1.1621        -23.4981          2.7895          2.7895          0.0000        250.8323          0.0000

INFO:     342000        684.0000         18.3137          1.9626         16.3512         13.8307          5.2028         11.1834          0.5943          5.3140          0.4996         -0.6871         -0.7946        -21.4338          2.0841          2.0841          0.0000        304.7510          0.0000

INFO:     345000        690.0000         23.2256         -2.3194         25.5450         11.1673          2.1654         11.4042          0.6833          4.7276          0.5551          0.3498         -0.6853        -23.2879          1.7683          1.7683          0.0000        476.1043          0.0000

INFO:     348000        696.0000         19.1524          1.8628         17.2897         15.9882          6.7260         10.6630          1.0461          6.2742          1.3303          0.1644          0.2433        -25.9736          1.3892          1.3892          0.0000        322.2425          0.0000

INFO:     351000        702.0000         23.5539          5.8033         17.7507         16.2680          5.9399         11.6506          0.4856          6.6523          0.6191          0.5279          0.5127        -23.5935          3.0087          3.0087          0.0000        330.8352          0.0000

INFO:     354000        708.0000         22.4517         -2.2987         24.7505         15.2182          2.9151          9.1733          0.4511          6.0292          0.8783         -1.4634         -0.3805        -22.3493          2.4475          2.4475          0.0000        461.2963          0.0000

INFO:     357000        714.0000         16.3336         -1.1252         17.4588         16.9209          3.5833          8.8539          0.5711          4.6540          0.6298          0.4291          1.1739        -23.1145          2.0942          2.0942          0.0000        325.3947          0.0000

INFO:     360000        720.0000         16.4149         -4.1780         20.5928         13.3555          2.1595          7.8708          1.0254          5.1593          0.8095          0.2916         -0.4699        -22.2375          1.2132          1.2132          0.0000        383.8066          0.0000

INFO:     363000        726.0000         11.6708         -2.0722         13.7430         17.7876          4.4992          7.6254          0.2622          6.2111          0.9820          0.2263         -0.5233        -22.6873          1.3321          1.3321          0.0000        256.1411          0.0000

INFO:     366000        732.0000         14.8753         -0.9502         15.8255         17.7997          1.8692         12.2735          1.3435          4.9018          0.5629          0.4928         -0.4275        -23.2582          1.2919          1.2919          0.0000        294.9541          0.0000

INFO:     369000        738.0000         17.6254          1.5954         16.0300         21.7816          3.4494         12.5462          0.5633          4.7029          0.5484          0.1165          1.3029        -23.3780          1.7437          1.7437          0.0000        298.7654          0.0000

INFO:     372000        744.0000         19.6780         -0.3214         19.9993         17.4233          2.2667         11.8196          0.4834          4.9373          0.4146          0.6638          0.8235        -23.0655          1.3352          1.3352          0.0000        372.7450          0.0000

INFO:     375000        750.0000         17.4177          0.3985         17.0191         13.0547          1.7321          9.0210          0.9885          5.0991          1.0720          0.2115          0.6026        -20.3208          1.9926          1.9926          0.0000        317.2007          0.0000

INFO:     378000        756.0000         21.8724         -0.0304         21.9027         13.6724          1.3866         12.2077          1.7501          4.3111          0.1450          0.0286          2.1789        -24.1666          2.1283          2.1283          0.0000        408.2205          0.0000

INFO:     381000        762.0000         18.3177         -1.1129         19.4306         13.2389          2.2886          7.6787          0.8916          5.5727          1.1274          0.1721          1.9354        -22.4154          1.6359          1.6359          0.0000        362.1446          0.0000

INFO:     384000        768.0000         12.2860         -1.0317         13.3178         15.0450          3.4074          8.8338          0.5019          5.8188          1.2971          0.3031         -0.8914        -23.2399          2.9375          2.9375          0.0000        248.2150          0.0000

INFO:     387000        774.0000         15.0070         -4.3172         19.3242         12.9345          2.2958         12.8693          0.8610          4.1062          0.1238          0.1326         -0.9360        -25.3378          1.5680          1.5680          0.0000        360.1627          0.0000

INFO:     390000        780.0000         15.0101          2.4228         12.5873         12.8424          2.5253         11.2346          0.4311          5.6657          0.1531         -0.4873          0.7064        -20.2367          2.4306          2.4306          0.0000        234.6004          0.0000

INFO:     393000        786.0000         15.6058         -0.0966         15.7024         12.0159          3.6386          7.2811          0.7583          7.4036          1.9141         -0.0562          0.4401        -23.1799          1.7037          1.7037          0.0000        292.6596          0.0000

INFO:     396000        792.0000         17.7481          0.1631         17.5851         17.6939          2.7822          8.8167          0.5292          4.8985          0.6853          0.8706          1.1950        -21.9869          2.3724          2.3724          0.0000        327.7486          0.0000

INFO:     399000        798.0000         23.7727          3.1825         20.5902         15.2786          5.7617         10.0820          0.9631          4.9774          2.1002          0.3129          0.0723        -23.5628          2.4757          2.4757          0.0000        383.7576          0.0000

INFO:     402000        804.0000         15.8989          1.4042         14.4947         15.8575          3.6261          9.5889          2.2471          4.5001          0.3550         -0.0046          2.1849        -23.2245          2.1311          2.1311          0.0000        270.1511          0.0000

INFO:     405000        810.0000         16.1641          0.6603         15.5038         19.5872          7.5735          7.3458          1.5481          5.1473          0.4333          0.3742          0.1050        -24.1053          2.2382          2.2382          0.0000        288.9578          0.0000

INFO:     408000        816.0000         19.6127          3.9781         15.6346         19.9751          3.8720         12.3623          1.3667          6.4068          0.4799          0.1549          0.6272        -23.6496          2.3580          2.3580          0.0000        291.3956          0.0000

INFO:     411000        822.0000         10.0227          1.0482          8.9744         16.5122          2.7929          8.0658          0.6044          5.0061          0.7985          0.1880          0.2673        -19.7462          3.0713          3.0713          0.0000        167.2647          0.0000

INFO:     414000        828.0000          9.2667         -3.6685         12.9351         12.7965          2.8261         10.9758          0.8003          4.8240          0.3700          0.1565         -0.3740        -24.4824          1.2353          1.2353          0.0000        241.0836          0.0000

INFO:     417000        834.0000         16.8946          1.6872         15.2074         16.1521          4.0817         11.5491          0.5473          5.5515          1.0948          0.1301          0.5629        -25.6484          3.8181          3.8181          0.0000        283.4346          0.0000

INFO:     420000        840.0000         14.0343         -2.9488         16.9831         11.9757          1.4253          7.0808          0.5454          5.0325          2.1018          0.2032          2.9198        -23.5442          1.2867          1.2867          0.0000        316.5289          0.0000

INFO:     423000        846.0000         15.1998          2.9178         12.2820         16.9010          4.1497          6.3484          0.9574          5.0583          0.6690         -0.0860          1.6690        -20.2111          4.3631          4.3631          0.0000        228.9109          0.0000

INFO:     426000        852.0000         12.6773         -4.5879         17.2652         12.7693          1.7083          9.6755          0.6622          4.5520          0.1013          0.0183         -0.6926        -21.8619          1.2491          1.2491          0.0000        321.7874          0.0000

INFO:     429000        858.0000          6.2173         -3.0031          9.2204         11.6937          1.6989          8.0206          0.6354          5.3589          0.4682         -0.0955          1.6639        -23.9973          3.2437          3.2437          0.0000        171.8492          0.0000

INFO:     432000        864.0000         13.5799         -6.4992         20.0791         15.4510          3.1488          6.7660          0.2600          4.3818          0.1499          0.0585          1.5608        -24.5635          1.7384          1.7384          0.0000        374.2323          0.0000

INFO:     435000        870.0000         17.6528         -0.0261         17.6789         15.6451          5.3644          9.3226          0.3871          4.3179          0.3645          0.1778          2.6901        -26.3712          3.7206          3.7206          0.0000        329.4970          0.0000

INFO:     438000        876.0000         19.1556          2.8676         16.2880         13.3694          2.1217         13.0424          0.7859          6.1519          2.1216          0.1623          1.0401        -25.5356          2.9773          2.9773          0.0000        303.5742          0.0000

INFO:     441000        882.0000         14.3206         -2.0009         16.3215         12.9153          2.8543          8.2094          0.3556          4.9679          2.0576         -0.2250          0.6632        -24.5974          3.7135          3.7135          0.0000        304.1983          0.0000

INFO:     444000        888.0000         14.0239         -1.3022         15.3261         16.5862          5.9435          8.6265          0.5925          4.2787          0.5749          0.5318         -0.7479        -22.7320          1.6298          1.6298          0.0000        285.6463          0.0000

INFO:     447000        894.0000         13.9513          1.4777         12.4736         14.7386          1.3633         10.9611          0.5709          4.9997          0.5024          0.8704          1.0081        -22.3392          3.5411          3.5411          0.0000        232.4806          0.0000

INFO:     450000        900.0000         16.0894         -4.4628         20.5521         10.6895          1.6055          7.0914          0.5422          5.9005          0.2471         -0.0194          1.4697        -22.2205          0.9206          0.9206          0.0000        383.0484          0.0000

